[2022-08-21 12:35:39,746] {processor.py:163} INFO - Started process (PID=72592) to work on /home/ubuntu/anaconda3/lib/python3.9/site-packages/airflow/example_dags/example_kubernetes_executor_config.py
[2022-08-21 12:35:39,747] {processor.py:620} INFO - Processing file /home/ubuntu/anaconda3/lib/python3.9/site-packages/airflow/example_dags/example_kubernetes_executor_config.py for tasks to queue
[2022-08-21 12:35:39,747] {logging_mixin.py:109} INFO - [2022-08-21 12:35:39,747] {dagbag.py:500} INFO - Filling up the DagBag from /home/ubuntu/anaconda3/lib/python3.9/site-packages/airflow/example_dags/example_kubernetes_executor_config.py
[2022-08-21 12:35:39,752] {logging_mixin.py:109} INFO - [2022-08-21 12:35:39,752] {example_kubernetes_executor_config.py:171} WARNING - Could not import DAGs in example_kubernetes_executor_config.py: No module named 'kubernetes'
[2022-08-21 12:35:39,752] {logging_mixin.py:109} INFO - [2022-08-21 12:35:39,752] {example_kubernetes_executor_config.py:172} WARNING - Install kubernetes dependencies with: pip install apache-airflow['cncf.kubernetes']
[2022-08-21 12:35:39,760] {processor.py:634} WARNING - No viable dags retrieved from /home/ubuntu/anaconda3/lib/python3.9/site-packages/airflow/example_dags/example_kubernetes_executor_config.py
[2022-08-21 12:35:39,763] {processor.py:171} INFO - Processing /home/ubuntu/anaconda3/lib/python3.9/site-packages/airflow/example_dags/example_kubernetes_executor_config.py took 0.018 seconds
[2022-08-21 12:36:15,029] {processor.py:163} INFO - Started process (PID=72654) to work on /home/ubuntu/anaconda3/lib/python3.9/site-packages/airflow/example_dags/example_kubernetes_executor_config.py
[2022-08-21 12:36:15,030] {processor.py:620} INFO - Processing file /home/ubuntu/anaconda3/lib/python3.9/site-packages/airflow/example_dags/example_kubernetes_executor_config.py for tasks to queue
[2022-08-21 12:36:15,030] {logging_mixin.py:109} INFO - [2022-08-21 12:36:15,030] {dagbag.py:500} INFO - Filling up the DagBag from /home/ubuntu/anaconda3/lib/python3.9/site-packages/airflow/example_dags/example_kubernetes_executor_config.py
[2022-08-21 12:36:15,035] {logging_mixin.py:109} INFO - [2022-08-21 12:36:15,034] {example_kubernetes_executor_config.py:171} WARNING - Could not import DAGs in example_kubernetes_executor_config.py: No module named 'kubernetes'
[2022-08-21 12:36:15,035] {logging_mixin.py:109} INFO - [2022-08-21 12:36:15,035] {example_kubernetes_executor_config.py:172} WARNING - Install kubernetes dependencies with: pip install apache-airflow['cncf.kubernetes']
[2022-08-21 12:36:15,043] {processor.py:634} WARNING - No viable dags retrieved from /home/ubuntu/anaconda3/lib/python3.9/site-packages/airflow/example_dags/example_kubernetes_executor_config.py
[2022-08-21 12:36:15,046] {processor.py:171} INFO - Processing /home/ubuntu/anaconda3/lib/python3.9/site-packages/airflow/example_dags/example_kubernetes_executor_config.py took 0.019 seconds
[2022-08-21 12:36:50,271] {processor.py:163} INFO - Started process (PID=72687) to work on /home/ubuntu/anaconda3/lib/python3.9/site-packages/airflow/example_dags/example_kubernetes_executor_config.py
[2022-08-21 12:36:50,272] {processor.py:620} INFO - Processing file /home/ubuntu/anaconda3/lib/python3.9/site-packages/airflow/example_dags/example_kubernetes_executor_config.py for tasks to queue
[2022-08-21 12:36:50,272] {logging_mixin.py:109} INFO - [2022-08-21 12:36:50,272] {dagbag.py:500} INFO - Filling up the DagBag from /home/ubuntu/anaconda3/lib/python3.9/site-packages/airflow/example_dags/example_kubernetes_executor_config.py
[2022-08-21 12:36:50,277] {logging_mixin.py:109} INFO - [2022-08-21 12:36:50,277] {example_kubernetes_executor_config.py:171} WARNING - Could not import DAGs in example_kubernetes_executor_config.py: No module named 'kubernetes'
[2022-08-21 12:36:50,277] {logging_mixin.py:109} INFO - [2022-08-21 12:36:50,277] {example_kubernetes_executor_config.py:172} WARNING - Install kubernetes dependencies with: pip install apache-airflow['cncf.kubernetes']
[2022-08-21 12:36:50,286] {processor.py:634} WARNING - No viable dags retrieved from /home/ubuntu/anaconda3/lib/python3.9/site-packages/airflow/example_dags/example_kubernetes_executor_config.py
[2022-08-21 12:36:50,289] {processor.py:171} INFO - Processing /home/ubuntu/anaconda3/lib/python3.9/site-packages/airflow/example_dags/example_kubernetes_executor_config.py took 0.020 seconds
[2022-08-21 12:37:36,627] {processor.py:163} INFO - Started process (PID=72997) to work on /home/ubuntu/anaconda3/lib/python3.9/site-packages/airflow/example_dags/example_kubernetes_executor_config.py
[2022-08-21 12:37:36,627] {processor.py:620} INFO - Processing file /home/ubuntu/anaconda3/lib/python3.9/site-packages/airflow/example_dags/example_kubernetes_executor_config.py for tasks to queue
[2022-08-21 12:37:36,628] {logging_mixin.py:109} INFO - [2022-08-21 12:37:36,627] {dagbag.py:500} INFO - Filling up the DagBag from /home/ubuntu/anaconda3/lib/python3.9/site-packages/airflow/example_dags/example_kubernetes_executor_config.py
[2022-08-21 12:37:36,632] {logging_mixin.py:109} INFO - [2022-08-21 12:37:36,632] {example_kubernetes_executor_config.py:171} WARNING - Could not import DAGs in example_kubernetes_executor_config.py: No module named 'kubernetes'
[2022-08-21 12:37:36,632] {logging_mixin.py:109} INFO - [2022-08-21 12:37:36,632] {example_kubernetes_executor_config.py:172} WARNING - Install kubernetes dependencies with: pip install apache-airflow['cncf.kubernetes']
[2022-08-21 12:37:36,640] {processor.py:634} WARNING - No viable dags retrieved from /home/ubuntu/anaconda3/lib/python3.9/site-packages/airflow/example_dags/example_kubernetes_executor_config.py
[2022-08-21 12:37:36,643] {processor.py:171} INFO - Processing /home/ubuntu/anaconda3/lib/python3.9/site-packages/airflow/example_dags/example_kubernetes_executor_config.py took 0.018 seconds
[2022-08-21 12:38:11,852] {processor.py:163} INFO - Started process (PID=73107) to work on /home/ubuntu/anaconda3/lib/python3.9/site-packages/airflow/example_dags/example_kubernetes_executor_config.py
[2022-08-21 12:38:11,852] {processor.py:620} INFO - Processing file /home/ubuntu/anaconda3/lib/python3.9/site-packages/airflow/example_dags/example_kubernetes_executor_config.py for tasks to queue
[2022-08-21 12:38:11,853] {logging_mixin.py:109} INFO - [2022-08-21 12:38:11,853] {dagbag.py:500} INFO - Filling up the DagBag from /home/ubuntu/anaconda3/lib/python3.9/site-packages/airflow/example_dags/example_kubernetes_executor_config.py
[2022-08-21 12:38:11,857] {logging_mixin.py:109} INFO - [2022-08-21 12:38:11,857] {example_kubernetes_executor_config.py:171} WARNING - Could not import DAGs in example_kubernetes_executor_config.py: No module named 'kubernetes'
[2022-08-21 12:38:11,857] {logging_mixin.py:109} INFO - [2022-08-21 12:38:11,857] {example_kubernetes_executor_config.py:172} WARNING - Install kubernetes dependencies with: pip install apache-airflow['cncf.kubernetes']
[2022-08-21 12:38:11,866] {processor.py:634} WARNING - No viable dags retrieved from /home/ubuntu/anaconda3/lib/python3.9/site-packages/airflow/example_dags/example_kubernetes_executor_config.py
[2022-08-21 12:38:11,869] {processor.py:171} INFO - Processing /home/ubuntu/anaconda3/lib/python3.9/site-packages/airflow/example_dags/example_kubernetes_executor_config.py took 0.019 seconds
[2022-08-21 12:38:47,116] {processor.py:163} INFO - Started process (PID=73170) to work on /home/ubuntu/anaconda3/lib/python3.9/site-packages/airflow/example_dags/example_kubernetes_executor_config.py
[2022-08-21 12:38:47,117] {processor.py:620} INFO - Processing file /home/ubuntu/anaconda3/lib/python3.9/site-packages/airflow/example_dags/example_kubernetes_executor_config.py for tasks to queue
[2022-08-21 12:38:47,117] {logging_mixin.py:109} INFO - [2022-08-21 12:38:47,117] {dagbag.py:500} INFO - Filling up the DagBag from /home/ubuntu/anaconda3/lib/python3.9/site-packages/airflow/example_dags/example_kubernetes_executor_config.py
[2022-08-21 12:38:47,121] {logging_mixin.py:109} INFO - [2022-08-21 12:38:47,121] {example_kubernetes_executor_config.py:171} WARNING - Could not import DAGs in example_kubernetes_executor_config.py: No module named 'kubernetes'
[2022-08-21 12:38:47,121] {logging_mixin.py:109} INFO - [2022-08-21 12:38:47,121] {example_kubernetes_executor_config.py:172} WARNING - Install kubernetes dependencies with: pip install apache-airflow['cncf.kubernetes']
[2022-08-21 12:38:47,133] {processor.py:634} WARNING - No viable dags retrieved from /home/ubuntu/anaconda3/lib/python3.9/site-packages/airflow/example_dags/example_kubernetes_executor_config.py
[2022-08-21 12:38:47,136] {processor.py:171} INFO - Processing /home/ubuntu/anaconda3/lib/python3.9/site-packages/airflow/example_dags/example_kubernetes_executor_config.py took 0.022 seconds
[2022-08-21 12:39:22,094] {processor.py:163} INFO - Started process (PID=73234) to work on /home/ubuntu/anaconda3/lib/python3.9/site-packages/airflow/example_dags/example_kubernetes_executor_config.py
[2022-08-21 12:39:22,094] {processor.py:620} INFO - Processing file /home/ubuntu/anaconda3/lib/python3.9/site-packages/airflow/example_dags/example_kubernetes_executor_config.py for tasks to queue
[2022-08-21 12:39:22,095] {logging_mixin.py:109} INFO - [2022-08-21 12:39:22,095] {dagbag.py:500} INFO - Filling up the DagBag from /home/ubuntu/anaconda3/lib/python3.9/site-packages/airflow/example_dags/example_kubernetes_executor_config.py
[2022-08-21 12:39:22,100] {logging_mixin.py:109} INFO - [2022-08-21 12:39:22,099] {example_kubernetes_executor_config.py:171} WARNING - Could not import DAGs in example_kubernetes_executor_config.py: No module named 'kubernetes'
[2022-08-21 12:39:22,100] {logging_mixin.py:109} INFO - [2022-08-21 12:39:22,100] {example_kubernetes_executor_config.py:172} WARNING - Install kubernetes dependencies with: pip install apache-airflow['cncf.kubernetes']
[2022-08-21 12:39:22,109] {processor.py:634} WARNING - No viable dags retrieved from /home/ubuntu/anaconda3/lib/python3.9/site-packages/airflow/example_dags/example_kubernetes_executor_config.py
[2022-08-21 12:39:22,111] {processor.py:171} INFO - Processing /home/ubuntu/anaconda3/lib/python3.9/site-packages/airflow/example_dags/example_kubernetes_executor_config.py took 0.019 seconds
[2022-08-21 12:39:57,029] {processor.py:163} INFO - Started process (PID=73267) to work on /home/ubuntu/anaconda3/lib/python3.9/site-packages/airflow/example_dags/example_kubernetes_executor_config.py
[2022-08-21 12:39:57,030] {processor.py:620} INFO - Processing file /home/ubuntu/anaconda3/lib/python3.9/site-packages/airflow/example_dags/example_kubernetes_executor_config.py for tasks to queue
[2022-08-21 12:39:57,030] {logging_mixin.py:109} INFO - [2022-08-21 12:39:57,030] {dagbag.py:500} INFO - Filling up the DagBag from /home/ubuntu/anaconda3/lib/python3.9/site-packages/airflow/example_dags/example_kubernetes_executor_config.py
[2022-08-21 12:39:57,034] {logging_mixin.py:109} INFO - [2022-08-21 12:39:57,034] {example_kubernetes_executor_config.py:171} WARNING - Could not import DAGs in example_kubernetes_executor_config.py: No module named 'kubernetes'
[2022-08-21 12:39:57,034] {logging_mixin.py:109} INFO - [2022-08-21 12:39:57,034] {example_kubernetes_executor_config.py:172} WARNING - Install kubernetes dependencies with: pip install apache-airflow['cncf.kubernetes']
[2022-08-21 12:39:57,043] {processor.py:634} WARNING - No viable dags retrieved from /home/ubuntu/anaconda3/lib/python3.9/site-packages/airflow/example_dags/example_kubernetes_executor_config.py
[2022-08-21 12:39:57,046] {processor.py:171} INFO - Processing /home/ubuntu/anaconda3/lib/python3.9/site-packages/airflow/example_dags/example_kubernetes_executor_config.py took 0.019 seconds
[2022-08-21 12:40:31,620] {processor.py:163} INFO - Started process (PID=73301) to work on /home/ubuntu/anaconda3/lib/python3.9/site-packages/airflow/example_dags/example_kubernetes_executor_config.py
[2022-08-21 12:40:31,621] {processor.py:620} INFO - Processing file /home/ubuntu/anaconda3/lib/python3.9/site-packages/airflow/example_dags/example_kubernetes_executor_config.py for tasks to queue
[2022-08-21 12:40:31,621] {logging_mixin.py:109} INFO - [2022-08-21 12:40:31,621] {dagbag.py:500} INFO - Filling up the DagBag from /home/ubuntu/anaconda3/lib/python3.9/site-packages/airflow/example_dags/example_kubernetes_executor_config.py
[2022-08-21 12:40:31,625] {logging_mixin.py:109} INFO - [2022-08-21 12:40:31,625] {example_kubernetes_executor_config.py:171} WARNING - Could not import DAGs in example_kubernetes_executor_config.py: No module named 'kubernetes'
[2022-08-21 12:40:31,626] {logging_mixin.py:109} INFO - [2022-08-21 12:40:31,626] {example_kubernetes_executor_config.py:172} WARNING - Install kubernetes dependencies with: pip install apache-airflow['cncf.kubernetes']
[2022-08-21 12:40:31,634] {processor.py:634} WARNING - No viable dags retrieved from /home/ubuntu/anaconda3/lib/python3.9/site-packages/airflow/example_dags/example_kubernetes_executor_config.py
[2022-08-21 12:40:31,637] {processor.py:171} INFO - Processing /home/ubuntu/anaconda3/lib/python3.9/site-packages/airflow/example_dags/example_kubernetes_executor_config.py took 0.019 seconds
[2022-08-21 12:41:07,717] {processor.py:163} INFO - Started process (PID=73384) to work on /home/ubuntu/anaconda3/lib/python3.9/site-packages/airflow/example_dags/example_kubernetes_executor_config.py
[2022-08-21 12:41:07,718] {processor.py:620} INFO - Processing file /home/ubuntu/anaconda3/lib/python3.9/site-packages/airflow/example_dags/example_kubernetes_executor_config.py for tasks to queue
[2022-08-21 12:41:07,718] {logging_mixin.py:109} INFO - [2022-08-21 12:41:07,718] {dagbag.py:500} INFO - Filling up the DagBag from /home/ubuntu/anaconda3/lib/python3.9/site-packages/airflow/example_dags/example_kubernetes_executor_config.py
[2022-08-21 12:41:07,722] {logging_mixin.py:109} INFO - [2022-08-21 12:41:07,722] {example_kubernetes_executor_config.py:171} WARNING - Could not import DAGs in example_kubernetes_executor_config.py: No module named 'kubernetes'
[2022-08-21 12:41:07,722] {logging_mixin.py:109} INFO - [2022-08-21 12:41:07,722] {example_kubernetes_executor_config.py:172} WARNING - Install kubernetes dependencies with: pip install apache-airflow['cncf.kubernetes']
[2022-08-21 12:41:07,731] {processor.py:634} WARNING - No viable dags retrieved from /home/ubuntu/anaconda3/lib/python3.9/site-packages/airflow/example_dags/example_kubernetes_executor_config.py
[2022-08-21 12:41:07,733] {processor.py:171} INFO - Processing /home/ubuntu/anaconda3/lib/python3.9/site-packages/airflow/example_dags/example_kubernetes_executor_config.py took 0.018 seconds
[2022-08-21 12:41:41,735] {processor.py:163} INFO - Started process (PID=73490) to work on /home/ubuntu/anaconda3/lib/python3.9/site-packages/airflow/example_dags/example_kubernetes_executor_config.py
[2022-08-21 12:41:41,736] {processor.py:620} INFO - Processing file /home/ubuntu/anaconda3/lib/python3.9/site-packages/airflow/example_dags/example_kubernetes_executor_config.py for tasks to queue
[2022-08-21 12:41:41,736] {logging_mixin.py:109} INFO - [2022-08-21 12:41:41,736] {dagbag.py:500} INFO - Filling up the DagBag from /home/ubuntu/anaconda3/lib/python3.9/site-packages/airflow/example_dags/example_kubernetes_executor_config.py
[2022-08-21 12:41:41,741] {logging_mixin.py:109} INFO - [2022-08-21 12:41:41,741] {example_kubernetes_executor_config.py:171} WARNING - Could not import DAGs in example_kubernetes_executor_config.py: No module named 'kubernetes'
[2022-08-21 12:41:41,741] {logging_mixin.py:109} INFO - [2022-08-21 12:41:41,741] {example_kubernetes_executor_config.py:172} WARNING - Install kubernetes dependencies with: pip install apache-airflow['cncf.kubernetes']
[2022-08-21 12:41:41,750] {processor.py:634} WARNING - No viable dags retrieved from /home/ubuntu/anaconda3/lib/python3.9/site-packages/airflow/example_dags/example_kubernetes_executor_config.py
[2022-08-21 12:41:41,753] {processor.py:171} INFO - Processing /home/ubuntu/anaconda3/lib/python3.9/site-packages/airflow/example_dags/example_kubernetes_executor_config.py took 0.020 seconds
[2022-08-21 12:42:17,429] {processor.py:163} INFO - Started process (PID=73549) to work on /home/ubuntu/anaconda3/lib/python3.9/site-packages/airflow/example_dags/example_kubernetes_executor_config.py
[2022-08-21 12:42:17,429] {processor.py:620} INFO - Processing file /home/ubuntu/anaconda3/lib/python3.9/site-packages/airflow/example_dags/example_kubernetes_executor_config.py for tasks to queue
[2022-08-21 12:42:17,430] {logging_mixin.py:109} INFO - [2022-08-21 12:42:17,430] {dagbag.py:500} INFO - Filling up the DagBag from /home/ubuntu/anaconda3/lib/python3.9/site-packages/airflow/example_dags/example_kubernetes_executor_config.py
[2022-08-21 12:42:17,434] {logging_mixin.py:109} INFO - [2022-08-21 12:42:17,434] {example_kubernetes_executor_config.py:171} WARNING - Could not import DAGs in example_kubernetes_executor_config.py: No module named 'kubernetes'
[2022-08-21 12:42:17,434] {logging_mixin.py:109} INFO - [2022-08-21 12:42:17,434] {example_kubernetes_executor_config.py:172} WARNING - Install kubernetes dependencies with: pip install apache-airflow['cncf.kubernetes']
[2022-08-21 12:42:17,442] {processor.py:634} WARNING - No viable dags retrieved from /home/ubuntu/anaconda3/lib/python3.9/site-packages/airflow/example_dags/example_kubernetes_executor_config.py
[2022-08-21 12:42:17,444] {processor.py:171} INFO - Processing /home/ubuntu/anaconda3/lib/python3.9/site-packages/airflow/example_dags/example_kubernetes_executor_config.py took 0.017 seconds
[2022-08-21 12:42:52,552] {processor.py:163} INFO - Started process (PID=73724) to work on /home/ubuntu/anaconda3/lib/python3.9/site-packages/airflow/example_dags/example_kubernetes_executor_config.py
[2022-08-21 12:42:52,552] {processor.py:620} INFO - Processing file /home/ubuntu/anaconda3/lib/python3.9/site-packages/airflow/example_dags/example_kubernetes_executor_config.py for tasks to queue
[2022-08-21 12:42:52,553] {logging_mixin.py:109} INFO - [2022-08-21 12:42:52,553] {dagbag.py:500} INFO - Filling up the DagBag from /home/ubuntu/anaconda3/lib/python3.9/site-packages/airflow/example_dags/example_kubernetes_executor_config.py
[2022-08-21 12:42:52,558] {logging_mixin.py:109} INFO - [2022-08-21 12:42:52,558] {example_kubernetes_executor_config.py:171} WARNING - Could not import DAGs in example_kubernetes_executor_config.py: No module named 'kubernetes'
[2022-08-21 12:42:52,558] {logging_mixin.py:109} INFO - [2022-08-21 12:42:52,558] {example_kubernetes_executor_config.py:172} WARNING - Install kubernetes dependencies with: pip install apache-airflow['cncf.kubernetes']
[2022-08-21 12:42:52,566] {processor.py:634} WARNING - No viable dags retrieved from /home/ubuntu/anaconda3/lib/python3.9/site-packages/airflow/example_dags/example_kubernetes_executor_config.py
[2022-08-21 12:42:52,568] {processor.py:171} INFO - Processing /home/ubuntu/anaconda3/lib/python3.9/site-packages/airflow/example_dags/example_kubernetes_executor_config.py took 0.019 seconds
[2022-08-21 12:43:31,529] {processor.py:163} INFO - Started process (PID=73825) to work on /home/ubuntu/anaconda3/lib/python3.9/site-packages/airflow/example_dags/example_kubernetes_executor_config.py
[2022-08-21 12:43:31,530] {processor.py:620} INFO - Processing file /home/ubuntu/anaconda3/lib/python3.9/site-packages/airflow/example_dags/example_kubernetes_executor_config.py for tasks to queue
[2022-08-21 12:43:31,530] {logging_mixin.py:109} INFO - [2022-08-21 12:43:31,530] {dagbag.py:500} INFO - Filling up the DagBag from /home/ubuntu/anaconda3/lib/python3.9/site-packages/airflow/example_dags/example_kubernetes_executor_config.py
[2022-08-21 12:43:31,536] {logging_mixin.py:109} INFO - [2022-08-21 12:43:31,536] {example_kubernetes_executor_config.py:171} WARNING - Could not import DAGs in example_kubernetes_executor_config.py: No module named 'kubernetes'
[2022-08-21 12:43:31,536] {logging_mixin.py:109} INFO - [2022-08-21 12:43:31,536] {example_kubernetes_executor_config.py:172} WARNING - Install kubernetes dependencies with: pip install apache-airflow['cncf.kubernetes']
[2022-08-21 12:43:31,547] {processor.py:634} WARNING - No viable dags retrieved from /home/ubuntu/anaconda3/lib/python3.9/site-packages/airflow/example_dags/example_kubernetes_executor_config.py
[2022-08-21 12:43:31,551] {processor.py:171} INFO - Processing /home/ubuntu/anaconda3/lib/python3.9/site-packages/airflow/example_dags/example_kubernetes_executor_config.py took 0.025 seconds
[2022-08-21 12:44:14,090] {processor.py:163} INFO - Started process (PID=74120) to work on /home/ubuntu/anaconda3/lib/python3.9/site-packages/airflow/example_dags/example_kubernetes_executor_config.py
[2022-08-21 12:44:14,091] {processor.py:620} INFO - Processing file /home/ubuntu/anaconda3/lib/python3.9/site-packages/airflow/example_dags/example_kubernetes_executor_config.py for tasks to queue
[2022-08-21 12:44:14,091] {logging_mixin.py:109} INFO - [2022-08-21 12:44:14,091] {dagbag.py:500} INFO - Filling up the DagBag from /home/ubuntu/anaconda3/lib/python3.9/site-packages/airflow/example_dags/example_kubernetes_executor_config.py
[2022-08-21 12:44:14,095] {logging_mixin.py:109} INFO - [2022-08-21 12:44:14,095] {example_kubernetes_executor_config.py:171} WARNING - Could not import DAGs in example_kubernetes_executor_config.py: No module named 'kubernetes'
[2022-08-21 12:44:14,095] {logging_mixin.py:109} INFO - [2022-08-21 12:44:14,095] {example_kubernetes_executor_config.py:172} WARNING - Install kubernetes dependencies with: pip install apache-airflow['cncf.kubernetes']
[2022-08-21 12:44:14,104] {processor.py:634} WARNING - No viable dags retrieved from /home/ubuntu/anaconda3/lib/python3.9/site-packages/airflow/example_dags/example_kubernetes_executor_config.py
[2022-08-21 12:44:14,106] {processor.py:171} INFO - Processing /home/ubuntu/anaconda3/lib/python3.9/site-packages/airflow/example_dags/example_kubernetes_executor_config.py took 0.018 seconds
[2022-08-21 12:44:50,354] {processor.py:163} INFO - Started process (PID=74208) to work on /home/ubuntu/anaconda3/lib/python3.9/site-packages/airflow/example_dags/example_kubernetes_executor_config.py
[2022-08-21 12:44:50,354] {processor.py:620} INFO - Processing file /home/ubuntu/anaconda3/lib/python3.9/site-packages/airflow/example_dags/example_kubernetes_executor_config.py for tasks to queue
[2022-08-21 12:44:50,355] {logging_mixin.py:109} INFO - [2022-08-21 12:44:50,355] {dagbag.py:500} INFO - Filling up the DagBag from /home/ubuntu/anaconda3/lib/python3.9/site-packages/airflow/example_dags/example_kubernetes_executor_config.py
[2022-08-21 12:44:50,359] {logging_mixin.py:109} INFO - [2022-08-21 12:44:50,359] {example_kubernetes_executor_config.py:171} WARNING - Could not import DAGs in example_kubernetes_executor_config.py: No module named 'kubernetes'
[2022-08-21 12:44:50,360] {logging_mixin.py:109} INFO - [2022-08-21 12:44:50,359] {example_kubernetes_executor_config.py:172} WARNING - Install kubernetes dependencies with: pip install apache-airflow['cncf.kubernetes']
[2022-08-21 12:44:50,370] {processor.py:634} WARNING - No viable dags retrieved from /home/ubuntu/anaconda3/lib/python3.9/site-packages/airflow/example_dags/example_kubernetes_executor_config.py
[2022-08-21 12:44:50,373] {processor.py:171} INFO - Processing /home/ubuntu/anaconda3/lib/python3.9/site-packages/airflow/example_dags/example_kubernetes_executor_config.py took 0.021 seconds
[2022-08-21 12:45:31,664] {processor.py:163} INFO - Started process (PID=74657) to work on /home/ubuntu/anaconda3/lib/python3.9/site-packages/airflow/example_dags/example_kubernetes_executor_config.py
[2022-08-21 12:45:31,664] {processor.py:620} INFO - Processing file /home/ubuntu/anaconda3/lib/python3.9/site-packages/airflow/example_dags/example_kubernetes_executor_config.py for tasks to queue
[2022-08-21 12:45:31,665] {logging_mixin.py:109} INFO - [2022-08-21 12:45:31,665] {dagbag.py:500} INFO - Filling up the DagBag from /home/ubuntu/anaconda3/lib/python3.9/site-packages/airflow/example_dags/example_kubernetes_executor_config.py
[2022-08-21 12:45:31,669] {logging_mixin.py:109} INFO - [2022-08-21 12:45:31,669] {example_kubernetes_executor_config.py:171} WARNING - Could not import DAGs in example_kubernetes_executor_config.py: No module named 'kubernetes'
[2022-08-21 12:45:31,669] {logging_mixin.py:109} INFO - [2022-08-21 12:45:31,669] {example_kubernetes_executor_config.py:172} WARNING - Install kubernetes dependencies with: pip install apache-airflow['cncf.kubernetes']
[2022-08-21 12:45:31,679] {processor.py:634} WARNING - No viable dags retrieved from /home/ubuntu/anaconda3/lib/python3.9/site-packages/airflow/example_dags/example_kubernetes_executor_config.py
[2022-08-21 12:45:31,683] {processor.py:171} INFO - Processing /home/ubuntu/anaconda3/lib/python3.9/site-packages/airflow/example_dags/example_kubernetes_executor_config.py took 0.021 seconds
