[2022-08-21 12:35:24,559] {processor.py:163} INFO - Started process (PID=72491) to work on /home/ubuntu/anaconda3/lib/python3.9/site-packages/airflow/example_dags/example_xcomargs.py
[2022-08-21 12:35:24,559] {processor.py:620} INFO - Processing file /home/ubuntu/anaconda3/lib/python3.9/site-packages/airflow/example_dags/example_xcomargs.py for tasks to queue
[2022-08-21 12:35:24,560] {logging_mixin.py:109} INFO - [2022-08-21 12:35:24,560] {dagbag.py:500} INFO - Filling up the DagBag from /home/ubuntu/anaconda3/lib/python3.9/site-packages/airflow/example_dags/example_xcomargs.py
[2022-08-21 12:35:24,582] {processor.py:632} INFO - DAG(s) dict_keys(['example_xcom_args', 'example_xcom_args_with_operators']) retrieved from /home/ubuntu/anaconda3/lib/python3.9/site-packages/airflow/example_dags/example_xcomargs.py
[2022-08-21 12:35:24,586] {logging_mixin.py:109} WARNING - /home/ubuntu/anaconda3/lib/python3.9/site-packages/airflow/models/serialized_dag.py:120 SAWarning: TypeDecorator UtcDateTime(timezone=True) will not produce a cache key because the ``cache_ok`` attribute is not set to True.  This can have significant performance implications including some performance degradations in comparison to prior SQLAlchemy versions.  Set this attribute to True if this type object's state is safe to use in a cache key, or False to disable this warning. (Background on this error at: https://sqlalche.me/e/14/cprf)
[2022-08-21 12:35:24,851] {logging_mixin.py:109} WARNING - /home/ubuntu/anaconda3/lib/python3.9/site-packages/airflow/models/serialized_dag.py:120 SAWarning: TypeDecorator UtcDateTime(timezone=True) will not produce a cache key because the ``cache_ok`` attribute is not set to True.  This can have significant performance implications including some performance degradations in comparison to prior SQLAlchemy versions.  Set this attribute to True if this type object's state is safe to use in a cache key, or False to disable this warning. (Background on this error at: https://sqlalche.me/e/14/cprf)
[2022-08-21 12:35:24,855] {logging_mixin.py:109} INFO - [2022-08-21 12:35:24,855] {dag.py:2389} INFO - Sync 2 DAGs
[2022-08-21 12:35:24,864] {logging_mixin.py:109} WARNING - /home/ubuntu/anaconda3/lib/python3.9/site-packages/airflow/models/dag.py:2426 SAWarning: TypeDecorator UtcDateTime(timezone=True) will not produce a cache key because the ``cache_ok`` attribute is not set to True.  This can have significant performance implications including some performance degradations in comparison to prior SQLAlchemy versions.  Set this attribute to True if this type object's state is safe to use in a cache key, or False to disable this warning. (Background on this error at: https://sqlalche.me/e/14/cprf)
[2022-08-21 12:35:24,869] {logging_mixin.py:109} INFO - [2022-08-21 12:35:24,869] {dag.py:2914} INFO - Setting next_dagrun for example_xcom_args to None
[2022-08-21 12:35:24,869] {logging_mixin.py:109} INFO - [2022-08-21 12:35:24,869] {dag.py:2914} INFO - Setting next_dagrun for example_xcom_args_with_operators to None
[2022-08-21 12:35:24,882] {processor.py:171} INFO - Processing /home/ubuntu/anaconda3/lib/python3.9/site-packages/airflow/example_dags/example_xcomargs.py took 0.326 seconds
[2022-08-21 12:35:59,846] {processor.py:163} INFO - Started process (PID=72639) to work on /home/ubuntu/anaconda3/lib/python3.9/site-packages/airflow/example_dags/example_xcomargs.py
[2022-08-21 12:35:59,847] {processor.py:620} INFO - Processing file /home/ubuntu/anaconda3/lib/python3.9/site-packages/airflow/example_dags/example_xcomargs.py for tasks to queue
[2022-08-21 12:35:59,847] {logging_mixin.py:109} INFO - [2022-08-21 12:35:59,847] {dagbag.py:500} INFO - Filling up the DagBag from /home/ubuntu/anaconda3/lib/python3.9/site-packages/airflow/example_dags/example_xcomargs.py
[2022-08-21 12:35:59,870] {processor.py:632} INFO - DAG(s) dict_keys(['example_xcom_args', 'example_xcom_args_with_operators']) retrieved from /home/ubuntu/anaconda3/lib/python3.9/site-packages/airflow/example_dags/example_xcomargs.py
[2022-08-21 12:35:59,874] {logging_mixin.py:109} WARNING - /home/ubuntu/anaconda3/lib/python3.9/site-packages/airflow/models/serialized_dag.py:120 SAWarning: TypeDecorator UtcDateTime(timezone=True) will not produce a cache key because the ``cache_ok`` attribute is not set to True.  This can have significant performance implications including some performance degradations in comparison to prior SQLAlchemy versions.  Set this attribute to True if this type object's state is safe to use in a cache key, or False to disable this warning. (Background on this error at: https://sqlalche.me/e/14/cprf)
[2022-08-21 12:36:00,141] {logging_mixin.py:109} WARNING - /home/ubuntu/anaconda3/lib/python3.9/site-packages/airflow/models/serialized_dag.py:120 SAWarning: TypeDecorator UtcDateTime(timezone=True) will not produce a cache key because the ``cache_ok`` attribute is not set to True.  This can have significant performance implications including some performance degradations in comparison to prior SQLAlchemy versions.  Set this attribute to True if this type object's state is safe to use in a cache key, or False to disable this warning. (Background on this error at: https://sqlalche.me/e/14/cprf)
[2022-08-21 12:36:00,144] {logging_mixin.py:109} INFO - [2022-08-21 12:36:00,144] {dag.py:2389} INFO - Sync 2 DAGs
[2022-08-21 12:36:00,153] {logging_mixin.py:109} WARNING - /home/ubuntu/anaconda3/lib/python3.9/site-packages/airflow/models/dag.py:2426 SAWarning: TypeDecorator UtcDateTime(timezone=True) will not produce a cache key because the ``cache_ok`` attribute is not set to True.  This can have significant performance implications including some performance degradations in comparison to prior SQLAlchemy versions.  Set this attribute to True if this type object's state is safe to use in a cache key, or False to disable this warning. (Background on this error at: https://sqlalche.me/e/14/cprf)
[2022-08-21 12:36:00,158] {logging_mixin.py:109} INFO - [2022-08-21 12:36:00,158] {dag.py:2914} INFO - Setting next_dagrun for example_xcom_args to None
[2022-08-21 12:36:00,158] {logging_mixin.py:109} INFO - [2022-08-21 12:36:00,158] {dag.py:2914} INFO - Setting next_dagrun for example_xcom_args_with_operators to None
[2022-08-21 12:36:00,171] {processor.py:171} INFO - Processing /home/ubuntu/anaconda3/lib/python3.9/site-packages/airflow/example_dags/example_xcomargs.py took 0.327 seconds
[2022-08-21 12:36:35,113] {processor.py:163} INFO - Started process (PID=72673) to work on /home/ubuntu/anaconda3/lib/python3.9/site-packages/airflow/example_dags/example_xcomargs.py
[2022-08-21 12:36:35,114] {processor.py:620} INFO - Processing file /home/ubuntu/anaconda3/lib/python3.9/site-packages/airflow/example_dags/example_xcomargs.py for tasks to queue
[2022-08-21 12:36:35,114] {logging_mixin.py:109} INFO - [2022-08-21 12:36:35,114] {dagbag.py:500} INFO - Filling up the DagBag from /home/ubuntu/anaconda3/lib/python3.9/site-packages/airflow/example_dags/example_xcomargs.py
[2022-08-21 12:36:35,138] {processor.py:632} INFO - DAG(s) dict_keys(['example_xcom_args', 'example_xcom_args_with_operators']) retrieved from /home/ubuntu/anaconda3/lib/python3.9/site-packages/airflow/example_dags/example_xcomargs.py
[2022-08-21 12:36:35,142] {logging_mixin.py:109} WARNING - /home/ubuntu/anaconda3/lib/python3.9/site-packages/airflow/models/serialized_dag.py:120 SAWarning: TypeDecorator UtcDateTime(timezone=True) will not produce a cache key because the ``cache_ok`` attribute is not set to True.  This can have significant performance implications including some performance degradations in comparison to prior SQLAlchemy versions.  Set this attribute to True if this type object's state is safe to use in a cache key, or False to disable this warning. (Background on this error at: https://sqlalche.me/e/14/cprf)
[2022-08-21 12:36:35,423] {logging_mixin.py:109} WARNING - /home/ubuntu/anaconda3/lib/python3.9/site-packages/airflow/models/serialized_dag.py:120 SAWarning: TypeDecorator UtcDateTime(timezone=True) will not produce a cache key because the ``cache_ok`` attribute is not set to True.  This can have significant performance implications including some performance degradations in comparison to prior SQLAlchemy versions.  Set this attribute to True if this type object's state is safe to use in a cache key, or False to disable this warning. (Background on this error at: https://sqlalche.me/e/14/cprf)
[2022-08-21 12:36:35,428] {logging_mixin.py:109} INFO - [2022-08-21 12:36:35,427] {dag.py:2389} INFO - Sync 2 DAGs
[2022-08-21 12:36:35,438] {logging_mixin.py:109} WARNING - /home/ubuntu/anaconda3/lib/python3.9/site-packages/airflow/models/dag.py:2426 SAWarning: TypeDecorator UtcDateTime(timezone=True) will not produce a cache key because the ``cache_ok`` attribute is not set to True.  This can have significant performance implications including some performance degradations in comparison to prior SQLAlchemy versions.  Set this attribute to True if this type object's state is safe to use in a cache key, or False to disable this warning. (Background on this error at: https://sqlalche.me/e/14/cprf)
[2022-08-21 12:36:35,443] {logging_mixin.py:109} INFO - [2022-08-21 12:36:35,443] {dag.py:2914} INFO - Setting next_dagrun for example_xcom_args to None
[2022-08-21 12:36:35,443] {logging_mixin.py:109} INFO - [2022-08-21 12:36:35,443] {dag.py:2914} INFO - Setting next_dagrun for example_xcom_args_with_operators to None
[2022-08-21 12:36:35,459] {processor.py:171} INFO - Processing /home/ubuntu/anaconda3/lib/python3.9/site-packages/airflow/example_dags/example_xcomargs.py took 0.348 seconds
[2022-08-21 12:37:21,315] {processor.py:163} INFO - Started process (PID=72879) to work on /home/ubuntu/anaconda3/lib/python3.9/site-packages/airflow/example_dags/example_xcomargs.py
[2022-08-21 12:37:21,316] {processor.py:620} INFO - Processing file /home/ubuntu/anaconda3/lib/python3.9/site-packages/airflow/example_dags/example_xcomargs.py for tasks to queue
[2022-08-21 12:37:21,316] {logging_mixin.py:109} INFO - [2022-08-21 12:37:21,316] {dagbag.py:500} INFO - Filling up the DagBag from /home/ubuntu/anaconda3/lib/python3.9/site-packages/airflow/example_dags/example_xcomargs.py
[2022-08-21 12:37:21,342] {processor.py:632} INFO - DAG(s) dict_keys(['example_xcom_args', 'example_xcom_args_with_operators']) retrieved from /home/ubuntu/anaconda3/lib/python3.9/site-packages/airflow/example_dags/example_xcomargs.py
[2022-08-21 12:37:21,348] {logging_mixin.py:109} WARNING - /home/ubuntu/anaconda3/lib/python3.9/site-packages/airflow/models/serialized_dag.py:120 SAWarning: TypeDecorator UtcDateTime(timezone=True) will not produce a cache key because the ``cache_ok`` attribute is not set to True.  This can have significant performance implications including some performance degradations in comparison to prior SQLAlchemy versions.  Set this attribute to True if this type object's state is safe to use in a cache key, or False to disable this warning. (Background on this error at: https://sqlalche.me/e/14/cprf)
[2022-08-21 12:37:21,632] {logging_mixin.py:109} WARNING - /home/ubuntu/anaconda3/lib/python3.9/site-packages/airflow/models/serialized_dag.py:120 SAWarning: TypeDecorator UtcDateTime(timezone=True) will not produce a cache key because the ``cache_ok`` attribute is not set to True.  This can have significant performance implications including some performance degradations in comparison to prior SQLAlchemy versions.  Set this attribute to True if this type object's state is safe to use in a cache key, or False to disable this warning. (Background on this error at: https://sqlalche.me/e/14/cprf)
[2022-08-21 12:37:21,637] {logging_mixin.py:109} INFO - [2022-08-21 12:37:21,637] {dag.py:2389} INFO - Sync 2 DAGs
[2022-08-21 12:37:21,651] {logging_mixin.py:109} WARNING - /home/ubuntu/anaconda3/lib/python3.9/site-packages/airflow/models/dag.py:2426 SAWarning: TypeDecorator UtcDateTime(timezone=True) will not produce a cache key because the ``cache_ok`` attribute is not set to True.  This can have significant performance implications including some performance degradations in comparison to prior SQLAlchemy versions.  Set this attribute to True if this type object's state is safe to use in a cache key, or False to disable this warning. (Background on this error at: https://sqlalche.me/e/14/cprf)
[2022-08-21 12:37:21,676] {logging_mixin.py:109} INFO - [2022-08-21 12:37:21,675] {dag.py:2914} INFO - Setting next_dagrun for example_xcom_args to None
[2022-08-21 12:37:21,676] {logging_mixin.py:109} INFO - [2022-08-21 12:37:21,676] {dag.py:2914} INFO - Setting next_dagrun for example_xcom_args_with_operators to None
[2022-08-21 12:37:21,714] {processor.py:171} INFO - Processing /home/ubuntu/anaconda3/lib/python3.9/site-packages/airflow/example_dags/example_xcomargs.py took 0.401 seconds
[2022-08-21 12:37:56,678] {processor.py:163} INFO - Started process (PID=73091) to work on /home/ubuntu/anaconda3/lib/python3.9/site-packages/airflow/example_dags/example_xcomargs.py
[2022-08-21 12:37:56,678] {processor.py:620} INFO - Processing file /home/ubuntu/anaconda3/lib/python3.9/site-packages/airflow/example_dags/example_xcomargs.py for tasks to queue
[2022-08-21 12:37:56,679] {logging_mixin.py:109} INFO - [2022-08-21 12:37:56,679] {dagbag.py:500} INFO - Filling up the DagBag from /home/ubuntu/anaconda3/lib/python3.9/site-packages/airflow/example_dags/example_xcomargs.py
[2022-08-21 12:37:56,706] {processor.py:632} INFO - DAG(s) dict_keys(['example_xcom_args', 'example_xcom_args_with_operators']) retrieved from /home/ubuntu/anaconda3/lib/python3.9/site-packages/airflow/example_dags/example_xcomargs.py
[2022-08-21 12:37:56,710] {logging_mixin.py:109} WARNING - /home/ubuntu/anaconda3/lib/python3.9/site-packages/airflow/models/serialized_dag.py:120 SAWarning: TypeDecorator UtcDateTime(timezone=True) will not produce a cache key because the ``cache_ok`` attribute is not set to True.  This can have significant performance implications including some performance degradations in comparison to prior SQLAlchemy versions.  Set this attribute to True if this type object's state is safe to use in a cache key, or False to disable this warning. (Background on this error at: https://sqlalche.me/e/14/cprf)
[2022-08-21 12:37:56,970] {logging_mixin.py:109} WARNING - /home/ubuntu/anaconda3/lib/python3.9/site-packages/airflow/models/serialized_dag.py:120 SAWarning: TypeDecorator UtcDateTime(timezone=True) will not produce a cache key because the ``cache_ok`` attribute is not set to True.  This can have significant performance implications including some performance degradations in comparison to prior SQLAlchemy versions.  Set this attribute to True if this type object's state is safe to use in a cache key, or False to disable this warning. (Background on this error at: https://sqlalche.me/e/14/cprf)
[2022-08-21 12:37:56,974] {logging_mixin.py:109} INFO - [2022-08-21 12:37:56,974] {dag.py:2389} INFO - Sync 2 DAGs
[2022-08-21 12:37:56,984] {logging_mixin.py:109} WARNING - /home/ubuntu/anaconda3/lib/python3.9/site-packages/airflow/models/dag.py:2426 SAWarning: TypeDecorator UtcDateTime(timezone=True) will not produce a cache key because the ``cache_ok`` attribute is not set to True.  This can have significant performance implications including some performance degradations in comparison to prior SQLAlchemy versions.  Set this attribute to True if this type object's state is safe to use in a cache key, or False to disable this warning. (Background on this error at: https://sqlalche.me/e/14/cprf)
[2022-08-21 12:37:56,988] {logging_mixin.py:109} INFO - [2022-08-21 12:37:56,988] {dag.py:2914} INFO - Setting next_dagrun for example_xcom_args to None
[2022-08-21 12:37:56,989] {logging_mixin.py:109} INFO - [2022-08-21 12:37:56,988] {dag.py:2914} INFO - Setting next_dagrun for example_xcom_args_with_operators to None
[2022-08-21 12:37:57,001] {processor.py:171} INFO - Processing /home/ubuntu/anaconda3/lib/python3.9/site-packages/airflow/example_dags/example_xcomargs.py took 0.326 seconds
[2022-08-21 12:38:31,923] {processor.py:163} INFO - Started process (PID=73126) to work on /home/ubuntu/anaconda3/lib/python3.9/site-packages/airflow/example_dags/example_xcomargs.py
[2022-08-21 12:38:31,924] {processor.py:620} INFO - Processing file /home/ubuntu/anaconda3/lib/python3.9/site-packages/airflow/example_dags/example_xcomargs.py for tasks to queue
[2022-08-21 12:38:31,924] {logging_mixin.py:109} INFO - [2022-08-21 12:38:31,924] {dagbag.py:500} INFO - Filling up the DagBag from /home/ubuntu/anaconda3/lib/python3.9/site-packages/airflow/example_dags/example_xcomargs.py
[2022-08-21 12:38:31,947] {processor.py:632} INFO - DAG(s) dict_keys(['example_xcom_args', 'example_xcom_args_with_operators']) retrieved from /home/ubuntu/anaconda3/lib/python3.9/site-packages/airflow/example_dags/example_xcomargs.py
[2022-08-21 12:38:31,951] {logging_mixin.py:109} WARNING - /home/ubuntu/anaconda3/lib/python3.9/site-packages/airflow/models/serialized_dag.py:120 SAWarning: TypeDecorator UtcDateTime(timezone=True) will not produce a cache key because the ``cache_ok`` attribute is not set to True.  This can have significant performance implications including some performance degradations in comparison to prior SQLAlchemy versions.  Set this attribute to True if this type object's state is safe to use in a cache key, or False to disable this warning. (Background on this error at: https://sqlalche.me/e/14/cprf)
[2022-08-21 12:38:32,216] {logging_mixin.py:109} WARNING - /home/ubuntu/anaconda3/lib/python3.9/site-packages/airflow/models/serialized_dag.py:120 SAWarning: TypeDecorator UtcDateTime(timezone=True) will not produce a cache key because the ``cache_ok`` attribute is not set to True.  This can have significant performance implications including some performance degradations in comparison to prior SQLAlchemy versions.  Set this attribute to True if this type object's state is safe to use in a cache key, or False to disable this warning. (Background on this error at: https://sqlalche.me/e/14/cprf)
[2022-08-21 12:38:32,219] {logging_mixin.py:109} INFO - [2022-08-21 12:38:32,219] {dag.py:2389} INFO - Sync 2 DAGs
[2022-08-21 12:38:32,228] {logging_mixin.py:109} WARNING - /home/ubuntu/anaconda3/lib/python3.9/site-packages/airflow/models/dag.py:2426 SAWarning: TypeDecorator UtcDateTime(timezone=True) will not produce a cache key because the ``cache_ok`` attribute is not set to True.  This can have significant performance implications including some performance degradations in comparison to prior SQLAlchemy versions.  Set this attribute to True if this type object's state is safe to use in a cache key, or False to disable this warning. (Background on this error at: https://sqlalche.me/e/14/cprf)
[2022-08-21 12:38:32,233] {logging_mixin.py:109} INFO - [2022-08-21 12:38:32,233] {dag.py:2914} INFO - Setting next_dagrun for example_xcom_args to None
[2022-08-21 12:38:32,233] {logging_mixin.py:109} INFO - [2022-08-21 12:38:32,233] {dag.py:2914} INFO - Setting next_dagrun for example_xcom_args_with_operators to None
[2022-08-21 12:38:32,249] {processor.py:171} INFO - Processing /home/ubuntu/anaconda3/lib/python3.9/site-packages/airflow/example_dags/example_xcomargs.py took 0.327 seconds
[2022-08-21 12:39:06,590] {processor.py:163} INFO - Started process (PID=73220) to work on /home/ubuntu/anaconda3/lib/python3.9/site-packages/airflow/example_dags/example_xcomargs.py
[2022-08-21 12:39:06,591] {processor.py:620} INFO - Processing file /home/ubuntu/anaconda3/lib/python3.9/site-packages/airflow/example_dags/example_xcomargs.py for tasks to queue
[2022-08-21 12:39:06,591] {logging_mixin.py:109} INFO - [2022-08-21 12:39:06,591] {dagbag.py:500} INFO - Filling up the DagBag from /home/ubuntu/anaconda3/lib/python3.9/site-packages/airflow/example_dags/example_xcomargs.py
[2022-08-21 12:39:06,614] {processor.py:632} INFO - DAG(s) dict_keys(['example_xcom_args', 'example_xcom_args_with_operators']) retrieved from /home/ubuntu/anaconda3/lib/python3.9/site-packages/airflow/example_dags/example_xcomargs.py
[2022-08-21 12:39:06,618] {logging_mixin.py:109} WARNING - /home/ubuntu/anaconda3/lib/python3.9/site-packages/airflow/models/serialized_dag.py:120 SAWarning: TypeDecorator UtcDateTime(timezone=True) will not produce a cache key because the ``cache_ok`` attribute is not set to True.  This can have significant performance implications including some performance degradations in comparison to prior SQLAlchemy versions.  Set this attribute to True if this type object's state is safe to use in a cache key, or False to disable this warning. (Background on this error at: https://sqlalche.me/e/14/cprf)
[2022-08-21 12:39:06,884] {logging_mixin.py:109} WARNING - /home/ubuntu/anaconda3/lib/python3.9/site-packages/airflow/models/serialized_dag.py:120 SAWarning: TypeDecorator UtcDateTime(timezone=True) will not produce a cache key because the ``cache_ok`` attribute is not set to True.  This can have significant performance implications including some performance degradations in comparison to prior SQLAlchemy versions.  Set this attribute to True if this type object's state is safe to use in a cache key, or False to disable this warning. (Background on this error at: https://sqlalche.me/e/14/cprf)
[2022-08-21 12:39:06,887] {logging_mixin.py:109} INFO - [2022-08-21 12:39:06,887] {dag.py:2389} INFO - Sync 2 DAGs
[2022-08-21 12:39:06,898] {logging_mixin.py:109} WARNING - /home/ubuntu/anaconda3/lib/python3.9/site-packages/airflow/models/dag.py:2426 SAWarning: TypeDecorator UtcDateTime(timezone=True) will not produce a cache key because the ``cache_ok`` attribute is not set to True.  This can have significant performance implications including some performance degradations in comparison to prior SQLAlchemy versions.  Set this attribute to True if this type object's state is safe to use in a cache key, or False to disable this warning. (Background on this error at: https://sqlalche.me/e/14/cprf)
[2022-08-21 12:39:06,902] {logging_mixin.py:109} INFO - [2022-08-21 12:39:06,902] {dag.py:2914} INFO - Setting next_dagrun for example_xcom_args to None
[2022-08-21 12:39:06,903] {logging_mixin.py:109} INFO - [2022-08-21 12:39:06,903] {dag.py:2914} INFO - Setting next_dagrun for example_xcom_args_with_operators to None
[2022-08-21 12:39:06,915] {processor.py:171} INFO - Processing /home/ubuntu/anaconda3/lib/python3.9/site-packages/airflow/example_dags/example_xcomargs.py took 0.327 seconds
[2022-08-21 12:39:40,140] {processor.py:163} INFO - Started process (PID=73251) to work on /home/ubuntu/anaconda3/lib/python3.9/site-packages/airflow/example_dags/example_xcomargs.py
[2022-08-21 12:39:40,141] {processor.py:620} INFO - Processing file /home/ubuntu/anaconda3/lib/python3.9/site-packages/airflow/example_dags/example_xcomargs.py for tasks to queue
[2022-08-21 12:39:40,141] {logging_mixin.py:109} INFO - [2022-08-21 12:39:40,141] {dagbag.py:500} INFO - Filling up the DagBag from /home/ubuntu/anaconda3/lib/python3.9/site-packages/airflow/example_dags/example_xcomargs.py
[2022-08-21 12:39:40,163] {processor.py:632} INFO - DAG(s) dict_keys(['example_xcom_args', 'example_xcom_args_with_operators']) retrieved from /home/ubuntu/anaconda3/lib/python3.9/site-packages/airflow/example_dags/example_xcomargs.py
[2022-08-21 12:39:40,167] {logging_mixin.py:109} WARNING - /home/ubuntu/anaconda3/lib/python3.9/site-packages/airflow/models/serialized_dag.py:120 SAWarning: TypeDecorator UtcDateTime(timezone=True) will not produce a cache key because the ``cache_ok`` attribute is not set to True.  This can have significant performance implications including some performance degradations in comparison to prior SQLAlchemy versions.  Set this attribute to True if this type object's state is safe to use in a cache key, or False to disable this warning. (Background on this error at: https://sqlalche.me/e/14/cprf)
[2022-08-21 12:39:40,427] {logging_mixin.py:109} WARNING - /home/ubuntu/anaconda3/lib/python3.9/site-packages/airflow/models/serialized_dag.py:120 SAWarning: TypeDecorator UtcDateTime(timezone=True) will not produce a cache key because the ``cache_ok`` attribute is not set to True.  This can have significant performance implications including some performance degradations in comparison to prior SQLAlchemy versions.  Set this attribute to True if this type object's state is safe to use in a cache key, or False to disable this warning. (Background on this error at: https://sqlalche.me/e/14/cprf)
[2022-08-21 12:39:40,430] {logging_mixin.py:109} INFO - [2022-08-21 12:39:40,430] {dag.py:2389} INFO - Sync 2 DAGs
[2022-08-21 12:39:40,441] {logging_mixin.py:109} WARNING - /home/ubuntu/anaconda3/lib/python3.9/site-packages/airflow/models/dag.py:2426 SAWarning: TypeDecorator UtcDateTime(timezone=True) will not produce a cache key because the ``cache_ok`` attribute is not set to True.  This can have significant performance implications including some performance degradations in comparison to prior SQLAlchemy versions.  Set this attribute to True if this type object's state is safe to use in a cache key, or False to disable this warning. (Background on this error at: https://sqlalche.me/e/14/cprf)
[2022-08-21 12:39:40,446] {logging_mixin.py:109} INFO - [2022-08-21 12:39:40,446] {dag.py:2914} INFO - Setting next_dagrun for example_xcom_args to None
[2022-08-21 12:39:40,446] {logging_mixin.py:109} INFO - [2022-08-21 12:39:40,446] {dag.py:2914} INFO - Setting next_dagrun for example_xcom_args_with_operators to None
[2022-08-21 12:39:40,459] {processor.py:171} INFO - Processing /home/ubuntu/anaconda3/lib/python3.9/site-packages/airflow/example_dags/example_xcomargs.py took 0.320 seconds
[2022-08-21 12:40:12,497] {processor.py:163} INFO - Started process (PID=73283) to work on /home/ubuntu/anaconda3/lib/python3.9/site-packages/airflow/example_dags/example_xcomargs.py
[2022-08-21 12:40:12,497] {processor.py:620} INFO - Processing file /home/ubuntu/anaconda3/lib/python3.9/site-packages/airflow/example_dags/example_xcomargs.py for tasks to queue
[2022-08-21 12:40:12,498] {logging_mixin.py:109} INFO - [2022-08-21 12:40:12,498] {dagbag.py:500} INFO - Filling up the DagBag from /home/ubuntu/anaconda3/lib/python3.9/site-packages/airflow/example_dags/example_xcomargs.py
[2022-08-21 12:40:12,520] {processor.py:632} INFO - DAG(s) dict_keys(['example_xcom_args', 'example_xcom_args_with_operators']) retrieved from /home/ubuntu/anaconda3/lib/python3.9/site-packages/airflow/example_dags/example_xcomargs.py
[2022-08-21 12:40:12,524] {logging_mixin.py:109} WARNING - /home/ubuntu/anaconda3/lib/python3.9/site-packages/airflow/models/serialized_dag.py:120 SAWarning: TypeDecorator UtcDateTime(timezone=True) will not produce a cache key because the ``cache_ok`` attribute is not set to True.  This can have significant performance implications including some performance degradations in comparison to prior SQLAlchemy versions.  Set this attribute to True if this type object's state is safe to use in a cache key, or False to disable this warning. (Background on this error at: https://sqlalche.me/e/14/cprf)
[2022-08-21 12:40:12,785] {logging_mixin.py:109} WARNING - /home/ubuntu/anaconda3/lib/python3.9/site-packages/airflow/models/serialized_dag.py:120 SAWarning: TypeDecorator UtcDateTime(timezone=True) will not produce a cache key because the ``cache_ok`` attribute is not set to True.  This can have significant performance implications including some performance degradations in comparison to prior SQLAlchemy versions.  Set this attribute to True if this type object's state is safe to use in a cache key, or False to disable this warning. (Background on this error at: https://sqlalche.me/e/14/cprf)
[2022-08-21 12:40:12,789] {logging_mixin.py:109} INFO - [2022-08-21 12:40:12,789] {dag.py:2389} INFO - Sync 2 DAGs
[2022-08-21 12:40:12,800] {logging_mixin.py:109} WARNING - /home/ubuntu/anaconda3/lib/python3.9/site-packages/airflow/models/dag.py:2426 SAWarning: TypeDecorator UtcDateTime(timezone=True) will not produce a cache key because the ``cache_ok`` attribute is not set to True.  This can have significant performance implications including some performance degradations in comparison to prior SQLAlchemy versions.  Set this attribute to True if this type object's state is safe to use in a cache key, or False to disable this warning. (Background on this error at: https://sqlalche.me/e/14/cprf)
[2022-08-21 12:40:12,805] {logging_mixin.py:109} INFO - [2022-08-21 12:40:12,805] {dag.py:2914} INFO - Setting next_dagrun for example_xcom_args to None
[2022-08-21 12:40:12,805] {logging_mixin.py:109} INFO - [2022-08-21 12:40:12,805] {dag.py:2914} INFO - Setting next_dagrun for example_xcom_args_with_operators to None
[2022-08-21 12:40:12,817] {processor.py:171} INFO - Processing /home/ubuntu/anaconda3/lib/python3.9/site-packages/airflow/example_dags/example_xcomargs.py took 0.323 seconds
[2022-08-21 12:40:46,235] {processor.py:163} INFO - Started process (PID=73362) to work on /home/ubuntu/anaconda3/lib/python3.9/site-packages/airflow/example_dags/example_xcomargs.py
[2022-08-21 12:40:46,236] {processor.py:620} INFO - Processing file /home/ubuntu/anaconda3/lib/python3.9/site-packages/airflow/example_dags/example_xcomargs.py for tasks to queue
[2022-08-21 12:40:46,236] {logging_mixin.py:109} INFO - [2022-08-21 12:40:46,236] {dagbag.py:500} INFO - Filling up the DagBag from /home/ubuntu/anaconda3/lib/python3.9/site-packages/airflow/example_dags/example_xcomargs.py
[2022-08-21 12:40:46,259] {processor.py:632} INFO - DAG(s) dict_keys(['example_xcom_args', 'example_xcom_args_with_operators']) retrieved from /home/ubuntu/anaconda3/lib/python3.9/site-packages/airflow/example_dags/example_xcomargs.py
[2022-08-21 12:40:46,263] {logging_mixin.py:109} WARNING - /home/ubuntu/anaconda3/lib/python3.9/site-packages/airflow/models/serialized_dag.py:120 SAWarning: TypeDecorator UtcDateTime(timezone=True) will not produce a cache key because the ``cache_ok`` attribute is not set to True.  This can have significant performance implications including some performance degradations in comparison to prior SQLAlchemy versions.  Set this attribute to True if this type object's state is safe to use in a cache key, or False to disable this warning. (Background on this error at: https://sqlalche.me/e/14/cprf)
[2022-08-21 12:40:46,524] {logging_mixin.py:109} WARNING - /home/ubuntu/anaconda3/lib/python3.9/site-packages/airflow/models/serialized_dag.py:120 SAWarning: TypeDecorator UtcDateTime(timezone=True) will not produce a cache key because the ``cache_ok`` attribute is not set to True.  This can have significant performance implications including some performance degradations in comparison to prior SQLAlchemy versions.  Set this attribute to True if this type object's state is safe to use in a cache key, or False to disable this warning. (Background on this error at: https://sqlalche.me/e/14/cprf)
[2022-08-21 12:40:46,529] {logging_mixin.py:109} INFO - [2022-08-21 12:40:46,528] {dag.py:2389} INFO - Sync 2 DAGs
[2022-08-21 12:40:46,539] {logging_mixin.py:109} WARNING - /home/ubuntu/anaconda3/lib/python3.9/site-packages/airflow/models/dag.py:2426 SAWarning: TypeDecorator UtcDateTime(timezone=True) will not produce a cache key because the ``cache_ok`` attribute is not set to True.  This can have significant performance implications including some performance degradations in comparison to prior SQLAlchemy versions.  Set this attribute to True if this type object's state is safe to use in a cache key, or False to disable this warning. (Background on this error at: https://sqlalche.me/e/14/cprf)
[2022-08-21 12:40:46,544] {logging_mixin.py:109} INFO - [2022-08-21 12:40:46,544] {dag.py:2914} INFO - Setting next_dagrun for example_xcom_args to None
[2022-08-21 12:40:46,544] {logging_mixin.py:109} INFO - [2022-08-21 12:40:46,544] {dag.py:2914} INFO - Setting next_dagrun for example_xcom_args_with_operators to None
[2022-08-21 12:40:46,557] {processor.py:171} INFO - Processing /home/ubuntu/anaconda3/lib/python3.9/site-packages/airflow/example_dags/example_xcomargs.py took 0.324 seconds
[2022-08-21 12:41:20,305] {processor.py:163} INFO - Started process (PID=73445) to work on /home/ubuntu/anaconda3/lib/python3.9/site-packages/airflow/example_dags/example_xcomargs.py
[2022-08-21 12:41:20,305] {processor.py:620} INFO - Processing file /home/ubuntu/anaconda3/lib/python3.9/site-packages/airflow/example_dags/example_xcomargs.py for tasks to queue
[2022-08-21 12:41:20,306] {logging_mixin.py:109} INFO - [2022-08-21 12:41:20,306] {dagbag.py:500} INFO - Filling up the DagBag from /home/ubuntu/anaconda3/lib/python3.9/site-packages/airflow/example_dags/example_xcomargs.py
[2022-08-21 12:41:20,341] {processor.py:632} INFO - DAG(s) dict_keys(['example_xcom_args', 'example_xcom_args_with_operators']) retrieved from /home/ubuntu/anaconda3/lib/python3.9/site-packages/airflow/example_dags/example_xcomargs.py
[2022-08-21 12:41:20,347] {logging_mixin.py:109} WARNING - /home/ubuntu/anaconda3/lib/python3.9/site-packages/airflow/models/serialized_dag.py:120 SAWarning: TypeDecorator UtcDateTime(timezone=True) will not produce a cache key because the ``cache_ok`` attribute is not set to True.  This can have significant performance implications including some performance degradations in comparison to prior SQLAlchemy versions.  Set this attribute to True if this type object's state is safe to use in a cache key, or False to disable this warning. (Background on this error at: https://sqlalche.me/e/14/cprf)
[2022-08-21 12:41:20,786] {logging_mixin.py:109} WARNING - /home/ubuntu/anaconda3/lib/python3.9/site-packages/airflow/models/serialized_dag.py:120 SAWarning: TypeDecorator UtcDateTime(timezone=True) will not produce a cache key because the ``cache_ok`` attribute is not set to True.  This can have significant performance implications including some performance degradations in comparison to prior SQLAlchemy versions.  Set this attribute to True if this type object's state is safe to use in a cache key, or False to disable this warning. (Background on this error at: https://sqlalche.me/e/14/cprf)
[2022-08-21 12:41:20,792] {logging_mixin.py:109} INFO - [2022-08-21 12:41:20,792] {dag.py:2389} INFO - Sync 2 DAGs
[2022-08-21 12:41:20,808] {logging_mixin.py:109} WARNING - /home/ubuntu/anaconda3/lib/python3.9/site-packages/airflow/models/dag.py:2426 SAWarning: TypeDecorator UtcDateTime(timezone=True) will not produce a cache key because the ``cache_ok`` attribute is not set to True.  This can have significant performance implications including some performance degradations in comparison to prior SQLAlchemy versions.  Set this attribute to True if this type object's state is safe to use in a cache key, or False to disable this warning. (Background on this error at: https://sqlalche.me/e/14/cprf)
[2022-08-21 12:41:20,816] {logging_mixin.py:109} INFO - [2022-08-21 12:41:20,816] {dag.py:2914} INFO - Setting next_dagrun for example_xcom_args to None
[2022-08-21 12:41:20,816] {logging_mixin.py:109} INFO - [2022-08-21 12:41:20,816] {dag.py:2914} INFO - Setting next_dagrun for example_xcom_args_with_operators to None
[2022-08-21 12:41:20,834] {processor.py:171} INFO - Processing /home/ubuntu/anaconda3/lib/python3.9/site-packages/airflow/example_dags/example_xcomargs.py took 0.532 seconds
[2022-08-21 12:41:53,500] {processor.py:163} INFO - Started process (PID=73501) to work on /home/ubuntu/anaconda3/lib/python3.9/site-packages/airflow/example_dags/example_xcomargs.py
[2022-08-21 12:41:53,501] {processor.py:620} INFO - Processing file /home/ubuntu/anaconda3/lib/python3.9/site-packages/airflow/example_dags/example_xcomargs.py for tasks to queue
[2022-08-21 12:41:53,501] {logging_mixin.py:109} INFO - [2022-08-21 12:41:53,501] {dagbag.py:500} INFO - Filling up the DagBag from /home/ubuntu/anaconda3/lib/python3.9/site-packages/airflow/example_dags/example_xcomargs.py
[2022-08-21 12:41:53,524] {processor.py:632} INFO - DAG(s) dict_keys(['example_xcom_args', 'example_xcom_args_with_operators']) retrieved from /home/ubuntu/anaconda3/lib/python3.9/site-packages/airflow/example_dags/example_xcomargs.py
[2022-08-21 12:41:53,528] {logging_mixin.py:109} WARNING - /home/ubuntu/anaconda3/lib/python3.9/site-packages/airflow/models/serialized_dag.py:120 SAWarning: TypeDecorator UtcDateTime(timezone=True) will not produce a cache key because the ``cache_ok`` attribute is not set to True.  This can have significant performance implications including some performance degradations in comparison to prior SQLAlchemy versions.  Set this attribute to True if this type object's state is safe to use in a cache key, or False to disable this warning. (Background on this error at: https://sqlalche.me/e/14/cprf)
[2022-08-21 12:41:53,790] {logging_mixin.py:109} WARNING - /home/ubuntu/anaconda3/lib/python3.9/site-packages/airflow/models/serialized_dag.py:120 SAWarning: TypeDecorator UtcDateTime(timezone=True) will not produce a cache key because the ``cache_ok`` attribute is not set to True.  This can have significant performance implications including some performance degradations in comparison to prior SQLAlchemy versions.  Set this attribute to True if this type object's state is safe to use in a cache key, or False to disable this warning. (Background on this error at: https://sqlalche.me/e/14/cprf)
[2022-08-21 12:41:53,794] {logging_mixin.py:109} INFO - [2022-08-21 12:41:53,794] {dag.py:2389} INFO - Sync 2 DAGs
[2022-08-21 12:41:53,803] {logging_mixin.py:109} WARNING - /home/ubuntu/anaconda3/lib/python3.9/site-packages/airflow/models/dag.py:2426 SAWarning: TypeDecorator UtcDateTime(timezone=True) will not produce a cache key because the ``cache_ok`` attribute is not set to True.  This can have significant performance implications including some performance degradations in comparison to prior SQLAlchemy versions.  Set this attribute to True if this type object's state is safe to use in a cache key, or False to disable this warning. (Background on this error at: https://sqlalche.me/e/14/cprf)
[2022-08-21 12:41:53,808] {logging_mixin.py:109} INFO - [2022-08-21 12:41:53,808] {dag.py:2914} INFO - Setting next_dagrun for example_xcom_args to None
[2022-08-21 12:41:53,808] {logging_mixin.py:109} INFO - [2022-08-21 12:41:53,808] {dag.py:2914} INFO - Setting next_dagrun for example_xcom_args_with_operators to None
[2022-08-21 12:41:53,821] {processor.py:171} INFO - Processing /home/ubuntu/anaconda3/lib/python3.9/site-packages/airflow/example_dags/example_xcomargs.py took 0.323 seconds
[2022-08-21 12:42:28,987] {processor.py:163} INFO - Started process (PID=73641) to work on /home/ubuntu/anaconda3/lib/python3.9/site-packages/airflow/example_dags/example_xcomargs.py
[2022-08-21 12:42:28,987] {processor.py:620} INFO - Processing file /home/ubuntu/anaconda3/lib/python3.9/site-packages/airflow/example_dags/example_xcomargs.py for tasks to queue
[2022-08-21 12:42:28,988] {logging_mixin.py:109} INFO - [2022-08-21 12:42:28,988] {dagbag.py:500} INFO - Filling up the DagBag from /home/ubuntu/anaconda3/lib/python3.9/site-packages/airflow/example_dags/example_xcomargs.py
[2022-08-21 12:42:29,010] {processor.py:632} INFO - DAG(s) dict_keys(['example_xcom_args', 'example_xcom_args_with_operators']) retrieved from /home/ubuntu/anaconda3/lib/python3.9/site-packages/airflow/example_dags/example_xcomargs.py
[2022-08-21 12:42:29,014] {logging_mixin.py:109} WARNING - /home/ubuntu/anaconda3/lib/python3.9/site-packages/airflow/models/serialized_dag.py:120 SAWarning: TypeDecorator UtcDateTime(timezone=True) will not produce a cache key because the ``cache_ok`` attribute is not set to True.  This can have significant performance implications including some performance degradations in comparison to prior SQLAlchemy versions.  Set this attribute to True if this type object's state is safe to use in a cache key, or False to disable this warning. (Background on this error at: https://sqlalche.me/e/14/cprf)
[2022-08-21 12:42:29,307] {logging_mixin.py:109} WARNING - /home/ubuntu/anaconda3/lib/python3.9/site-packages/airflow/models/serialized_dag.py:120 SAWarning: TypeDecorator UtcDateTime(timezone=True) will not produce a cache key because the ``cache_ok`` attribute is not set to True.  This can have significant performance implications including some performance degradations in comparison to prior SQLAlchemy versions.  Set this attribute to True if this type object's state is safe to use in a cache key, or False to disable this warning. (Background on this error at: https://sqlalche.me/e/14/cprf)
[2022-08-21 12:42:29,313] {logging_mixin.py:109} INFO - [2022-08-21 12:42:29,313] {dag.py:2389} INFO - Sync 2 DAGs
[2022-08-21 12:42:29,327] {logging_mixin.py:109} WARNING - /home/ubuntu/anaconda3/lib/python3.9/site-packages/airflow/models/dag.py:2426 SAWarning: TypeDecorator UtcDateTime(timezone=True) will not produce a cache key because the ``cache_ok`` attribute is not set to True.  This can have significant performance implications including some performance degradations in comparison to prior SQLAlchemy versions.  Set this attribute to True if this type object's state is safe to use in a cache key, or False to disable this warning. (Background on this error at: https://sqlalche.me/e/14/cprf)
[2022-08-21 12:42:29,334] {logging_mixin.py:109} INFO - [2022-08-21 12:42:29,334] {dag.py:2914} INFO - Setting next_dagrun for example_xcom_args to None
[2022-08-21 12:42:29,334] {logging_mixin.py:109} INFO - [2022-08-21 12:42:29,334] {dag.py:2914} INFO - Setting next_dagrun for example_xcom_args_with_operators to None
[2022-08-21 12:42:29,348] {processor.py:171} INFO - Processing /home/ubuntu/anaconda3/lib/python3.9/site-packages/airflow/example_dags/example_xcomargs.py took 0.364 seconds
[2022-08-21 12:43:05,105] {processor.py:163} INFO - Started process (PID=73765) to work on /home/ubuntu/anaconda3/lib/python3.9/site-packages/airflow/example_dags/example_xcomargs.py
[2022-08-21 12:43:05,106] {processor.py:620} INFO - Processing file /home/ubuntu/anaconda3/lib/python3.9/site-packages/airflow/example_dags/example_xcomargs.py for tasks to queue
[2022-08-21 12:43:05,106] {logging_mixin.py:109} INFO - [2022-08-21 12:43:05,106] {dagbag.py:500} INFO - Filling up the DagBag from /home/ubuntu/anaconda3/lib/python3.9/site-packages/airflow/example_dags/example_xcomargs.py
[2022-08-21 12:43:05,130] {processor.py:632} INFO - DAG(s) dict_keys(['example_xcom_args', 'example_xcom_args_with_operators']) retrieved from /home/ubuntu/anaconda3/lib/python3.9/site-packages/airflow/example_dags/example_xcomargs.py
[2022-08-21 12:43:05,134] {logging_mixin.py:109} WARNING - /home/ubuntu/anaconda3/lib/python3.9/site-packages/airflow/models/serialized_dag.py:120 SAWarning: TypeDecorator UtcDateTime(timezone=True) will not produce a cache key because the ``cache_ok`` attribute is not set to True.  This can have significant performance implications including some performance degradations in comparison to prior SQLAlchemy versions.  Set this attribute to True if this type object's state is safe to use in a cache key, or False to disable this warning. (Background on this error at: https://sqlalche.me/e/14/cprf)
[2022-08-21 12:43:05,413] {logging_mixin.py:109} WARNING - /home/ubuntu/anaconda3/lib/python3.9/site-packages/airflow/models/serialized_dag.py:120 SAWarning: TypeDecorator UtcDateTime(timezone=True) will not produce a cache key because the ``cache_ok`` attribute is not set to True.  This can have significant performance implications including some performance degradations in comparison to prior SQLAlchemy versions.  Set this attribute to True if this type object's state is safe to use in a cache key, or False to disable this warning. (Background on this error at: https://sqlalche.me/e/14/cprf)
[2022-08-21 12:43:05,417] {logging_mixin.py:109} INFO - [2022-08-21 12:43:05,417] {dag.py:2389} INFO - Sync 2 DAGs
[2022-08-21 12:43:05,427] {logging_mixin.py:109} WARNING - /home/ubuntu/anaconda3/lib/python3.9/site-packages/airflow/models/dag.py:2426 SAWarning: TypeDecorator UtcDateTime(timezone=True) will not produce a cache key because the ``cache_ok`` attribute is not set to True.  This can have significant performance implications including some performance degradations in comparison to prior SQLAlchemy versions.  Set this attribute to True if this type object's state is safe to use in a cache key, or False to disable this warning. (Background on this error at: https://sqlalche.me/e/14/cprf)
[2022-08-21 12:43:05,433] {logging_mixin.py:109} INFO - [2022-08-21 12:43:05,433] {dag.py:2914} INFO - Setting next_dagrun for example_xcom_args to None
[2022-08-21 12:43:05,433] {logging_mixin.py:109} INFO - [2022-08-21 12:43:05,433] {dag.py:2914} INFO - Setting next_dagrun for example_xcom_args_with_operators to None
[2022-08-21 12:43:05,447] {processor.py:171} INFO - Processing /home/ubuntu/anaconda3/lib/python3.9/site-packages/airflow/example_dags/example_xcomargs.py took 0.344 seconds
[2022-08-21 12:43:41,320] {processor.py:163} INFO - Started process (PID=73891) to work on /home/ubuntu/anaconda3/lib/python3.9/site-packages/airflow/example_dags/example_xcomargs.py
[2022-08-21 12:43:41,320] {processor.py:620} INFO - Processing file /home/ubuntu/anaconda3/lib/python3.9/site-packages/airflow/example_dags/example_xcomargs.py for tasks to queue
[2022-08-21 12:43:41,321] {logging_mixin.py:109} INFO - [2022-08-21 12:43:41,321] {dagbag.py:500} INFO - Filling up the DagBag from /home/ubuntu/anaconda3/lib/python3.9/site-packages/airflow/example_dags/example_xcomargs.py
[2022-08-21 12:43:41,343] {processor.py:632} INFO - DAG(s) dict_keys(['example_xcom_args', 'example_xcom_args_with_operators']) retrieved from /home/ubuntu/anaconda3/lib/python3.9/site-packages/airflow/example_dags/example_xcomargs.py
[2022-08-21 12:43:41,347] {logging_mixin.py:109} WARNING - /home/ubuntu/anaconda3/lib/python3.9/site-packages/airflow/models/serialized_dag.py:120 SAWarning: TypeDecorator UtcDateTime(timezone=True) will not produce a cache key because the ``cache_ok`` attribute is not set to True.  This can have significant performance implications including some performance degradations in comparison to prior SQLAlchemy versions.  Set this attribute to True if this type object's state is safe to use in a cache key, or False to disable this warning. (Background on this error at: https://sqlalche.me/e/14/cprf)
[2022-08-21 12:43:41,608] {logging_mixin.py:109} WARNING - /home/ubuntu/anaconda3/lib/python3.9/site-packages/airflow/models/serialized_dag.py:120 SAWarning: TypeDecorator UtcDateTime(timezone=True) will not produce a cache key because the ``cache_ok`` attribute is not set to True.  This can have significant performance implications including some performance degradations in comparison to prior SQLAlchemy versions.  Set this attribute to True if this type object's state is safe to use in a cache key, or False to disable this warning. (Background on this error at: https://sqlalche.me/e/14/cprf)
[2022-08-21 12:43:41,612] {logging_mixin.py:109} INFO - [2022-08-21 12:43:41,612] {dag.py:2389} INFO - Sync 2 DAGs
[2022-08-21 12:43:41,620] {logging_mixin.py:109} WARNING - /home/ubuntu/anaconda3/lib/python3.9/site-packages/airflow/models/dag.py:2426 SAWarning: TypeDecorator UtcDateTime(timezone=True) will not produce a cache key because the ``cache_ok`` attribute is not set to True.  This can have significant performance implications including some performance degradations in comparison to prior SQLAlchemy versions.  Set this attribute to True if this type object's state is safe to use in a cache key, or False to disable this warning. (Background on this error at: https://sqlalche.me/e/14/cprf)
[2022-08-21 12:43:41,625] {logging_mixin.py:109} INFO - [2022-08-21 12:43:41,625] {dag.py:2914} INFO - Setting next_dagrun for example_xcom_args to None
[2022-08-21 12:43:41,625] {logging_mixin.py:109} INFO - [2022-08-21 12:43:41,625] {dag.py:2914} INFO - Setting next_dagrun for example_xcom_args_with_operators to None
[2022-08-21 12:43:41,638] {processor.py:171} INFO - Processing /home/ubuntu/anaconda3/lib/python3.9/site-packages/airflow/example_dags/example_xcomargs.py took 0.321 seconds
[2022-08-21 12:44:16,846] {processor.py:163} INFO - Started process (PID=74153) to work on /home/ubuntu/anaconda3/lib/python3.9/site-packages/airflow/example_dags/example_xcomargs.py
[2022-08-21 12:44:16,847] {processor.py:620} INFO - Processing file /home/ubuntu/anaconda3/lib/python3.9/site-packages/airflow/example_dags/example_xcomargs.py for tasks to queue
[2022-08-21 12:44:16,847] {logging_mixin.py:109} INFO - [2022-08-21 12:44:16,847] {dagbag.py:500} INFO - Filling up the DagBag from /home/ubuntu/anaconda3/lib/python3.9/site-packages/airflow/example_dags/example_xcomargs.py
[2022-08-21 12:44:16,870] {processor.py:632} INFO - DAG(s) dict_keys(['example_xcom_args', 'example_xcom_args_with_operators']) retrieved from /home/ubuntu/anaconda3/lib/python3.9/site-packages/airflow/example_dags/example_xcomargs.py
[2022-08-21 12:44:16,874] {logging_mixin.py:109} WARNING - /home/ubuntu/anaconda3/lib/python3.9/site-packages/airflow/models/serialized_dag.py:120 SAWarning: TypeDecorator UtcDateTime(timezone=True) will not produce a cache key because the ``cache_ok`` attribute is not set to True.  This can have significant performance implications including some performance degradations in comparison to prior SQLAlchemy versions.  Set this attribute to True if this type object's state is safe to use in a cache key, or False to disable this warning. (Background on this error at: https://sqlalche.me/e/14/cprf)
[2022-08-21 12:44:17,138] {logging_mixin.py:109} WARNING - /home/ubuntu/anaconda3/lib/python3.9/site-packages/airflow/models/serialized_dag.py:120 SAWarning: TypeDecorator UtcDateTime(timezone=True) will not produce a cache key because the ``cache_ok`` attribute is not set to True.  This can have significant performance implications including some performance degradations in comparison to prior SQLAlchemy versions.  Set this attribute to True if this type object's state is safe to use in a cache key, or False to disable this warning. (Background on this error at: https://sqlalche.me/e/14/cprf)
[2022-08-21 12:44:17,142] {logging_mixin.py:109} INFO - [2022-08-21 12:44:17,141] {dag.py:2389} INFO - Sync 2 DAGs
[2022-08-21 12:44:17,151] {logging_mixin.py:109} WARNING - /home/ubuntu/anaconda3/lib/python3.9/site-packages/airflow/models/dag.py:2426 SAWarning: TypeDecorator UtcDateTime(timezone=True) will not produce a cache key because the ``cache_ok`` attribute is not set to True.  This can have significant performance implications including some performance degradations in comparison to prior SQLAlchemy versions.  Set this attribute to True if this type object's state is safe to use in a cache key, or False to disable this warning. (Background on this error at: https://sqlalche.me/e/14/cprf)
[2022-08-21 12:44:17,156] {logging_mixin.py:109} INFO - [2022-08-21 12:44:17,156] {dag.py:2914} INFO - Setting next_dagrun for example_xcom_args to None
[2022-08-21 12:44:17,156] {logging_mixin.py:109} INFO - [2022-08-21 12:44:17,156] {dag.py:2914} INFO - Setting next_dagrun for example_xcom_args_with_operators to None
[2022-08-21 12:44:17,169] {processor.py:171} INFO - Processing /home/ubuntu/anaconda3/lib/python3.9/site-packages/airflow/example_dags/example_xcomargs.py took 0.325 seconds
[2022-08-21 12:44:51,779] {processor.py:163} INFO - Started process (PID=74211) to work on /home/ubuntu/anaconda3/lib/python3.9/site-packages/airflow/example_dags/example_xcomargs.py
[2022-08-21 12:44:51,780] {processor.py:620} INFO - Processing file /home/ubuntu/anaconda3/lib/python3.9/site-packages/airflow/example_dags/example_xcomargs.py for tasks to queue
[2022-08-21 12:44:51,780] {logging_mixin.py:109} INFO - [2022-08-21 12:44:51,780] {dagbag.py:500} INFO - Filling up the DagBag from /home/ubuntu/anaconda3/lib/python3.9/site-packages/airflow/example_dags/example_xcomargs.py
[2022-08-21 12:44:51,803] {processor.py:632} INFO - DAG(s) dict_keys(['example_xcom_args', 'example_xcom_args_with_operators']) retrieved from /home/ubuntu/anaconda3/lib/python3.9/site-packages/airflow/example_dags/example_xcomargs.py
[2022-08-21 12:44:51,807] {logging_mixin.py:109} WARNING - /home/ubuntu/anaconda3/lib/python3.9/site-packages/airflow/models/serialized_dag.py:120 SAWarning: TypeDecorator UtcDateTime(timezone=True) will not produce a cache key because the ``cache_ok`` attribute is not set to True.  This can have significant performance implications including some performance degradations in comparison to prior SQLAlchemy versions.  Set this attribute to True if this type object's state is safe to use in a cache key, or False to disable this warning. (Background on this error at: https://sqlalche.me/e/14/cprf)
[2022-08-21 12:44:52,110] {logging_mixin.py:109} WARNING - /home/ubuntu/anaconda3/lib/python3.9/site-packages/airflow/models/serialized_dag.py:120 SAWarning: TypeDecorator UtcDateTime(timezone=True) will not produce a cache key because the ``cache_ok`` attribute is not set to True.  This can have significant performance implications including some performance degradations in comparison to prior SQLAlchemy versions.  Set this attribute to True if this type object's state is safe to use in a cache key, or False to disable this warning. (Background on this error at: https://sqlalche.me/e/14/cprf)
[2022-08-21 12:44:52,116] {logging_mixin.py:109} INFO - [2022-08-21 12:44:52,115] {dag.py:2389} INFO - Sync 2 DAGs
[2022-08-21 12:44:52,127] {logging_mixin.py:109} WARNING - /home/ubuntu/anaconda3/lib/python3.9/site-packages/airflow/models/dag.py:2426 SAWarning: TypeDecorator UtcDateTime(timezone=True) will not produce a cache key because the ``cache_ok`` attribute is not set to True.  This can have significant performance implications including some performance degradations in comparison to prior SQLAlchemy versions.  Set this attribute to True if this type object's state is safe to use in a cache key, or False to disable this warning. (Background on this error at: https://sqlalche.me/e/14/cprf)
[2022-08-21 12:44:52,134] {logging_mixin.py:109} INFO - [2022-08-21 12:44:52,134] {dag.py:2914} INFO - Setting next_dagrun for example_xcom_args to None
[2022-08-21 12:44:52,135] {logging_mixin.py:109} INFO - [2022-08-21 12:44:52,135] {dag.py:2914} INFO - Setting next_dagrun for example_xcom_args_with_operators to None
[2022-08-21 12:44:52,151] {processor.py:171} INFO - Processing /home/ubuntu/anaconda3/lib/python3.9/site-packages/airflow/example_dags/example_xcomargs.py took 0.374 seconds
[2022-08-21 12:45:26,388] {processor.py:163} INFO - Started process (PID=74622) to work on /home/ubuntu/anaconda3/lib/python3.9/site-packages/airflow/example_dags/example_xcomargs.py
[2022-08-21 12:45:26,388] {processor.py:620} INFO - Processing file /home/ubuntu/anaconda3/lib/python3.9/site-packages/airflow/example_dags/example_xcomargs.py for tasks to queue
[2022-08-21 12:45:26,389] {logging_mixin.py:109} INFO - [2022-08-21 12:45:26,389] {dagbag.py:500} INFO - Filling up the DagBag from /home/ubuntu/anaconda3/lib/python3.9/site-packages/airflow/example_dags/example_xcomargs.py
[2022-08-21 12:45:26,420] {processor.py:632} INFO - DAG(s) dict_keys(['example_xcom_args', 'example_xcom_args_with_operators']) retrieved from /home/ubuntu/anaconda3/lib/python3.9/site-packages/airflow/example_dags/example_xcomargs.py
[2022-08-21 12:45:26,425] {logging_mixin.py:109} WARNING - /home/ubuntu/anaconda3/lib/python3.9/site-packages/airflow/models/serialized_dag.py:120 SAWarning: TypeDecorator UtcDateTime(timezone=True) will not produce a cache key because the ``cache_ok`` attribute is not set to True.  This can have significant performance implications including some performance degradations in comparison to prior SQLAlchemy versions.  Set this attribute to True if this type object's state is safe to use in a cache key, or False to disable this warning. (Background on this error at: https://sqlalche.me/e/14/cprf)
[2022-08-21 12:45:26,755] {logging_mixin.py:109} WARNING - /home/ubuntu/anaconda3/lib/python3.9/site-packages/airflow/models/serialized_dag.py:120 SAWarning: TypeDecorator UtcDateTime(timezone=True) will not produce a cache key because the ``cache_ok`` attribute is not set to True.  This can have significant performance implications including some performance degradations in comparison to prior SQLAlchemy versions.  Set this attribute to True if this type object's state is safe to use in a cache key, or False to disable this warning. (Background on this error at: https://sqlalche.me/e/14/cprf)
[2022-08-21 12:45:26,759] {logging_mixin.py:109} INFO - [2022-08-21 12:45:26,759] {dag.py:2389} INFO - Sync 2 DAGs
[2022-08-21 12:45:26,768] {logging_mixin.py:109} WARNING - /home/ubuntu/anaconda3/lib/python3.9/site-packages/airflow/models/dag.py:2426 SAWarning: TypeDecorator UtcDateTime(timezone=True) will not produce a cache key because the ``cache_ok`` attribute is not set to True.  This can have significant performance implications including some performance degradations in comparison to prior SQLAlchemy versions.  Set this attribute to True if this type object's state is safe to use in a cache key, or False to disable this warning. (Background on this error at: https://sqlalche.me/e/14/cprf)
[2022-08-21 12:45:26,773] {logging_mixin.py:109} INFO - [2022-08-21 12:45:26,773] {dag.py:2914} INFO - Setting next_dagrun for example_xcom_args to None
[2022-08-21 12:45:26,773] {logging_mixin.py:109} INFO - [2022-08-21 12:45:26,773] {dag.py:2914} INFO - Setting next_dagrun for example_xcom_args_with_operators to None
[2022-08-21 12:45:26,787] {processor.py:171} INFO - Processing /home/ubuntu/anaconda3/lib/python3.9/site-packages/airflow/example_dags/example_xcomargs.py took 0.402 seconds
[2022-08-21 12:45:59,853] {processor.py:163} INFO - Started process (PID=74828) to work on /home/ubuntu/anaconda3/lib/python3.9/site-packages/airflow/example_dags/example_xcomargs.py
[2022-08-21 12:45:59,853] {processor.py:620} INFO - Processing file /home/ubuntu/anaconda3/lib/python3.9/site-packages/airflow/example_dags/example_xcomargs.py for tasks to queue
[2022-08-21 12:45:59,853] {logging_mixin.py:109} INFO - [2022-08-21 12:45:59,853] {dagbag.py:500} INFO - Filling up the DagBag from /home/ubuntu/anaconda3/lib/python3.9/site-packages/airflow/example_dags/example_xcomargs.py
[2022-08-21 12:45:59,876] {processor.py:632} INFO - DAG(s) dict_keys(['example_xcom_args', 'example_xcom_args_with_operators']) retrieved from /home/ubuntu/anaconda3/lib/python3.9/site-packages/airflow/example_dags/example_xcomargs.py
[2022-08-21 12:45:59,880] {logging_mixin.py:109} WARNING - /home/ubuntu/anaconda3/lib/python3.9/site-packages/airflow/models/serialized_dag.py:120 SAWarning: TypeDecorator UtcDateTime(timezone=True) will not produce a cache key because the ``cache_ok`` attribute is not set to True.  This can have significant performance implications including some performance degradations in comparison to prior SQLAlchemy versions.  Set this attribute to True if this type object's state is safe to use in a cache key, or False to disable this warning. (Background on this error at: https://sqlalche.me/e/14/cprf)
[2022-08-21 12:46:00,147] {logging_mixin.py:109} WARNING - /home/ubuntu/anaconda3/lib/python3.9/site-packages/airflow/models/serialized_dag.py:120 SAWarning: TypeDecorator UtcDateTime(timezone=True) will not produce a cache key because the ``cache_ok`` attribute is not set to True.  This can have significant performance implications including some performance degradations in comparison to prior SQLAlchemy versions.  Set this attribute to True if this type object's state is safe to use in a cache key, or False to disable this warning. (Background on this error at: https://sqlalche.me/e/14/cprf)
[2022-08-21 12:46:00,151] {logging_mixin.py:109} INFO - [2022-08-21 12:46:00,150] {dag.py:2389} INFO - Sync 2 DAGs
[2022-08-21 12:46:00,160] {logging_mixin.py:109} WARNING - /home/ubuntu/anaconda3/lib/python3.9/site-packages/airflow/models/dag.py:2426 SAWarning: TypeDecorator UtcDateTime(timezone=True) will not produce a cache key because the ``cache_ok`` attribute is not set to True.  This can have significant performance implications including some performance degradations in comparison to prior SQLAlchemy versions.  Set this attribute to True if this type object's state is safe to use in a cache key, or False to disable this warning. (Background on this error at: https://sqlalche.me/e/14/cprf)
[2022-08-21 12:46:00,165] {logging_mixin.py:109} INFO - [2022-08-21 12:46:00,164] {dag.py:2914} INFO - Setting next_dagrun for example_xcom_args to None
[2022-08-21 12:46:00,165] {logging_mixin.py:109} INFO - [2022-08-21 12:46:00,165] {dag.py:2914} INFO - Setting next_dagrun for example_xcom_args_with_operators to None
[2022-08-21 12:46:00,178] {processor.py:171} INFO - Processing /home/ubuntu/anaconda3/lib/python3.9/site-packages/airflow/example_dags/example_xcomargs.py took 0.328 seconds
