[2022-08-21 12:35:48,930] {processor.py:163} INFO - Started process (PID=72628) to work on /home/ubuntu/anaconda3/lib/python3.9/site-packages/airflow/example_dags/example_latest_only.py
[2022-08-21 12:35:48,930] {processor.py:620} INFO - Processing file /home/ubuntu/anaconda3/lib/python3.9/site-packages/airflow/example_dags/example_latest_only.py for tasks to queue
[2022-08-21 12:35:48,931] {logging_mixin.py:109} INFO - [2022-08-21 12:35:48,931] {dagbag.py:500} INFO - Filling up the DagBag from /home/ubuntu/anaconda3/lib/python3.9/site-packages/airflow/example_dags/example_latest_only.py
[2022-08-21 12:35:48,949] {processor.py:632} INFO - DAG(s) dict_keys(['latest_only']) retrieved from /home/ubuntu/anaconda3/lib/python3.9/site-packages/airflow/example_dags/example_latest_only.py
[2022-08-21 12:35:48,953] {logging_mixin.py:109} WARNING - /home/ubuntu/anaconda3/lib/python3.9/site-packages/airflow/models/serialized_dag.py:120 SAWarning: TypeDecorator UtcDateTime(timezone=True) will not produce a cache key because the ``cache_ok`` attribute is not set to True.  This can have significant performance implications including some performance degradations in comparison to prior SQLAlchemy versions.  Set this attribute to True if this type object's state is safe to use in a cache key, or False to disable this warning. (Background on this error at: https://sqlalche.me/e/14/cprf)
[2022-08-21 12:35:48,961] {logging_mixin.py:109} INFO - [2022-08-21 12:35:48,961] {dag.py:2389} INFO - Sync 1 DAGs
[2022-08-21 12:35:48,972] {logging_mixin.py:109} WARNING - /home/ubuntu/anaconda3/lib/python3.9/site-packages/airflow/models/dag.py:2426 SAWarning: TypeDecorator UtcDateTime(timezone=True) will not produce a cache key because the ``cache_ok`` attribute is not set to True.  This can have significant performance implications including some performance degradations in comparison to prior SQLAlchemy versions.  Set this attribute to True if this type object's state is safe to use in a cache key, or False to disable this warning. (Background on this error at: https://sqlalche.me/e/14/cprf)
[2022-08-21 12:35:48,977] {logging_mixin.py:109} INFO - [2022-08-21 12:35:48,977] {dag.py:2914} INFO - Setting next_dagrun for latest_only to 2022-08-21T08:35:48.977356+00:00
[2022-08-21 12:35:48,990] {processor.py:171} INFO - Processing /home/ubuntu/anaconda3/lib/python3.9/site-packages/airflow/example_dags/example_latest_only.py took 0.062 seconds
[2022-08-21 12:36:24,497] {processor.py:163} INFO - Started process (PID=72663) to work on /home/ubuntu/anaconda3/lib/python3.9/site-packages/airflow/example_dags/example_latest_only.py
[2022-08-21 12:36:24,498] {processor.py:620} INFO - Processing file /home/ubuntu/anaconda3/lib/python3.9/site-packages/airflow/example_dags/example_latest_only.py for tasks to queue
[2022-08-21 12:36:24,498] {logging_mixin.py:109} INFO - [2022-08-21 12:36:24,498] {dagbag.py:500} INFO - Filling up the DagBag from /home/ubuntu/anaconda3/lib/python3.9/site-packages/airflow/example_dags/example_latest_only.py
[2022-08-21 12:36:24,514] {processor.py:632} INFO - DAG(s) dict_keys(['latest_only']) retrieved from /home/ubuntu/anaconda3/lib/python3.9/site-packages/airflow/example_dags/example_latest_only.py
[2022-08-21 12:36:24,518] {logging_mixin.py:109} WARNING - /home/ubuntu/anaconda3/lib/python3.9/site-packages/airflow/models/serialized_dag.py:120 SAWarning: TypeDecorator UtcDateTime(timezone=True) will not produce a cache key because the ``cache_ok`` attribute is not set to True.  This can have significant performance implications including some performance degradations in comparison to prior SQLAlchemy versions.  Set this attribute to True if this type object's state is safe to use in a cache key, or False to disable this warning. (Background on this error at: https://sqlalche.me/e/14/cprf)
[2022-08-21 12:36:24,525] {logging_mixin.py:109} INFO - [2022-08-21 12:36:24,525] {dag.py:2389} INFO - Sync 1 DAGs
[2022-08-21 12:36:24,536] {logging_mixin.py:109} WARNING - /home/ubuntu/anaconda3/lib/python3.9/site-packages/airflow/models/dag.py:2426 SAWarning: TypeDecorator UtcDateTime(timezone=True) will not produce a cache key because the ``cache_ok`` attribute is not set to True.  This can have significant performance implications including some performance degradations in comparison to prior SQLAlchemy versions.  Set this attribute to True if this type object's state is safe to use in a cache key, or False to disable this warning. (Background on this error at: https://sqlalche.me/e/14/cprf)
[2022-08-21 12:36:24,541] {logging_mixin.py:109} INFO - [2022-08-21 12:36:24,540] {dag.py:2914} INFO - Setting next_dagrun for latest_only to 2022-08-21T08:36:24.540678+00:00
[2022-08-21 12:36:24,552] {processor.py:171} INFO - Processing /home/ubuntu/anaconda3/lib/python3.9/site-packages/airflow/example_dags/example_latest_only.py took 0.057 seconds
[2022-08-21 12:37:45,760] {processor.py:163} INFO - Started process (PID=73038) to work on /home/ubuntu/anaconda3/lib/python3.9/site-packages/airflow/example_dags/example_latest_only.py
[2022-08-21 12:37:45,760] {processor.py:620} INFO - Processing file /home/ubuntu/anaconda3/lib/python3.9/site-packages/airflow/example_dags/example_latest_only.py for tasks to queue
[2022-08-21 12:37:45,761] {logging_mixin.py:109} INFO - [2022-08-21 12:37:45,761] {dagbag.py:500} INFO - Filling up the DagBag from /home/ubuntu/anaconda3/lib/python3.9/site-packages/airflow/example_dags/example_latest_only.py
[2022-08-21 12:37:45,778] {processor.py:632} INFO - DAG(s) dict_keys(['latest_only']) retrieved from /home/ubuntu/anaconda3/lib/python3.9/site-packages/airflow/example_dags/example_latest_only.py
[2022-08-21 12:37:45,782] {logging_mixin.py:109} WARNING - /home/ubuntu/anaconda3/lib/python3.9/site-packages/airflow/models/serialized_dag.py:120 SAWarning: TypeDecorator UtcDateTime(timezone=True) will not produce a cache key because the ``cache_ok`` attribute is not set to True.  This can have significant performance implications including some performance degradations in comparison to prior SQLAlchemy versions.  Set this attribute to True if this type object's state is safe to use in a cache key, or False to disable this warning. (Background on this error at: https://sqlalche.me/e/14/cprf)
[2022-08-21 12:37:45,789] {logging_mixin.py:109} INFO - [2022-08-21 12:37:45,789] {dag.py:2389} INFO - Sync 1 DAGs
[2022-08-21 12:37:45,799] {logging_mixin.py:109} WARNING - /home/ubuntu/anaconda3/lib/python3.9/site-packages/airflow/models/dag.py:2426 SAWarning: TypeDecorator UtcDateTime(timezone=True) will not produce a cache key because the ``cache_ok`` attribute is not set to True.  This can have significant performance implications including some performance degradations in comparison to prior SQLAlchemy versions.  Set this attribute to True if this type object's state is safe to use in a cache key, or False to disable this warning. (Background on this error at: https://sqlalche.me/e/14/cprf)
[2022-08-21 12:37:45,804] {logging_mixin.py:109} INFO - [2022-08-21 12:37:45,804] {dag.py:2914} INFO - Setting next_dagrun for latest_only to 2022-08-21T08:37:45.804370+00:00
[2022-08-21 12:37:45,816] {processor.py:171} INFO - Processing /home/ubuntu/anaconda3/lib/python3.9/site-packages/airflow/example_dags/example_latest_only.py took 0.058 seconds
[2022-08-21 12:38:21,333] {processor.py:163} INFO - Started process (PID=73116) to work on /home/ubuntu/anaconda3/lib/python3.9/site-packages/airflow/example_dags/example_latest_only.py
[2022-08-21 12:38:21,334] {processor.py:620} INFO - Processing file /home/ubuntu/anaconda3/lib/python3.9/site-packages/airflow/example_dags/example_latest_only.py for tasks to queue
[2022-08-21 12:38:21,335] {logging_mixin.py:109} INFO - [2022-08-21 12:38:21,334] {dagbag.py:500} INFO - Filling up the DagBag from /home/ubuntu/anaconda3/lib/python3.9/site-packages/airflow/example_dags/example_latest_only.py
[2022-08-21 12:38:21,351] {processor.py:632} INFO - DAG(s) dict_keys(['latest_only']) retrieved from /home/ubuntu/anaconda3/lib/python3.9/site-packages/airflow/example_dags/example_latest_only.py
[2022-08-21 12:38:21,355] {logging_mixin.py:109} WARNING - /home/ubuntu/anaconda3/lib/python3.9/site-packages/airflow/models/serialized_dag.py:120 SAWarning: TypeDecorator UtcDateTime(timezone=True) will not produce a cache key because the ``cache_ok`` attribute is not set to True.  This can have significant performance implications including some performance degradations in comparison to prior SQLAlchemy versions.  Set this attribute to True if this type object's state is safe to use in a cache key, or False to disable this warning. (Background on this error at: https://sqlalche.me/e/14/cprf)
[2022-08-21 12:38:21,362] {logging_mixin.py:109} INFO - [2022-08-21 12:38:21,362] {dag.py:2389} INFO - Sync 1 DAGs
[2022-08-21 12:38:21,372] {logging_mixin.py:109} WARNING - /home/ubuntu/anaconda3/lib/python3.9/site-packages/airflow/models/dag.py:2426 SAWarning: TypeDecorator UtcDateTime(timezone=True) will not produce a cache key because the ``cache_ok`` attribute is not set to True.  This can have significant performance implications including some performance degradations in comparison to prior SQLAlchemy versions.  Set this attribute to True if this type object's state is safe to use in a cache key, or False to disable this warning. (Background on this error at: https://sqlalche.me/e/14/cprf)
[2022-08-21 12:38:21,378] {logging_mixin.py:109} INFO - [2022-08-21 12:38:21,377] {dag.py:2914} INFO - Setting next_dagrun for latest_only to 2022-08-21T08:38:21.377752+00:00
[2022-08-21 12:38:21,389] {processor.py:171} INFO - Processing /home/ubuntu/anaconda3/lib/python3.9/site-packages/airflow/example_dags/example_latest_only.py took 0.058 seconds
[2022-08-21 12:38:57,415] {processor.py:163} INFO - Started process (PID=73210) to work on /home/ubuntu/anaconda3/lib/python3.9/site-packages/airflow/example_dags/example_latest_only.py
[2022-08-21 12:38:57,415] {processor.py:620} INFO - Processing file /home/ubuntu/anaconda3/lib/python3.9/site-packages/airflow/example_dags/example_latest_only.py for tasks to queue
[2022-08-21 12:38:57,415] {logging_mixin.py:109} INFO - [2022-08-21 12:38:57,415] {dagbag.py:500} INFO - Filling up the DagBag from /home/ubuntu/anaconda3/lib/python3.9/site-packages/airflow/example_dags/example_latest_only.py
[2022-08-21 12:38:57,432] {processor.py:632} INFO - DAG(s) dict_keys(['latest_only']) retrieved from /home/ubuntu/anaconda3/lib/python3.9/site-packages/airflow/example_dags/example_latest_only.py
[2022-08-21 12:38:57,436] {logging_mixin.py:109} WARNING - /home/ubuntu/anaconda3/lib/python3.9/site-packages/airflow/models/serialized_dag.py:120 SAWarning: TypeDecorator UtcDateTime(timezone=True) will not produce a cache key because the ``cache_ok`` attribute is not set to True.  This can have significant performance implications including some performance degradations in comparison to prior SQLAlchemy versions.  Set this attribute to True if this type object's state is safe to use in a cache key, or False to disable this warning. (Background on this error at: https://sqlalche.me/e/14/cprf)
[2022-08-21 12:38:57,443] {logging_mixin.py:109} INFO - [2022-08-21 12:38:57,443] {dag.py:2389} INFO - Sync 1 DAGs
[2022-08-21 12:38:57,453] {logging_mixin.py:109} WARNING - /home/ubuntu/anaconda3/lib/python3.9/site-packages/airflow/models/dag.py:2426 SAWarning: TypeDecorator UtcDateTime(timezone=True) will not produce a cache key because the ``cache_ok`` attribute is not set to True.  This can have significant performance implications including some performance degradations in comparison to prior SQLAlchemy versions.  Set this attribute to True if this type object's state is safe to use in a cache key, or False to disable this warning. (Background on this error at: https://sqlalche.me/e/14/cprf)
[2022-08-21 12:38:57,458] {logging_mixin.py:109} INFO - [2022-08-21 12:38:57,458] {dag.py:2914} INFO - Setting next_dagrun for latest_only to 2022-08-21T08:38:57.457783+00:00
[2022-08-21 12:38:57,469] {processor.py:171} INFO - Processing /home/ubuntu/anaconda3/lib/python3.9/site-packages/airflow/example_dags/example_latest_only.py took 0.056 seconds
[2022-08-21 12:39:33,851] {processor.py:163} INFO - Started process (PID=73245) to work on /home/ubuntu/anaconda3/lib/python3.9/site-packages/airflow/example_dags/example_latest_only.py
[2022-08-21 12:39:33,852] {processor.py:620} INFO - Processing file /home/ubuntu/anaconda3/lib/python3.9/site-packages/airflow/example_dags/example_latest_only.py for tasks to queue
[2022-08-21 12:39:33,853] {logging_mixin.py:109} INFO - [2022-08-21 12:39:33,853] {dagbag.py:500} INFO - Filling up the DagBag from /home/ubuntu/anaconda3/lib/python3.9/site-packages/airflow/example_dags/example_latest_only.py
[2022-08-21 12:39:33,871] {processor.py:632} INFO - DAG(s) dict_keys(['latest_only']) retrieved from /home/ubuntu/anaconda3/lib/python3.9/site-packages/airflow/example_dags/example_latest_only.py
[2022-08-21 12:39:33,876] {logging_mixin.py:109} WARNING - /home/ubuntu/anaconda3/lib/python3.9/site-packages/airflow/models/serialized_dag.py:120 SAWarning: TypeDecorator UtcDateTime(timezone=True) will not produce a cache key because the ``cache_ok`` attribute is not set to True.  This can have significant performance implications including some performance degradations in comparison to prior SQLAlchemy versions.  Set this attribute to True if this type object's state is safe to use in a cache key, or False to disable this warning. (Background on this error at: https://sqlalche.me/e/14/cprf)
[2022-08-21 12:39:33,883] {logging_mixin.py:109} INFO - [2022-08-21 12:39:33,883] {dag.py:2389} INFO - Sync 1 DAGs
[2022-08-21 12:39:33,894] {logging_mixin.py:109} WARNING - /home/ubuntu/anaconda3/lib/python3.9/site-packages/airflow/models/dag.py:2426 SAWarning: TypeDecorator UtcDateTime(timezone=True) will not produce a cache key because the ``cache_ok`` attribute is not set to True.  This can have significant performance implications including some performance degradations in comparison to prior SQLAlchemy versions.  Set this attribute to True if this type object's state is safe to use in a cache key, or False to disable this warning. (Background on this error at: https://sqlalche.me/e/14/cprf)
[2022-08-21 12:39:33,900] {logging_mixin.py:109} INFO - [2022-08-21 12:39:33,900] {dag.py:2914} INFO - Setting next_dagrun for latest_only to 2022-08-21T08:39:33.900241+00:00
[2022-08-21 12:39:33,914] {processor.py:171} INFO - Processing /home/ubuntu/anaconda3/lib/python3.9/site-packages/airflow/example_dags/example_latest_only.py took 0.065 seconds
[2022-08-21 12:40:08,487] {processor.py:163} INFO - Started process (PID=73279) to work on /home/ubuntu/anaconda3/lib/python3.9/site-packages/airflow/example_dags/example_latest_only.py
[2022-08-21 12:40:08,488] {processor.py:620} INFO - Processing file /home/ubuntu/anaconda3/lib/python3.9/site-packages/airflow/example_dags/example_latest_only.py for tasks to queue
[2022-08-21 12:40:08,488] {logging_mixin.py:109} INFO - [2022-08-21 12:40:08,488] {dagbag.py:500} INFO - Filling up the DagBag from /home/ubuntu/anaconda3/lib/python3.9/site-packages/airflow/example_dags/example_latest_only.py
[2022-08-21 12:40:08,504] {processor.py:632} INFO - DAG(s) dict_keys(['latest_only']) retrieved from /home/ubuntu/anaconda3/lib/python3.9/site-packages/airflow/example_dags/example_latest_only.py
[2022-08-21 12:40:08,508] {logging_mixin.py:109} WARNING - /home/ubuntu/anaconda3/lib/python3.9/site-packages/airflow/models/serialized_dag.py:120 SAWarning: TypeDecorator UtcDateTime(timezone=True) will not produce a cache key because the ``cache_ok`` attribute is not set to True.  This can have significant performance implications including some performance degradations in comparison to prior SQLAlchemy versions.  Set this attribute to True if this type object's state is safe to use in a cache key, or False to disable this warning. (Background on this error at: https://sqlalche.me/e/14/cprf)
[2022-08-21 12:40:08,515] {logging_mixin.py:109} INFO - [2022-08-21 12:40:08,515] {dag.py:2389} INFO - Sync 1 DAGs
[2022-08-21 12:40:08,525] {logging_mixin.py:109} WARNING - /home/ubuntu/anaconda3/lib/python3.9/site-packages/airflow/models/dag.py:2426 SAWarning: TypeDecorator UtcDateTime(timezone=True) will not produce a cache key because the ``cache_ok`` attribute is not set to True.  This can have significant performance implications including some performance degradations in comparison to prior SQLAlchemy versions.  Set this attribute to True if this type object's state is safe to use in a cache key, or False to disable this warning. (Background on this error at: https://sqlalche.me/e/14/cprf)
[2022-08-21 12:40:08,530] {logging_mixin.py:109} INFO - [2022-08-21 12:40:08,530] {dag.py:2914} INFO - Setting next_dagrun for latest_only to 2022-08-21T08:40:08.530158+00:00
[2022-08-21 12:40:08,542] {processor.py:171} INFO - Processing /home/ubuntu/anaconda3/lib/python3.9/site-packages/airflow/example_dags/example_latest_only.py took 0.057 seconds
[2022-08-21 12:40:47,679] {processor.py:163} INFO - Started process (PID=73363) to work on /home/ubuntu/anaconda3/lib/python3.9/site-packages/airflow/example_dags/example_latest_only.py
[2022-08-21 12:40:47,679] {processor.py:620} INFO - Processing file /home/ubuntu/anaconda3/lib/python3.9/site-packages/airflow/example_dags/example_latest_only.py for tasks to queue
[2022-08-21 12:40:47,679] {logging_mixin.py:109} INFO - [2022-08-21 12:40:47,679] {dagbag.py:500} INFO - Filling up the DagBag from /home/ubuntu/anaconda3/lib/python3.9/site-packages/airflow/example_dags/example_latest_only.py
[2022-08-21 12:40:47,696] {processor.py:632} INFO - DAG(s) dict_keys(['latest_only']) retrieved from /home/ubuntu/anaconda3/lib/python3.9/site-packages/airflow/example_dags/example_latest_only.py
[2022-08-21 12:40:47,700] {logging_mixin.py:109} WARNING - /home/ubuntu/anaconda3/lib/python3.9/site-packages/airflow/models/serialized_dag.py:120 SAWarning: TypeDecorator UtcDateTime(timezone=True) will not produce a cache key because the ``cache_ok`` attribute is not set to True.  This can have significant performance implications including some performance degradations in comparison to prior SQLAlchemy versions.  Set this attribute to True if this type object's state is safe to use in a cache key, or False to disable this warning. (Background on this error at: https://sqlalche.me/e/14/cprf)
[2022-08-21 12:40:47,707] {logging_mixin.py:109} INFO - [2022-08-21 12:40:47,707] {dag.py:2389} INFO - Sync 1 DAGs
[2022-08-21 12:40:47,717] {logging_mixin.py:109} WARNING - /home/ubuntu/anaconda3/lib/python3.9/site-packages/airflow/models/dag.py:2426 SAWarning: TypeDecorator UtcDateTime(timezone=True) will not produce a cache key because the ``cache_ok`` attribute is not set to True.  This can have significant performance implications including some performance degradations in comparison to prior SQLAlchemy versions.  Set this attribute to True if this type object's state is safe to use in a cache key, or False to disable this warning. (Background on this error at: https://sqlalche.me/e/14/cprf)
[2022-08-21 12:40:47,722] {logging_mixin.py:109} INFO - [2022-08-21 12:40:47,722] {dag.py:2914} INFO - Setting next_dagrun for latest_only to 2022-08-21T08:40:47.721999+00:00
[2022-08-21 12:40:47,733] {processor.py:171} INFO - Processing /home/ubuntu/anaconda3/lib/python3.9/site-packages/airflow/example_dags/example_latest_only.py took 0.056 seconds
[2022-08-21 12:41:24,270] {processor.py:163} INFO - Started process (PID=73457) to work on /home/ubuntu/anaconda3/lib/python3.9/site-packages/airflow/example_dags/example_latest_only.py
[2022-08-21 12:41:24,271] {processor.py:620} INFO - Processing file /home/ubuntu/anaconda3/lib/python3.9/site-packages/airflow/example_dags/example_latest_only.py for tasks to queue
[2022-08-21 12:41:24,272] {logging_mixin.py:109} INFO - [2022-08-21 12:41:24,271] {dagbag.py:500} INFO - Filling up the DagBag from /home/ubuntu/anaconda3/lib/python3.9/site-packages/airflow/example_dags/example_latest_only.py
[2022-08-21 12:41:24,288] {processor.py:632} INFO - DAG(s) dict_keys(['latest_only']) retrieved from /home/ubuntu/anaconda3/lib/python3.9/site-packages/airflow/example_dags/example_latest_only.py
[2022-08-21 12:41:24,292] {logging_mixin.py:109} WARNING - /home/ubuntu/anaconda3/lib/python3.9/site-packages/airflow/models/serialized_dag.py:120 SAWarning: TypeDecorator UtcDateTime(timezone=True) will not produce a cache key because the ``cache_ok`` attribute is not set to True.  This can have significant performance implications including some performance degradations in comparison to prior SQLAlchemy versions.  Set this attribute to True if this type object's state is safe to use in a cache key, or False to disable this warning. (Background on this error at: https://sqlalche.me/e/14/cprf)
[2022-08-21 12:41:24,299] {logging_mixin.py:109} INFO - [2022-08-21 12:41:24,299] {dag.py:2389} INFO - Sync 1 DAGs
[2022-08-21 12:41:24,309] {logging_mixin.py:109} WARNING - /home/ubuntu/anaconda3/lib/python3.9/site-packages/airflow/models/dag.py:2426 SAWarning: TypeDecorator UtcDateTime(timezone=True) will not produce a cache key because the ``cache_ok`` attribute is not set to True.  This can have significant performance implications including some performance degradations in comparison to prior SQLAlchemy versions.  Set this attribute to True if this type object's state is safe to use in a cache key, or False to disable this warning. (Background on this error at: https://sqlalche.me/e/14/cprf)
[2022-08-21 12:41:24,314] {logging_mixin.py:109} INFO - [2022-08-21 12:41:24,314] {dag.py:2914} INFO - Setting next_dagrun for latest_only to 2022-08-21T08:41:24.314064+00:00
[2022-08-21 12:41:24,325] {processor.py:171} INFO - Processing /home/ubuntu/anaconda3/lib/python3.9/site-packages/airflow/example_dags/example_latest_only.py took 0.057 seconds
[2022-08-21 12:42:00,093] {processor.py:163} INFO - Started process (PID=73507) to work on /home/ubuntu/anaconda3/lib/python3.9/site-packages/airflow/example_dags/example_latest_only.py
[2022-08-21 12:42:00,094] {processor.py:620} INFO - Processing file /home/ubuntu/anaconda3/lib/python3.9/site-packages/airflow/example_dags/example_latest_only.py for tasks to queue
[2022-08-21 12:42:00,094] {logging_mixin.py:109} INFO - [2022-08-21 12:42:00,094] {dagbag.py:500} INFO - Filling up the DagBag from /home/ubuntu/anaconda3/lib/python3.9/site-packages/airflow/example_dags/example_latest_only.py
[2022-08-21 12:42:00,110] {processor.py:632} INFO - DAG(s) dict_keys(['latest_only']) retrieved from /home/ubuntu/anaconda3/lib/python3.9/site-packages/airflow/example_dags/example_latest_only.py
[2022-08-21 12:42:00,114] {logging_mixin.py:109} WARNING - /home/ubuntu/anaconda3/lib/python3.9/site-packages/airflow/models/serialized_dag.py:120 SAWarning: TypeDecorator UtcDateTime(timezone=True) will not produce a cache key because the ``cache_ok`` attribute is not set to True.  This can have significant performance implications including some performance degradations in comparison to prior SQLAlchemy versions.  Set this attribute to True if this type object's state is safe to use in a cache key, or False to disable this warning. (Background on this error at: https://sqlalche.me/e/14/cprf)
[2022-08-21 12:42:00,121] {logging_mixin.py:109} INFO - [2022-08-21 12:42:00,121] {dag.py:2389} INFO - Sync 1 DAGs
[2022-08-21 12:42:00,131] {logging_mixin.py:109} WARNING - /home/ubuntu/anaconda3/lib/python3.9/site-packages/airflow/models/dag.py:2426 SAWarning: TypeDecorator UtcDateTime(timezone=True) will not produce a cache key because the ``cache_ok`` attribute is not set to True.  This can have significant performance implications including some performance degradations in comparison to prior SQLAlchemy versions.  Set this attribute to True if this type object's state is safe to use in a cache key, or False to disable this warning. (Background on this error at: https://sqlalche.me/e/14/cprf)
[2022-08-21 12:42:00,136] {logging_mixin.py:109} INFO - [2022-08-21 12:42:00,136] {dag.py:2914} INFO - Setting next_dagrun for latest_only to 2022-08-21T08:42:00.136450+00:00
[2022-08-21 12:42:00,148] {processor.py:171} INFO - Processing /home/ubuntu/anaconda3/lib/python3.9/site-packages/airflow/example_dags/example_latest_only.py took 0.057 seconds
[2022-08-21 12:42:37,099] {processor.py:163} INFO - Started process (PID=73678) to work on /home/ubuntu/anaconda3/lib/python3.9/site-packages/airflow/example_dags/example_latest_only.py
[2022-08-21 12:42:37,099] {processor.py:620} INFO - Processing file /home/ubuntu/anaconda3/lib/python3.9/site-packages/airflow/example_dags/example_latest_only.py for tasks to queue
[2022-08-21 12:42:37,100] {logging_mixin.py:109} INFO - [2022-08-21 12:42:37,099] {dagbag.py:500} INFO - Filling up the DagBag from /home/ubuntu/anaconda3/lib/python3.9/site-packages/airflow/example_dags/example_latest_only.py
[2022-08-21 12:42:37,116] {processor.py:632} INFO - DAG(s) dict_keys(['latest_only']) retrieved from /home/ubuntu/anaconda3/lib/python3.9/site-packages/airflow/example_dags/example_latest_only.py
[2022-08-21 12:42:37,120] {logging_mixin.py:109} WARNING - /home/ubuntu/anaconda3/lib/python3.9/site-packages/airflow/models/serialized_dag.py:120 SAWarning: TypeDecorator UtcDateTime(timezone=True) will not produce a cache key because the ``cache_ok`` attribute is not set to True.  This can have significant performance implications including some performance degradations in comparison to prior SQLAlchemy versions.  Set this attribute to True if this type object's state is safe to use in a cache key, or False to disable this warning. (Background on this error at: https://sqlalche.me/e/14/cprf)
[2022-08-21 12:42:37,127] {logging_mixin.py:109} INFO - [2022-08-21 12:42:37,127] {dag.py:2389} INFO - Sync 1 DAGs
[2022-08-21 12:42:37,137] {logging_mixin.py:109} WARNING - /home/ubuntu/anaconda3/lib/python3.9/site-packages/airflow/models/dag.py:2426 SAWarning: TypeDecorator UtcDateTime(timezone=True) will not produce a cache key because the ``cache_ok`` attribute is not set to True.  This can have significant performance implications including some performance degradations in comparison to prior SQLAlchemy versions.  Set this attribute to True if this type object's state is safe to use in a cache key, or False to disable this warning. (Background on this error at: https://sqlalche.me/e/14/cprf)
[2022-08-21 12:42:37,142] {logging_mixin.py:109} INFO - [2022-08-21 12:42:37,142] {dag.py:2914} INFO - Setting next_dagrun for latest_only to 2022-08-21T08:42:37.141866+00:00
[2022-08-21 12:42:37,154] {processor.py:171} INFO - Processing /home/ubuntu/anaconda3/lib/python3.9/site-packages/airflow/example_dags/example_latest_only.py took 0.057 seconds
[2022-08-21 12:43:12,056] {processor.py:163} INFO - Started process (PID=73773) to work on /home/ubuntu/anaconda3/lib/python3.9/site-packages/airflow/example_dags/example_latest_only.py
[2022-08-21 12:43:12,056] {processor.py:620} INFO - Processing file /home/ubuntu/anaconda3/lib/python3.9/site-packages/airflow/example_dags/example_latest_only.py for tasks to queue
[2022-08-21 12:43:12,057] {logging_mixin.py:109} INFO - [2022-08-21 12:43:12,057] {dagbag.py:500} INFO - Filling up the DagBag from /home/ubuntu/anaconda3/lib/python3.9/site-packages/airflow/example_dags/example_latest_only.py
[2022-08-21 12:43:12,073] {processor.py:632} INFO - DAG(s) dict_keys(['latest_only']) retrieved from /home/ubuntu/anaconda3/lib/python3.9/site-packages/airflow/example_dags/example_latest_only.py
[2022-08-21 12:43:12,077] {logging_mixin.py:109} WARNING - /home/ubuntu/anaconda3/lib/python3.9/site-packages/airflow/models/serialized_dag.py:120 SAWarning: TypeDecorator UtcDateTime(timezone=True) will not produce a cache key because the ``cache_ok`` attribute is not set to True.  This can have significant performance implications including some performance degradations in comparison to prior SQLAlchemy versions.  Set this attribute to True if this type object's state is safe to use in a cache key, or False to disable this warning. (Background on this error at: https://sqlalche.me/e/14/cprf)
[2022-08-21 12:43:12,085] {logging_mixin.py:109} INFO - [2022-08-21 12:43:12,084] {dag.py:2389} INFO - Sync 1 DAGs
[2022-08-21 12:43:12,095] {logging_mixin.py:109} WARNING - /home/ubuntu/anaconda3/lib/python3.9/site-packages/airflow/models/dag.py:2426 SAWarning: TypeDecorator UtcDateTime(timezone=True) will not produce a cache key because the ``cache_ok`` attribute is not set to True.  This can have significant performance implications including some performance degradations in comparison to prior SQLAlchemy versions.  Set this attribute to True if this type object's state is safe to use in a cache key, or False to disable this warning. (Background on this error at: https://sqlalche.me/e/14/cprf)
[2022-08-21 12:43:12,100] {logging_mixin.py:109} INFO - [2022-08-21 12:43:12,100] {dag.py:2914} INFO - Setting next_dagrun for latest_only to 2022-08-21T08:43:12.100042+00:00
[2022-08-21 12:43:12,111] {processor.py:171} INFO - Processing /home/ubuntu/anaconda3/lib/python3.9/site-packages/airflow/example_dags/example_latest_only.py took 0.057 seconds
[2022-08-21 12:43:52,226] {processor.py:163} INFO - Started process (PID=73983) to work on /home/ubuntu/anaconda3/lib/python3.9/site-packages/airflow/example_dags/example_latest_only.py
[2022-08-21 12:43:52,227] {processor.py:620} INFO - Processing file /home/ubuntu/anaconda3/lib/python3.9/site-packages/airflow/example_dags/example_latest_only.py for tasks to queue
[2022-08-21 12:43:52,227] {logging_mixin.py:109} INFO - [2022-08-21 12:43:52,227] {dagbag.py:500} INFO - Filling up the DagBag from /home/ubuntu/anaconda3/lib/python3.9/site-packages/airflow/example_dags/example_latest_only.py
[2022-08-21 12:43:52,250] {processor.py:632} INFO - DAG(s) dict_keys(['latest_only']) retrieved from /home/ubuntu/anaconda3/lib/python3.9/site-packages/airflow/example_dags/example_latest_only.py
[2022-08-21 12:43:52,255] {logging_mixin.py:109} WARNING - /home/ubuntu/anaconda3/lib/python3.9/site-packages/airflow/models/serialized_dag.py:120 SAWarning: TypeDecorator UtcDateTime(timezone=True) will not produce a cache key because the ``cache_ok`` attribute is not set to True.  This can have significant performance implications including some performance degradations in comparison to prior SQLAlchemy versions.  Set this attribute to True if this type object's state is safe to use in a cache key, or False to disable this warning. (Background on this error at: https://sqlalche.me/e/14/cprf)
[2022-08-21 12:43:52,266] {logging_mixin.py:109} INFO - [2022-08-21 12:43:52,266] {dag.py:2389} INFO - Sync 1 DAGs
[2022-08-21 12:43:52,281] {logging_mixin.py:109} WARNING - /home/ubuntu/anaconda3/lib/python3.9/site-packages/airflow/models/dag.py:2426 SAWarning: TypeDecorator UtcDateTime(timezone=True) will not produce a cache key because the ``cache_ok`` attribute is not set to True.  This can have significant performance implications including some performance degradations in comparison to prior SQLAlchemy versions.  Set this attribute to True if this type object's state is safe to use in a cache key, or False to disable this warning. (Background on this error at: https://sqlalche.me/e/14/cprf)
[2022-08-21 12:43:52,289] {logging_mixin.py:109} INFO - [2022-08-21 12:43:52,289] {dag.py:2914} INFO - Setting next_dagrun for latest_only to 2022-08-21T08:43:52.288759+00:00
[2022-08-21 12:43:52,304] {processor.py:171} INFO - Processing /home/ubuntu/anaconda3/lib/python3.9/site-packages/airflow/example_dags/example_latest_only.py took 0.081 seconds
[2022-08-21 12:44:32,006] {processor.py:163} INFO - Started process (PID=74167) to work on /home/ubuntu/anaconda3/lib/python3.9/site-packages/airflow/example_dags/example_latest_only.py
[2022-08-21 12:44:32,007] {processor.py:620} INFO - Processing file /home/ubuntu/anaconda3/lib/python3.9/site-packages/airflow/example_dags/example_latest_only.py for tasks to queue
[2022-08-21 12:44:32,007] {logging_mixin.py:109} INFO - [2022-08-21 12:44:32,007] {dagbag.py:500} INFO - Filling up the DagBag from /home/ubuntu/anaconda3/lib/python3.9/site-packages/airflow/example_dags/example_latest_only.py
[2022-08-21 12:44:32,023] {processor.py:632} INFO - DAG(s) dict_keys(['latest_only']) retrieved from /home/ubuntu/anaconda3/lib/python3.9/site-packages/airflow/example_dags/example_latest_only.py
[2022-08-21 12:44:32,027] {logging_mixin.py:109} WARNING - /home/ubuntu/anaconda3/lib/python3.9/site-packages/airflow/models/serialized_dag.py:120 SAWarning: TypeDecorator UtcDateTime(timezone=True) will not produce a cache key because the ``cache_ok`` attribute is not set to True.  This can have significant performance implications including some performance degradations in comparison to prior SQLAlchemy versions.  Set this attribute to True if this type object's state is safe to use in a cache key, or False to disable this warning. (Background on this error at: https://sqlalche.me/e/14/cprf)
[2022-08-21 12:44:32,034] {logging_mixin.py:109} INFO - [2022-08-21 12:44:32,034] {dag.py:2389} INFO - Sync 1 DAGs
[2022-08-21 12:44:32,045] {logging_mixin.py:109} WARNING - /home/ubuntu/anaconda3/lib/python3.9/site-packages/airflow/models/dag.py:2426 SAWarning: TypeDecorator UtcDateTime(timezone=True) will not produce a cache key because the ``cache_ok`` attribute is not set to True.  This can have significant performance implications including some performance degradations in comparison to prior SQLAlchemy versions.  Set this attribute to True if this type object's state is safe to use in a cache key, or False to disable this warning. (Background on this error at: https://sqlalche.me/e/14/cprf)
[2022-08-21 12:44:32,050] {logging_mixin.py:109} INFO - [2022-08-21 12:44:32,050] {dag.py:2914} INFO - Setting next_dagrun for latest_only to 2022-08-21T08:44:32.050439+00:00
[2022-08-21 12:44:32,062] {processor.py:171} INFO - Processing /home/ubuntu/anaconda3/lib/python3.9/site-packages/airflow/example_dags/example_latest_only.py took 0.058 seconds
[2022-08-21 12:45:08,388] {processor.py:163} INFO - Started process (PID=74268) to work on /home/ubuntu/anaconda3/lib/python3.9/site-packages/airflow/example_dags/example_latest_only.py
[2022-08-21 12:45:08,388] {processor.py:620} INFO - Processing file /home/ubuntu/anaconda3/lib/python3.9/site-packages/airflow/example_dags/example_latest_only.py for tasks to queue
[2022-08-21 12:45:08,389] {logging_mixin.py:109} INFO - [2022-08-21 12:45:08,389] {dagbag.py:500} INFO - Filling up the DagBag from /home/ubuntu/anaconda3/lib/python3.9/site-packages/airflow/example_dags/example_latest_only.py
[2022-08-21 12:45:08,405] {processor.py:632} INFO - DAG(s) dict_keys(['latest_only']) retrieved from /home/ubuntu/anaconda3/lib/python3.9/site-packages/airflow/example_dags/example_latest_only.py
[2022-08-21 12:45:08,410] {logging_mixin.py:109} WARNING - /home/ubuntu/anaconda3/lib/python3.9/site-packages/airflow/models/serialized_dag.py:120 SAWarning: TypeDecorator UtcDateTime(timezone=True) will not produce a cache key because the ``cache_ok`` attribute is not set to True.  This can have significant performance implications including some performance degradations in comparison to prior SQLAlchemy versions.  Set this attribute to True if this type object's state is safe to use in a cache key, or False to disable this warning. (Background on this error at: https://sqlalche.me/e/14/cprf)
[2022-08-21 12:45:08,417] {logging_mixin.py:109} INFO - [2022-08-21 12:45:08,417] {dag.py:2389} INFO - Sync 1 DAGs
[2022-08-21 12:45:08,427] {logging_mixin.py:109} WARNING - /home/ubuntu/anaconda3/lib/python3.9/site-packages/airflow/models/dag.py:2426 SAWarning: TypeDecorator UtcDateTime(timezone=True) will not produce a cache key because the ``cache_ok`` attribute is not set to True.  This can have significant performance implications including some performance degradations in comparison to prior SQLAlchemy versions.  Set this attribute to True if this type object's state is safe to use in a cache key, or False to disable this warning. (Background on this error at: https://sqlalche.me/e/14/cprf)
[2022-08-21 12:45:08,432] {logging_mixin.py:109} INFO - [2022-08-21 12:45:08,432] {dag.py:2914} INFO - Setting next_dagrun for latest_only to 2022-08-21T08:45:08.432144+00:00
[2022-08-21 12:45:08,444] {processor.py:171} INFO - Processing /home/ubuntu/anaconda3/lib/python3.9/site-packages/airflow/example_dags/example_latest_only.py took 0.059 seconds
[2022-08-21 12:45:45,235] {processor.py:163} INFO - Started process (PID=74756) to work on /home/ubuntu/anaconda3/lib/python3.9/site-packages/airflow/example_dags/example_latest_only.py
[2022-08-21 12:45:45,236] {processor.py:620} INFO - Processing file /home/ubuntu/anaconda3/lib/python3.9/site-packages/airflow/example_dags/example_latest_only.py for tasks to queue
[2022-08-21 12:45:45,237] {logging_mixin.py:109} INFO - [2022-08-21 12:45:45,236] {dagbag.py:500} INFO - Filling up the DagBag from /home/ubuntu/anaconda3/lib/python3.9/site-packages/airflow/example_dags/example_latest_only.py
[2022-08-21 12:45:45,252] {processor.py:632} INFO - DAG(s) dict_keys(['latest_only']) retrieved from /home/ubuntu/anaconda3/lib/python3.9/site-packages/airflow/example_dags/example_latest_only.py
[2022-08-21 12:45:45,257] {logging_mixin.py:109} WARNING - /home/ubuntu/anaconda3/lib/python3.9/site-packages/airflow/models/serialized_dag.py:120 SAWarning: TypeDecorator UtcDateTime(timezone=True) will not produce a cache key because the ``cache_ok`` attribute is not set to True.  This can have significant performance implications including some performance degradations in comparison to prior SQLAlchemy versions.  Set this attribute to True if this type object's state is safe to use in a cache key, or False to disable this warning. (Background on this error at: https://sqlalche.me/e/14/cprf)
[2022-08-21 12:45:45,264] {logging_mixin.py:109} INFO - [2022-08-21 12:45:45,264] {dag.py:2389} INFO - Sync 1 DAGs
[2022-08-21 12:45:45,274] {logging_mixin.py:109} WARNING - /home/ubuntu/anaconda3/lib/python3.9/site-packages/airflow/models/dag.py:2426 SAWarning: TypeDecorator UtcDateTime(timezone=True) will not produce a cache key because the ``cache_ok`` attribute is not set to True.  This can have significant performance implications including some performance degradations in comparison to prior SQLAlchemy versions.  Set this attribute to True if this type object's state is safe to use in a cache key, or False to disable this warning. (Background on this error at: https://sqlalche.me/e/14/cprf)
[2022-08-21 12:45:45,279] {logging_mixin.py:109} INFO - [2022-08-21 12:45:45,279] {dag.py:2914} INFO - Setting next_dagrun for latest_only to 2022-08-21T08:45:45.279374+00:00
[2022-08-21 12:45:45,290] {processor.py:171} INFO - Processing /home/ubuntu/anaconda3/lib/python3.9/site-packages/airflow/example_dags/example_latest_only.py took 0.057 seconds
