[2022-08-21 12:35:52,951] {processor.py:163} INFO - Started process (PID=72632) to work on /home/ubuntu/anaconda3/lib/python3.9/site-packages/airflow/example_dags/example_external_task_marker_dag.py
[2022-08-21 12:35:52,951] {processor.py:620} INFO - Processing file /home/ubuntu/anaconda3/lib/python3.9/site-packages/airflow/example_dags/example_external_task_marker_dag.py for tasks to queue
[2022-08-21 12:35:52,951] {logging_mixin.py:109} INFO - [2022-08-21 12:35:52,951] {dagbag.py:500} INFO - Filling up the DagBag from /home/ubuntu/anaconda3/lib/python3.9/site-packages/airflow/example_dags/example_external_task_marker_dag.py
[2022-08-21 12:35:52,968] {processor.py:632} INFO - DAG(s) dict_keys(['example_external_task_marker_parent', 'example_external_task_marker_child']) retrieved from /home/ubuntu/anaconda3/lib/python3.9/site-packages/airflow/example_dags/example_external_task_marker_dag.py
[2022-08-21 12:35:52,972] {logging_mixin.py:109} WARNING - /home/ubuntu/anaconda3/lib/python3.9/site-packages/airflow/models/serialized_dag.py:120 SAWarning: TypeDecorator UtcDateTime(timezone=True) will not produce a cache key because the ``cache_ok`` attribute is not set to True.  This can have significant performance implications including some performance degradations in comparison to prior SQLAlchemy versions.  Set this attribute to True if this type object's state is safe to use in a cache key, or False to disable this warning. (Background on this error at: https://sqlalche.me/e/14/cprf)
[2022-08-21 12:35:52,983] {logging_mixin.py:109} INFO - [2022-08-21 12:35:52,983] {dag.py:2389} INFO - Sync 2 DAGs
[2022-08-21 12:35:52,992] {logging_mixin.py:109} WARNING - /home/ubuntu/anaconda3/lib/python3.9/site-packages/airflow/models/dag.py:2426 SAWarning: TypeDecorator UtcDateTime(timezone=True) will not produce a cache key because the ``cache_ok`` attribute is not set to True.  This can have significant performance implications including some performance degradations in comparison to prior SQLAlchemy versions.  Set this attribute to True if this type object's state is safe to use in a cache key, or False to disable this warning. (Background on this error at: https://sqlalche.me/e/14/cprf)
[2022-08-21 12:35:52,997] {logging_mixin.py:109} INFO - [2022-08-21 12:35:52,997] {dag.py:2914} INFO - Setting next_dagrun for example_external_task_marker_child to None
[2022-08-21 12:35:52,997] {logging_mixin.py:109} INFO - [2022-08-21 12:35:52,997] {dag.py:2914} INFO - Setting next_dagrun for example_external_task_marker_parent to None
[2022-08-21 12:35:53,009] {processor.py:171} INFO - Processing /home/ubuntu/anaconda3/lib/python3.9/site-packages/airflow/example_dags/example_external_task_marker_dag.py took 0.060 seconds
[2022-08-21 12:36:29,648] {processor.py:163} INFO - Started process (PID=72668) to work on /home/ubuntu/anaconda3/lib/python3.9/site-packages/airflow/example_dags/example_external_task_marker_dag.py
[2022-08-21 12:36:29,649] {processor.py:620} INFO - Processing file /home/ubuntu/anaconda3/lib/python3.9/site-packages/airflow/example_dags/example_external_task_marker_dag.py for tasks to queue
[2022-08-21 12:36:29,649] {logging_mixin.py:109} INFO - [2022-08-21 12:36:29,649] {dagbag.py:500} INFO - Filling up the DagBag from /home/ubuntu/anaconda3/lib/python3.9/site-packages/airflow/example_dags/example_external_task_marker_dag.py
[2022-08-21 12:36:29,666] {processor.py:632} INFO - DAG(s) dict_keys(['example_external_task_marker_parent', 'example_external_task_marker_child']) retrieved from /home/ubuntu/anaconda3/lib/python3.9/site-packages/airflow/example_dags/example_external_task_marker_dag.py
[2022-08-21 12:36:29,670] {logging_mixin.py:109} WARNING - /home/ubuntu/anaconda3/lib/python3.9/site-packages/airflow/models/serialized_dag.py:120 SAWarning: TypeDecorator UtcDateTime(timezone=True) will not produce a cache key because the ``cache_ok`` attribute is not set to True.  This can have significant performance implications including some performance degradations in comparison to prior SQLAlchemy versions.  Set this attribute to True if this type object's state is safe to use in a cache key, or False to disable this warning. (Background on this error at: https://sqlalche.me/e/14/cprf)
[2022-08-21 12:36:29,681] {logging_mixin.py:109} INFO - [2022-08-21 12:36:29,681] {dag.py:2389} INFO - Sync 2 DAGs
[2022-08-21 12:36:29,691] {logging_mixin.py:109} WARNING - /home/ubuntu/anaconda3/lib/python3.9/site-packages/airflow/models/dag.py:2426 SAWarning: TypeDecorator UtcDateTime(timezone=True) will not produce a cache key because the ``cache_ok`` attribute is not set to True.  This can have significant performance implications including some performance degradations in comparison to prior SQLAlchemy versions.  Set this attribute to True if this type object's state is safe to use in a cache key, or False to disable this warning. (Background on this error at: https://sqlalche.me/e/14/cprf)
[2022-08-21 12:36:29,696] {logging_mixin.py:109} INFO - [2022-08-21 12:36:29,696] {dag.py:2914} INFO - Setting next_dagrun for example_external_task_marker_child to None
[2022-08-21 12:36:29,696] {logging_mixin.py:109} INFO - [2022-08-21 12:36:29,696] {dag.py:2914} INFO - Setting next_dagrun for example_external_task_marker_parent to None
[2022-08-21 12:36:29,707] {processor.py:171} INFO - Processing /home/ubuntu/anaconda3/lib/python3.9/site-packages/airflow/example_dags/example_external_task_marker_dag.py took 0.061 seconds
[2022-08-21 12:37:49,785] {processor.py:163} INFO - Started process (PID=73058) to work on /home/ubuntu/anaconda3/lib/python3.9/site-packages/airflow/example_dags/example_external_task_marker_dag.py
[2022-08-21 12:37:49,786] {processor.py:620} INFO - Processing file /home/ubuntu/anaconda3/lib/python3.9/site-packages/airflow/example_dags/example_external_task_marker_dag.py for tasks to queue
[2022-08-21 12:37:49,786] {logging_mixin.py:109} INFO - [2022-08-21 12:37:49,786] {dagbag.py:500} INFO - Filling up the DagBag from /home/ubuntu/anaconda3/lib/python3.9/site-packages/airflow/example_dags/example_external_task_marker_dag.py
[2022-08-21 12:37:49,805] {processor.py:632} INFO - DAG(s) dict_keys(['example_external_task_marker_parent', 'example_external_task_marker_child']) retrieved from /home/ubuntu/anaconda3/lib/python3.9/site-packages/airflow/example_dags/example_external_task_marker_dag.py
[2022-08-21 12:37:49,809] {logging_mixin.py:109} WARNING - /home/ubuntu/anaconda3/lib/python3.9/site-packages/airflow/models/serialized_dag.py:120 SAWarning: TypeDecorator UtcDateTime(timezone=True) will not produce a cache key because the ``cache_ok`` attribute is not set to True.  This can have significant performance implications including some performance degradations in comparison to prior SQLAlchemy versions.  Set this attribute to True if this type object's state is safe to use in a cache key, or False to disable this warning. (Background on this error at: https://sqlalche.me/e/14/cprf)
[2022-08-21 12:37:49,821] {logging_mixin.py:109} INFO - [2022-08-21 12:37:49,821] {dag.py:2389} INFO - Sync 2 DAGs
[2022-08-21 12:37:49,831] {logging_mixin.py:109} WARNING - /home/ubuntu/anaconda3/lib/python3.9/site-packages/airflow/models/dag.py:2426 SAWarning: TypeDecorator UtcDateTime(timezone=True) will not produce a cache key because the ``cache_ok`` attribute is not set to True.  This can have significant performance implications including some performance degradations in comparison to prior SQLAlchemy versions.  Set this attribute to True if this type object's state is safe to use in a cache key, or False to disable this warning. (Background on this error at: https://sqlalche.me/e/14/cprf)
[2022-08-21 12:37:49,836] {logging_mixin.py:109} INFO - [2022-08-21 12:37:49,836] {dag.py:2914} INFO - Setting next_dagrun for example_external_task_marker_child to None
[2022-08-21 12:37:49,836] {logging_mixin.py:109} INFO - [2022-08-21 12:37:49,836] {dag.py:2914} INFO - Setting next_dagrun for example_external_task_marker_parent to None
[2022-08-21 12:37:49,848] {processor.py:171} INFO - Processing /home/ubuntu/anaconda3/lib/python3.9/site-packages/airflow/example_dags/example_external_task_marker_dag.py took 0.066 seconds
[2022-08-21 12:38:29,078] {processor.py:163} INFO - Started process (PID=73123) to work on /home/ubuntu/anaconda3/lib/python3.9/site-packages/airflow/example_dags/example_external_task_marker_dag.py
[2022-08-21 12:38:29,078] {processor.py:620} INFO - Processing file /home/ubuntu/anaconda3/lib/python3.9/site-packages/airflow/example_dags/example_external_task_marker_dag.py for tasks to queue
[2022-08-21 12:38:29,079] {logging_mixin.py:109} INFO - [2022-08-21 12:38:29,079] {dagbag.py:500} INFO - Filling up the DagBag from /home/ubuntu/anaconda3/lib/python3.9/site-packages/airflow/example_dags/example_external_task_marker_dag.py
[2022-08-21 12:38:29,095] {processor.py:632} INFO - DAG(s) dict_keys(['example_external_task_marker_parent', 'example_external_task_marker_child']) retrieved from /home/ubuntu/anaconda3/lib/python3.9/site-packages/airflow/example_dags/example_external_task_marker_dag.py
[2022-08-21 12:38:29,099] {logging_mixin.py:109} WARNING - /home/ubuntu/anaconda3/lib/python3.9/site-packages/airflow/models/serialized_dag.py:120 SAWarning: TypeDecorator UtcDateTime(timezone=True) will not produce a cache key because the ``cache_ok`` attribute is not set to True.  This can have significant performance implications including some performance degradations in comparison to prior SQLAlchemy versions.  Set this attribute to True if this type object's state is safe to use in a cache key, or False to disable this warning. (Background on this error at: https://sqlalche.me/e/14/cprf)
[2022-08-21 12:38:29,109] {logging_mixin.py:109} INFO - [2022-08-21 12:38:29,109] {dag.py:2389} INFO - Sync 2 DAGs
[2022-08-21 12:38:29,119] {logging_mixin.py:109} WARNING - /home/ubuntu/anaconda3/lib/python3.9/site-packages/airflow/models/dag.py:2426 SAWarning: TypeDecorator UtcDateTime(timezone=True) will not produce a cache key because the ``cache_ok`` attribute is not set to True.  This can have significant performance implications including some performance degradations in comparison to prior SQLAlchemy versions.  Set this attribute to True if this type object's state is safe to use in a cache key, or False to disable this warning. (Background on this error at: https://sqlalche.me/e/14/cprf)
[2022-08-21 12:38:29,124] {logging_mixin.py:109} INFO - [2022-08-21 12:38:29,124] {dag.py:2914} INFO - Setting next_dagrun for example_external_task_marker_child to None
[2022-08-21 12:38:29,124] {logging_mixin.py:109} INFO - [2022-08-21 12:38:29,124] {dag.py:2914} INFO - Setting next_dagrun for example_external_task_marker_parent to None
[2022-08-21 12:38:29,136] {processor.py:171} INFO - Processing /home/ubuntu/anaconda3/lib/python3.9/site-packages/airflow/example_dags/example_external_task_marker_dag.py took 0.060 seconds
[2022-08-21 12:39:05,104] {processor.py:163} INFO - Started process (PID=73218) to work on /home/ubuntu/anaconda3/lib/python3.9/site-packages/airflow/example_dags/example_external_task_marker_dag.py
[2022-08-21 12:39:05,104] {processor.py:620} INFO - Processing file /home/ubuntu/anaconda3/lib/python3.9/site-packages/airflow/example_dags/example_external_task_marker_dag.py for tasks to queue
[2022-08-21 12:39:05,105] {logging_mixin.py:109} INFO - [2022-08-21 12:39:05,105] {dagbag.py:500} INFO - Filling up the DagBag from /home/ubuntu/anaconda3/lib/python3.9/site-packages/airflow/example_dags/example_external_task_marker_dag.py
[2022-08-21 12:39:05,123] {processor.py:632} INFO - DAG(s) dict_keys(['example_external_task_marker_parent', 'example_external_task_marker_child']) retrieved from /home/ubuntu/anaconda3/lib/python3.9/site-packages/airflow/example_dags/example_external_task_marker_dag.py
[2022-08-21 12:39:05,127] {logging_mixin.py:109} WARNING - /home/ubuntu/anaconda3/lib/python3.9/site-packages/airflow/models/serialized_dag.py:120 SAWarning: TypeDecorator UtcDateTime(timezone=True) will not produce a cache key because the ``cache_ok`` attribute is not set to True.  This can have significant performance implications including some performance degradations in comparison to prior SQLAlchemy versions.  Set this attribute to True if this type object's state is safe to use in a cache key, or False to disable this warning. (Background on this error at: https://sqlalche.me/e/14/cprf)
[2022-08-21 12:39:05,138] {logging_mixin.py:109} INFO - [2022-08-21 12:39:05,138] {dag.py:2389} INFO - Sync 2 DAGs
[2022-08-21 12:39:05,149] {logging_mixin.py:109} WARNING - /home/ubuntu/anaconda3/lib/python3.9/site-packages/airflow/models/dag.py:2426 SAWarning: TypeDecorator UtcDateTime(timezone=True) will not produce a cache key because the ``cache_ok`` attribute is not set to True.  This can have significant performance implications including some performance degradations in comparison to prior SQLAlchemy versions.  Set this attribute to True if this type object's state is safe to use in a cache key, or False to disable this warning. (Background on this error at: https://sqlalche.me/e/14/cprf)
[2022-08-21 12:39:05,154] {logging_mixin.py:109} INFO - [2022-08-21 12:39:05,154] {dag.py:2914} INFO - Setting next_dagrun for example_external_task_marker_child to None
[2022-08-21 12:39:05,154] {logging_mixin.py:109} INFO - [2022-08-21 12:39:05,154] {dag.py:2914} INFO - Setting next_dagrun for example_external_task_marker_parent to None
[2022-08-21 12:39:05,168] {processor.py:171} INFO - Processing /home/ubuntu/anaconda3/lib/python3.9/site-packages/airflow/example_dags/example_external_task_marker_dag.py took 0.067 seconds
[2022-08-21 12:39:41,566] {processor.py:163} INFO - Started process (PID=73252) to work on /home/ubuntu/anaconda3/lib/python3.9/site-packages/airflow/example_dags/example_external_task_marker_dag.py
[2022-08-21 12:39:41,566] {processor.py:620} INFO - Processing file /home/ubuntu/anaconda3/lib/python3.9/site-packages/airflow/example_dags/example_external_task_marker_dag.py for tasks to queue
[2022-08-21 12:39:41,567] {logging_mixin.py:109} INFO - [2022-08-21 12:39:41,567] {dagbag.py:500} INFO - Filling up the DagBag from /home/ubuntu/anaconda3/lib/python3.9/site-packages/airflow/example_dags/example_external_task_marker_dag.py
[2022-08-21 12:39:41,583] {processor.py:632} INFO - DAG(s) dict_keys(['example_external_task_marker_parent', 'example_external_task_marker_child']) retrieved from /home/ubuntu/anaconda3/lib/python3.9/site-packages/airflow/example_dags/example_external_task_marker_dag.py
[2022-08-21 12:39:41,587] {logging_mixin.py:109} WARNING - /home/ubuntu/anaconda3/lib/python3.9/site-packages/airflow/models/serialized_dag.py:120 SAWarning: TypeDecorator UtcDateTime(timezone=True) will not produce a cache key because the ``cache_ok`` attribute is not set to True.  This can have significant performance implications including some performance degradations in comparison to prior SQLAlchemy versions.  Set this attribute to True if this type object's state is safe to use in a cache key, or False to disable this warning. (Background on this error at: https://sqlalche.me/e/14/cprf)
[2022-08-21 12:39:41,597] {logging_mixin.py:109} INFO - [2022-08-21 12:39:41,597] {dag.py:2389} INFO - Sync 2 DAGs
[2022-08-21 12:39:41,607] {logging_mixin.py:109} WARNING - /home/ubuntu/anaconda3/lib/python3.9/site-packages/airflow/models/dag.py:2426 SAWarning: TypeDecorator UtcDateTime(timezone=True) will not produce a cache key because the ``cache_ok`` attribute is not set to True.  This can have significant performance implications including some performance degradations in comparison to prior SQLAlchemy versions.  Set this attribute to True if this type object's state is safe to use in a cache key, or False to disable this warning. (Background on this error at: https://sqlalche.me/e/14/cprf)
[2022-08-21 12:39:41,612] {logging_mixin.py:109} INFO - [2022-08-21 12:39:41,612] {dag.py:2914} INFO - Setting next_dagrun for example_external_task_marker_child to None
[2022-08-21 12:39:41,612] {logging_mixin.py:109} INFO - [2022-08-21 12:39:41,612] {dag.py:2914} INFO - Setting next_dagrun for example_external_task_marker_parent to None
[2022-08-21 12:39:41,626] {processor.py:171} INFO - Processing /home/ubuntu/anaconda3/lib/python3.9/site-packages/airflow/example_dags/example_external_task_marker_dag.py took 0.062 seconds
[2022-08-21 12:40:17,953] {processor.py:163} INFO - Started process (PID=73288) to work on /home/ubuntu/anaconda3/lib/python3.9/site-packages/airflow/example_dags/example_external_task_marker_dag.py
[2022-08-21 12:40:17,954] {processor.py:620} INFO - Processing file /home/ubuntu/anaconda3/lib/python3.9/site-packages/airflow/example_dags/example_external_task_marker_dag.py for tasks to queue
[2022-08-21 12:40:17,954] {logging_mixin.py:109} INFO - [2022-08-21 12:40:17,954] {dagbag.py:500} INFO - Filling up the DagBag from /home/ubuntu/anaconda3/lib/python3.9/site-packages/airflow/example_dags/example_external_task_marker_dag.py
[2022-08-21 12:40:17,971] {processor.py:632} INFO - DAG(s) dict_keys(['example_external_task_marker_parent', 'example_external_task_marker_child']) retrieved from /home/ubuntu/anaconda3/lib/python3.9/site-packages/airflow/example_dags/example_external_task_marker_dag.py
[2022-08-21 12:40:17,975] {logging_mixin.py:109} WARNING - /home/ubuntu/anaconda3/lib/python3.9/site-packages/airflow/models/serialized_dag.py:120 SAWarning: TypeDecorator UtcDateTime(timezone=True) will not produce a cache key because the ``cache_ok`` attribute is not set to True.  This can have significant performance implications including some performance degradations in comparison to prior SQLAlchemy versions.  Set this attribute to True if this type object's state is safe to use in a cache key, or False to disable this warning. (Background on this error at: https://sqlalche.me/e/14/cprf)
[2022-08-21 12:40:17,985] {logging_mixin.py:109} INFO - [2022-08-21 12:40:17,985] {dag.py:2389} INFO - Sync 2 DAGs
[2022-08-21 12:40:17,995] {logging_mixin.py:109} WARNING - /home/ubuntu/anaconda3/lib/python3.9/site-packages/airflow/models/dag.py:2426 SAWarning: TypeDecorator UtcDateTime(timezone=True) will not produce a cache key because the ``cache_ok`` attribute is not set to True.  This can have significant performance implications including some performance degradations in comparison to prior SQLAlchemy versions.  Set this attribute to True if this type object's state is safe to use in a cache key, or False to disable this warning. (Background on this error at: https://sqlalche.me/e/14/cprf)
[2022-08-21 12:40:18,000] {logging_mixin.py:109} INFO - [2022-08-21 12:40:18,000] {dag.py:2914} INFO - Setting next_dagrun for example_external_task_marker_child to None
[2022-08-21 12:40:18,000] {logging_mixin.py:109} INFO - [2022-08-21 12:40:18,000] {dag.py:2914} INFO - Setting next_dagrun for example_external_task_marker_parent to None
[2022-08-21 12:40:18,011] {processor.py:171} INFO - Processing /home/ubuntu/anaconda3/lib/python3.9/site-packages/airflow/example_dags/example_external_task_marker_dag.py took 0.060 seconds
[2022-08-21 12:40:53,376] {processor.py:163} INFO - Started process (PID=73369) to work on /home/ubuntu/anaconda3/lib/python3.9/site-packages/airflow/example_dags/example_external_task_marker_dag.py
[2022-08-21 12:40:53,376] {processor.py:620} INFO - Processing file /home/ubuntu/anaconda3/lib/python3.9/site-packages/airflow/example_dags/example_external_task_marker_dag.py for tasks to queue
[2022-08-21 12:40:53,377] {logging_mixin.py:109} INFO - [2022-08-21 12:40:53,377] {dagbag.py:500} INFO - Filling up the DagBag from /home/ubuntu/anaconda3/lib/python3.9/site-packages/airflow/example_dags/example_external_task_marker_dag.py
[2022-08-21 12:40:53,394] {processor.py:632} INFO - DAG(s) dict_keys(['example_external_task_marker_parent', 'example_external_task_marker_child']) retrieved from /home/ubuntu/anaconda3/lib/python3.9/site-packages/airflow/example_dags/example_external_task_marker_dag.py
[2022-08-21 12:40:53,398] {logging_mixin.py:109} WARNING - /home/ubuntu/anaconda3/lib/python3.9/site-packages/airflow/models/serialized_dag.py:120 SAWarning: TypeDecorator UtcDateTime(timezone=True) will not produce a cache key because the ``cache_ok`` attribute is not set to True.  This can have significant performance implications including some performance degradations in comparison to prior SQLAlchemy versions.  Set this attribute to True if this type object's state is safe to use in a cache key, or False to disable this warning. (Background on this error at: https://sqlalche.me/e/14/cprf)
[2022-08-21 12:40:53,408] {logging_mixin.py:109} INFO - [2022-08-21 12:40:53,408] {dag.py:2389} INFO - Sync 2 DAGs
[2022-08-21 12:40:53,417] {logging_mixin.py:109} WARNING - /home/ubuntu/anaconda3/lib/python3.9/site-packages/airflow/models/dag.py:2426 SAWarning: TypeDecorator UtcDateTime(timezone=True) will not produce a cache key because the ``cache_ok`` attribute is not set to True.  This can have significant performance implications including some performance degradations in comparison to prior SQLAlchemy versions.  Set this attribute to True if this type object's state is safe to use in a cache key, or False to disable this warning. (Background on this error at: https://sqlalche.me/e/14/cprf)
[2022-08-21 12:40:53,422] {logging_mixin.py:109} INFO - [2022-08-21 12:40:53,422] {dag.py:2914} INFO - Setting next_dagrun for example_external_task_marker_child to None
[2022-08-21 12:40:53,422] {logging_mixin.py:109} INFO - [2022-08-21 12:40:53,422] {dag.py:2914} INFO - Setting next_dagrun for example_external_task_marker_parent to None
[2022-08-21 12:40:53,434] {processor.py:171} INFO - Processing /home/ubuntu/anaconda3/lib/python3.9/site-packages/airflow/example_dags/example_external_task_marker_dag.py took 0.060 seconds
[2022-08-21 12:41:29,709] {processor.py:163} INFO - Started process (PID=73477) to work on /home/ubuntu/anaconda3/lib/python3.9/site-packages/airflow/example_dags/example_external_task_marker_dag.py
[2022-08-21 12:41:29,710] {processor.py:620} INFO - Processing file /home/ubuntu/anaconda3/lib/python3.9/site-packages/airflow/example_dags/example_external_task_marker_dag.py for tasks to queue
[2022-08-21 12:41:29,710] {logging_mixin.py:109} INFO - [2022-08-21 12:41:29,710] {dagbag.py:500} INFO - Filling up the DagBag from /home/ubuntu/anaconda3/lib/python3.9/site-packages/airflow/example_dags/example_external_task_marker_dag.py
[2022-08-21 12:41:29,727] {processor.py:632} INFO - DAG(s) dict_keys(['example_external_task_marker_parent', 'example_external_task_marker_child']) retrieved from /home/ubuntu/anaconda3/lib/python3.9/site-packages/airflow/example_dags/example_external_task_marker_dag.py
[2022-08-21 12:41:29,731] {logging_mixin.py:109} WARNING - /home/ubuntu/anaconda3/lib/python3.9/site-packages/airflow/models/serialized_dag.py:120 SAWarning: TypeDecorator UtcDateTime(timezone=True) will not produce a cache key because the ``cache_ok`` attribute is not set to True.  This can have significant performance implications including some performance degradations in comparison to prior SQLAlchemy versions.  Set this attribute to True if this type object's state is safe to use in a cache key, or False to disable this warning. (Background on this error at: https://sqlalche.me/e/14/cprf)
[2022-08-21 12:41:29,741] {logging_mixin.py:109} INFO - [2022-08-21 12:41:29,741] {dag.py:2389} INFO - Sync 2 DAGs
[2022-08-21 12:41:29,751] {logging_mixin.py:109} WARNING - /home/ubuntu/anaconda3/lib/python3.9/site-packages/airflow/models/dag.py:2426 SAWarning: TypeDecorator UtcDateTime(timezone=True) will not produce a cache key because the ``cache_ok`` attribute is not set to True.  This can have significant performance implications including some performance degradations in comparison to prior SQLAlchemy versions.  Set this attribute to True if this type object's state is safe to use in a cache key, or False to disable this warning. (Background on this error at: https://sqlalche.me/e/14/cprf)
[2022-08-21 12:41:29,756] {logging_mixin.py:109} INFO - [2022-08-21 12:41:29,756] {dag.py:2914} INFO - Setting next_dagrun for example_external_task_marker_child to None
[2022-08-21 12:41:29,756] {logging_mixin.py:109} INFO - [2022-08-21 12:41:29,756] {dag.py:2914} INFO - Setting next_dagrun for example_external_task_marker_parent to None
[2022-08-21 12:41:29,767] {processor.py:171} INFO - Processing /home/ubuntu/anaconda3/lib/python3.9/site-packages/airflow/example_dags/example_external_task_marker_dag.py took 0.061 seconds
[2022-08-21 12:42:04,223] {processor.py:163} INFO - Started process (PID=73512) to work on /home/ubuntu/anaconda3/lib/python3.9/site-packages/airflow/example_dags/example_external_task_marker_dag.py
[2022-08-21 12:42:04,224] {processor.py:620} INFO - Processing file /home/ubuntu/anaconda3/lib/python3.9/site-packages/airflow/example_dags/example_external_task_marker_dag.py for tasks to queue
[2022-08-21 12:42:04,224] {logging_mixin.py:109} INFO - [2022-08-21 12:42:04,224] {dagbag.py:500} INFO - Filling up the DagBag from /home/ubuntu/anaconda3/lib/python3.9/site-packages/airflow/example_dags/example_external_task_marker_dag.py
[2022-08-21 12:42:04,243] {processor.py:632} INFO - DAG(s) dict_keys(['example_external_task_marker_parent', 'example_external_task_marker_child']) retrieved from /home/ubuntu/anaconda3/lib/python3.9/site-packages/airflow/example_dags/example_external_task_marker_dag.py
[2022-08-21 12:42:04,247] {logging_mixin.py:109} WARNING - /home/ubuntu/anaconda3/lib/python3.9/site-packages/airflow/models/serialized_dag.py:120 SAWarning: TypeDecorator UtcDateTime(timezone=True) will not produce a cache key because the ``cache_ok`` attribute is not set to True.  This can have significant performance implications including some performance degradations in comparison to prior SQLAlchemy versions.  Set this attribute to True if this type object's state is safe to use in a cache key, or False to disable this warning. (Background on this error at: https://sqlalche.me/e/14/cprf)
[2022-08-21 12:42:04,258] {logging_mixin.py:109} INFO - [2022-08-21 12:42:04,258] {dag.py:2389} INFO - Sync 2 DAGs
[2022-08-21 12:42:04,269] {logging_mixin.py:109} WARNING - /home/ubuntu/anaconda3/lib/python3.9/site-packages/airflow/models/dag.py:2426 SAWarning: TypeDecorator UtcDateTime(timezone=True) will not produce a cache key because the ``cache_ok`` attribute is not set to True.  This can have significant performance implications including some performance degradations in comparison to prior SQLAlchemy versions.  Set this attribute to True if this type object's state is safe to use in a cache key, or False to disable this warning. (Background on this error at: https://sqlalche.me/e/14/cprf)
[2022-08-21 12:42:04,274] {logging_mixin.py:109} INFO - [2022-08-21 12:42:04,274] {dag.py:2914} INFO - Setting next_dagrun for example_external_task_marker_child to None
[2022-08-21 12:42:04,274] {logging_mixin.py:109} INFO - [2022-08-21 12:42:04,274] {dag.py:2914} INFO - Setting next_dagrun for example_external_task_marker_parent to None
[2022-08-21 12:42:04,287] {processor.py:171} INFO - Processing /home/ubuntu/anaconda3/lib/python3.9/site-packages/airflow/example_dags/example_external_task_marker_dag.py took 0.066 seconds
[2022-08-21 12:42:41,104] {processor.py:163} INFO - Started process (PID=73682) to work on /home/ubuntu/anaconda3/lib/python3.9/site-packages/airflow/example_dags/example_external_task_marker_dag.py
[2022-08-21 12:42:41,104] {processor.py:620} INFO - Processing file /home/ubuntu/anaconda3/lib/python3.9/site-packages/airflow/example_dags/example_external_task_marker_dag.py for tasks to queue
[2022-08-21 12:42:41,105] {logging_mixin.py:109} INFO - [2022-08-21 12:42:41,105] {dagbag.py:500} INFO - Filling up the DagBag from /home/ubuntu/anaconda3/lib/python3.9/site-packages/airflow/example_dags/example_external_task_marker_dag.py
[2022-08-21 12:42:41,122] {processor.py:632} INFO - DAG(s) dict_keys(['example_external_task_marker_parent', 'example_external_task_marker_child']) retrieved from /home/ubuntu/anaconda3/lib/python3.9/site-packages/airflow/example_dags/example_external_task_marker_dag.py
[2022-08-21 12:42:41,125] {logging_mixin.py:109} WARNING - /home/ubuntu/anaconda3/lib/python3.9/site-packages/airflow/models/serialized_dag.py:120 SAWarning: TypeDecorator UtcDateTime(timezone=True) will not produce a cache key because the ``cache_ok`` attribute is not set to True.  This can have significant performance implications including some performance degradations in comparison to prior SQLAlchemy versions.  Set this attribute to True if this type object's state is safe to use in a cache key, or False to disable this warning. (Background on this error at: https://sqlalche.me/e/14/cprf)
[2022-08-21 12:42:41,136] {logging_mixin.py:109} INFO - [2022-08-21 12:42:41,136] {dag.py:2389} INFO - Sync 2 DAGs
[2022-08-21 12:42:41,145] {logging_mixin.py:109} WARNING - /home/ubuntu/anaconda3/lib/python3.9/site-packages/airflow/models/dag.py:2426 SAWarning: TypeDecorator UtcDateTime(timezone=True) will not produce a cache key because the ``cache_ok`` attribute is not set to True.  This can have significant performance implications including some performance degradations in comparison to prior SQLAlchemy versions.  Set this attribute to True if this type object's state is safe to use in a cache key, or False to disable this warning. (Background on this error at: https://sqlalche.me/e/14/cprf)
[2022-08-21 12:42:41,151] {logging_mixin.py:109} INFO - [2022-08-21 12:42:41,151] {dag.py:2914} INFO - Setting next_dagrun for example_external_task_marker_child to None
[2022-08-21 12:42:41,151] {logging_mixin.py:109} INFO - [2022-08-21 12:42:41,151] {dag.py:2914} INFO - Setting next_dagrun for example_external_task_marker_parent to None
[2022-08-21 12:42:41,162] {processor.py:171} INFO - Processing /home/ubuntu/anaconda3/lib/python3.9/site-packages/airflow/example_dags/example_external_task_marker_dag.py took 0.060 seconds
[2022-08-21 12:43:20,556] {processor.py:163} INFO - Started process (PID=73781) to work on /home/ubuntu/anaconda3/lib/python3.9/site-packages/airflow/example_dags/example_external_task_marker_dag.py
[2022-08-21 12:43:20,557] {processor.py:620} INFO - Processing file /home/ubuntu/anaconda3/lib/python3.9/site-packages/airflow/example_dags/example_external_task_marker_dag.py for tasks to queue
[2022-08-21 12:43:20,557] {logging_mixin.py:109} INFO - [2022-08-21 12:43:20,557] {dagbag.py:500} INFO - Filling up the DagBag from /home/ubuntu/anaconda3/lib/python3.9/site-packages/airflow/example_dags/example_external_task_marker_dag.py
[2022-08-21 12:43:20,576] {processor.py:632} INFO - DAG(s) dict_keys(['example_external_task_marker_parent', 'example_external_task_marker_child']) retrieved from /home/ubuntu/anaconda3/lib/python3.9/site-packages/airflow/example_dags/example_external_task_marker_dag.py
[2022-08-21 12:43:20,580] {logging_mixin.py:109} WARNING - /home/ubuntu/anaconda3/lib/python3.9/site-packages/airflow/models/serialized_dag.py:120 SAWarning: TypeDecorator UtcDateTime(timezone=True) will not produce a cache key because the ``cache_ok`` attribute is not set to True.  This can have significant performance implications including some performance degradations in comparison to prior SQLAlchemy versions.  Set this attribute to True if this type object's state is safe to use in a cache key, or False to disable this warning. (Background on this error at: https://sqlalche.me/e/14/cprf)
[2022-08-21 12:43:20,593] {logging_mixin.py:109} INFO - [2022-08-21 12:43:20,593] {dag.py:2389} INFO - Sync 2 DAGs
[2022-08-21 12:43:20,607] {logging_mixin.py:109} WARNING - /home/ubuntu/anaconda3/lib/python3.9/site-packages/airflow/models/dag.py:2426 SAWarning: TypeDecorator UtcDateTime(timezone=True) will not produce a cache key because the ``cache_ok`` attribute is not set to True.  This can have significant performance implications including some performance degradations in comparison to prior SQLAlchemy versions.  Set this attribute to True if this type object's state is safe to use in a cache key, or False to disable this warning. (Background on this error at: https://sqlalche.me/e/14/cprf)
[2022-08-21 12:43:20,612] {logging_mixin.py:109} INFO - [2022-08-21 12:43:20,612] {dag.py:2914} INFO - Setting next_dagrun for example_external_task_marker_child to None
[2022-08-21 12:43:20,612] {logging_mixin.py:109} INFO - [2022-08-21 12:43:20,612] {dag.py:2914} INFO - Setting next_dagrun for example_external_task_marker_parent to None
[2022-08-21 12:43:20,625] {processor.py:171} INFO - Processing /home/ubuntu/anaconda3/lib/python3.9/site-packages/airflow/example_dags/example_external_task_marker_dag.py took 0.071 seconds
[2022-08-21 12:44:03,956] {processor.py:163} INFO - Started process (PID=74067) to work on /home/ubuntu/anaconda3/lib/python3.9/site-packages/airflow/example_dags/example_external_task_marker_dag.py
[2022-08-21 12:44:03,959] {processor.py:620} INFO - Processing file /home/ubuntu/anaconda3/lib/python3.9/site-packages/airflow/example_dags/example_external_task_marker_dag.py for tasks to queue
[2022-08-21 12:44:03,960] {logging_mixin.py:109} INFO - [2022-08-21 12:44:03,959] {dagbag.py:500} INFO - Filling up the DagBag from /home/ubuntu/anaconda3/lib/python3.9/site-packages/airflow/example_dags/example_external_task_marker_dag.py
[2022-08-21 12:44:04,027] {processor.py:632} INFO - DAG(s) dict_keys(['example_external_task_marker_parent', 'example_external_task_marker_child']) retrieved from /home/ubuntu/anaconda3/lib/python3.9/site-packages/airflow/example_dags/example_external_task_marker_dag.py
[2022-08-21 12:44:04,051] {logging_mixin.py:109} WARNING - /home/ubuntu/anaconda3/lib/python3.9/site-packages/airflow/models/serialized_dag.py:120 SAWarning: TypeDecorator UtcDateTime(timezone=True) will not produce a cache key because the ``cache_ok`` attribute is not set to True.  This can have significant performance implications including some performance degradations in comparison to prior SQLAlchemy versions.  Set this attribute to True if this type object's state is safe to use in a cache key, or False to disable this warning. (Background on this error at: https://sqlalche.me/e/14/cprf)
[2022-08-21 12:44:04,113] {logging_mixin.py:109} INFO - [2022-08-21 12:44:04,113] {dag.py:2389} INFO - Sync 2 DAGs
[2022-08-21 12:44:04,142] {logging_mixin.py:109} WARNING - /home/ubuntu/anaconda3/lib/python3.9/site-packages/airflow/models/dag.py:2426 SAWarning: TypeDecorator UtcDateTime(timezone=True) will not produce a cache key because the ``cache_ok`` attribute is not set to True.  This can have significant performance implications including some performance degradations in comparison to prior SQLAlchemy versions.  Set this attribute to True if this type object's state is safe to use in a cache key, or False to disable this warning. (Background on this error at: https://sqlalche.me/e/14/cprf)
[2022-08-21 12:44:04,161] {logging_mixin.py:109} INFO - [2022-08-21 12:44:04,161] {dag.py:2914} INFO - Setting next_dagrun for example_external_task_marker_child to None
[2022-08-21 12:44:04,162] {logging_mixin.py:109} INFO - [2022-08-21 12:44:04,162] {dag.py:2914} INFO - Setting next_dagrun for example_external_task_marker_parent to None
[2022-08-21 12:44:04,190] {processor.py:171} INFO - Processing /home/ubuntu/anaconda3/lib/python3.9/site-packages/airflow/example_dags/example_external_task_marker_dag.py took 0.252 seconds
[2022-08-21 12:44:42,314] {processor.py:163} INFO - Started process (PID=74177) to work on /home/ubuntu/anaconda3/lib/python3.9/site-packages/airflow/example_dags/example_external_task_marker_dag.py
[2022-08-21 12:44:42,315] {processor.py:620} INFO - Processing file /home/ubuntu/anaconda3/lib/python3.9/site-packages/airflow/example_dags/example_external_task_marker_dag.py for tasks to queue
[2022-08-21 12:44:42,315] {logging_mixin.py:109} INFO - [2022-08-21 12:44:42,315] {dagbag.py:500} INFO - Filling up the DagBag from /home/ubuntu/anaconda3/lib/python3.9/site-packages/airflow/example_dags/example_external_task_marker_dag.py
[2022-08-21 12:44:42,333] {processor.py:632} INFO - DAG(s) dict_keys(['example_external_task_marker_parent', 'example_external_task_marker_child']) retrieved from /home/ubuntu/anaconda3/lib/python3.9/site-packages/airflow/example_dags/example_external_task_marker_dag.py
[2022-08-21 12:44:42,337] {logging_mixin.py:109} WARNING - /home/ubuntu/anaconda3/lib/python3.9/site-packages/airflow/models/serialized_dag.py:120 SAWarning: TypeDecorator UtcDateTime(timezone=True) will not produce a cache key because the ``cache_ok`` attribute is not set to True.  This can have significant performance implications including some performance degradations in comparison to prior SQLAlchemy versions.  Set this attribute to True if this type object's state is safe to use in a cache key, or False to disable this warning. (Background on this error at: https://sqlalche.me/e/14/cprf)
[2022-08-21 12:44:42,348] {logging_mixin.py:109} INFO - [2022-08-21 12:44:42,348] {dag.py:2389} INFO - Sync 2 DAGs
[2022-08-21 12:44:42,358] {logging_mixin.py:109} WARNING - /home/ubuntu/anaconda3/lib/python3.9/site-packages/airflow/models/dag.py:2426 SAWarning: TypeDecorator UtcDateTime(timezone=True) will not produce a cache key because the ``cache_ok`` attribute is not set to True.  This can have significant performance implications including some performance degradations in comparison to prior SQLAlchemy versions.  Set this attribute to True if this type object's state is safe to use in a cache key, or False to disable this warning. (Background on this error at: https://sqlalche.me/e/14/cprf)
[2022-08-21 12:44:42,363] {logging_mixin.py:109} INFO - [2022-08-21 12:44:42,363] {dag.py:2914} INFO - Setting next_dagrun for example_external_task_marker_child to None
[2022-08-21 12:44:42,363] {logging_mixin.py:109} INFO - [2022-08-21 12:44:42,363] {dag.py:2914} INFO - Setting next_dagrun for example_external_task_marker_parent to None
[2022-08-21 12:44:42,374] {processor.py:171} INFO - Processing /home/ubuntu/anaconda3/lib/python3.9/site-packages/airflow/example_dags/example_external_task_marker_dag.py took 0.062 seconds
[2022-08-21 12:45:18,736] {processor.py:163} INFO - Started process (PID=74279) to work on /home/ubuntu/anaconda3/lib/python3.9/site-packages/airflow/example_dags/example_external_task_marker_dag.py
[2022-08-21 12:45:18,736] {processor.py:620} INFO - Processing file /home/ubuntu/anaconda3/lib/python3.9/site-packages/airflow/example_dags/example_external_task_marker_dag.py for tasks to queue
[2022-08-21 12:45:18,737] {logging_mixin.py:109} INFO - [2022-08-21 12:45:18,737] {dagbag.py:500} INFO - Filling up the DagBag from /home/ubuntu/anaconda3/lib/python3.9/site-packages/airflow/example_dags/example_external_task_marker_dag.py
[2022-08-21 12:45:18,755] {processor.py:632} INFO - DAG(s) dict_keys(['example_external_task_marker_parent', 'example_external_task_marker_child']) retrieved from /home/ubuntu/anaconda3/lib/python3.9/site-packages/airflow/example_dags/example_external_task_marker_dag.py
[2022-08-21 12:45:18,760] {logging_mixin.py:109} WARNING - /home/ubuntu/anaconda3/lib/python3.9/site-packages/airflow/models/serialized_dag.py:120 SAWarning: TypeDecorator UtcDateTime(timezone=True) will not produce a cache key because the ``cache_ok`` attribute is not set to True.  This can have significant performance implications including some performance degradations in comparison to prior SQLAlchemy versions.  Set this attribute to True if this type object's state is safe to use in a cache key, or False to disable this warning. (Background on this error at: https://sqlalche.me/e/14/cprf)
[2022-08-21 12:45:18,771] {logging_mixin.py:109} INFO - [2022-08-21 12:45:18,771] {dag.py:2389} INFO - Sync 2 DAGs
[2022-08-21 12:45:18,781] {logging_mixin.py:109} WARNING - /home/ubuntu/anaconda3/lib/python3.9/site-packages/airflow/models/dag.py:2426 SAWarning: TypeDecorator UtcDateTime(timezone=True) will not produce a cache key because the ``cache_ok`` attribute is not set to True.  This can have significant performance implications including some performance degradations in comparison to prior SQLAlchemy versions.  Set this attribute to True if this type object's state is safe to use in a cache key, or False to disable this warning. (Background on this error at: https://sqlalche.me/e/14/cprf)
[2022-08-21 12:45:18,786] {logging_mixin.py:109} INFO - [2022-08-21 12:45:18,786] {dag.py:2914} INFO - Setting next_dagrun for example_external_task_marker_child to None
[2022-08-21 12:45:18,786] {logging_mixin.py:109} INFO - [2022-08-21 12:45:18,786] {dag.py:2914} INFO - Setting next_dagrun for example_external_task_marker_parent to None
[2022-08-21 12:45:18,799] {processor.py:171} INFO - Processing /home/ubuntu/anaconda3/lib/python3.9/site-packages/airflow/example_dags/example_external_task_marker_dag.py took 0.066 seconds
[2022-08-21 12:45:58,698] {processor.py:163} INFO - Started process (PID=74827) to work on /home/ubuntu/anaconda3/lib/python3.9/site-packages/airflow/example_dags/example_external_task_marker_dag.py
[2022-08-21 12:45:58,699] {processor.py:620} INFO - Processing file /home/ubuntu/anaconda3/lib/python3.9/site-packages/airflow/example_dags/example_external_task_marker_dag.py for tasks to queue
[2022-08-21 12:45:58,699] {logging_mixin.py:109} INFO - [2022-08-21 12:45:58,699] {dagbag.py:500} INFO - Filling up the DagBag from /home/ubuntu/anaconda3/lib/python3.9/site-packages/airflow/example_dags/example_external_task_marker_dag.py
[2022-08-21 12:45:58,717] {processor.py:632} INFO - DAG(s) dict_keys(['example_external_task_marker_parent', 'example_external_task_marker_child']) retrieved from /home/ubuntu/anaconda3/lib/python3.9/site-packages/airflow/example_dags/example_external_task_marker_dag.py
[2022-08-21 12:45:58,721] {logging_mixin.py:109} WARNING - /home/ubuntu/anaconda3/lib/python3.9/site-packages/airflow/models/serialized_dag.py:120 SAWarning: TypeDecorator UtcDateTime(timezone=True) will not produce a cache key because the ``cache_ok`` attribute is not set to True.  This can have significant performance implications including some performance degradations in comparison to prior SQLAlchemy versions.  Set this attribute to True if this type object's state is safe to use in a cache key, or False to disable this warning. (Background on this error at: https://sqlalche.me/e/14/cprf)
[2022-08-21 12:45:58,732] {logging_mixin.py:109} INFO - [2022-08-21 12:45:58,732] {dag.py:2389} INFO - Sync 2 DAGs
[2022-08-21 12:45:58,742] {logging_mixin.py:109} WARNING - /home/ubuntu/anaconda3/lib/python3.9/site-packages/airflow/models/dag.py:2426 SAWarning: TypeDecorator UtcDateTime(timezone=True) will not produce a cache key because the ``cache_ok`` attribute is not set to True.  This can have significant performance implications including some performance degradations in comparison to prior SQLAlchemy versions.  Set this attribute to True if this type object's state is safe to use in a cache key, or False to disable this warning. (Background on this error at: https://sqlalche.me/e/14/cprf)
[2022-08-21 12:45:58,747] {logging_mixin.py:109} INFO - [2022-08-21 12:45:58,746] {dag.py:2914} INFO - Setting next_dagrun for example_external_task_marker_child to None
[2022-08-21 12:45:58,747] {logging_mixin.py:109} INFO - [2022-08-21 12:45:58,747] {dag.py:2914} INFO - Setting next_dagrun for example_external_task_marker_parent to None
[2022-08-21 12:45:58,758] {processor.py:171} INFO - Processing /home/ubuntu/anaconda3/lib/python3.9/site-packages/airflow/example_dags/example_external_task_marker_dag.py took 0.062 seconds
