[2022-08-21 12:35:44,068] {processor.py:163} INFO - Started process (PID=72623) to work on /home/ubuntu/anaconda3/lib/python3.9/site-packages/airflow/example_dags/example_nested_branch_dag.py
[2022-08-21 12:35:44,068] {processor.py:620} INFO - Processing file /home/ubuntu/anaconda3/lib/python3.9/site-packages/airflow/example_dags/example_nested_branch_dag.py for tasks to queue
[2022-08-21 12:35:44,069] {logging_mixin.py:109} INFO - [2022-08-21 12:35:44,069] {dagbag.py:500} INFO - Filling up the DagBag from /home/ubuntu/anaconda3/lib/python3.9/site-packages/airflow/example_dags/example_nested_branch_dag.py
[2022-08-21 12:35:44,087] {processor.py:632} INFO - DAG(s) dict_keys(['example_nested_branch_dag']) retrieved from /home/ubuntu/anaconda3/lib/python3.9/site-packages/airflow/example_dags/example_nested_branch_dag.py
[2022-08-21 12:35:44,091] {logging_mixin.py:109} WARNING - /home/ubuntu/anaconda3/lib/python3.9/site-packages/airflow/models/serialized_dag.py:120 SAWarning: TypeDecorator UtcDateTime(timezone=True) will not produce a cache key because the ``cache_ok`` attribute is not set to True.  This can have significant performance implications including some performance degradations in comparison to prior SQLAlchemy versions.  Set this attribute to True if this type object's state is safe to use in a cache key, or False to disable this warning. (Background on this error at: https://sqlalche.me/e/14/cprf)
[2022-08-21 12:35:44,099] {logging_mixin.py:109} INFO - [2022-08-21 12:35:44,099] {dag.py:2389} INFO - Sync 1 DAGs
[2022-08-21 12:35:44,109] {logging_mixin.py:109} WARNING - /home/ubuntu/anaconda3/lib/python3.9/site-packages/airflow/models/dag.py:2426 SAWarning: TypeDecorator UtcDateTime(timezone=True) will not produce a cache key because the ``cache_ok`` attribute is not set to True.  This can have significant performance implications including some performance degradations in comparison to prior SQLAlchemy versions.  Set this attribute to True if this type object's state is safe to use in a cache key, or False to disable this warning. (Background on this error at: https://sqlalche.me/e/14/cprf)
[2022-08-21 12:35:44,115] {logging_mixin.py:109} INFO - [2022-08-21 12:35:44,115] {dag.py:2914} INFO - Setting next_dagrun for example_nested_branch_dag to 2022-08-20 00:00:00+00:00
[2022-08-21 12:35:44,126] {processor.py:171} INFO - Processing /home/ubuntu/anaconda3/lib/python3.9/site-packages/airflow/example_dags/example_nested_branch_dag.py took 0.060 seconds
[2022-08-21 12:36:19,337] {processor.py:163} INFO - Started process (PID=72658) to work on /home/ubuntu/anaconda3/lib/python3.9/site-packages/airflow/example_dags/example_nested_branch_dag.py
[2022-08-21 12:36:19,338] {processor.py:620} INFO - Processing file /home/ubuntu/anaconda3/lib/python3.9/site-packages/airflow/example_dags/example_nested_branch_dag.py for tasks to queue
[2022-08-21 12:36:19,338] {logging_mixin.py:109} INFO - [2022-08-21 12:36:19,338] {dagbag.py:500} INFO - Filling up the DagBag from /home/ubuntu/anaconda3/lib/python3.9/site-packages/airflow/example_dags/example_nested_branch_dag.py
[2022-08-21 12:36:19,358] {processor.py:632} INFO - DAG(s) dict_keys(['example_nested_branch_dag']) retrieved from /home/ubuntu/anaconda3/lib/python3.9/site-packages/airflow/example_dags/example_nested_branch_dag.py
[2022-08-21 12:36:19,362] {logging_mixin.py:109} WARNING - /home/ubuntu/anaconda3/lib/python3.9/site-packages/airflow/models/serialized_dag.py:120 SAWarning: TypeDecorator UtcDateTime(timezone=True) will not produce a cache key because the ``cache_ok`` attribute is not set to True.  This can have significant performance implications including some performance degradations in comparison to prior SQLAlchemy versions.  Set this attribute to True if this type object's state is safe to use in a cache key, or False to disable this warning. (Background on this error at: https://sqlalche.me/e/14/cprf)
[2022-08-21 12:36:19,372] {logging_mixin.py:109} INFO - [2022-08-21 12:36:19,371] {dag.py:2389} INFO - Sync 1 DAGs
[2022-08-21 12:36:19,382] {logging_mixin.py:109} WARNING - /home/ubuntu/anaconda3/lib/python3.9/site-packages/airflow/models/dag.py:2426 SAWarning: TypeDecorator UtcDateTime(timezone=True) will not produce a cache key because the ``cache_ok`` attribute is not set to True.  This can have significant performance implications including some performance degradations in comparison to prior SQLAlchemy versions.  Set this attribute to True if this type object's state is safe to use in a cache key, or False to disable this warning. (Background on this error at: https://sqlalche.me/e/14/cprf)
[2022-08-21 12:36:19,389] {logging_mixin.py:109} INFO - [2022-08-21 12:36:19,389] {dag.py:2914} INFO - Setting next_dagrun for example_nested_branch_dag to 2022-08-20 00:00:00+00:00
[2022-08-21 12:36:19,402] {processor.py:171} INFO - Processing /home/ubuntu/anaconda3/lib/python3.9/site-packages/airflow/example_dags/example_nested_branch_dag.py took 0.067 seconds
[2022-08-21 12:37:40,907] {processor.py:163} INFO - Started process (PID=73022) to work on /home/ubuntu/anaconda3/lib/python3.9/site-packages/airflow/example_dags/example_nested_branch_dag.py
[2022-08-21 12:37:40,907] {processor.py:620} INFO - Processing file /home/ubuntu/anaconda3/lib/python3.9/site-packages/airflow/example_dags/example_nested_branch_dag.py for tasks to queue
[2022-08-21 12:37:40,908] {logging_mixin.py:109} INFO - [2022-08-21 12:37:40,908] {dagbag.py:500} INFO - Filling up the DagBag from /home/ubuntu/anaconda3/lib/python3.9/site-packages/airflow/example_dags/example_nested_branch_dag.py
[2022-08-21 12:37:40,928] {processor.py:632} INFO - DAG(s) dict_keys(['example_nested_branch_dag']) retrieved from /home/ubuntu/anaconda3/lib/python3.9/site-packages/airflow/example_dags/example_nested_branch_dag.py
[2022-08-21 12:37:40,932] {logging_mixin.py:109} WARNING - /home/ubuntu/anaconda3/lib/python3.9/site-packages/airflow/models/serialized_dag.py:120 SAWarning: TypeDecorator UtcDateTime(timezone=True) will not produce a cache key because the ``cache_ok`` attribute is not set to True.  This can have significant performance implications including some performance degradations in comparison to prior SQLAlchemy versions.  Set this attribute to True if this type object's state is safe to use in a cache key, or False to disable this warning. (Background on this error at: https://sqlalche.me/e/14/cprf)
[2022-08-21 12:37:40,940] {logging_mixin.py:109} INFO - [2022-08-21 12:37:40,940] {dag.py:2389} INFO - Sync 1 DAGs
[2022-08-21 12:37:40,950] {logging_mixin.py:109} WARNING - /home/ubuntu/anaconda3/lib/python3.9/site-packages/airflow/models/dag.py:2426 SAWarning: TypeDecorator UtcDateTime(timezone=True) will not produce a cache key because the ``cache_ok`` attribute is not set to True.  This can have significant performance implications including some performance degradations in comparison to prior SQLAlchemy versions.  Set this attribute to True if this type object's state is safe to use in a cache key, or False to disable this warning. (Background on this error at: https://sqlalche.me/e/14/cprf)
[2022-08-21 12:37:40,956] {logging_mixin.py:109} INFO - [2022-08-21 12:37:40,956] {dag.py:2914} INFO - Setting next_dagrun for example_nested_branch_dag to 2022-08-20 00:00:00+00:00
[2022-08-21 12:37:40,968] {processor.py:171} INFO - Processing /home/ubuntu/anaconda3/lib/python3.9/site-packages/airflow/example_dags/example_nested_branch_dag.py took 0.063 seconds
[2022-08-21 12:38:16,163] {processor.py:163} INFO - Started process (PID=73111) to work on /home/ubuntu/anaconda3/lib/python3.9/site-packages/airflow/example_dags/example_nested_branch_dag.py
[2022-08-21 12:38:16,164] {processor.py:620} INFO - Processing file /home/ubuntu/anaconda3/lib/python3.9/site-packages/airflow/example_dags/example_nested_branch_dag.py for tasks to queue
[2022-08-21 12:38:16,164] {logging_mixin.py:109} INFO - [2022-08-21 12:38:16,164] {dagbag.py:500} INFO - Filling up the DagBag from /home/ubuntu/anaconda3/lib/python3.9/site-packages/airflow/example_dags/example_nested_branch_dag.py
[2022-08-21 12:38:16,183] {processor.py:632} INFO - DAG(s) dict_keys(['example_nested_branch_dag']) retrieved from /home/ubuntu/anaconda3/lib/python3.9/site-packages/airflow/example_dags/example_nested_branch_dag.py
[2022-08-21 12:38:16,187] {logging_mixin.py:109} WARNING - /home/ubuntu/anaconda3/lib/python3.9/site-packages/airflow/models/serialized_dag.py:120 SAWarning: TypeDecorator UtcDateTime(timezone=True) will not produce a cache key because the ``cache_ok`` attribute is not set to True.  This can have significant performance implications including some performance degradations in comparison to prior SQLAlchemy versions.  Set this attribute to True if this type object's state is safe to use in a cache key, or False to disable this warning. (Background on this error at: https://sqlalche.me/e/14/cprf)
[2022-08-21 12:38:16,195] {logging_mixin.py:109} INFO - [2022-08-21 12:38:16,195] {dag.py:2389} INFO - Sync 1 DAGs
[2022-08-21 12:38:16,205] {logging_mixin.py:109} WARNING - /home/ubuntu/anaconda3/lib/python3.9/site-packages/airflow/models/dag.py:2426 SAWarning: TypeDecorator UtcDateTime(timezone=True) will not produce a cache key because the ``cache_ok`` attribute is not set to True.  This can have significant performance implications including some performance degradations in comparison to prior SQLAlchemy versions.  Set this attribute to True if this type object's state is safe to use in a cache key, or False to disable this warning. (Background on this error at: https://sqlalche.me/e/14/cprf)
[2022-08-21 12:38:16,211] {logging_mixin.py:109} INFO - [2022-08-21 12:38:16,211] {dag.py:2914} INFO - Setting next_dagrun for example_nested_branch_dag to 2022-08-20 00:00:00+00:00
[2022-08-21 12:38:16,222] {processor.py:171} INFO - Processing /home/ubuntu/anaconda3/lib/python3.9/site-packages/airflow/example_dags/example_nested_branch_dag.py took 0.062 seconds
[2022-08-21 12:38:51,123] {processor.py:163} INFO - Started process (PID=73189) to work on /home/ubuntu/anaconda3/lib/python3.9/site-packages/airflow/example_dags/example_nested_branch_dag.py
[2022-08-21 12:38:51,123] {processor.py:620} INFO - Processing file /home/ubuntu/anaconda3/lib/python3.9/site-packages/airflow/example_dags/example_nested_branch_dag.py for tasks to queue
[2022-08-21 12:38:51,124] {logging_mixin.py:109} INFO - [2022-08-21 12:38:51,124] {dagbag.py:500} INFO - Filling up the DagBag from /home/ubuntu/anaconda3/lib/python3.9/site-packages/airflow/example_dags/example_nested_branch_dag.py
[2022-08-21 12:38:51,143] {processor.py:632} INFO - DAG(s) dict_keys(['example_nested_branch_dag']) retrieved from /home/ubuntu/anaconda3/lib/python3.9/site-packages/airflow/example_dags/example_nested_branch_dag.py
[2022-08-21 12:38:51,147] {logging_mixin.py:109} WARNING - /home/ubuntu/anaconda3/lib/python3.9/site-packages/airflow/models/serialized_dag.py:120 SAWarning: TypeDecorator UtcDateTime(timezone=True) will not produce a cache key because the ``cache_ok`` attribute is not set to True.  This can have significant performance implications including some performance degradations in comparison to prior SQLAlchemy versions.  Set this attribute to True if this type object's state is safe to use in a cache key, or False to disable this warning. (Background on this error at: https://sqlalche.me/e/14/cprf)
[2022-08-21 12:38:51,154] {logging_mixin.py:109} INFO - [2022-08-21 12:38:51,154] {dag.py:2389} INFO - Sync 1 DAGs
[2022-08-21 12:38:51,164] {logging_mixin.py:109} WARNING - /home/ubuntu/anaconda3/lib/python3.9/site-packages/airflow/models/dag.py:2426 SAWarning: TypeDecorator UtcDateTime(timezone=True) will not produce a cache key because the ``cache_ok`` attribute is not set to True.  This can have significant performance implications including some performance degradations in comparison to prior SQLAlchemy versions.  Set this attribute to True if this type object's state is safe to use in a cache key, or False to disable this warning. (Background on this error at: https://sqlalche.me/e/14/cprf)
[2022-08-21 12:38:51,172] {logging_mixin.py:109} INFO - [2022-08-21 12:38:51,172] {dag.py:2914} INFO - Setting next_dagrun for example_nested_branch_dag to 2022-08-20 00:00:00+00:00
[2022-08-21 12:38:51,190] {processor.py:171} INFO - Processing /home/ubuntu/anaconda3/lib/python3.9/site-packages/airflow/example_dags/example_nested_branch_dag.py took 0.069 seconds
[2022-08-21 12:39:26,092] {processor.py:163} INFO - Started process (PID=73238) to work on /home/ubuntu/anaconda3/lib/python3.9/site-packages/airflow/example_dags/example_nested_branch_dag.py
[2022-08-21 12:39:26,093] {processor.py:620} INFO - Processing file /home/ubuntu/anaconda3/lib/python3.9/site-packages/airflow/example_dags/example_nested_branch_dag.py for tasks to queue
[2022-08-21 12:39:26,093] {logging_mixin.py:109} INFO - [2022-08-21 12:39:26,093] {dagbag.py:500} INFO - Filling up the DagBag from /home/ubuntu/anaconda3/lib/python3.9/site-packages/airflow/example_dags/example_nested_branch_dag.py
[2022-08-21 12:39:26,112] {processor.py:632} INFO - DAG(s) dict_keys(['example_nested_branch_dag']) retrieved from /home/ubuntu/anaconda3/lib/python3.9/site-packages/airflow/example_dags/example_nested_branch_dag.py
[2022-08-21 12:39:26,116] {logging_mixin.py:109} WARNING - /home/ubuntu/anaconda3/lib/python3.9/site-packages/airflow/models/serialized_dag.py:120 SAWarning: TypeDecorator UtcDateTime(timezone=True) will not produce a cache key because the ``cache_ok`` attribute is not set to True.  This can have significant performance implications including some performance degradations in comparison to prior SQLAlchemy versions.  Set this attribute to True if this type object's state is safe to use in a cache key, or False to disable this warning. (Background on this error at: https://sqlalche.me/e/14/cprf)
[2022-08-21 12:39:26,125] {logging_mixin.py:109} INFO - [2022-08-21 12:39:26,125] {dag.py:2389} INFO - Sync 1 DAGs
[2022-08-21 12:39:26,134] {logging_mixin.py:109} WARNING - /home/ubuntu/anaconda3/lib/python3.9/site-packages/airflow/models/dag.py:2426 SAWarning: TypeDecorator UtcDateTime(timezone=True) will not produce a cache key because the ``cache_ok`` attribute is not set to True.  This can have significant performance implications including some performance degradations in comparison to prior SQLAlchemy versions.  Set this attribute to True if this type object's state is safe to use in a cache key, or False to disable this warning. (Background on this error at: https://sqlalche.me/e/14/cprf)
[2022-08-21 12:39:26,141] {logging_mixin.py:109} INFO - [2022-08-21 12:39:26,141] {dag.py:2914} INFO - Setting next_dagrun for example_nested_branch_dag to 2022-08-20 00:00:00+00:00
[2022-08-21 12:39:26,153] {processor.py:171} INFO - Processing /home/ubuntu/anaconda3/lib/python3.9/site-packages/airflow/example_dags/example_nested_branch_dag.py took 0.063 seconds
[2022-08-21 12:40:02,181] {processor.py:163} INFO - Started process (PID=73272) to work on /home/ubuntu/anaconda3/lib/python3.9/site-packages/airflow/example_dags/example_nested_branch_dag.py
[2022-08-21 12:40:02,182] {processor.py:620} INFO - Processing file /home/ubuntu/anaconda3/lib/python3.9/site-packages/airflow/example_dags/example_nested_branch_dag.py for tasks to queue
[2022-08-21 12:40:02,182] {logging_mixin.py:109} INFO - [2022-08-21 12:40:02,182] {dagbag.py:500} INFO - Filling up the DagBag from /home/ubuntu/anaconda3/lib/python3.9/site-packages/airflow/example_dags/example_nested_branch_dag.py
[2022-08-21 12:40:02,201] {processor.py:632} INFO - DAG(s) dict_keys(['example_nested_branch_dag']) retrieved from /home/ubuntu/anaconda3/lib/python3.9/site-packages/airflow/example_dags/example_nested_branch_dag.py
[2022-08-21 12:40:02,204] {logging_mixin.py:109} WARNING - /home/ubuntu/anaconda3/lib/python3.9/site-packages/airflow/models/serialized_dag.py:120 SAWarning: TypeDecorator UtcDateTime(timezone=True) will not produce a cache key because the ``cache_ok`` attribute is not set to True.  This can have significant performance implications including some performance degradations in comparison to prior SQLAlchemy versions.  Set this attribute to True if this type object's state is safe to use in a cache key, or False to disable this warning. (Background on this error at: https://sqlalche.me/e/14/cprf)
[2022-08-21 12:40:02,213] {logging_mixin.py:109} INFO - [2022-08-21 12:40:02,212] {dag.py:2389} INFO - Sync 1 DAGs
[2022-08-21 12:40:02,222] {logging_mixin.py:109} WARNING - /home/ubuntu/anaconda3/lib/python3.9/site-packages/airflow/models/dag.py:2426 SAWarning: TypeDecorator UtcDateTime(timezone=True) will not produce a cache key because the ``cache_ok`` attribute is not set to True.  This can have significant performance implications including some performance degradations in comparison to prior SQLAlchemy versions.  Set this attribute to True if this type object's state is safe to use in a cache key, or False to disable this warning. (Background on this error at: https://sqlalche.me/e/14/cprf)
[2022-08-21 12:40:02,228] {logging_mixin.py:109} INFO - [2022-08-21 12:40:02,228] {dag.py:2914} INFO - Setting next_dagrun for example_nested_branch_dag to 2022-08-20 00:00:00+00:00
[2022-08-21 12:40:02,240] {processor.py:171} INFO - Processing /home/ubuntu/anaconda3/lib/python3.9/site-packages/airflow/example_dags/example_nested_branch_dag.py took 0.061 seconds
[2022-08-21 12:40:37,040] {processor.py:163} INFO - Started process (PID=73327) to work on /home/ubuntu/anaconda3/lib/python3.9/site-packages/airflow/example_dags/example_nested_branch_dag.py
[2022-08-21 12:40:37,040] {processor.py:620} INFO - Processing file /home/ubuntu/anaconda3/lib/python3.9/site-packages/airflow/example_dags/example_nested_branch_dag.py for tasks to queue
[2022-08-21 12:40:37,041] {logging_mixin.py:109} INFO - [2022-08-21 12:40:37,040] {dagbag.py:500} INFO - Filling up the DagBag from /home/ubuntu/anaconda3/lib/python3.9/site-packages/airflow/example_dags/example_nested_branch_dag.py
[2022-08-21 12:40:37,060] {processor.py:632} INFO - DAG(s) dict_keys(['example_nested_branch_dag']) retrieved from /home/ubuntu/anaconda3/lib/python3.9/site-packages/airflow/example_dags/example_nested_branch_dag.py
[2022-08-21 12:40:37,064] {logging_mixin.py:109} WARNING - /home/ubuntu/anaconda3/lib/python3.9/site-packages/airflow/models/serialized_dag.py:120 SAWarning: TypeDecorator UtcDateTime(timezone=True) will not produce a cache key because the ``cache_ok`` attribute is not set to True.  This can have significant performance implications including some performance degradations in comparison to prior SQLAlchemy versions.  Set this attribute to True if this type object's state is safe to use in a cache key, or False to disable this warning. (Background on this error at: https://sqlalche.me/e/14/cprf)
[2022-08-21 12:40:37,072] {logging_mixin.py:109} INFO - [2022-08-21 12:40:37,072] {dag.py:2389} INFO - Sync 1 DAGs
[2022-08-21 12:40:37,082] {logging_mixin.py:109} WARNING - /home/ubuntu/anaconda3/lib/python3.9/site-packages/airflow/models/dag.py:2426 SAWarning: TypeDecorator UtcDateTime(timezone=True) will not produce a cache key because the ``cache_ok`` attribute is not set to True.  This can have significant performance implications including some performance degradations in comparison to prior SQLAlchemy versions.  Set this attribute to True if this type object's state is safe to use in a cache key, or False to disable this warning. (Background on this error at: https://sqlalche.me/e/14/cprf)
[2022-08-21 12:40:37,089] {logging_mixin.py:109} INFO - [2022-08-21 12:40:37,089] {dag.py:2914} INFO - Setting next_dagrun for example_nested_branch_dag to 2022-08-20 00:00:00+00:00
[2022-08-21 12:40:37,101] {processor.py:171} INFO - Processing /home/ubuntu/anaconda3/lib/python3.9/site-packages/airflow/example_dags/example_nested_branch_dag.py took 0.063 seconds
[2022-08-21 12:41:13,465] {processor.py:163} INFO - Started process (PID=73401) to work on /home/ubuntu/anaconda3/lib/python3.9/site-packages/airflow/example_dags/example_nested_branch_dag.py
[2022-08-21 12:41:13,466] {processor.py:620} INFO - Processing file /home/ubuntu/anaconda3/lib/python3.9/site-packages/airflow/example_dags/example_nested_branch_dag.py for tasks to queue
[2022-08-21 12:41:13,466] {logging_mixin.py:109} INFO - [2022-08-21 12:41:13,466] {dagbag.py:500} INFO - Filling up the DagBag from /home/ubuntu/anaconda3/lib/python3.9/site-packages/airflow/example_dags/example_nested_branch_dag.py
[2022-08-21 12:41:13,485] {processor.py:632} INFO - DAG(s) dict_keys(['example_nested_branch_dag']) retrieved from /home/ubuntu/anaconda3/lib/python3.9/site-packages/airflow/example_dags/example_nested_branch_dag.py
[2022-08-21 12:41:13,489] {logging_mixin.py:109} WARNING - /home/ubuntu/anaconda3/lib/python3.9/site-packages/airflow/models/serialized_dag.py:120 SAWarning: TypeDecorator UtcDateTime(timezone=True) will not produce a cache key because the ``cache_ok`` attribute is not set to True.  This can have significant performance implications including some performance degradations in comparison to prior SQLAlchemy versions.  Set this attribute to True if this type object's state is safe to use in a cache key, or False to disable this warning. (Background on this error at: https://sqlalche.me/e/14/cprf)
[2022-08-21 12:41:13,498] {logging_mixin.py:109} INFO - [2022-08-21 12:41:13,497] {dag.py:2389} INFO - Sync 1 DAGs
[2022-08-21 12:41:13,507] {logging_mixin.py:109} WARNING - /home/ubuntu/anaconda3/lib/python3.9/site-packages/airflow/models/dag.py:2426 SAWarning: TypeDecorator UtcDateTime(timezone=True) will not produce a cache key because the ``cache_ok`` attribute is not set to True.  This can have significant performance implications including some performance degradations in comparison to prior SQLAlchemy versions.  Set this attribute to True if this type object's state is safe to use in a cache key, or False to disable this warning. (Background on this error at: https://sqlalche.me/e/14/cprf)
[2022-08-21 12:41:13,514] {logging_mixin.py:109} INFO - [2022-08-21 12:41:13,514] {dag.py:2914} INFO - Setting next_dagrun for example_nested_branch_dag to 2022-08-20 00:00:00+00:00
[2022-08-21 12:41:13,526] {processor.py:171} INFO - Processing /home/ubuntu/anaconda3/lib/python3.9/site-packages/airflow/example_dags/example_nested_branch_dag.py took 0.063 seconds
[2022-08-21 12:41:48,048] {processor.py:163} INFO - Started process (PID=73496) to work on /home/ubuntu/anaconda3/lib/python3.9/site-packages/airflow/example_dags/example_nested_branch_dag.py
[2022-08-21 12:41:48,049] {processor.py:620} INFO - Processing file /home/ubuntu/anaconda3/lib/python3.9/site-packages/airflow/example_dags/example_nested_branch_dag.py for tasks to queue
[2022-08-21 12:41:48,049] {logging_mixin.py:109} INFO - [2022-08-21 12:41:48,049] {dagbag.py:500} INFO - Filling up the DagBag from /home/ubuntu/anaconda3/lib/python3.9/site-packages/airflow/example_dags/example_nested_branch_dag.py
[2022-08-21 12:41:48,069] {processor.py:632} INFO - DAG(s) dict_keys(['example_nested_branch_dag']) retrieved from /home/ubuntu/anaconda3/lib/python3.9/site-packages/airflow/example_dags/example_nested_branch_dag.py
[2022-08-21 12:41:48,072] {logging_mixin.py:109} WARNING - /home/ubuntu/anaconda3/lib/python3.9/site-packages/airflow/models/serialized_dag.py:120 SAWarning: TypeDecorator UtcDateTime(timezone=True) will not produce a cache key because the ``cache_ok`` attribute is not set to True.  This can have significant performance implications including some performance degradations in comparison to prior SQLAlchemy versions.  Set this attribute to True if this type object's state is safe to use in a cache key, or False to disable this warning. (Background on this error at: https://sqlalche.me/e/14/cprf)
[2022-08-21 12:41:48,081] {logging_mixin.py:109} INFO - [2022-08-21 12:41:48,081] {dag.py:2389} INFO - Sync 1 DAGs
[2022-08-21 12:41:48,090] {logging_mixin.py:109} WARNING - /home/ubuntu/anaconda3/lib/python3.9/site-packages/airflow/models/dag.py:2426 SAWarning: TypeDecorator UtcDateTime(timezone=True) will not produce a cache key because the ``cache_ok`` attribute is not set to True.  This can have significant performance implications including some performance degradations in comparison to prior SQLAlchemy versions.  Set this attribute to True if this type object's state is safe to use in a cache key, or False to disable this warning. (Background on this error at: https://sqlalche.me/e/14/cprf)
[2022-08-21 12:41:48,097] {logging_mixin.py:109} INFO - [2022-08-21 12:41:48,097] {dag.py:2914} INFO - Setting next_dagrun for example_nested_branch_dag to 2022-08-20 00:00:00+00:00
[2022-08-21 12:41:48,108] {processor.py:171} INFO - Processing /home/ubuntu/anaconda3/lib/python3.9/site-packages/airflow/example_dags/example_nested_branch_dag.py took 0.063 seconds
[2022-08-21 12:42:26,431] {processor.py:163} INFO - Started process (PID=73623) to work on /home/ubuntu/anaconda3/lib/python3.9/site-packages/airflow/example_dags/example_nested_branch_dag.py
[2022-08-21 12:42:26,432] {processor.py:620} INFO - Processing file /home/ubuntu/anaconda3/lib/python3.9/site-packages/airflow/example_dags/example_nested_branch_dag.py for tasks to queue
[2022-08-21 12:42:26,432] {logging_mixin.py:109} INFO - [2022-08-21 12:42:26,432] {dagbag.py:500} INFO - Filling up the DagBag from /home/ubuntu/anaconda3/lib/python3.9/site-packages/airflow/example_dags/example_nested_branch_dag.py
[2022-08-21 12:42:26,452] {processor.py:632} INFO - DAG(s) dict_keys(['example_nested_branch_dag']) retrieved from /home/ubuntu/anaconda3/lib/python3.9/site-packages/airflow/example_dags/example_nested_branch_dag.py
[2022-08-21 12:42:26,455] {logging_mixin.py:109} WARNING - /home/ubuntu/anaconda3/lib/python3.9/site-packages/airflow/models/serialized_dag.py:120 SAWarning: TypeDecorator UtcDateTime(timezone=True) will not produce a cache key because the ``cache_ok`` attribute is not set to True.  This can have significant performance implications including some performance degradations in comparison to prior SQLAlchemy versions.  Set this attribute to True if this type object's state is safe to use in a cache key, or False to disable this warning. (Background on this error at: https://sqlalche.me/e/14/cprf)
[2022-08-21 12:42:26,464] {logging_mixin.py:109} INFO - [2022-08-21 12:42:26,463] {dag.py:2389} INFO - Sync 1 DAGs
[2022-08-21 12:42:26,473] {logging_mixin.py:109} WARNING - /home/ubuntu/anaconda3/lib/python3.9/site-packages/airflow/models/dag.py:2426 SAWarning: TypeDecorator UtcDateTime(timezone=True) will not produce a cache key because the ``cache_ok`` attribute is not set to True.  This can have significant performance implications including some performance degradations in comparison to prior SQLAlchemy versions.  Set this attribute to True if this type object's state is safe to use in a cache key, or False to disable this warning. (Background on this error at: https://sqlalche.me/e/14/cprf)
[2022-08-21 12:42:26,480] {logging_mixin.py:109} INFO - [2022-08-21 12:42:26,480] {dag.py:2914} INFO - Setting next_dagrun for example_nested_branch_dag to 2022-08-20 00:00:00+00:00
[2022-08-21 12:42:26,491] {processor.py:171} INFO - Processing /home/ubuntu/anaconda3/lib/python3.9/site-packages/airflow/example_dags/example_nested_branch_dag.py took 0.063 seconds
[2022-08-21 12:43:01,749] {processor.py:163} INFO - Started process (PID=73762) to work on /home/ubuntu/anaconda3/lib/python3.9/site-packages/airflow/example_dags/example_nested_branch_dag.py
[2022-08-21 12:43:01,750] {processor.py:620} INFO - Processing file /home/ubuntu/anaconda3/lib/python3.9/site-packages/airflow/example_dags/example_nested_branch_dag.py for tasks to queue
[2022-08-21 12:43:01,750] {logging_mixin.py:109} INFO - [2022-08-21 12:43:01,750] {dagbag.py:500} INFO - Filling up the DagBag from /home/ubuntu/anaconda3/lib/python3.9/site-packages/airflow/example_dags/example_nested_branch_dag.py
[2022-08-21 12:43:01,769] {processor.py:632} INFO - DAG(s) dict_keys(['example_nested_branch_dag']) retrieved from /home/ubuntu/anaconda3/lib/python3.9/site-packages/airflow/example_dags/example_nested_branch_dag.py
[2022-08-21 12:43:01,773] {logging_mixin.py:109} WARNING - /home/ubuntu/anaconda3/lib/python3.9/site-packages/airflow/models/serialized_dag.py:120 SAWarning: TypeDecorator UtcDateTime(timezone=True) will not produce a cache key because the ``cache_ok`` attribute is not set to True.  This can have significant performance implications including some performance degradations in comparison to prior SQLAlchemy versions.  Set this attribute to True if this type object's state is safe to use in a cache key, or False to disable this warning. (Background on this error at: https://sqlalche.me/e/14/cprf)
[2022-08-21 12:43:01,781] {logging_mixin.py:109} INFO - [2022-08-21 12:43:01,781] {dag.py:2389} INFO - Sync 1 DAGs
[2022-08-21 12:43:01,791] {logging_mixin.py:109} WARNING - /home/ubuntu/anaconda3/lib/python3.9/site-packages/airflow/models/dag.py:2426 SAWarning: TypeDecorator UtcDateTime(timezone=True) will not produce a cache key because the ``cache_ok`` attribute is not set to True.  This can have significant performance implications including some performance degradations in comparison to prior SQLAlchemy versions.  Set this attribute to True if this type object's state is safe to use in a cache key, or False to disable this warning. (Background on this error at: https://sqlalche.me/e/14/cprf)
[2022-08-21 12:43:01,798] {logging_mixin.py:109} INFO - [2022-08-21 12:43:01,798] {dag.py:2914} INFO - Setting next_dagrun for example_nested_branch_dag to 2022-08-20 00:00:00+00:00
[2022-08-21 12:43:01,810] {processor.py:171} INFO - Processing /home/ubuntu/anaconda3/lib/python3.9/site-packages/airflow/example_dags/example_nested_branch_dag.py took 0.063 seconds
[2022-08-21 12:43:37,853] {processor.py:163} INFO - Started process (PID=73858) to work on /home/ubuntu/anaconda3/lib/python3.9/site-packages/airflow/example_dags/example_nested_branch_dag.py
[2022-08-21 12:43:37,853] {processor.py:620} INFO - Processing file /home/ubuntu/anaconda3/lib/python3.9/site-packages/airflow/example_dags/example_nested_branch_dag.py for tasks to queue
[2022-08-21 12:43:37,854] {logging_mixin.py:109} INFO - [2022-08-21 12:43:37,854] {dagbag.py:500} INFO - Filling up the DagBag from /home/ubuntu/anaconda3/lib/python3.9/site-packages/airflow/example_dags/example_nested_branch_dag.py
[2022-08-21 12:43:37,873] {processor.py:632} INFO - DAG(s) dict_keys(['example_nested_branch_dag']) retrieved from /home/ubuntu/anaconda3/lib/python3.9/site-packages/airflow/example_dags/example_nested_branch_dag.py
[2022-08-21 12:43:37,877] {logging_mixin.py:109} WARNING - /home/ubuntu/anaconda3/lib/python3.9/site-packages/airflow/models/serialized_dag.py:120 SAWarning: TypeDecorator UtcDateTime(timezone=True) will not produce a cache key because the ``cache_ok`` attribute is not set to True.  This can have significant performance implications including some performance degradations in comparison to prior SQLAlchemy versions.  Set this attribute to True if this type object's state is safe to use in a cache key, or False to disable this warning. (Background on this error at: https://sqlalche.me/e/14/cprf)
[2022-08-21 12:43:37,885] {logging_mixin.py:109} INFO - [2022-08-21 12:43:37,885] {dag.py:2389} INFO - Sync 1 DAGs
[2022-08-21 12:43:37,896] {logging_mixin.py:109} WARNING - /home/ubuntu/anaconda3/lib/python3.9/site-packages/airflow/models/dag.py:2426 SAWarning: TypeDecorator UtcDateTime(timezone=True) will not produce a cache key because the ``cache_ok`` attribute is not set to True.  This can have significant performance implications including some performance degradations in comparison to prior SQLAlchemy versions.  Set this attribute to True if this type object's state is safe to use in a cache key, or False to disable this warning. (Background on this error at: https://sqlalche.me/e/14/cprf)
[2022-08-21 12:43:37,903] {logging_mixin.py:109} INFO - [2022-08-21 12:43:37,902] {dag.py:2914} INFO - Setting next_dagrun for example_nested_branch_dag to 2022-08-20 00:00:00+00:00
[2022-08-21 12:43:37,917] {processor.py:171} INFO - Processing /home/ubuntu/anaconda3/lib/python3.9/site-packages/airflow/example_dags/example_nested_branch_dag.py took 0.067 seconds
[2022-08-21 12:44:24,034] {processor.py:163} INFO - Started process (PID=74159) to work on /home/ubuntu/anaconda3/lib/python3.9/site-packages/airflow/example_dags/example_nested_branch_dag.py
[2022-08-21 12:44:24,034] {processor.py:620} INFO - Processing file /home/ubuntu/anaconda3/lib/python3.9/site-packages/airflow/example_dags/example_nested_branch_dag.py for tasks to queue
[2022-08-21 12:44:24,034] {logging_mixin.py:109} INFO - [2022-08-21 12:44:24,034] {dagbag.py:500} INFO - Filling up the DagBag from /home/ubuntu/anaconda3/lib/python3.9/site-packages/airflow/example_dags/example_nested_branch_dag.py
[2022-08-21 12:44:24,053] {processor.py:632} INFO - DAG(s) dict_keys(['example_nested_branch_dag']) retrieved from /home/ubuntu/anaconda3/lib/python3.9/site-packages/airflow/example_dags/example_nested_branch_dag.py
[2022-08-21 12:44:24,057] {logging_mixin.py:109} WARNING - /home/ubuntu/anaconda3/lib/python3.9/site-packages/airflow/models/serialized_dag.py:120 SAWarning: TypeDecorator UtcDateTime(timezone=True) will not produce a cache key because the ``cache_ok`` attribute is not set to True.  This can have significant performance implications including some performance degradations in comparison to prior SQLAlchemy versions.  Set this attribute to True if this type object's state is safe to use in a cache key, or False to disable this warning. (Background on this error at: https://sqlalche.me/e/14/cprf)
[2022-08-21 12:44:24,066] {logging_mixin.py:109} INFO - [2022-08-21 12:44:24,066] {dag.py:2389} INFO - Sync 1 DAGs
[2022-08-21 12:44:24,076] {logging_mixin.py:109} WARNING - /home/ubuntu/anaconda3/lib/python3.9/site-packages/airflow/models/dag.py:2426 SAWarning: TypeDecorator UtcDateTime(timezone=True) will not produce a cache key because the ``cache_ok`` attribute is not set to True.  This can have significant performance implications including some performance degradations in comparison to prior SQLAlchemy versions.  Set this attribute to True if this type object's state is safe to use in a cache key, or False to disable this warning. (Background on this error at: https://sqlalche.me/e/14/cprf)
[2022-08-21 12:44:24,083] {logging_mixin.py:109} INFO - [2022-08-21 12:44:24,083] {dag.py:2914} INFO - Setting next_dagrun for example_nested_branch_dag to 2022-08-20 00:00:00+00:00
[2022-08-21 12:44:24,096] {processor.py:171} INFO - Processing /home/ubuntu/anaconda3/lib/python3.9/site-packages/airflow/example_dags/example_nested_branch_dag.py took 0.064 seconds
[2022-08-21 12:45:02,139] {processor.py:163} INFO - Started process (PID=74262) to work on /home/ubuntu/anaconda3/lib/python3.9/site-packages/airflow/example_dags/example_nested_branch_dag.py
[2022-08-21 12:45:02,139] {processor.py:620} INFO - Processing file /home/ubuntu/anaconda3/lib/python3.9/site-packages/airflow/example_dags/example_nested_branch_dag.py for tasks to queue
[2022-08-21 12:45:02,140] {logging_mixin.py:109} INFO - [2022-08-21 12:45:02,140] {dagbag.py:500} INFO - Filling up the DagBag from /home/ubuntu/anaconda3/lib/python3.9/site-packages/airflow/example_dags/example_nested_branch_dag.py
[2022-08-21 12:45:02,159] {processor.py:632} INFO - DAG(s) dict_keys(['example_nested_branch_dag']) retrieved from /home/ubuntu/anaconda3/lib/python3.9/site-packages/airflow/example_dags/example_nested_branch_dag.py
[2022-08-21 12:45:02,162] {logging_mixin.py:109} WARNING - /home/ubuntu/anaconda3/lib/python3.9/site-packages/airflow/models/serialized_dag.py:120 SAWarning: TypeDecorator UtcDateTime(timezone=True) will not produce a cache key because the ``cache_ok`` attribute is not set to True.  This can have significant performance implications including some performance degradations in comparison to prior SQLAlchemy versions.  Set this attribute to True if this type object's state is safe to use in a cache key, or False to disable this warning. (Background on this error at: https://sqlalche.me/e/14/cprf)
[2022-08-21 12:45:02,171] {logging_mixin.py:109} INFO - [2022-08-21 12:45:02,171] {dag.py:2389} INFO - Sync 1 DAGs
[2022-08-21 12:45:02,181] {logging_mixin.py:109} WARNING - /home/ubuntu/anaconda3/lib/python3.9/site-packages/airflow/models/dag.py:2426 SAWarning: TypeDecorator UtcDateTime(timezone=True) will not produce a cache key because the ``cache_ok`` attribute is not set to True.  This can have significant performance implications including some performance degradations in comparison to prior SQLAlchemy versions.  Set this attribute to True if this type object's state is safe to use in a cache key, or False to disable this warning. (Background on this error at: https://sqlalche.me/e/14/cprf)
[2022-08-21 12:45:02,188] {logging_mixin.py:109} INFO - [2022-08-21 12:45:02,188] {dag.py:2914} INFO - Setting next_dagrun for example_nested_branch_dag to 2022-08-20 00:00:00+00:00
[2022-08-21 12:45:02,199] {processor.py:171} INFO - Processing /home/ubuntu/anaconda3/lib/python3.9/site-packages/airflow/example_dags/example_nested_branch_dag.py took 0.063 seconds
[2022-08-21 12:45:37,858] {processor.py:163} INFO - Started process (PID=74709) to work on /home/ubuntu/anaconda3/lib/python3.9/site-packages/airflow/example_dags/example_nested_branch_dag.py
[2022-08-21 12:45:37,858] {processor.py:620} INFO - Processing file /home/ubuntu/anaconda3/lib/python3.9/site-packages/airflow/example_dags/example_nested_branch_dag.py for tasks to queue
[2022-08-21 12:45:37,859] {logging_mixin.py:109} INFO - [2022-08-21 12:45:37,858] {dagbag.py:500} INFO - Filling up the DagBag from /home/ubuntu/anaconda3/lib/python3.9/site-packages/airflow/example_dags/example_nested_branch_dag.py
[2022-08-21 12:45:37,878] {processor.py:632} INFO - DAG(s) dict_keys(['example_nested_branch_dag']) retrieved from /home/ubuntu/anaconda3/lib/python3.9/site-packages/airflow/example_dags/example_nested_branch_dag.py
[2022-08-21 12:45:37,882] {logging_mixin.py:109} WARNING - /home/ubuntu/anaconda3/lib/python3.9/site-packages/airflow/models/serialized_dag.py:120 SAWarning: TypeDecorator UtcDateTime(timezone=True) will not produce a cache key because the ``cache_ok`` attribute is not set to True.  This can have significant performance implications including some performance degradations in comparison to prior SQLAlchemy versions.  Set this attribute to True if this type object's state is safe to use in a cache key, or False to disable this warning. (Background on this error at: https://sqlalche.me/e/14/cprf)
[2022-08-21 12:45:37,890] {logging_mixin.py:109} INFO - [2022-08-21 12:45:37,890] {dag.py:2389} INFO - Sync 1 DAGs
[2022-08-21 12:45:37,900] {logging_mixin.py:109} WARNING - /home/ubuntu/anaconda3/lib/python3.9/site-packages/airflow/models/dag.py:2426 SAWarning: TypeDecorator UtcDateTime(timezone=True) will not produce a cache key because the ``cache_ok`` attribute is not set to True.  This can have significant performance implications including some performance degradations in comparison to prior SQLAlchemy versions.  Set this attribute to True if this type object's state is safe to use in a cache key, or False to disable this warning. (Background on this error at: https://sqlalche.me/e/14/cprf)
[2022-08-21 12:45:37,906] {logging_mixin.py:109} INFO - [2022-08-21 12:45:37,906] {dag.py:2914} INFO - Setting next_dagrun for example_nested_branch_dag to 2022-08-20 00:00:00+00:00
[2022-08-21 12:45:37,917] {processor.py:171} INFO - Processing /home/ubuntu/anaconda3/lib/python3.9/site-packages/airflow/example_dags/example_nested_branch_dag.py took 0.062 seconds
