[2022-08-21 12:35:22,396] {processor.py:163} INFO - Started process (PID=72462) to work on /home/ubuntu/anaconda3/lib/python3.9/site-packages/airflow/example_dags/example_subdag_operator.py
[2022-08-21 12:35:22,397] {processor.py:620} INFO - Processing file /home/ubuntu/anaconda3/lib/python3.9/site-packages/airflow/example_dags/example_subdag_operator.py for tasks to queue
[2022-08-21 12:35:22,397] {logging_mixin.py:109} INFO - [2022-08-21 12:35:22,397] {dagbag.py:500} INFO - Filling up the DagBag from /home/ubuntu/anaconda3/lib/python3.9/site-packages/airflow/example_dags/example_subdag_operator.py
[2022-08-21 12:35:22,422] {processor.py:632} INFO - DAG(s) dict_keys(['example_subdag_operator.section-1', 'example_subdag_operator.section-2', 'example_subdag_operator']) retrieved from /home/ubuntu/anaconda3/lib/python3.9/site-packages/airflow/example_dags/example_subdag_operator.py
[2022-08-21 12:35:22,425] {logging_mixin.py:109} WARNING - /home/ubuntu/anaconda3/lib/python3.9/site-packages/airflow/models/serialized_dag.py:120 SAWarning: TypeDecorator UtcDateTime(timezone=True) will not produce a cache key because the ``cache_ok`` attribute is not set to True.  This can have significant performance implications including some performance degradations in comparison to prior SQLAlchemy versions.  Set this attribute to True if this type object's state is safe to use in a cache key, or False to disable this warning. (Background on this error at: https://sqlalche.me/e/14/cprf)
[2022-08-21 12:35:22,434] {logging_mixin.py:109} INFO - [2022-08-21 12:35:22,434] {dag.py:2389} INFO - Sync 3 DAGs
[2022-08-21 12:35:22,445] {logging_mixin.py:109} WARNING - /home/ubuntu/anaconda3/lib/python3.9/site-packages/airflow/models/dag.py:2426 SAWarning: TypeDecorator UtcDateTime(timezone=True) will not produce a cache key because the ``cache_ok`` attribute is not set to True.  This can have significant performance implications including some performance degradations in comparison to prior SQLAlchemy versions.  Set this attribute to True if this type object's state is safe to use in a cache key, or False to disable this warning. (Background on this error at: https://sqlalche.me/e/14/cprf)
[2022-08-21 12:35:22,450] {logging_mixin.py:109} INFO - [2022-08-21 12:35:22,450] {dag.py:2914} INFO - Setting next_dagrun for example_subdag_operator to 2022-08-19T00:00:00+00:00
[2022-08-21 12:35:22,450] {logging_mixin.py:109} INFO - [2022-08-21 12:35:22,450] {dag.py:2914} INFO - Setting next_dagrun for example_subdag_operator.section-1 to None
[2022-08-21 12:35:22,450] {logging_mixin.py:109} INFO - [2022-08-21 12:35:22,450] {dag.py:2914} INFO - Setting next_dagrun for example_subdag_operator.section-2 to None
[2022-08-21 12:35:22,455] {logging_mixin.py:109} INFO - [2022-08-21 12:35:22,455] {dag.py:2389} INFO - Sync 2 DAGs
[2022-08-21 12:35:22,460] {logging_mixin.py:109} INFO - [2022-08-21 12:35:22,460] {dag.py:2914} INFO - Setting next_dagrun for example_subdag_operator.section-1 to None
[2022-08-21 12:35:22,461] {logging_mixin.py:109} INFO - [2022-08-21 12:35:22,461] {dag.py:2914} INFO - Setting next_dagrun for example_subdag_operator.section-2 to None
[2022-08-21 12:35:22,469] {processor.py:171} INFO - Processing /home/ubuntu/anaconda3/lib/python3.9/site-packages/airflow/example_dags/example_subdag_operator.py took 0.075 seconds
[2022-08-21 12:35:57,262] {processor.py:163} INFO - Started process (PID=72636) to work on /home/ubuntu/anaconda3/lib/python3.9/site-packages/airflow/example_dags/example_subdag_operator.py
[2022-08-21 12:35:57,263] {processor.py:620} INFO - Processing file /home/ubuntu/anaconda3/lib/python3.9/site-packages/airflow/example_dags/example_subdag_operator.py for tasks to queue
[2022-08-21 12:35:57,263] {logging_mixin.py:109} INFO - [2022-08-21 12:35:57,263] {dagbag.py:500} INFO - Filling up the DagBag from /home/ubuntu/anaconda3/lib/python3.9/site-packages/airflow/example_dags/example_subdag_operator.py
[2022-08-21 12:35:57,287] {processor.py:632} INFO - DAG(s) dict_keys(['example_subdag_operator.section-1', 'example_subdag_operator.section-2', 'example_subdag_operator']) retrieved from /home/ubuntu/anaconda3/lib/python3.9/site-packages/airflow/example_dags/example_subdag_operator.py
[2022-08-21 12:35:57,291] {logging_mixin.py:109} WARNING - /home/ubuntu/anaconda3/lib/python3.9/site-packages/airflow/models/serialized_dag.py:120 SAWarning: TypeDecorator UtcDateTime(timezone=True) will not produce a cache key because the ``cache_ok`` attribute is not set to True.  This can have significant performance implications including some performance degradations in comparison to prior SQLAlchemy versions.  Set this attribute to True if this type object's state is safe to use in a cache key, or False to disable this warning. (Background on this error at: https://sqlalche.me/e/14/cprf)
[2022-08-21 12:35:57,300] {logging_mixin.py:109} INFO - [2022-08-21 12:35:57,300] {dag.py:2389} INFO - Sync 3 DAGs
[2022-08-21 12:35:57,310] {logging_mixin.py:109} WARNING - /home/ubuntu/anaconda3/lib/python3.9/site-packages/airflow/models/dag.py:2426 SAWarning: TypeDecorator UtcDateTime(timezone=True) will not produce a cache key because the ``cache_ok`` attribute is not set to True.  This can have significant performance implications including some performance degradations in comparison to prior SQLAlchemy versions.  Set this attribute to True if this type object's state is safe to use in a cache key, or False to disable this warning. (Background on this error at: https://sqlalche.me/e/14/cprf)
[2022-08-21 12:35:57,314] {logging_mixin.py:109} INFO - [2022-08-21 12:35:57,314] {dag.py:2914} INFO - Setting next_dagrun for example_subdag_operator to 2022-08-19T00:00:00+00:00
[2022-08-21 12:35:57,315] {logging_mixin.py:109} INFO - [2022-08-21 12:35:57,315] {dag.py:2914} INFO - Setting next_dagrun for example_subdag_operator.section-1 to None
[2022-08-21 12:35:57,315] {logging_mixin.py:109} INFO - [2022-08-21 12:35:57,315] {dag.py:2914} INFO - Setting next_dagrun for example_subdag_operator.section-2 to None
[2022-08-21 12:35:57,320] {logging_mixin.py:109} INFO - [2022-08-21 12:35:57,319] {dag.py:2389} INFO - Sync 2 DAGs
[2022-08-21 12:35:57,324] {logging_mixin.py:109} INFO - [2022-08-21 12:35:57,324] {dag.py:2914} INFO - Setting next_dagrun for example_subdag_operator.section-1 to None
[2022-08-21 12:35:57,325] {logging_mixin.py:109} INFO - [2022-08-21 12:35:57,324] {dag.py:2914} INFO - Setting next_dagrun for example_subdag_operator.section-2 to None
[2022-08-21 12:35:57,332] {processor.py:171} INFO - Processing /home/ubuntu/anaconda3/lib/python3.9/site-packages/airflow/example_dags/example_subdag_operator.py took 0.072 seconds
[2022-08-21 12:36:32,516] {processor.py:163} INFO - Started process (PID=72671) to work on /home/ubuntu/anaconda3/lib/python3.9/site-packages/airflow/example_dags/example_subdag_operator.py
[2022-08-21 12:36:32,517] {processor.py:620} INFO - Processing file /home/ubuntu/anaconda3/lib/python3.9/site-packages/airflow/example_dags/example_subdag_operator.py for tasks to queue
[2022-08-21 12:36:32,517] {logging_mixin.py:109} INFO - [2022-08-21 12:36:32,517] {dagbag.py:500} INFO - Filling up the DagBag from /home/ubuntu/anaconda3/lib/python3.9/site-packages/airflow/example_dags/example_subdag_operator.py
[2022-08-21 12:36:32,540] {processor.py:632} INFO - DAG(s) dict_keys(['example_subdag_operator.section-1', 'example_subdag_operator.section-2', 'example_subdag_operator']) retrieved from /home/ubuntu/anaconda3/lib/python3.9/site-packages/airflow/example_dags/example_subdag_operator.py
[2022-08-21 12:36:32,544] {logging_mixin.py:109} WARNING - /home/ubuntu/anaconda3/lib/python3.9/site-packages/airflow/models/serialized_dag.py:120 SAWarning: TypeDecorator UtcDateTime(timezone=True) will not produce a cache key because the ``cache_ok`` attribute is not set to True.  This can have significant performance implications including some performance degradations in comparison to prior SQLAlchemy versions.  Set this attribute to True if this type object's state is safe to use in a cache key, or False to disable this warning. (Background on this error at: https://sqlalche.me/e/14/cprf)
[2022-08-21 12:36:32,553] {logging_mixin.py:109} INFO - [2022-08-21 12:36:32,553] {dag.py:2389} INFO - Sync 3 DAGs
[2022-08-21 12:36:32,567] {logging_mixin.py:109} WARNING - /home/ubuntu/anaconda3/lib/python3.9/site-packages/airflow/models/dag.py:2426 SAWarning: TypeDecorator UtcDateTime(timezone=True) will not produce a cache key because the ``cache_ok`` attribute is not set to True.  This can have significant performance implications including some performance degradations in comparison to prior SQLAlchemy versions.  Set this attribute to True if this type object's state is safe to use in a cache key, or False to disable this warning. (Background on this error at: https://sqlalche.me/e/14/cprf)
[2022-08-21 12:36:32,572] {logging_mixin.py:109} INFO - [2022-08-21 12:36:32,572] {dag.py:2914} INFO - Setting next_dagrun for example_subdag_operator to 2022-08-19T00:00:00+00:00
[2022-08-21 12:36:32,572] {logging_mixin.py:109} INFO - [2022-08-21 12:36:32,572] {dag.py:2914} INFO - Setting next_dagrun for example_subdag_operator.section-1 to None
[2022-08-21 12:36:32,572] {logging_mixin.py:109} INFO - [2022-08-21 12:36:32,572] {dag.py:2914} INFO - Setting next_dagrun for example_subdag_operator.section-2 to None
[2022-08-21 12:36:32,577] {logging_mixin.py:109} INFO - [2022-08-21 12:36:32,577] {dag.py:2389} INFO - Sync 2 DAGs
[2022-08-21 12:36:32,582] {logging_mixin.py:109} INFO - [2022-08-21 12:36:32,582] {dag.py:2914} INFO - Setting next_dagrun for example_subdag_operator.section-1 to None
[2022-08-21 12:36:32,582] {logging_mixin.py:109} INFO - [2022-08-21 12:36:32,582] {dag.py:2914} INFO - Setting next_dagrun for example_subdag_operator.section-2 to None
[2022-08-21 12:36:32,590] {processor.py:171} INFO - Processing /home/ubuntu/anaconda3/lib/python3.9/site-packages/airflow/example_dags/example_subdag_operator.py took 0.076 seconds
[2022-08-21 12:37:19,115] {processor.py:163} INFO - Started process (PID=72868) to work on /home/ubuntu/anaconda3/lib/python3.9/site-packages/airflow/example_dags/example_subdag_operator.py
[2022-08-21 12:37:19,115] {processor.py:620} INFO - Processing file /home/ubuntu/anaconda3/lib/python3.9/site-packages/airflow/example_dags/example_subdag_operator.py for tasks to queue
[2022-08-21 12:37:19,116] {logging_mixin.py:109} INFO - [2022-08-21 12:37:19,116] {dagbag.py:500} INFO - Filling up the DagBag from /home/ubuntu/anaconda3/lib/python3.9/site-packages/airflow/example_dags/example_subdag_operator.py
[2022-08-21 12:37:19,141] {processor.py:632} INFO - DAG(s) dict_keys(['example_subdag_operator.section-1', 'example_subdag_operator.section-2', 'example_subdag_operator']) retrieved from /home/ubuntu/anaconda3/lib/python3.9/site-packages/airflow/example_dags/example_subdag_operator.py
[2022-08-21 12:37:19,145] {logging_mixin.py:109} WARNING - /home/ubuntu/anaconda3/lib/python3.9/site-packages/airflow/models/serialized_dag.py:120 SAWarning: TypeDecorator UtcDateTime(timezone=True) will not produce a cache key because the ``cache_ok`` attribute is not set to True.  This can have significant performance implications including some performance degradations in comparison to prior SQLAlchemy versions.  Set this attribute to True if this type object's state is safe to use in a cache key, or False to disable this warning. (Background on this error at: https://sqlalche.me/e/14/cprf)
[2022-08-21 12:37:19,156] {logging_mixin.py:109} INFO - [2022-08-21 12:37:19,156] {dag.py:2389} INFO - Sync 3 DAGs
[2022-08-21 12:37:19,166] {logging_mixin.py:109} WARNING - /home/ubuntu/anaconda3/lib/python3.9/site-packages/airflow/models/dag.py:2426 SAWarning: TypeDecorator UtcDateTime(timezone=True) will not produce a cache key because the ``cache_ok`` attribute is not set to True.  This can have significant performance implications including some performance degradations in comparison to prior SQLAlchemy versions.  Set this attribute to True if this type object's state is safe to use in a cache key, or False to disable this warning. (Background on this error at: https://sqlalche.me/e/14/cprf)
[2022-08-21 12:37:19,172] {logging_mixin.py:109} INFO - [2022-08-21 12:37:19,172] {dag.py:2914} INFO - Setting next_dagrun for example_subdag_operator to 2022-08-19T00:00:00+00:00
[2022-08-21 12:37:19,172] {logging_mixin.py:109} INFO - [2022-08-21 12:37:19,172] {dag.py:2914} INFO - Setting next_dagrun for example_subdag_operator.section-1 to None
[2022-08-21 12:37:19,172] {logging_mixin.py:109} INFO - [2022-08-21 12:37:19,172] {dag.py:2914} INFO - Setting next_dagrun for example_subdag_operator.section-2 to None
[2022-08-21 12:37:19,178] {logging_mixin.py:109} INFO - [2022-08-21 12:37:19,178] {dag.py:2389} INFO - Sync 2 DAGs
[2022-08-21 12:37:19,183] {logging_mixin.py:109} INFO - [2022-08-21 12:37:19,183] {dag.py:2914} INFO - Setting next_dagrun for example_subdag_operator.section-1 to None
[2022-08-21 12:37:19,183] {logging_mixin.py:109} INFO - [2022-08-21 12:37:19,183] {dag.py:2914} INFO - Setting next_dagrun for example_subdag_operator.section-2 to None
[2022-08-21 12:37:19,192] {processor.py:171} INFO - Processing /home/ubuntu/anaconda3/lib/python3.9/site-packages/airflow/example_dags/example_subdag_operator.py took 0.080 seconds
[2022-08-21 12:37:54,093] {processor.py:163} INFO - Started process (PID=73086) to work on /home/ubuntu/anaconda3/lib/python3.9/site-packages/airflow/example_dags/example_subdag_operator.py
[2022-08-21 12:37:54,093] {processor.py:620} INFO - Processing file /home/ubuntu/anaconda3/lib/python3.9/site-packages/airflow/example_dags/example_subdag_operator.py for tasks to queue
[2022-08-21 12:37:54,094] {logging_mixin.py:109} INFO - [2022-08-21 12:37:54,094] {dagbag.py:500} INFO - Filling up the DagBag from /home/ubuntu/anaconda3/lib/python3.9/site-packages/airflow/example_dags/example_subdag_operator.py
[2022-08-21 12:37:54,118] {processor.py:632} INFO - DAG(s) dict_keys(['example_subdag_operator.section-1', 'example_subdag_operator.section-2', 'example_subdag_operator']) retrieved from /home/ubuntu/anaconda3/lib/python3.9/site-packages/airflow/example_dags/example_subdag_operator.py
[2022-08-21 12:37:54,123] {logging_mixin.py:109} WARNING - /home/ubuntu/anaconda3/lib/python3.9/site-packages/airflow/models/serialized_dag.py:120 SAWarning: TypeDecorator UtcDateTime(timezone=True) will not produce a cache key because the ``cache_ok`` attribute is not set to True.  This can have significant performance implications including some performance degradations in comparison to prior SQLAlchemy versions.  Set this attribute to True if this type object's state is safe to use in a cache key, or False to disable this warning. (Background on this error at: https://sqlalche.me/e/14/cprf)
[2022-08-21 12:37:54,132] {logging_mixin.py:109} INFO - [2022-08-21 12:37:54,132] {dag.py:2389} INFO - Sync 3 DAGs
[2022-08-21 12:37:54,142] {logging_mixin.py:109} WARNING - /home/ubuntu/anaconda3/lib/python3.9/site-packages/airflow/models/dag.py:2426 SAWarning: TypeDecorator UtcDateTime(timezone=True) will not produce a cache key because the ``cache_ok`` attribute is not set to True.  This can have significant performance implications including some performance degradations in comparison to prior SQLAlchemy versions.  Set this attribute to True if this type object's state is safe to use in a cache key, or False to disable this warning. (Background on this error at: https://sqlalche.me/e/14/cprf)
[2022-08-21 12:37:54,147] {logging_mixin.py:109} INFO - [2022-08-21 12:37:54,146] {dag.py:2914} INFO - Setting next_dagrun for example_subdag_operator to 2022-08-19T00:00:00+00:00
[2022-08-21 12:37:54,147] {logging_mixin.py:109} INFO - [2022-08-21 12:37:54,147] {dag.py:2914} INFO - Setting next_dagrun for example_subdag_operator.section-1 to None
[2022-08-21 12:37:54,147] {logging_mixin.py:109} INFO - [2022-08-21 12:37:54,147] {dag.py:2914} INFO - Setting next_dagrun for example_subdag_operator.section-2 to None
[2022-08-21 12:37:54,152] {logging_mixin.py:109} INFO - [2022-08-21 12:37:54,152] {dag.py:2389} INFO - Sync 2 DAGs
[2022-08-21 12:37:54,157] {logging_mixin.py:109} INFO - [2022-08-21 12:37:54,157] {dag.py:2914} INFO - Setting next_dagrun for example_subdag_operator.section-1 to None
[2022-08-21 12:37:54,157] {logging_mixin.py:109} INFO - [2022-08-21 12:37:54,157] {dag.py:2914} INFO - Setting next_dagrun for example_subdag_operator.section-2 to None
[2022-08-21 12:37:54,166] {processor.py:171} INFO - Processing /home/ubuntu/anaconda3/lib/python3.9/site-packages/airflow/example_dags/example_subdag_operator.py took 0.075 seconds
[2022-08-21 12:38:27,926] {processor.py:163} INFO - Started process (PID=73122) to work on /home/ubuntu/anaconda3/lib/python3.9/site-packages/airflow/example_dags/example_subdag_operator.py
[2022-08-21 12:38:27,926] {processor.py:620} INFO - Processing file /home/ubuntu/anaconda3/lib/python3.9/site-packages/airflow/example_dags/example_subdag_operator.py for tasks to queue
[2022-08-21 12:38:27,926] {logging_mixin.py:109} INFO - [2022-08-21 12:38:27,926] {dagbag.py:500} INFO - Filling up the DagBag from /home/ubuntu/anaconda3/lib/python3.9/site-packages/airflow/example_dags/example_subdag_operator.py
[2022-08-21 12:38:27,951] {processor.py:632} INFO - DAG(s) dict_keys(['example_subdag_operator.section-1', 'example_subdag_operator.section-2', 'example_subdag_operator']) retrieved from /home/ubuntu/anaconda3/lib/python3.9/site-packages/airflow/example_dags/example_subdag_operator.py
[2022-08-21 12:38:27,957] {logging_mixin.py:109} WARNING - /home/ubuntu/anaconda3/lib/python3.9/site-packages/airflow/models/serialized_dag.py:120 SAWarning: TypeDecorator UtcDateTime(timezone=True) will not produce a cache key because the ``cache_ok`` attribute is not set to True.  This can have significant performance implications including some performance degradations in comparison to prior SQLAlchemy versions.  Set this attribute to True if this type object's state is safe to use in a cache key, or False to disable this warning. (Background on this error at: https://sqlalche.me/e/14/cprf)
[2022-08-21 12:38:27,969] {logging_mixin.py:109} INFO - [2022-08-21 12:38:27,969] {dag.py:2389} INFO - Sync 3 DAGs
[2022-08-21 12:38:27,978] {logging_mixin.py:109} WARNING - /home/ubuntu/anaconda3/lib/python3.9/site-packages/airflow/models/dag.py:2426 SAWarning: TypeDecorator UtcDateTime(timezone=True) will not produce a cache key because the ``cache_ok`` attribute is not set to True.  This can have significant performance implications including some performance degradations in comparison to prior SQLAlchemy versions.  Set this attribute to True if this type object's state is safe to use in a cache key, or False to disable this warning. (Background on this error at: https://sqlalche.me/e/14/cprf)
[2022-08-21 12:38:27,983] {logging_mixin.py:109} INFO - [2022-08-21 12:38:27,983] {dag.py:2914} INFO - Setting next_dagrun for example_subdag_operator to 2022-08-19T00:00:00+00:00
[2022-08-21 12:38:27,983] {logging_mixin.py:109} INFO - [2022-08-21 12:38:27,983] {dag.py:2914} INFO - Setting next_dagrun for example_subdag_operator.section-1 to None
[2022-08-21 12:38:27,983] {logging_mixin.py:109} INFO - [2022-08-21 12:38:27,983] {dag.py:2914} INFO - Setting next_dagrun for example_subdag_operator.section-2 to None
[2022-08-21 12:38:27,989] {logging_mixin.py:109} INFO - [2022-08-21 12:38:27,989] {dag.py:2389} INFO - Sync 2 DAGs
[2022-08-21 12:38:27,993] {logging_mixin.py:109} INFO - [2022-08-21 12:38:27,993] {dag.py:2914} INFO - Setting next_dagrun for example_subdag_operator.section-1 to None
[2022-08-21 12:38:27,994] {logging_mixin.py:109} INFO - [2022-08-21 12:38:27,994] {dag.py:2914} INFO - Setting next_dagrun for example_subdag_operator.section-2 to None
[2022-08-21 12:38:28,002] {processor.py:171} INFO - Processing /home/ubuntu/anaconda3/lib/python3.9/site-packages/airflow/example_dags/example_subdag_operator.py took 0.078 seconds
[2022-08-21 12:39:02,512] {processor.py:163} INFO - Started process (PID=73215) to work on /home/ubuntu/anaconda3/lib/python3.9/site-packages/airflow/example_dags/example_subdag_operator.py
[2022-08-21 12:39:02,512] {processor.py:620} INFO - Processing file /home/ubuntu/anaconda3/lib/python3.9/site-packages/airflow/example_dags/example_subdag_operator.py for tasks to queue
[2022-08-21 12:39:02,513] {logging_mixin.py:109} INFO - [2022-08-21 12:39:02,513] {dagbag.py:500} INFO - Filling up the DagBag from /home/ubuntu/anaconda3/lib/python3.9/site-packages/airflow/example_dags/example_subdag_operator.py
[2022-08-21 12:39:02,536] {processor.py:632} INFO - DAG(s) dict_keys(['example_subdag_operator.section-1', 'example_subdag_operator.section-2', 'example_subdag_operator']) retrieved from /home/ubuntu/anaconda3/lib/python3.9/site-packages/airflow/example_dags/example_subdag_operator.py
[2022-08-21 12:39:02,540] {logging_mixin.py:109} WARNING - /home/ubuntu/anaconda3/lib/python3.9/site-packages/airflow/models/serialized_dag.py:120 SAWarning: TypeDecorator UtcDateTime(timezone=True) will not produce a cache key because the ``cache_ok`` attribute is not set to True.  This can have significant performance implications including some performance degradations in comparison to prior SQLAlchemy versions.  Set this attribute to True if this type object's state is safe to use in a cache key, or False to disable this warning. (Background on this error at: https://sqlalche.me/e/14/cprf)
[2022-08-21 12:39:02,549] {logging_mixin.py:109} INFO - [2022-08-21 12:39:02,549] {dag.py:2389} INFO - Sync 3 DAGs
[2022-08-21 12:39:02,559] {logging_mixin.py:109} WARNING - /home/ubuntu/anaconda3/lib/python3.9/site-packages/airflow/models/dag.py:2426 SAWarning: TypeDecorator UtcDateTime(timezone=True) will not produce a cache key because the ``cache_ok`` attribute is not set to True.  This can have significant performance implications including some performance degradations in comparison to prior SQLAlchemy versions.  Set this attribute to True if this type object's state is safe to use in a cache key, or False to disable this warning. (Background on this error at: https://sqlalche.me/e/14/cprf)
[2022-08-21 12:39:02,564] {logging_mixin.py:109} INFO - [2022-08-21 12:39:02,564] {dag.py:2914} INFO - Setting next_dagrun for example_subdag_operator to 2022-08-19T00:00:00+00:00
[2022-08-21 12:39:02,564] {logging_mixin.py:109} INFO - [2022-08-21 12:39:02,564] {dag.py:2914} INFO - Setting next_dagrun for example_subdag_operator.section-1 to None
[2022-08-21 12:39:02,564] {logging_mixin.py:109} INFO - [2022-08-21 12:39:02,564] {dag.py:2914} INFO - Setting next_dagrun for example_subdag_operator.section-2 to None
[2022-08-21 12:39:02,569] {logging_mixin.py:109} INFO - [2022-08-21 12:39:02,569] {dag.py:2389} INFO - Sync 2 DAGs
[2022-08-21 12:39:02,573] {logging_mixin.py:109} INFO - [2022-08-21 12:39:02,573] {dag.py:2914} INFO - Setting next_dagrun for example_subdag_operator.section-1 to None
[2022-08-21 12:39:02,574] {logging_mixin.py:109} INFO - [2022-08-21 12:39:02,574] {dag.py:2914} INFO - Setting next_dagrun for example_subdag_operator.section-2 to None
[2022-08-21 12:39:02,582] {processor.py:171} INFO - Processing /home/ubuntu/anaconda3/lib/python3.9/site-packages/airflow/example_dags/example_subdag_operator.py took 0.072 seconds
[2022-08-21 12:39:37,557] {processor.py:163} INFO - Started process (PID=73249) to work on /home/ubuntu/anaconda3/lib/python3.9/site-packages/airflow/example_dags/example_subdag_operator.py
[2022-08-21 12:39:37,558] {processor.py:620} INFO - Processing file /home/ubuntu/anaconda3/lib/python3.9/site-packages/airflow/example_dags/example_subdag_operator.py for tasks to queue
[2022-08-21 12:39:37,558] {logging_mixin.py:109} INFO - [2022-08-21 12:39:37,558] {dagbag.py:500} INFO - Filling up the DagBag from /home/ubuntu/anaconda3/lib/python3.9/site-packages/airflow/example_dags/example_subdag_operator.py
[2022-08-21 12:39:37,586] {processor.py:632} INFO - DAG(s) dict_keys(['example_subdag_operator.section-1', 'example_subdag_operator.section-2', 'example_subdag_operator']) retrieved from /home/ubuntu/anaconda3/lib/python3.9/site-packages/airflow/example_dags/example_subdag_operator.py
[2022-08-21 12:39:37,591] {logging_mixin.py:109} WARNING - /home/ubuntu/anaconda3/lib/python3.9/site-packages/airflow/models/serialized_dag.py:120 SAWarning: TypeDecorator UtcDateTime(timezone=True) will not produce a cache key because the ``cache_ok`` attribute is not set to True.  This can have significant performance implications including some performance degradations in comparison to prior SQLAlchemy versions.  Set this attribute to True if this type object's state is safe to use in a cache key, or False to disable this warning. (Background on this error at: https://sqlalche.me/e/14/cprf)
[2022-08-21 12:39:37,600] {logging_mixin.py:109} INFO - [2022-08-21 12:39:37,600] {dag.py:2389} INFO - Sync 3 DAGs
[2022-08-21 12:39:37,610] {logging_mixin.py:109} WARNING - /home/ubuntu/anaconda3/lib/python3.9/site-packages/airflow/models/dag.py:2426 SAWarning: TypeDecorator UtcDateTime(timezone=True) will not produce a cache key because the ``cache_ok`` attribute is not set to True.  This can have significant performance implications including some performance degradations in comparison to prior SQLAlchemy versions.  Set this attribute to True if this type object's state is safe to use in a cache key, or False to disable this warning. (Background on this error at: https://sqlalche.me/e/14/cprf)
[2022-08-21 12:39:37,615] {logging_mixin.py:109} INFO - [2022-08-21 12:39:37,614] {dag.py:2914} INFO - Setting next_dagrun for example_subdag_operator to 2022-08-19T00:00:00+00:00
[2022-08-21 12:39:37,615] {logging_mixin.py:109} INFO - [2022-08-21 12:39:37,615] {dag.py:2914} INFO - Setting next_dagrun for example_subdag_operator.section-1 to None
[2022-08-21 12:39:37,615] {logging_mixin.py:109} INFO - [2022-08-21 12:39:37,615] {dag.py:2914} INFO - Setting next_dagrun for example_subdag_operator.section-2 to None
[2022-08-21 12:39:37,620] {logging_mixin.py:109} INFO - [2022-08-21 12:39:37,620] {dag.py:2389} INFO - Sync 2 DAGs
[2022-08-21 12:39:37,624] {logging_mixin.py:109} INFO - [2022-08-21 12:39:37,624] {dag.py:2914} INFO - Setting next_dagrun for example_subdag_operator.section-1 to None
[2022-08-21 12:39:37,625] {logging_mixin.py:109} INFO - [2022-08-21 12:39:37,625] {dag.py:2914} INFO - Setting next_dagrun for example_subdag_operator.section-2 to None
[2022-08-21 12:39:37,634] {processor.py:171} INFO - Processing /home/ubuntu/anaconda3/lib/python3.9/site-packages/airflow/example_dags/example_subdag_operator.py took 0.079 seconds
[2022-08-21 12:40:10,771] {processor.py:163} INFO - Started process (PID=73281) to work on /home/ubuntu/anaconda3/lib/python3.9/site-packages/airflow/example_dags/example_subdag_operator.py
[2022-08-21 12:40:10,771] {processor.py:620} INFO - Processing file /home/ubuntu/anaconda3/lib/python3.9/site-packages/airflow/example_dags/example_subdag_operator.py for tasks to queue
[2022-08-21 12:40:10,772] {logging_mixin.py:109} INFO - [2022-08-21 12:40:10,772] {dagbag.py:500} INFO - Filling up the DagBag from /home/ubuntu/anaconda3/lib/python3.9/site-packages/airflow/example_dags/example_subdag_operator.py
[2022-08-21 12:40:10,796] {processor.py:632} INFO - DAG(s) dict_keys(['example_subdag_operator.section-1', 'example_subdag_operator.section-2', 'example_subdag_operator']) retrieved from /home/ubuntu/anaconda3/lib/python3.9/site-packages/airflow/example_dags/example_subdag_operator.py
[2022-08-21 12:40:10,800] {logging_mixin.py:109} WARNING - /home/ubuntu/anaconda3/lib/python3.9/site-packages/airflow/models/serialized_dag.py:120 SAWarning: TypeDecorator UtcDateTime(timezone=True) will not produce a cache key because the ``cache_ok`` attribute is not set to True.  This can have significant performance implications including some performance degradations in comparison to prior SQLAlchemy versions.  Set this attribute to True if this type object's state is safe to use in a cache key, or False to disable this warning. (Background on this error at: https://sqlalche.me/e/14/cprf)
[2022-08-21 12:40:10,809] {logging_mixin.py:109} INFO - [2022-08-21 12:40:10,809] {dag.py:2389} INFO - Sync 3 DAGs
[2022-08-21 12:40:10,819] {logging_mixin.py:109} WARNING - /home/ubuntu/anaconda3/lib/python3.9/site-packages/airflow/models/dag.py:2426 SAWarning: TypeDecorator UtcDateTime(timezone=True) will not produce a cache key because the ``cache_ok`` attribute is not set to True.  This can have significant performance implications including some performance degradations in comparison to prior SQLAlchemy versions.  Set this attribute to True if this type object's state is safe to use in a cache key, or False to disable this warning. (Background on this error at: https://sqlalche.me/e/14/cprf)
[2022-08-21 12:40:10,824] {logging_mixin.py:109} INFO - [2022-08-21 12:40:10,824] {dag.py:2914} INFO - Setting next_dagrun for example_subdag_operator to 2022-08-19T00:00:00+00:00
[2022-08-21 12:40:10,824] {logging_mixin.py:109} INFO - [2022-08-21 12:40:10,824] {dag.py:2914} INFO - Setting next_dagrun for example_subdag_operator.section-1 to None
[2022-08-21 12:40:10,824] {logging_mixin.py:109} INFO - [2022-08-21 12:40:10,824] {dag.py:2914} INFO - Setting next_dagrun for example_subdag_operator.section-2 to None
[2022-08-21 12:40:10,829] {logging_mixin.py:109} INFO - [2022-08-21 12:40:10,829] {dag.py:2389} INFO - Sync 2 DAGs
[2022-08-21 12:40:10,834] {logging_mixin.py:109} INFO - [2022-08-21 12:40:10,834] {dag.py:2914} INFO - Setting next_dagrun for example_subdag_operator.section-1 to None
[2022-08-21 12:40:10,834] {logging_mixin.py:109} INFO - [2022-08-21 12:40:10,834] {dag.py:2914} INFO - Setting next_dagrun for example_subdag_operator.section-2 to None
[2022-08-21 12:40:10,843] {processor.py:171} INFO - Processing /home/ubuntu/anaconda3/lib/python3.9/site-packages/airflow/example_dags/example_subdag_operator.py took 0.074 seconds
[2022-08-21 12:40:43,643] {processor.py:163} INFO - Started process (PID=73348) to work on /home/ubuntu/anaconda3/lib/python3.9/site-packages/airflow/example_dags/example_subdag_operator.py
[2022-08-21 12:40:43,643] {processor.py:620} INFO - Processing file /home/ubuntu/anaconda3/lib/python3.9/site-packages/airflow/example_dags/example_subdag_operator.py for tasks to queue
[2022-08-21 12:40:43,644] {logging_mixin.py:109} INFO - [2022-08-21 12:40:43,643] {dagbag.py:500} INFO - Filling up the DagBag from /home/ubuntu/anaconda3/lib/python3.9/site-packages/airflow/example_dags/example_subdag_operator.py
[2022-08-21 12:40:43,667] {processor.py:632} INFO - DAG(s) dict_keys(['example_subdag_operator.section-1', 'example_subdag_operator.section-2', 'example_subdag_operator']) retrieved from /home/ubuntu/anaconda3/lib/python3.9/site-packages/airflow/example_dags/example_subdag_operator.py
[2022-08-21 12:40:43,671] {logging_mixin.py:109} WARNING - /home/ubuntu/anaconda3/lib/python3.9/site-packages/airflow/models/serialized_dag.py:120 SAWarning: TypeDecorator UtcDateTime(timezone=True) will not produce a cache key because the ``cache_ok`` attribute is not set to True.  This can have significant performance implications including some performance degradations in comparison to prior SQLAlchemy versions.  Set this attribute to True if this type object's state is safe to use in a cache key, or False to disable this warning. (Background on this error at: https://sqlalche.me/e/14/cprf)
[2022-08-21 12:40:43,680] {logging_mixin.py:109} INFO - [2022-08-21 12:40:43,679] {dag.py:2389} INFO - Sync 3 DAGs
[2022-08-21 12:40:43,690] {logging_mixin.py:109} WARNING - /home/ubuntu/anaconda3/lib/python3.9/site-packages/airflow/models/dag.py:2426 SAWarning: TypeDecorator UtcDateTime(timezone=True) will not produce a cache key because the ``cache_ok`` attribute is not set to True.  This can have significant performance implications including some performance degradations in comparison to prior SQLAlchemy versions.  Set this attribute to True if this type object's state is safe to use in a cache key, or False to disable this warning. (Background on this error at: https://sqlalche.me/e/14/cprf)
[2022-08-21 12:40:43,694] {logging_mixin.py:109} INFO - [2022-08-21 12:40:43,694] {dag.py:2914} INFO - Setting next_dagrun for example_subdag_operator to 2022-08-19T00:00:00+00:00
[2022-08-21 12:40:43,695] {logging_mixin.py:109} INFO - [2022-08-21 12:40:43,694] {dag.py:2914} INFO - Setting next_dagrun for example_subdag_operator.section-1 to None
[2022-08-21 12:40:43,695] {logging_mixin.py:109} INFO - [2022-08-21 12:40:43,695] {dag.py:2914} INFO - Setting next_dagrun for example_subdag_operator.section-2 to None
[2022-08-21 12:40:43,699] {logging_mixin.py:109} INFO - [2022-08-21 12:40:43,699] {dag.py:2389} INFO - Sync 2 DAGs
[2022-08-21 12:40:43,704] {logging_mixin.py:109} INFO - [2022-08-21 12:40:43,704] {dag.py:2914} INFO - Setting next_dagrun for example_subdag_operator.section-1 to None
[2022-08-21 12:40:43,704] {logging_mixin.py:109} INFO - [2022-08-21 12:40:43,704] {dag.py:2914} INFO - Setting next_dagrun for example_subdag_operator.section-2 to None
[2022-08-21 12:40:43,713] {processor.py:171} INFO - Processing /home/ubuntu/anaconda3/lib/python3.9/site-packages/airflow/example_dags/example_subdag_operator.py took 0.072 seconds
[2022-08-21 12:41:16,304] {processor.py:163} INFO - Started process (PID=73426) to work on /home/ubuntu/anaconda3/lib/python3.9/site-packages/airflow/example_dags/example_subdag_operator.py
[2022-08-21 12:41:16,305] {processor.py:620} INFO - Processing file /home/ubuntu/anaconda3/lib/python3.9/site-packages/airflow/example_dags/example_subdag_operator.py for tasks to queue
[2022-08-21 12:41:16,305] {logging_mixin.py:109} INFO - [2022-08-21 12:41:16,305] {dagbag.py:500} INFO - Filling up the DagBag from /home/ubuntu/anaconda3/lib/python3.9/site-packages/airflow/example_dags/example_subdag_operator.py
[2022-08-21 12:41:16,339] {processor.py:632} INFO - DAG(s) dict_keys(['example_subdag_operator.section-1', 'example_subdag_operator.section-2', 'example_subdag_operator']) retrieved from /home/ubuntu/anaconda3/lib/python3.9/site-packages/airflow/example_dags/example_subdag_operator.py
[2022-08-21 12:41:16,345] {logging_mixin.py:109} WARNING - /home/ubuntu/anaconda3/lib/python3.9/site-packages/airflow/models/serialized_dag.py:120 SAWarning: TypeDecorator UtcDateTime(timezone=True) will not produce a cache key because the ``cache_ok`` attribute is not set to True.  This can have significant performance implications including some performance degradations in comparison to prior SQLAlchemy versions.  Set this attribute to True if this type object's state is safe to use in a cache key, or False to disable this warning. (Background on this error at: https://sqlalche.me/e/14/cprf)
[2022-08-21 12:41:16,358] {logging_mixin.py:109} INFO - [2022-08-21 12:41:16,358] {dag.py:2389} INFO - Sync 3 DAGs
[2022-08-21 12:41:16,372] {logging_mixin.py:109} WARNING - /home/ubuntu/anaconda3/lib/python3.9/site-packages/airflow/models/dag.py:2426 SAWarning: TypeDecorator UtcDateTime(timezone=True) will not produce a cache key because the ``cache_ok`` attribute is not set to True.  This can have significant performance implications including some performance degradations in comparison to prior SQLAlchemy versions.  Set this attribute to True if this type object's state is safe to use in a cache key, or False to disable this warning. (Background on this error at: https://sqlalche.me/e/14/cprf)
[2022-08-21 12:41:16,380] {logging_mixin.py:109} INFO - [2022-08-21 12:41:16,380] {dag.py:2914} INFO - Setting next_dagrun for example_subdag_operator to 2022-08-19T00:00:00+00:00
[2022-08-21 12:41:16,380] {logging_mixin.py:109} INFO - [2022-08-21 12:41:16,380] {dag.py:2914} INFO - Setting next_dagrun for example_subdag_operator.section-1 to None
[2022-08-21 12:41:16,380] {logging_mixin.py:109} INFO - [2022-08-21 12:41:16,380] {dag.py:2914} INFO - Setting next_dagrun for example_subdag_operator.section-2 to None
[2022-08-21 12:41:16,389] {logging_mixin.py:109} INFO - [2022-08-21 12:41:16,389] {dag.py:2389} INFO - Sync 2 DAGs
[2022-08-21 12:41:16,396] {logging_mixin.py:109} INFO - [2022-08-21 12:41:16,396] {dag.py:2914} INFO - Setting next_dagrun for example_subdag_operator.section-1 to None
[2022-08-21 12:41:16,396] {logging_mixin.py:109} INFO - [2022-08-21 12:41:16,396] {dag.py:2914} INFO - Setting next_dagrun for example_subdag_operator.section-2 to None
[2022-08-21 12:41:16,407] {processor.py:171} INFO - Processing /home/ubuntu/anaconda3/lib/python3.9/site-packages/airflow/example_dags/example_subdag_operator.py took 0.106 seconds
[2022-08-21 12:41:51,368] {processor.py:163} INFO - Started process (PID=73499) to work on /home/ubuntu/anaconda3/lib/python3.9/site-packages/airflow/example_dags/example_subdag_operator.py
[2022-08-21 12:41:51,368] {processor.py:620} INFO - Processing file /home/ubuntu/anaconda3/lib/python3.9/site-packages/airflow/example_dags/example_subdag_operator.py for tasks to queue
[2022-08-21 12:41:51,369] {logging_mixin.py:109} INFO - [2022-08-21 12:41:51,368] {dagbag.py:500} INFO - Filling up the DagBag from /home/ubuntu/anaconda3/lib/python3.9/site-packages/airflow/example_dags/example_subdag_operator.py
[2022-08-21 12:41:51,392] {processor.py:632} INFO - DAG(s) dict_keys(['example_subdag_operator.section-1', 'example_subdag_operator.section-2', 'example_subdag_operator']) retrieved from /home/ubuntu/anaconda3/lib/python3.9/site-packages/airflow/example_dags/example_subdag_operator.py
[2022-08-21 12:41:51,396] {logging_mixin.py:109} WARNING - /home/ubuntu/anaconda3/lib/python3.9/site-packages/airflow/models/serialized_dag.py:120 SAWarning: TypeDecorator UtcDateTime(timezone=True) will not produce a cache key because the ``cache_ok`` attribute is not set to True.  This can have significant performance implications including some performance degradations in comparison to prior SQLAlchemy versions.  Set this attribute to True if this type object's state is safe to use in a cache key, or False to disable this warning. (Background on this error at: https://sqlalche.me/e/14/cprf)
[2022-08-21 12:41:51,405] {logging_mixin.py:109} INFO - [2022-08-21 12:41:51,405] {dag.py:2389} INFO - Sync 3 DAGs
[2022-08-21 12:41:51,414] {logging_mixin.py:109} WARNING - /home/ubuntu/anaconda3/lib/python3.9/site-packages/airflow/models/dag.py:2426 SAWarning: TypeDecorator UtcDateTime(timezone=True) will not produce a cache key because the ``cache_ok`` attribute is not set to True.  This can have significant performance implications including some performance degradations in comparison to prior SQLAlchemy versions.  Set this attribute to True if this type object's state is safe to use in a cache key, or False to disable this warning. (Background on this error at: https://sqlalche.me/e/14/cprf)
[2022-08-21 12:41:51,419] {logging_mixin.py:109} INFO - [2022-08-21 12:41:51,419] {dag.py:2914} INFO - Setting next_dagrun for example_subdag_operator to 2022-08-19T00:00:00+00:00
[2022-08-21 12:41:51,420] {logging_mixin.py:109} INFO - [2022-08-21 12:41:51,420] {dag.py:2914} INFO - Setting next_dagrun for example_subdag_operator.section-1 to None
[2022-08-21 12:41:51,420] {logging_mixin.py:109} INFO - [2022-08-21 12:41:51,420] {dag.py:2914} INFO - Setting next_dagrun for example_subdag_operator.section-2 to None
[2022-08-21 12:41:51,426] {logging_mixin.py:109} INFO - [2022-08-21 12:41:51,426] {dag.py:2389} INFO - Sync 2 DAGs
[2022-08-21 12:41:51,430] {logging_mixin.py:109} INFO - [2022-08-21 12:41:51,430] {dag.py:2914} INFO - Setting next_dagrun for example_subdag_operator.section-1 to None
[2022-08-21 12:41:51,431] {logging_mixin.py:109} INFO - [2022-08-21 12:41:51,431] {dag.py:2914} INFO - Setting next_dagrun for example_subdag_operator.section-2 to None
[2022-08-21 12:41:51,440] {processor.py:171} INFO - Processing /home/ubuntu/anaconda3/lib/python3.9/site-packages/airflow/example_dags/example_subdag_operator.py took 0.074 seconds
[2022-08-21 12:42:23,836] {processor.py:163} INFO - Started process (PID=73606) to work on /home/ubuntu/anaconda3/lib/python3.9/site-packages/airflow/example_dags/example_subdag_operator.py
[2022-08-21 12:42:23,837] {processor.py:620} INFO - Processing file /home/ubuntu/anaconda3/lib/python3.9/site-packages/airflow/example_dags/example_subdag_operator.py for tasks to queue
[2022-08-21 12:42:23,837] {logging_mixin.py:109} INFO - [2022-08-21 12:42:23,837] {dagbag.py:500} INFO - Filling up the DagBag from /home/ubuntu/anaconda3/lib/python3.9/site-packages/airflow/example_dags/example_subdag_operator.py
[2022-08-21 12:42:23,860] {processor.py:632} INFO - DAG(s) dict_keys(['example_subdag_operator.section-1', 'example_subdag_operator.section-2', 'example_subdag_operator']) retrieved from /home/ubuntu/anaconda3/lib/python3.9/site-packages/airflow/example_dags/example_subdag_operator.py
[2022-08-21 12:42:23,864] {logging_mixin.py:109} WARNING - /home/ubuntu/anaconda3/lib/python3.9/site-packages/airflow/models/serialized_dag.py:120 SAWarning: TypeDecorator UtcDateTime(timezone=True) will not produce a cache key because the ``cache_ok`` attribute is not set to True.  This can have significant performance implications including some performance degradations in comparison to prior SQLAlchemy versions.  Set this attribute to True if this type object's state is safe to use in a cache key, or False to disable this warning. (Background on this error at: https://sqlalche.me/e/14/cprf)
[2022-08-21 12:42:23,873] {logging_mixin.py:109} INFO - [2022-08-21 12:42:23,873] {dag.py:2389} INFO - Sync 3 DAGs
[2022-08-21 12:42:23,883] {logging_mixin.py:109} WARNING - /home/ubuntu/anaconda3/lib/python3.9/site-packages/airflow/models/dag.py:2426 SAWarning: TypeDecorator UtcDateTime(timezone=True) will not produce a cache key because the ``cache_ok`` attribute is not set to True.  This can have significant performance implications including some performance degradations in comparison to prior SQLAlchemy versions.  Set this attribute to True if this type object's state is safe to use in a cache key, or False to disable this warning. (Background on this error at: https://sqlalche.me/e/14/cprf)
[2022-08-21 12:42:23,888] {logging_mixin.py:109} INFO - [2022-08-21 12:42:23,888] {dag.py:2914} INFO - Setting next_dagrun for example_subdag_operator to 2022-08-19T00:00:00+00:00
[2022-08-21 12:42:23,888] {logging_mixin.py:109} INFO - [2022-08-21 12:42:23,888] {dag.py:2914} INFO - Setting next_dagrun for example_subdag_operator.section-1 to None
[2022-08-21 12:42:23,888] {logging_mixin.py:109} INFO - [2022-08-21 12:42:23,888] {dag.py:2914} INFO - Setting next_dagrun for example_subdag_operator.section-2 to None
[2022-08-21 12:42:23,893] {logging_mixin.py:109} INFO - [2022-08-21 12:42:23,893] {dag.py:2389} INFO - Sync 2 DAGs
[2022-08-21 12:42:23,898] {logging_mixin.py:109} INFO - [2022-08-21 12:42:23,898] {dag.py:2914} INFO - Setting next_dagrun for example_subdag_operator.section-1 to None
[2022-08-21 12:42:23,898] {logging_mixin.py:109} INFO - [2022-08-21 12:42:23,898] {dag.py:2914} INFO - Setting next_dagrun for example_subdag_operator.section-2 to None
[2022-08-21 12:42:23,907] {processor.py:171} INFO - Processing /home/ubuntu/anaconda3/lib/python3.9/site-packages/airflow/example_dags/example_subdag_operator.py took 0.072 seconds
[2022-08-21 12:42:59,145] {processor.py:163} INFO - Started process (PID=73760) to work on /home/ubuntu/anaconda3/lib/python3.9/site-packages/airflow/example_dags/example_subdag_operator.py
[2022-08-21 12:42:59,145] {processor.py:620} INFO - Processing file /home/ubuntu/anaconda3/lib/python3.9/site-packages/airflow/example_dags/example_subdag_operator.py for tasks to queue
[2022-08-21 12:42:59,146] {logging_mixin.py:109} INFO - [2022-08-21 12:42:59,146] {dagbag.py:500} INFO - Filling up the DagBag from /home/ubuntu/anaconda3/lib/python3.9/site-packages/airflow/example_dags/example_subdag_operator.py
[2022-08-21 12:42:59,169] {processor.py:632} INFO - DAG(s) dict_keys(['example_subdag_operator.section-1', 'example_subdag_operator.section-2', 'example_subdag_operator']) retrieved from /home/ubuntu/anaconda3/lib/python3.9/site-packages/airflow/example_dags/example_subdag_operator.py
[2022-08-21 12:42:59,173] {logging_mixin.py:109} WARNING - /home/ubuntu/anaconda3/lib/python3.9/site-packages/airflow/models/serialized_dag.py:120 SAWarning: TypeDecorator UtcDateTime(timezone=True) will not produce a cache key because the ``cache_ok`` attribute is not set to True.  This can have significant performance implications including some performance degradations in comparison to prior SQLAlchemy versions.  Set this attribute to True if this type object's state is safe to use in a cache key, or False to disable this warning. (Background on this error at: https://sqlalche.me/e/14/cprf)
[2022-08-21 12:42:59,182] {logging_mixin.py:109} INFO - [2022-08-21 12:42:59,182] {dag.py:2389} INFO - Sync 3 DAGs
[2022-08-21 12:42:59,193] {logging_mixin.py:109} WARNING - /home/ubuntu/anaconda3/lib/python3.9/site-packages/airflow/models/dag.py:2426 SAWarning: TypeDecorator UtcDateTime(timezone=True) will not produce a cache key because the ``cache_ok`` attribute is not set to True.  This can have significant performance implications including some performance degradations in comparison to prior SQLAlchemy versions.  Set this attribute to True if this type object's state is safe to use in a cache key, or False to disable this warning. (Background on this error at: https://sqlalche.me/e/14/cprf)
[2022-08-21 12:42:59,198] {logging_mixin.py:109} INFO - [2022-08-21 12:42:59,198] {dag.py:2914} INFO - Setting next_dagrun for example_subdag_operator to 2022-08-19T00:00:00+00:00
[2022-08-21 12:42:59,198] {logging_mixin.py:109} INFO - [2022-08-21 12:42:59,198] {dag.py:2914} INFO - Setting next_dagrun for example_subdag_operator.section-1 to None
[2022-08-21 12:42:59,198] {logging_mixin.py:109} INFO - [2022-08-21 12:42:59,198] {dag.py:2914} INFO - Setting next_dagrun for example_subdag_operator.section-2 to None
[2022-08-21 12:42:59,204] {logging_mixin.py:109} INFO - [2022-08-21 12:42:59,203] {dag.py:2389} INFO - Sync 2 DAGs
[2022-08-21 12:42:59,208] {logging_mixin.py:109} INFO - [2022-08-21 12:42:59,208] {dag.py:2914} INFO - Setting next_dagrun for example_subdag_operator.section-1 to None
[2022-08-21 12:42:59,209] {logging_mixin.py:109} INFO - [2022-08-21 12:42:59,209] {dag.py:2914} INFO - Setting next_dagrun for example_subdag_operator.section-2 to None
[2022-08-21 12:42:59,216] {processor.py:171} INFO - Processing /home/ubuntu/anaconda3/lib/python3.9/site-packages/airflow/example_dags/example_subdag_operator.py took 0.074 seconds
[2022-08-21 12:43:35,389] {processor.py:163} INFO - Started process (PID=73843) to work on /home/ubuntu/anaconda3/lib/python3.9/site-packages/airflow/example_dags/example_subdag_operator.py
[2022-08-21 12:43:35,390] {processor.py:620} INFO - Processing file /home/ubuntu/anaconda3/lib/python3.9/site-packages/airflow/example_dags/example_subdag_operator.py for tasks to queue
[2022-08-21 12:43:35,390] {logging_mixin.py:109} INFO - [2022-08-21 12:43:35,390] {dagbag.py:500} INFO - Filling up the DagBag from /home/ubuntu/anaconda3/lib/python3.9/site-packages/airflow/example_dags/example_subdag_operator.py
[2022-08-21 12:43:35,416] {processor.py:632} INFO - DAG(s) dict_keys(['example_subdag_operator.section-1', 'example_subdag_operator.section-2', 'example_subdag_operator']) retrieved from /home/ubuntu/anaconda3/lib/python3.9/site-packages/airflow/example_dags/example_subdag_operator.py
[2022-08-21 12:43:35,420] {logging_mixin.py:109} WARNING - /home/ubuntu/anaconda3/lib/python3.9/site-packages/airflow/models/serialized_dag.py:120 SAWarning: TypeDecorator UtcDateTime(timezone=True) will not produce a cache key because the ``cache_ok`` attribute is not set to True.  This can have significant performance implications including some performance degradations in comparison to prior SQLAlchemy versions.  Set this attribute to True if this type object's state is safe to use in a cache key, or False to disable this warning. (Background on this error at: https://sqlalche.me/e/14/cprf)
[2022-08-21 12:43:35,431] {logging_mixin.py:109} INFO - [2022-08-21 12:43:35,430] {dag.py:2389} INFO - Sync 3 DAGs
[2022-08-21 12:43:35,442] {logging_mixin.py:109} WARNING - /home/ubuntu/anaconda3/lib/python3.9/site-packages/airflow/models/dag.py:2426 SAWarning: TypeDecorator UtcDateTime(timezone=True) will not produce a cache key because the ``cache_ok`` attribute is not set to True.  This can have significant performance implications including some performance degradations in comparison to prior SQLAlchemy versions.  Set this attribute to True if this type object's state is safe to use in a cache key, or False to disable this warning. (Background on this error at: https://sqlalche.me/e/14/cprf)
[2022-08-21 12:43:35,447] {logging_mixin.py:109} INFO - [2022-08-21 12:43:35,447] {dag.py:2914} INFO - Setting next_dagrun for example_subdag_operator to 2022-08-19T00:00:00+00:00
[2022-08-21 12:43:35,448] {logging_mixin.py:109} INFO - [2022-08-21 12:43:35,448] {dag.py:2914} INFO - Setting next_dagrun for example_subdag_operator.section-1 to None
[2022-08-21 12:43:35,448] {logging_mixin.py:109} INFO - [2022-08-21 12:43:35,448] {dag.py:2914} INFO - Setting next_dagrun for example_subdag_operator.section-2 to None
[2022-08-21 12:43:35,453] {logging_mixin.py:109} INFO - [2022-08-21 12:43:35,453] {dag.py:2389} INFO - Sync 2 DAGs
[2022-08-21 12:43:35,459] {logging_mixin.py:109} INFO - [2022-08-21 12:43:35,458] {dag.py:2914} INFO - Setting next_dagrun for example_subdag_operator.section-1 to None
[2022-08-21 12:43:35,459] {logging_mixin.py:109} INFO - [2022-08-21 12:43:35,459] {dag.py:2914} INFO - Setting next_dagrun for example_subdag_operator.section-2 to None
[2022-08-21 12:43:35,469] {processor.py:171} INFO - Processing /home/ubuntu/anaconda3/lib/python3.9/site-packages/airflow/example_dags/example_subdag_operator.py took 0.082 seconds
[2022-08-21 12:44:10,257] {processor.py:163} INFO - Started process (PID=74102) to work on /home/ubuntu/anaconda3/lib/python3.9/site-packages/airflow/example_dags/example_subdag_operator.py
[2022-08-21 12:44:10,259] {processor.py:620} INFO - Processing file /home/ubuntu/anaconda3/lib/python3.9/site-packages/airflow/example_dags/example_subdag_operator.py for tasks to queue
[2022-08-21 12:44:10,259] {logging_mixin.py:109} INFO - [2022-08-21 12:44:10,259] {dagbag.py:500} INFO - Filling up the DagBag from /home/ubuntu/anaconda3/lib/python3.9/site-packages/airflow/example_dags/example_subdag_operator.py
[2022-08-21 12:44:10,307] {processor.py:632} INFO - DAG(s) dict_keys(['example_subdag_operator.section-1', 'example_subdag_operator.section-2', 'example_subdag_operator']) retrieved from /home/ubuntu/anaconda3/lib/python3.9/site-packages/airflow/example_dags/example_subdag_operator.py
[2022-08-21 12:44:10,311] {logging_mixin.py:109} WARNING - /home/ubuntu/anaconda3/lib/python3.9/site-packages/airflow/models/serialized_dag.py:120 SAWarning: TypeDecorator UtcDateTime(timezone=True) will not produce a cache key because the ``cache_ok`` attribute is not set to True.  This can have significant performance implications including some performance degradations in comparison to prior SQLAlchemy versions.  Set this attribute to True if this type object's state is safe to use in a cache key, or False to disable this warning. (Background on this error at: https://sqlalche.me/e/14/cprf)
[2022-08-21 12:44:10,321] {logging_mixin.py:109} INFO - [2022-08-21 12:44:10,321] {dag.py:2389} INFO - Sync 3 DAGs
[2022-08-21 12:44:10,330] {logging_mixin.py:109} WARNING - /home/ubuntu/anaconda3/lib/python3.9/site-packages/airflow/models/dag.py:2426 SAWarning: TypeDecorator UtcDateTime(timezone=True) will not produce a cache key because the ``cache_ok`` attribute is not set to True.  This can have significant performance implications including some performance degradations in comparison to prior SQLAlchemy versions.  Set this attribute to True if this type object's state is safe to use in a cache key, or False to disable this warning. (Background on this error at: https://sqlalche.me/e/14/cprf)
[2022-08-21 12:44:10,335] {logging_mixin.py:109} INFO - [2022-08-21 12:44:10,335] {dag.py:2914} INFO - Setting next_dagrun for example_subdag_operator to 2022-08-19T00:00:00+00:00
[2022-08-21 12:44:10,335] {logging_mixin.py:109} INFO - [2022-08-21 12:44:10,335] {dag.py:2914} INFO - Setting next_dagrun for example_subdag_operator.section-1 to None
[2022-08-21 12:44:10,335] {logging_mixin.py:109} INFO - [2022-08-21 12:44:10,335] {dag.py:2914} INFO - Setting next_dagrun for example_subdag_operator.section-2 to None
[2022-08-21 12:44:10,340] {logging_mixin.py:109} INFO - [2022-08-21 12:44:10,340] {dag.py:2389} INFO - Sync 2 DAGs
[2022-08-21 12:44:10,345] {logging_mixin.py:109} INFO - [2022-08-21 12:44:10,345] {dag.py:2914} INFO - Setting next_dagrun for example_subdag_operator.section-1 to None
[2022-08-21 12:44:10,345] {logging_mixin.py:109} INFO - [2022-08-21 12:44:10,345] {dag.py:2914} INFO - Setting next_dagrun for example_subdag_operator.section-2 to None
[2022-08-21 12:44:10,353] {processor.py:171} INFO - Processing /home/ubuntu/anaconda3/lib/python3.9/site-packages/airflow/example_dags/example_subdag_operator.py took 0.100 seconds
[2022-08-21 12:44:46,624] {processor.py:163} INFO - Started process (PID=74202) to work on /home/ubuntu/anaconda3/lib/python3.9/site-packages/airflow/example_dags/example_subdag_operator.py
[2022-08-21 12:44:46,624] {processor.py:620} INFO - Processing file /home/ubuntu/anaconda3/lib/python3.9/site-packages/airflow/example_dags/example_subdag_operator.py for tasks to queue
[2022-08-21 12:44:46,625] {logging_mixin.py:109} INFO - [2022-08-21 12:44:46,625] {dagbag.py:500} INFO - Filling up the DagBag from /home/ubuntu/anaconda3/lib/python3.9/site-packages/airflow/example_dags/example_subdag_operator.py
[2022-08-21 12:44:46,650] {processor.py:632} INFO - DAG(s) dict_keys(['example_subdag_operator.section-1', 'example_subdag_operator.section-2', 'example_subdag_operator']) retrieved from /home/ubuntu/anaconda3/lib/python3.9/site-packages/airflow/example_dags/example_subdag_operator.py
[2022-08-21 12:44:46,655] {logging_mixin.py:109} WARNING - /home/ubuntu/anaconda3/lib/python3.9/site-packages/airflow/models/serialized_dag.py:120 SAWarning: TypeDecorator UtcDateTime(timezone=True) will not produce a cache key because the ``cache_ok`` attribute is not set to True.  This can have significant performance implications including some performance degradations in comparison to prior SQLAlchemy versions.  Set this attribute to True if this type object's state is safe to use in a cache key, or False to disable this warning. (Background on this error at: https://sqlalche.me/e/14/cprf)
[2022-08-21 12:44:46,664] {logging_mixin.py:109} INFO - [2022-08-21 12:44:46,664] {dag.py:2389} INFO - Sync 3 DAGs
[2022-08-21 12:44:46,674] {logging_mixin.py:109} WARNING - /home/ubuntu/anaconda3/lib/python3.9/site-packages/airflow/models/dag.py:2426 SAWarning: TypeDecorator UtcDateTime(timezone=True) will not produce a cache key because the ``cache_ok`` attribute is not set to True.  This can have significant performance implications including some performance degradations in comparison to prior SQLAlchemy versions.  Set this attribute to True if this type object's state is safe to use in a cache key, or False to disable this warning. (Background on this error at: https://sqlalche.me/e/14/cprf)
[2022-08-21 12:44:46,680] {logging_mixin.py:109} INFO - [2022-08-21 12:44:46,680] {dag.py:2914} INFO - Setting next_dagrun for example_subdag_operator to 2022-08-19T00:00:00+00:00
[2022-08-21 12:44:46,680] {logging_mixin.py:109} INFO - [2022-08-21 12:44:46,680] {dag.py:2914} INFO - Setting next_dagrun for example_subdag_operator.section-1 to None
[2022-08-21 12:44:46,680] {logging_mixin.py:109} INFO - [2022-08-21 12:44:46,680] {dag.py:2914} INFO - Setting next_dagrun for example_subdag_operator.section-2 to None
[2022-08-21 12:44:46,685] {logging_mixin.py:109} INFO - [2022-08-21 12:44:46,685] {dag.py:2389} INFO - Sync 2 DAGs
[2022-08-21 12:44:46,690] {logging_mixin.py:109} INFO - [2022-08-21 12:44:46,690] {dag.py:2914} INFO - Setting next_dagrun for example_subdag_operator.section-1 to None
[2022-08-21 12:44:46,690] {logging_mixin.py:109} INFO - [2022-08-21 12:44:46,690] {dag.py:2914} INFO - Setting next_dagrun for example_subdag_operator.section-2 to None
[2022-08-21 12:44:46,699] {processor.py:171} INFO - Processing /home/ubuntu/anaconda3/lib/python3.9/site-packages/airflow/example_dags/example_subdag_operator.py took 0.077 seconds
[2022-08-21 12:45:21,594] {processor.py:163} INFO - Started process (PID=74349) to work on /home/ubuntu/anaconda3/lib/python3.9/site-packages/airflow/example_dags/example_subdag_operator.py
[2022-08-21 12:45:21,594] {processor.py:620} INFO - Processing file /home/ubuntu/anaconda3/lib/python3.9/site-packages/airflow/example_dags/example_subdag_operator.py for tasks to queue
[2022-08-21 12:45:21,595] {logging_mixin.py:109} INFO - [2022-08-21 12:45:21,595] {dagbag.py:500} INFO - Filling up the DagBag from /home/ubuntu/anaconda3/lib/python3.9/site-packages/airflow/example_dags/example_subdag_operator.py
[2022-08-21 12:45:21,619] {processor.py:632} INFO - DAG(s) dict_keys(['example_subdag_operator.section-1', 'example_subdag_operator.section-2', 'example_subdag_operator']) retrieved from /home/ubuntu/anaconda3/lib/python3.9/site-packages/airflow/example_dags/example_subdag_operator.py
[2022-08-21 12:45:21,623] {logging_mixin.py:109} WARNING - /home/ubuntu/anaconda3/lib/python3.9/site-packages/airflow/models/serialized_dag.py:120 SAWarning: TypeDecorator UtcDateTime(timezone=True) will not produce a cache key because the ``cache_ok`` attribute is not set to True.  This can have significant performance implications including some performance degradations in comparison to prior SQLAlchemy versions.  Set this attribute to True if this type object's state is safe to use in a cache key, or False to disable this warning. (Background on this error at: https://sqlalche.me/e/14/cprf)
[2022-08-21 12:45:21,632] {logging_mixin.py:109} INFO - [2022-08-21 12:45:21,631] {dag.py:2389} INFO - Sync 3 DAGs
[2022-08-21 12:45:21,641] {logging_mixin.py:109} WARNING - /home/ubuntu/anaconda3/lib/python3.9/site-packages/airflow/models/dag.py:2426 SAWarning: TypeDecorator UtcDateTime(timezone=True) will not produce a cache key because the ``cache_ok`` attribute is not set to True.  This can have significant performance implications including some performance degradations in comparison to prior SQLAlchemy versions.  Set this attribute to True if this type object's state is safe to use in a cache key, or False to disable this warning. (Background on this error at: https://sqlalche.me/e/14/cprf)
[2022-08-21 12:45:21,646] {logging_mixin.py:109} INFO - [2022-08-21 12:45:21,646] {dag.py:2914} INFO - Setting next_dagrun for example_subdag_operator to 2022-08-19T00:00:00+00:00
[2022-08-21 12:45:21,646] {logging_mixin.py:109} INFO - [2022-08-21 12:45:21,646] {dag.py:2914} INFO - Setting next_dagrun for example_subdag_operator.section-1 to None
[2022-08-21 12:45:21,646] {logging_mixin.py:109} INFO - [2022-08-21 12:45:21,646] {dag.py:2914} INFO - Setting next_dagrun for example_subdag_operator.section-2 to None
[2022-08-21 12:45:21,651] {logging_mixin.py:109} INFO - [2022-08-21 12:45:21,651] {dag.py:2389} INFO - Sync 2 DAGs
[2022-08-21 12:45:21,656] {logging_mixin.py:109} INFO - [2022-08-21 12:45:21,656] {dag.py:2914} INFO - Setting next_dagrun for example_subdag_operator.section-1 to None
[2022-08-21 12:45:21,656] {logging_mixin.py:109} INFO - [2022-08-21 12:45:21,656] {dag.py:2914} INFO - Setting next_dagrun for example_subdag_operator.section-2 to None
[2022-08-21 12:45:21,664] {processor.py:171} INFO - Processing /home/ubuntu/anaconda3/lib/python3.9/site-packages/airflow/example_dags/example_subdag_operator.py took 0.072 seconds
[2022-08-21 12:45:54,699] {processor.py:163} INFO - Started process (PID=74805) to work on /home/ubuntu/anaconda3/lib/python3.9/site-packages/airflow/example_dags/example_subdag_operator.py
[2022-08-21 12:45:54,699] {processor.py:620} INFO - Processing file /home/ubuntu/anaconda3/lib/python3.9/site-packages/airflow/example_dags/example_subdag_operator.py for tasks to queue
[2022-08-21 12:45:54,700] {logging_mixin.py:109} INFO - [2022-08-21 12:45:54,700] {dagbag.py:500} INFO - Filling up the DagBag from /home/ubuntu/anaconda3/lib/python3.9/site-packages/airflow/example_dags/example_subdag_operator.py
[2022-08-21 12:45:54,725] {processor.py:632} INFO - DAG(s) dict_keys(['example_subdag_operator.section-1', 'example_subdag_operator.section-2', 'example_subdag_operator']) retrieved from /home/ubuntu/anaconda3/lib/python3.9/site-packages/airflow/example_dags/example_subdag_operator.py
[2022-08-21 12:45:54,729] {logging_mixin.py:109} WARNING - /home/ubuntu/anaconda3/lib/python3.9/site-packages/airflow/models/serialized_dag.py:120 SAWarning: TypeDecorator UtcDateTime(timezone=True) will not produce a cache key because the ``cache_ok`` attribute is not set to True.  This can have significant performance implications including some performance degradations in comparison to prior SQLAlchemy versions.  Set this attribute to True if this type object's state is safe to use in a cache key, or False to disable this warning. (Background on this error at: https://sqlalche.me/e/14/cprf)
[2022-08-21 12:45:54,739] {logging_mixin.py:109} INFO - [2022-08-21 12:45:54,739] {dag.py:2389} INFO - Sync 3 DAGs
[2022-08-21 12:45:54,749] {logging_mixin.py:109} WARNING - /home/ubuntu/anaconda3/lib/python3.9/site-packages/airflow/models/dag.py:2426 SAWarning: TypeDecorator UtcDateTime(timezone=True) will not produce a cache key because the ``cache_ok`` attribute is not set to True.  This can have significant performance implications including some performance degradations in comparison to prior SQLAlchemy versions.  Set this attribute to True if this type object's state is safe to use in a cache key, or False to disable this warning. (Background on this error at: https://sqlalche.me/e/14/cprf)
[2022-08-21 12:45:54,754] {logging_mixin.py:109} INFO - [2022-08-21 12:45:54,754] {dag.py:2914} INFO - Setting next_dagrun for example_subdag_operator to 2022-08-19T00:00:00+00:00
[2022-08-21 12:45:54,754] {logging_mixin.py:109} INFO - [2022-08-21 12:45:54,754] {dag.py:2914} INFO - Setting next_dagrun for example_subdag_operator.section-1 to None
[2022-08-21 12:45:54,754] {logging_mixin.py:109} INFO - [2022-08-21 12:45:54,754] {dag.py:2914} INFO - Setting next_dagrun for example_subdag_operator.section-2 to None
[2022-08-21 12:45:54,759] {logging_mixin.py:109} INFO - [2022-08-21 12:45:54,759] {dag.py:2389} INFO - Sync 2 DAGs
[2022-08-21 12:45:54,764] {logging_mixin.py:109} INFO - [2022-08-21 12:45:54,764] {dag.py:2914} INFO - Setting next_dagrun for example_subdag_operator.section-1 to None
[2022-08-21 12:45:54,764] {logging_mixin.py:109} INFO - [2022-08-21 12:45:54,764] {dag.py:2914} INFO - Setting next_dagrun for example_subdag_operator.section-2 to None
[2022-08-21 12:45:54,773] {processor.py:171} INFO - Processing /home/ubuntu/anaconda3/lib/python3.9/site-packages/airflow/example_dags/example_subdag_operator.py took 0.076 seconds
