[2022-08-21 12:35:34,560] {processor.py:163} INFO - Started process (PID=72545) to work on /home/ubuntu/anaconda3/lib/python3.9/site-packages/airflow/example_dags/example_task_group.py
[2022-08-21 12:35:34,560] {processor.py:620} INFO - Processing file /home/ubuntu/anaconda3/lib/python3.9/site-packages/airflow/example_dags/example_task_group.py for tasks to queue
[2022-08-21 12:35:34,561] {logging_mixin.py:109} INFO - [2022-08-21 12:35:34,561] {dagbag.py:500} INFO - Filling up the DagBag from /home/ubuntu/anaconda3/lib/python3.9/site-packages/airflow/example_dags/example_task_group.py
[2022-08-21 12:35:34,581] {processor.py:632} INFO - DAG(s) dict_keys(['example_task_group']) retrieved from /home/ubuntu/anaconda3/lib/python3.9/site-packages/airflow/example_dags/example_task_group.py
[2022-08-21 12:35:34,585] {logging_mixin.py:109} WARNING - /home/ubuntu/anaconda3/lib/python3.9/site-packages/airflow/models/serialized_dag.py:120 SAWarning: TypeDecorator UtcDateTime(timezone=True) will not produce a cache key because the ``cache_ok`` attribute is not set to True.  This can have significant performance implications including some performance degradations in comparison to prior SQLAlchemy versions.  Set this attribute to True if this type object's state is safe to use in a cache key, or False to disable this warning. (Background on this error at: https://sqlalche.me/e/14/cprf)
[2022-08-21 12:35:34,594] {logging_mixin.py:109} INFO - [2022-08-21 12:35:34,594] {dag.py:2389} INFO - Sync 1 DAGs
[2022-08-21 12:35:34,605] {logging_mixin.py:109} WARNING - /home/ubuntu/anaconda3/lib/python3.9/site-packages/airflow/models/dag.py:2426 SAWarning: TypeDecorator UtcDateTime(timezone=True) will not produce a cache key because the ``cache_ok`` attribute is not set to True.  This can have significant performance implications including some performance degradations in comparison to prior SQLAlchemy versions.  Set this attribute to True if this type object's state is safe to use in a cache key, or False to disable this warning. (Background on this error at: https://sqlalche.me/e/14/cprf)
[2022-08-21 12:35:34,611] {logging_mixin.py:109} INFO - [2022-08-21 12:35:34,611] {dag.py:2914} INFO - Setting next_dagrun for example_task_group to 2022-08-20T12:35:34.611105+00:00
[2022-08-21 12:35:34,624] {processor.py:171} INFO - Processing /home/ubuntu/anaconda3/lib/python3.9/site-packages/airflow/example_dags/example_task_group.py took 0.067 seconds
[2022-08-21 12:36:09,862] {processor.py:163} INFO - Started process (PID=72648) to work on /home/ubuntu/anaconda3/lib/python3.9/site-packages/airflow/example_dags/example_task_group.py
[2022-08-21 12:36:09,863] {processor.py:620} INFO - Processing file /home/ubuntu/anaconda3/lib/python3.9/site-packages/airflow/example_dags/example_task_group.py for tasks to queue
[2022-08-21 12:36:09,863] {logging_mixin.py:109} INFO - [2022-08-21 12:36:09,863] {dagbag.py:500} INFO - Filling up the DagBag from /home/ubuntu/anaconda3/lib/python3.9/site-packages/airflow/example_dags/example_task_group.py
[2022-08-21 12:36:09,881] {processor.py:632} INFO - DAG(s) dict_keys(['example_task_group']) retrieved from /home/ubuntu/anaconda3/lib/python3.9/site-packages/airflow/example_dags/example_task_group.py
[2022-08-21 12:36:09,885] {logging_mixin.py:109} WARNING - /home/ubuntu/anaconda3/lib/python3.9/site-packages/airflow/models/serialized_dag.py:120 SAWarning: TypeDecorator UtcDateTime(timezone=True) will not produce a cache key because the ``cache_ok`` attribute is not set to True.  This can have significant performance implications including some performance degradations in comparison to prior SQLAlchemy versions.  Set this attribute to True if this type object's state is safe to use in a cache key, or False to disable this warning. (Background on this error at: https://sqlalche.me/e/14/cprf)
[2022-08-21 12:36:09,894] {logging_mixin.py:109} INFO - [2022-08-21 12:36:09,894] {dag.py:2389} INFO - Sync 1 DAGs
[2022-08-21 12:36:09,904] {logging_mixin.py:109} WARNING - /home/ubuntu/anaconda3/lib/python3.9/site-packages/airflow/models/dag.py:2426 SAWarning: TypeDecorator UtcDateTime(timezone=True) will not produce a cache key because the ``cache_ok`` attribute is not set to True.  This can have significant performance implications including some performance degradations in comparison to prior SQLAlchemy versions.  Set this attribute to True if this type object's state is safe to use in a cache key, or False to disable this warning. (Background on this error at: https://sqlalche.me/e/14/cprf)
[2022-08-21 12:36:09,909] {logging_mixin.py:109} INFO - [2022-08-21 12:36:09,909] {dag.py:2914} INFO - Setting next_dagrun for example_task_group to 2022-08-20T12:36:09.909381+00:00
[2022-08-21 12:36:09,922] {processor.py:171} INFO - Processing /home/ubuntu/anaconda3/lib/python3.9/site-packages/airflow/example_dags/example_task_group.py took 0.062 seconds
[2022-08-21 12:36:45,113] {processor.py:163} INFO - Started process (PID=72682) to work on /home/ubuntu/anaconda3/lib/python3.9/site-packages/airflow/example_dags/example_task_group.py
[2022-08-21 12:36:45,114] {processor.py:620} INFO - Processing file /home/ubuntu/anaconda3/lib/python3.9/site-packages/airflow/example_dags/example_task_group.py for tasks to queue
[2022-08-21 12:36:45,114] {logging_mixin.py:109} INFO - [2022-08-21 12:36:45,114] {dagbag.py:500} INFO - Filling up the DagBag from /home/ubuntu/anaconda3/lib/python3.9/site-packages/airflow/example_dags/example_task_group.py
[2022-08-21 12:36:45,133] {processor.py:632} INFO - DAG(s) dict_keys(['example_task_group']) retrieved from /home/ubuntu/anaconda3/lib/python3.9/site-packages/airflow/example_dags/example_task_group.py
[2022-08-21 12:36:45,136] {logging_mixin.py:109} WARNING - /home/ubuntu/anaconda3/lib/python3.9/site-packages/airflow/models/serialized_dag.py:120 SAWarning: TypeDecorator UtcDateTime(timezone=True) will not produce a cache key because the ``cache_ok`` attribute is not set to True.  This can have significant performance implications including some performance degradations in comparison to prior SQLAlchemy versions.  Set this attribute to True if this type object's state is safe to use in a cache key, or False to disable this warning. (Background on this error at: https://sqlalche.me/e/14/cprf)
[2022-08-21 12:36:45,145] {logging_mixin.py:109} INFO - [2022-08-21 12:36:45,145] {dag.py:2389} INFO - Sync 1 DAGs
[2022-08-21 12:36:45,154] {logging_mixin.py:109} WARNING - /home/ubuntu/anaconda3/lib/python3.9/site-packages/airflow/models/dag.py:2426 SAWarning: TypeDecorator UtcDateTime(timezone=True) will not produce a cache key because the ``cache_ok`` attribute is not set to True.  This can have significant performance implications including some performance degradations in comparison to prior SQLAlchemy versions.  Set this attribute to True if this type object's state is safe to use in a cache key, or False to disable this warning. (Background on this error at: https://sqlalche.me/e/14/cprf)
[2022-08-21 12:36:45,159] {logging_mixin.py:109} INFO - [2022-08-21 12:36:45,159] {dag.py:2914} INFO - Setting next_dagrun for example_task_group to 2022-08-20T12:36:45.159538+00:00
[2022-08-21 12:36:45,171] {processor.py:171} INFO - Processing /home/ubuntu/anaconda3/lib/python3.9/site-packages/airflow/example_dags/example_task_group.py took 0.059 seconds
[2022-08-21 12:37:31,316] {processor.py:163} INFO - Started process (PID=72969) to work on /home/ubuntu/anaconda3/lib/python3.9/site-packages/airflow/example_dags/example_task_group.py
[2022-08-21 12:37:31,316] {processor.py:620} INFO - Processing file /home/ubuntu/anaconda3/lib/python3.9/site-packages/airflow/example_dags/example_task_group.py for tasks to queue
[2022-08-21 12:37:31,317] {logging_mixin.py:109} INFO - [2022-08-21 12:37:31,316] {dagbag.py:500} INFO - Filling up the DagBag from /home/ubuntu/anaconda3/lib/python3.9/site-packages/airflow/example_dags/example_task_group.py
[2022-08-21 12:37:31,335] {processor.py:632} INFO - DAG(s) dict_keys(['example_task_group']) retrieved from /home/ubuntu/anaconda3/lib/python3.9/site-packages/airflow/example_dags/example_task_group.py
[2022-08-21 12:37:31,339] {logging_mixin.py:109} WARNING - /home/ubuntu/anaconda3/lib/python3.9/site-packages/airflow/models/serialized_dag.py:120 SAWarning: TypeDecorator UtcDateTime(timezone=True) will not produce a cache key because the ``cache_ok`` attribute is not set to True.  This can have significant performance implications including some performance degradations in comparison to prior SQLAlchemy versions.  Set this attribute to True if this type object's state is safe to use in a cache key, or False to disable this warning. (Background on this error at: https://sqlalche.me/e/14/cprf)
[2022-08-21 12:37:31,347] {logging_mixin.py:109} INFO - [2022-08-21 12:37:31,347] {dag.py:2389} INFO - Sync 1 DAGs
[2022-08-21 12:37:31,357] {logging_mixin.py:109} WARNING - /home/ubuntu/anaconda3/lib/python3.9/site-packages/airflow/models/dag.py:2426 SAWarning: TypeDecorator UtcDateTime(timezone=True) will not produce a cache key because the ``cache_ok`` attribute is not set to True.  This can have significant performance implications including some performance degradations in comparison to prior SQLAlchemy versions.  Set this attribute to True if this type object's state is safe to use in a cache key, or False to disable this warning. (Background on this error at: https://sqlalche.me/e/14/cprf)
[2022-08-21 12:37:31,362] {logging_mixin.py:109} INFO - [2022-08-21 12:37:31,362] {dag.py:2914} INFO - Setting next_dagrun for example_task_group to 2022-08-20T12:37:31.362022+00:00
[2022-08-21 12:37:31,374] {processor.py:171} INFO - Processing /home/ubuntu/anaconda3/lib/python3.9/site-packages/airflow/example_dags/example_task_group.py took 0.060 seconds
[2022-08-21 12:38:06,697] {processor.py:163} INFO - Started process (PID=73101) to work on /home/ubuntu/anaconda3/lib/python3.9/site-packages/airflow/example_dags/example_task_group.py
[2022-08-21 12:38:06,698] {processor.py:620} INFO - Processing file /home/ubuntu/anaconda3/lib/python3.9/site-packages/airflow/example_dags/example_task_group.py for tasks to queue
[2022-08-21 12:38:06,698] {logging_mixin.py:109} INFO - [2022-08-21 12:38:06,698] {dagbag.py:500} INFO - Filling up the DagBag from /home/ubuntu/anaconda3/lib/python3.9/site-packages/airflow/example_dags/example_task_group.py
[2022-08-21 12:38:06,717] {processor.py:632} INFO - DAG(s) dict_keys(['example_task_group']) retrieved from /home/ubuntu/anaconda3/lib/python3.9/site-packages/airflow/example_dags/example_task_group.py
[2022-08-21 12:38:06,722] {logging_mixin.py:109} WARNING - /home/ubuntu/anaconda3/lib/python3.9/site-packages/airflow/models/serialized_dag.py:120 SAWarning: TypeDecorator UtcDateTime(timezone=True) will not produce a cache key because the ``cache_ok`` attribute is not set to True.  This can have significant performance implications including some performance degradations in comparison to prior SQLAlchemy versions.  Set this attribute to True if this type object's state is safe to use in a cache key, or False to disable this warning. (Background on this error at: https://sqlalche.me/e/14/cprf)
[2022-08-21 12:38:06,730] {logging_mixin.py:109} INFO - [2022-08-21 12:38:06,730] {dag.py:2389} INFO - Sync 1 DAGs
[2022-08-21 12:38:06,740] {logging_mixin.py:109} WARNING - /home/ubuntu/anaconda3/lib/python3.9/site-packages/airflow/models/dag.py:2426 SAWarning: TypeDecorator UtcDateTime(timezone=True) will not produce a cache key because the ``cache_ok`` attribute is not set to True.  This can have significant performance implications including some performance degradations in comparison to prior SQLAlchemy versions.  Set this attribute to True if this type object's state is safe to use in a cache key, or False to disable this warning. (Background on this error at: https://sqlalche.me/e/14/cprf)
[2022-08-21 12:38:06,745] {logging_mixin.py:109} INFO - [2022-08-21 12:38:06,745] {dag.py:2914} INFO - Setting next_dagrun for example_task_group to 2022-08-20T12:38:06.745110+00:00
[2022-08-21 12:38:06,756] {processor.py:171} INFO - Processing /home/ubuntu/anaconda3/lib/python3.9/site-packages/airflow/example_dags/example_task_group.py took 0.062 seconds
[2022-08-21 12:38:41,939] {processor.py:163} INFO - Started process (PID=73135) to work on /home/ubuntu/anaconda3/lib/python3.9/site-packages/airflow/example_dags/example_task_group.py
[2022-08-21 12:38:41,939] {processor.py:620} INFO - Processing file /home/ubuntu/anaconda3/lib/python3.9/site-packages/airflow/example_dags/example_task_group.py for tasks to queue
[2022-08-21 12:38:41,940] {logging_mixin.py:109} INFO - [2022-08-21 12:38:41,940] {dagbag.py:500} INFO - Filling up the DagBag from /home/ubuntu/anaconda3/lib/python3.9/site-packages/airflow/example_dags/example_task_group.py
[2022-08-21 12:38:41,959] {processor.py:632} INFO - DAG(s) dict_keys(['example_task_group']) retrieved from /home/ubuntu/anaconda3/lib/python3.9/site-packages/airflow/example_dags/example_task_group.py
[2022-08-21 12:38:41,963] {logging_mixin.py:109} WARNING - /home/ubuntu/anaconda3/lib/python3.9/site-packages/airflow/models/serialized_dag.py:120 SAWarning: TypeDecorator UtcDateTime(timezone=True) will not produce a cache key because the ``cache_ok`` attribute is not set to True.  This can have significant performance implications including some performance degradations in comparison to prior SQLAlchemy versions.  Set this attribute to True if this type object's state is safe to use in a cache key, or False to disable this warning. (Background on this error at: https://sqlalche.me/e/14/cprf)
[2022-08-21 12:38:41,971] {logging_mixin.py:109} INFO - [2022-08-21 12:38:41,971] {dag.py:2389} INFO - Sync 1 DAGs
[2022-08-21 12:38:41,981] {logging_mixin.py:109} WARNING - /home/ubuntu/anaconda3/lib/python3.9/site-packages/airflow/models/dag.py:2426 SAWarning: TypeDecorator UtcDateTime(timezone=True) will not produce a cache key because the ``cache_ok`` attribute is not set to True.  This can have significant performance implications including some performance degradations in comparison to prior SQLAlchemy versions.  Set this attribute to True if this type object's state is safe to use in a cache key, or False to disable this warning. (Background on this error at: https://sqlalche.me/e/14/cprf)
[2022-08-21 12:38:41,986] {logging_mixin.py:109} INFO - [2022-08-21 12:38:41,986] {dag.py:2914} INFO - Setting next_dagrun for example_task_group to 2022-08-20T12:38:41.985957+00:00
[2022-08-21 12:38:41,998] {processor.py:171} INFO - Processing /home/ubuntu/anaconda3/lib/python3.9/site-packages/airflow/example_dags/example_task_group.py took 0.061 seconds
[2022-08-21 12:39:16,932] {processor.py:163} INFO - Started process (PID=73229) to work on /home/ubuntu/anaconda3/lib/python3.9/site-packages/airflow/example_dags/example_task_group.py
[2022-08-21 12:39:16,933] {processor.py:620} INFO - Processing file /home/ubuntu/anaconda3/lib/python3.9/site-packages/airflow/example_dags/example_task_group.py for tasks to queue
[2022-08-21 12:39:16,933] {logging_mixin.py:109} INFO - [2022-08-21 12:39:16,933] {dagbag.py:500} INFO - Filling up the DagBag from /home/ubuntu/anaconda3/lib/python3.9/site-packages/airflow/example_dags/example_task_group.py
[2022-08-21 12:39:16,952] {processor.py:632} INFO - DAG(s) dict_keys(['example_task_group']) retrieved from /home/ubuntu/anaconda3/lib/python3.9/site-packages/airflow/example_dags/example_task_group.py
[2022-08-21 12:39:16,956] {logging_mixin.py:109} WARNING - /home/ubuntu/anaconda3/lib/python3.9/site-packages/airflow/models/serialized_dag.py:120 SAWarning: TypeDecorator UtcDateTime(timezone=True) will not produce a cache key because the ``cache_ok`` attribute is not set to True.  This can have significant performance implications including some performance degradations in comparison to prior SQLAlchemy versions.  Set this attribute to True if this type object's state is safe to use in a cache key, or False to disable this warning. (Background on this error at: https://sqlalche.me/e/14/cprf)
[2022-08-21 12:39:16,965] {logging_mixin.py:109} INFO - [2022-08-21 12:39:16,965] {dag.py:2389} INFO - Sync 1 DAGs
[2022-08-21 12:39:16,975] {logging_mixin.py:109} WARNING - /home/ubuntu/anaconda3/lib/python3.9/site-packages/airflow/models/dag.py:2426 SAWarning: TypeDecorator UtcDateTime(timezone=True) will not produce a cache key because the ``cache_ok`` attribute is not set to True.  This can have significant performance implications including some performance degradations in comparison to prior SQLAlchemy versions.  Set this attribute to True if this type object's state is safe to use in a cache key, or False to disable this warning. (Background on this error at: https://sqlalche.me/e/14/cprf)
[2022-08-21 12:39:16,980] {logging_mixin.py:109} INFO - [2022-08-21 12:39:16,980] {dag.py:2914} INFO - Setting next_dagrun for example_task_group to 2022-08-20T12:39:16.979856+00:00
[2022-08-21 12:39:16,992] {processor.py:171} INFO - Processing /home/ubuntu/anaconda3/lib/python3.9/site-packages/airflow/example_dags/example_task_group.py took 0.062 seconds
[2022-08-21 12:39:51,878] {processor.py:163} INFO - Started process (PID=73262) to work on /home/ubuntu/anaconda3/lib/python3.9/site-packages/airflow/example_dags/example_task_group.py
[2022-08-21 12:39:51,878] {processor.py:620} INFO - Processing file /home/ubuntu/anaconda3/lib/python3.9/site-packages/airflow/example_dags/example_task_group.py for tasks to queue
[2022-08-21 12:39:51,879] {logging_mixin.py:109} INFO - [2022-08-21 12:39:51,879] {dagbag.py:500} INFO - Filling up the DagBag from /home/ubuntu/anaconda3/lib/python3.9/site-packages/airflow/example_dags/example_task_group.py
[2022-08-21 12:39:51,896] {processor.py:632} INFO - DAG(s) dict_keys(['example_task_group']) retrieved from /home/ubuntu/anaconda3/lib/python3.9/site-packages/airflow/example_dags/example_task_group.py
[2022-08-21 12:39:51,901] {logging_mixin.py:109} WARNING - /home/ubuntu/anaconda3/lib/python3.9/site-packages/airflow/models/serialized_dag.py:120 SAWarning: TypeDecorator UtcDateTime(timezone=True) will not produce a cache key because the ``cache_ok`` attribute is not set to True.  This can have significant performance implications including some performance degradations in comparison to prior SQLAlchemy versions.  Set this attribute to True if this type object's state is safe to use in a cache key, or False to disable this warning. (Background on this error at: https://sqlalche.me/e/14/cprf)
[2022-08-21 12:39:51,909] {logging_mixin.py:109} INFO - [2022-08-21 12:39:51,909] {dag.py:2389} INFO - Sync 1 DAGs
[2022-08-21 12:39:51,919] {logging_mixin.py:109} WARNING - /home/ubuntu/anaconda3/lib/python3.9/site-packages/airflow/models/dag.py:2426 SAWarning: TypeDecorator UtcDateTime(timezone=True) will not produce a cache key because the ``cache_ok`` attribute is not set to True.  This can have significant performance implications including some performance degradations in comparison to prior SQLAlchemy versions.  Set this attribute to True if this type object's state is safe to use in a cache key, or False to disable this warning. (Background on this error at: https://sqlalche.me/e/14/cprf)
[2022-08-21 12:39:51,924] {logging_mixin.py:109} INFO - [2022-08-21 12:39:51,924] {dag.py:2914} INFO - Setting next_dagrun for example_task_group to 2022-08-20T12:39:51.924395+00:00
[2022-08-21 12:39:51,937] {processor.py:171} INFO - Processing /home/ubuntu/anaconda3/lib/python3.9/site-packages/airflow/example_dags/example_task_group.py took 0.061 seconds
[2022-08-21 12:40:26,470] {processor.py:163} INFO - Started process (PID=73296) to work on /home/ubuntu/anaconda3/lib/python3.9/site-packages/airflow/example_dags/example_task_group.py
[2022-08-21 12:40:26,470] {processor.py:620} INFO - Processing file /home/ubuntu/anaconda3/lib/python3.9/site-packages/airflow/example_dags/example_task_group.py for tasks to queue
[2022-08-21 12:40:26,471] {logging_mixin.py:109} INFO - [2022-08-21 12:40:26,470] {dagbag.py:500} INFO - Filling up the DagBag from /home/ubuntu/anaconda3/lib/python3.9/site-packages/airflow/example_dags/example_task_group.py
[2022-08-21 12:40:26,489] {processor.py:632} INFO - DAG(s) dict_keys(['example_task_group']) retrieved from /home/ubuntu/anaconda3/lib/python3.9/site-packages/airflow/example_dags/example_task_group.py
[2022-08-21 12:40:26,494] {logging_mixin.py:109} WARNING - /home/ubuntu/anaconda3/lib/python3.9/site-packages/airflow/models/serialized_dag.py:120 SAWarning: TypeDecorator UtcDateTime(timezone=True) will not produce a cache key because the ``cache_ok`` attribute is not set to True.  This can have significant performance implications including some performance degradations in comparison to prior SQLAlchemy versions.  Set this attribute to True if this type object's state is safe to use in a cache key, or False to disable this warning. (Background on this error at: https://sqlalche.me/e/14/cprf)
[2022-08-21 12:40:26,503] {logging_mixin.py:109} INFO - [2022-08-21 12:40:26,503] {dag.py:2389} INFO - Sync 1 DAGs
[2022-08-21 12:40:26,513] {logging_mixin.py:109} WARNING - /home/ubuntu/anaconda3/lib/python3.9/site-packages/airflow/models/dag.py:2426 SAWarning: TypeDecorator UtcDateTime(timezone=True) will not produce a cache key because the ``cache_ok`` attribute is not set to True.  This can have significant performance implications including some performance degradations in comparison to prior SQLAlchemy versions.  Set this attribute to True if this type object's state is safe to use in a cache key, or False to disable this warning. (Background on this error at: https://sqlalche.me/e/14/cprf)
[2022-08-21 12:40:26,518] {logging_mixin.py:109} INFO - [2022-08-21 12:40:26,518] {dag.py:2914} INFO - Setting next_dagrun for example_task_group to 2022-08-20T12:40:26.518109+00:00
[2022-08-21 12:40:26,530] {processor.py:171} INFO - Processing /home/ubuntu/anaconda3/lib/python3.9/site-packages/airflow/example_dags/example_task_group.py took 0.063 seconds
[2022-08-21 12:41:01,406] {processor.py:163} INFO - Started process (PID=73377) to work on /home/ubuntu/anaconda3/lib/python3.9/site-packages/airflow/example_dags/example_task_group.py
[2022-08-21 12:41:01,406] {processor.py:620} INFO - Processing file /home/ubuntu/anaconda3/lib/python3.9/site-packages/airflow/example_dags/example_task_group.py for tasks to queue
[2022-08-21 12:41:01,406] {logging_mixin.py:109} INFO - [2022-08-21 12:41:01,406] {dagbag.py:500} INFO - Filling up the DagBag from /home/ubuntu/anaconda3/lib/python3.9/site-packages/airflow/example_dags/example_task_group.py
[2022-08-21 12:41:01,425] {processor.py:632} INFO - DAG(s) dict_keys(['example_task_group']) retrieved from /home/ubuntu/anaconda3/lib/python3.9/site-packages/airflow/example_dags/example_task_group.py
[2022-08-21 12:41:01,429] {logging_mixin.py:109} WARNING - /home/ubuntu/anaconda3/lib/python3.9/site-packages/airflow/models/serialized_dag.py:120 SAWarning: TypeDecorator UtcDateTime(timezone=True) will not produce a cache key because the ``cache_ok`` attribute is not set to True.  This can have significant performance implications including some performance degradations in comparison to prior SQLAlchemy versions.  Set this attribute to True if this type object's state is safe to use in a cache key, or False to disable this warning. (Background on this error at: https://sqlalche.me/e/14/cprf)
[2022-08-21 12:41:01,438] {logging_mixin.py:109} INFO - [2022-08-21 12:41:01,438] {dag.py:2389} INFO - Sync 1 DAGs
[2022-08-21 12:41:01,448] {logging_mixin.py:109} WARNING - /home/ubuntu/anaconda3/lib/python3.9/site-packages/airflow/models/dag.py:2426 SAWarning: TypeDecorator UtcDateTime(timezone=True) will not produce a cache key because the ``cache_ok`` attribute is not set to True.  This can have significant performance implications including some performance degradations in comparison to prior SQLAlchemy versions.  Set this attribute to True if this type object's state is safe to use in a cache key, or False to disable this warning. (Background on this error at: https://sqlalche.me/e/14/cprf)
[2022-08-21 12:41:01,453] {logging_mixin.py:109} INFO - [2022-08-21 12:41:01,453] {dag.py:2914} INFO - Setting next_dagrun for example_task_group to 2022-08-20T12:41:01.453009+00:00
[2022-08-21 12:41:01,465] {processor.py:171} INFO - Processing /home/ubuntu/anaconda3/lib/python3.9/site-packages/airflow/example_dags/example_task_group.py took 0.062 seconds
[2022-08-21 12:41:36,577] {processor.py:163} INFO - Started process (PID=73485) to work on /home/ubuntu/anaconda3/lib/python3.9/site-packages/airflow/example_dags/example_task_group.py
[2022-08-21 12:41:36,578] {processor.py:620} INFO - Processing file /home/ubuntu/anaconda3/lib/python3.9/site-packages/airflow/example_dags/example_task_group.py for tasks to queue
[2022-08-21 12:41:36,578] {logging_mixin.py:109} INFO - [2022-08-21 12:41:36,578] {dagbag.py:500} INFO - Filling up the DagBag from /home/ubuntu/anaconda3/lib/python3.9/site-packages/airflow/example_dags/example_task_group.py
[2022-08-21 12:41:36,597] {processor.py:632} INFO - DAG(s) dict_keys(['example_task_group']) retrieved from /home/ubuntu/anaconda3/lib/python3.9/site-packages/airflow/example_dags/example_task_group.py
[2022-08-21 12:41:36,601] {logging_mixin.py:109} WARNING - /home/ubuntu/anaconda3/lib/python3.9/site-packages/airflow/models/serialized_dag.py:120 SAWarning: TypeDecorator UtcDateTime(timezone=True) will not produce a cache key because the ``cache_ok`` attribute is not set to True.  This can have significant performance implications including some performance degradations in comparison to prior SQLAlchemy versions.  Set this attribute to True if this type object's state is safe to use in a cache key, or False to disable this warning. (Background on this error at: https://sqlalche.me/e/14/cprf)
[2022-08-21 12:41:36,610] {logging_mixin.py:109} INFO - [2022-08-21 12:41:36,609] {dag.py:2389} INFO - Sync 1 DAGs
[2022-08-21 12:41:36,619] {logging_mixin.py:109} WARNING - /home/ubuntu/anaconda3/lib/python3.9/site-packages/airflow/models/dag.py:2426 SAWarning: TypeDecorator UtcDateTime(timezone=True) will not produce a cache key because the ``cache_ok`` attribute is not set to True.  This can have significant performance implications including some performance degradations in comparison to prior SQLAlchemy versions.  Set this attribute to True if this type object's state is safe to use in a cache key, or False to disable this warning. (Background on this error at: https://sqlalche.me/e/14/cprf)
[2022-08-21 12:41:36,624] {logging_mixin.py:109} INFO - [2022-08-21 12:41:36,624] {dag.py:2914} INFO - Setting next_dagrun for example_task_group to 2022-08-20T12:41:36.624239+00:00
[2022-08-21 12:41:36,635] {processor.py:171} INFO - Processing /home/ubuntu/anaconda3/lib/python3.9/site-packages/airflow/example_dags/example_task_group.py took 0.060 seconds
[2022-08-21 12:42:12,249] {processor.py:163} INFO - Started process (PID=73520) to work on /home/ubuntu/anaconda3/lib/python3.9/site-packages/airflow/example_dags/example_task_group.py
[2022-08-21 12:42:12,249] {processor.py:620} INFO - Processing file /home/ubuntu/anaconda3/lib/python3.9/site-packages/airflow/example_dags/example_task_group.py for tasks to queue
[2022-08-21 12:42:12,250] {logging_mixin.py:109} INFO - [2022-08-21 12:42:12,250] {dagbag.py:500} INFO - Filling up the DagBag from /home/ubuntu/anaconda3/lib/python3.9/site-packages/airflow/example_dags/example_task_group.py
[2022-08-21 12:42:12,268] {processor.py:632} INFO - DAG(s) dict_keys(['example_task_group']) retrieved from /home/ubuntu/anaconda3/lib/python3.9/site-packages/airflow/example_dags/example_task_group.py
[2022-08-21 12:42:12,272] {logging_mixin.py:109} WARNING - /home/ubuntu/anaconda3/lib/python3.9/site-packages/airflow/models/serialized_dag.py:120 SAWarning: TypeDecorator UtcDateTime(timezone=True) will not produce a cache key because the ``cache_ok`` attribute is not set to True.  This can have significant performance implications including some performance degradations in comparison to prior SQLAlchemy versions.  Set this attribute to True if this type object's state is safe to use in a cache key, or False to disable this warning. (Background on this error at: https://sqlalche.me/e/14/cprf)
[2022-08-21 12:42:12,280] {logging_mixin.py:109} INFO - [2022-08-21 12:42:12,280] {dag.py:2389} INFO - Sync 1 DAGs
[2022-08-21 12:42:12,290] {logging_mixin.py:109} WARNING - /home/ubuntu/anaconda3/lib/python3.9/site-packages/airflow/models/dag.py:2426 SAWarning: TypeDecorator UtcDateTime(timezone=True) will not produce a cache key because the ``cache_ok`` attribute is not set to True.  This can have significant performance implications including some performance degradations in comparison to prior SQLAlchemy versions.  Set this attribute to True if this type object's state is safe to use in a cache key, or False to disable this warning. (Background on this error at: https://sqlalche.me/e/14/cprf)
[2022-08-21 12:42:12,296] {logging_mixin.py:109} INFO - [2022-08-21 12:42:12,296] {dag.py:2914} INFO - Setting next_dagrun for example_task_group to 2022-08-20T12:42:12.296595+00:00
[2022-08-21 12:42:12,308] {processor.py:171} INFO - Processing /home/ubuntu/anaconda3/lib/python3.9/site-packages/airflow/example_dags/example_task_group.py took 0.061 seconds
[2022-08-21 12:42:48,539] {processor.py:163} INFO - Started process (PID=73689) to work on /home/ubuntu/anaconda3/lib/python3.9/site-packages/airflow/example_dags/example_task_group.py
[2022-08-21 12:42:48,540] {processor.py:620} INFO - Processing file /home/ubuntu/anaconda3/lib/python3.9/site-packages/airflow/example_dags/example_task_group.py for tasks to queue
[2022-08-21 12:42:48,540] {logging_mixin.py:109} INFO - [2022-08-21 12:42:48,540] {dagbag.py:500} INFO - Filling up the DagBag from /home/ubuntu/anaconda3/lib/python3.9/site-packages/airflow/example_dags/example_task_group.py
[2022-08-21 12:42:48,563] {processor.py:632} INFO - DAG(s) dict_keys(['example_task_group']) retrieved from /home/ubuntu/anaconda3/lib/python3.9/site-packages/airflow/example_dags/example_task_group.py
[2022-08-21 12:42:48,568] {logging_mixin.py:109} WARNING - /home/ubuntu/anaconda3/lib/python3.9/site-packages/airflow/models/serialized_dag.py:120 SAWarning: TypeDecorator UtcDateTime(timezone=True) will not produce a cache key because the ``cache_ok`` attribute is not set to True.  This can have significant performance implications including some performance degradations in comparison to prior SQLAlchemy versions.  Set this attribute to True if this type object's state is safe to use in a cache key, or False to disable this warning. (Background on this error at: https://sqlalche.me/e/14/cprf)
[2022-08-21 12:42:48,577] {logging_mixin.py:109} INFO - [2022-08-21 12:42:48,577] {dag.py:2389} INFO - Sync 1 DAGs
[2022-08-21 12:42:48,587] {logging_mixin.py:109} WARNING - /home/ubuntu/anaconda3/lib/python3.9/site-packages/airflow/models/dag.py:2426 SAWarning: TypeDecorator UtcDateTime(timezone=True) will not produce a cache key because the ``cache_ok`` attribute is not set to True.  This can have significant performance implications including some performance degradations in comparison to prior SQLAlchemy versions.  Set this attribute to True if this type object's state is safe to use in a cache key, or False to disable this warning. (Background on this error at: https://sqlalche.me/e/14/cprf)
[2022-08-21 12:42:48,593] {logging_mixin.py:109} INFO - [2022-08-21 12:42:48,593] {dag.py:2914} INFO - Setting next_dagrun for example_task_group to 2022-08-20T12:42:48.593124+00:00
[2022-08-21 12:42:48,605] {processor.py:171} INFO - Processing /home/ubuntu/anaconda3/lib/python3.9/site-packages/airflow/example_dags/example_task_group.py took 0.067 seconds
[2022-08-21 12:43:22,369] {processor.py:163} INFO - Started process (PID=73783) to work on /home/ubuntu/anaconda3/lib/python3.9/site-packages/airflow/example_dags/example_task_group.py
[2022-08-21 12:43:22,369] {processor.py:620} INFO - Processing file /home/ubuntu/anaconda3/lib/python3.9/site-packages/airflow/example_dags/example_task_group.py for tasks to queue
[2022-08-21 12:43:22,370] {logging_mixin.py:109} INFO - [2022-08-21 12:43:22,369] {dagbag.py:500} INFO - Filling up the DagBag from /home/ubuntu/anaconda3/lib/python3.9/site-packages/airflow/example_dags/example_task_group.py
[2022-08-21 12:43:22,389] {processor.py:632} INFO - DAG(s) dict_keys(['example_task_group']) retrieved from /home/ubuntu/anaconda3/lib/python3.9/site-packages/airflow/example_dags/example_task_group.py
[2022-08-21 12:43:22,393] {logging_mixin.py:109} WARNING - /home/ubuntu/anaconda3/lib/python3.9/site-packages/airflow/models/serialized_dag.py:120 SAWarning: TypeDecorator UtcDateTime(timezone=True) will not produce a cache key because the ``cache_ok`` attribute is not set to True.  This can have significant performance implications including some performance degradations in comparison to prior SQLAlchemy versions.  Set this attribute to True if this type object's state is safe to use in a cache key, or False to disable this warning. (Background on this error at: https://sqlalche.me/e/14/cprf)
[2022-08-21 12:43:22,401] {logging_mixin.py:109} INFO - [2022-08-21 12:43:22,401] {dag.py:2389} INFO - Sync 1 DAGs
[2022-08-21 12:43:22,411] {logging_mixin.py:109} WARNING - /home/ubuntu/anaconda3/lib/python3.9/site-packages/airflow/models/dag.py:2426 SAWarning: TypeDecorator UtcDateTime(timezone=True) will not produce a cache key because the ``cache_ok`` attribute is not set to True.  This can have significant performance implications including some performance degradations in comparison to prior SQLAlchemy versions.  Set this attribute to True if this type object's state is safe to use in a cache key, or False to disable this warning. (Background on this error at: https://sqlalche.me/e/14/cprf)
[2022-08-21 12:43:22,417] {logging_mixin.py:109} INFO - [2022-08-21 12:43:22,417] {dag.py:2914} INFO - Setting next_dagrun for example_task_group to 2022-08-20T12:43:22.416816+00:00
[2022-08-21 12:43:22,429] {processor.py:171} INFO - Processing /home/ubuntu/anaconda3/lib/python3.9/site-packages/airflow/example_dags/example_task_group.py took 0.063 seconds
[2022-08-21 12:43:58,575] {processor.py:163} INFO - Started process (PID=74018) to work on /home/ubuntu/anaconda3/lib/python3.9/site-packages/airflow/example_dags/example_task_group.py
[2022-08-21 12:43:58,580] {processor.py:620} INFO - Processing file /home/ubuntu/anaconda3/lib/python3.9/site-packages/airflow/example_dags/example_task_group.py for tasks to queue
[2022-08-21 12:43:58,581] {logging_mixin.py:109} INFO - [2022-08-21 12:43:58,581] {dagbag.py:500} INFO - Filling up the DagBag from /home/ubuntu/anaconda3/lib/python3.9/site-packages/airflow/example_dags/example_task_group.py
[2022-08-21 12:43:58,637] {processor.py:632} INFO - DAG(s) dict_keys(['example_task_group']) retrieved from /home/ubuntu/anaconda3/lib/python3.9/site-packages/airflow/example_dags/example_task_group.py
[2022-08-21 12:43:58,655] {logging_mixin.py:109} WARNING - /home/ubuntu/anaconda3/lib/python3.9/site-packages/airflow/models/serialized_dag.py:120 SAWarning: TypeDecorator UtcDateTime(timezone=True) will not produce a cache key because the ``cache_ok`` attribute is not set to True.  This can have significant performance implications including some performance degradations in comparison to prior SQLAlchemy versions.  Set this attribute to True if this type object's state is safe to use in a cache key, or False to disable this warning. (Background on this error at: https://sqlalche.me/e/14/cprf)
[2022-08-21 12:43:58,702] {logging_mixin.py:109} INFO - [2022-08-21 12:43:58,701] {dag.py:2389} INFO - Sync 1 DAGs
[2022-08-21 12:43:58,748] {logging_mixin.py:109} WARNING - /home/ubuntu/anaconda3/lib/python3.9/site-packages/airflow/models/dag.py:2426 SAWarning: TypeDecorator UtcDateTime(timezone=True) will not produce a cache key because the ``cache_ok`` attribute is not set to True.  This can have significant performance implications including some performance degradations in comparison to prior SQLAlchemy versions.  Set this attribute to True if this type object's state is safe to use in a cache key, or False to disable this warning. (Background on this error at: https://sqlalche.me/e/14/cprf)
[2022-08-21 12:43:58,767] {logging_mixin.py:109} INFO - [2022-08-21 12:43:58,767] {dag.py:2914} INFO - Setting next_dagrun for example_task_group to 2022-08-20T12:43:58.766813+00:00
[2022-08-21 12:43:58,814] {processor.py:171} INFO - Processing /home/ubuntu/anaconda3/lib/python3.9/site-packages/airflow/example_dags/example_task_group.py took 0.241 seconds
[2022-08-21 12:44:38,028] {processor.py:163} INFO - Started process (PID=74173) to work on /home/ubuntu/anaconda3/lib/python3.9/site-packages/airflow/example_dags/example_task_group.py
[2022-08-21 12:44:38,029] {processor.py:620} INFO - Processing file /home/ubuntu/anaconda3/lib/python3.9/site-packages/airflow/example_dags/example_task_group.py for tasks to queue
[2022-08-21 12:44:38,029] {logging_mixin.py:109} INFO - [2022-08-21 12:44:38,029] {dagbag.py:500} INFO - Filling up the DagBag from /home/ubuntu/anaconda3/lib/python3.9/site-packages/airflow/example_dags/example_task_group.py
[2022-08-21 12:44:38,048] {processor.py:632} INFO - DAG(s) dict_keys(['example_task_group']) retrieved from /home/ubuntu/anaconda3/lib/python3.9/site-packages/airflow/example_dags/example_task_group.py
[2022-08-21 12:44:38,052] {logging_mixin.py:109} WARNING - /home/ubuntu/anaconda3/lib/python3.9/site-packages/airflow/models/serialized_dag.py:120 SAWarning: TypeDecorator UtcDateTime(timezone=True) will not produce a cache key because the ``cache_ok`` attribute is not set to True.  This can have significant performance implications including some performance degradations in comparison to prior SQLAlchemy versions.  Set this attribute to True if this type object's state is safe to use in a cache key, or False to disable this warning. (Background on this error at: https://sqlalche.me/e/14/cprf)
[2022-08-21 12:44:38,061] {logging_mixin.py:109} INFO - [2022-08-21 12:44:38,061] {dag.py:2389} INFO - Sync 1 DAGs
[2022-08-21 12:44:38,071] {logging_mixin.py:109} WARNING - /home/ubuntu/anaconda3/lib/python3.9/site-packages/airflow/models/dag.py:2426 SAWarning: TypeDecorator UtcDateTime(timezone=True) will not produce a cache key because the ``cache_ok`` attribute is not set to True.  This can have significant performance implications including some performance degradations in comparison to prior SQLAlchemy versions.  Set this attribute to True if this type object's state is safe to use in a cache key, or False to disable this warning. (Background on this error at: https://sqlalche.me/e/14/cprf)
[2022-08-21 12:44:38,076] {logging_mixin.py:109} INFO - [2022-08-21 12:44:38,076] {dag.py:2914} INFO - Setting next_dagrun for example_task_group to 2022-08-20T12:44:38.076308+00:00
[2022-08-21 12:44:38,088] {processor.py:171} INFO - Processing /home/ubuntu/anaconda3/lib/python3.9/site-packages/airflow/example_dags/example_task_group.py took 0.061 seconds
[2022-08-21 12:45:14,726] {processor.py:163} INFO - Started process (PID=74275) to work on /home/ubuntu/anaconda3/lib/python3.9/site-packages/airflow/example_dags/example_task_group.py
[2022-08-21 12:45:14,727] {processor.py:620} INFO - Processing file /home/ubuntu/anaconda3/lib/python3.9/site-packages/airflow/example_dags/example_task_group.py for tasks to queue
[2022-08-21 12:45:14,727] {logging_mixin.py:109} INFO - [2022-08-21 12:45:14,727] {dagbag.py:500} INFO - Filling up the DagBag from /home/ubuntu/anaconda3/lib/python3.9/site-packages/airflow/example_dags/example_task_group.py
[2022-08-21 12:45:14,746] {processor.py:632} INFO - DAG(s) dict_keys(['example_task_group']) retrieved from /home/ubuntu/anaconda3/lib/python3.9/site-packages/airflow/example_dags/example_task_group.py
[2022-08-21 12:45:14,750] {logging_mixin.py:109} WARNING - /home/ubuntu/anaconda3/lib/python3.9/site-packages/airflow/models/serialized_dag.py:120 SAWarning: TypeDecorator UtcDateTime(timezone=True) will not produce a cache key because the ``cache_ok`` attribute is not set to True.  This can have significant performance implications including some performance degradations in comparison to prior SQLAlchemy versions.  Set this attribute to True if this type object's state is safe to use in a cache key, or False to disable this warning. (Background on this error at: https://sqlalche.me/e/14/cprf)
[2022-08-21 12:45:14,758] {logging_mixin.py:109} INFO - [2022-08-21 12:45:14,758] {dag.py:2389} INFO - Sync 1 DAGs
[2022-08-21 12:45:14,768] {logging_mixin.py:109} WARNING - /home/ubuntu/anaconda3/lib/python3.9/site-packages/airflow/models/dag.py:2426 SAWarning: TypeDecorator UtcDateTime(timezone=True) will not produce a cache key because the ``cache_ok`` attribute is not set to True.  This can have significant performance implications including some performance degradations in comparison to prior SQLAlchemy versions.  Set this attribute to True if this type object's state is safe to use in a cache key, or False to disable this warning. (Background on this error at: https://sqlalche.me/e/14/cprf)
[2022-08-21 12:45:14,773] {logging_mixin.py:109} INFO - [2022-08-21 12:45:14,773] {dag.py:2914} INFO - Setting next_dagrun for example_task_group to 2022-08-20T12:45:14.773496+00:00
[2022-08-21 12:45:14,785] {processor.py:171} INFO - Processing /home/ubuntu/anaconda3/lib/python3.9/site-packages/airflow/example_dags/example_task_group.py took 0.061 seconds
[2022-08-21 12:45:48,093] {processor.py:163} INFO - Started process (PID=74762) to work on /home/ubuntu/anaconda3/lib/python3.9/site-packages/airflow/example_dags/example_task_group.py
[2022-08-21 12:45:48,093] {processor.py:620} INFO - Processing file /home/ubuntu/anaconda3/lib/python3.9/site-packages/airflow/example_dags/example_task_group.py for tasks to queue
[2022-08-21 12:45:48,093] {logging_mixin.py:109} INFO - [2022-08-21 12:45:48,093] {dagbag.py:500} INFO - Filling up the DagBag from /home/ubuntu/anaconda3/lib/python3.9/site-packages/airflow/example_dags/example_task_group.py
[2022-08-21 12:45:48,112] {processor.py:632} INFO - DAG(s) dict_keys(['example_task_group']) retrieved from /home/ubuntu/anaconda3/lib/python3.9/site-packages/airflow/example_dags/example_task_group.py
[2022-08-21 12:45:48,116] {logging_mixin.py:109} WARNING - /home/ubuntu/anaconda3/lib/python3.9/site-packages/airflow/models/serialized_dag.py:120 SAWarning: TypeDecorator UtcDateTime(timezone=True) will not produce a cache key because the ``cache_ok`` attribute is not set to True.  This can have significant performance implications including some performance degradations in comparison to prior SQLAlchemy versions.  Set this attribute to True if this type object's state is safe to use in a cache key, or False to disable this warning. (Background on this error at: https://sqlalche.me/e/14/cprf)
[2022-08-21 12:45:48,125] {logging_mixin.py:109} INFO - [2022-08-21 12:45:48,125] {dag.py:2389} INFO - Sync 1 DAGs
[2022-08-21 12:45:48,134] {logging_mixin.py:109} WARNING - /home/ubuntu/anaconda3/lib/python3.9/site-packages/airflow/models/dag.py:2426 SAWarning: TypeDecorator UtcDateTime(timezone=True) will not produce a cache key because the ``cache_ok`` attribute is not set to True.  This can have significant performance implications including some performance degradations in comparison to prior SQLAlchemy versions.  Set this attribute to True if this type object's state is safe to use in a cache key, or False to disable this warning. (Background on this error at: https://sqlalche.me/e/14/cprf)
[2022-08-21 12:45:48,140] {logging_mixin.py:109} INFO - [2022-08-21 12:45:48,140] {dag.py:2914} INFO - Setting next_dagrun for example_task_group to 2022-08-20T12:45:48.139849+00:00
[2022-08-21 12:45:48,151] {processor.py:171} INFO - Processing /home/ubuntu/anaconda3/lib/python3.9/site-packages/airflow/example_dags/example_task_group.py took 0.060 seconds
