[2022-08-21 12:35:20,952] {processor.py:163} INFO - Started process (PID=72461) to work on /home/ubuntu/anaconda3/lib/python3.9/site-packages/airflow/example_dags/example_xcom.py
[2022-08-21 12:35:20,952] {processor.py:620} INFO - Processing file /home/ubuntu/anaconda3/lib/python3.9/site-packages/airflow/example_dags/example_xcom.py for tasks to queue
[2022-08-21 12:35:20,953] {logging_mixin.py:109} INFO - [2022-08-21 12:35:20,953] {dagbag.py:500} INFO - Filling up the DagBag from /home/ubuntu/anaconda3/lib/python3.9/site-packages/airflow/example_dags/example_xcom.py
[2022-08-21 12:35:20,973] {processor.py:632} INFO - DAG(s) dict_keys(['example_xcom']) retrieved from /home/ubuntu/anaconda3/lib/python3.9/site-packages/airflow/example_dags/example_xcom.py
[2022-08-21 12:35:20,977] {logging_mixin.py:109} WARNING - /home/ubuntu/anaconda3/lib/python3.9/site-packages/airflow/models/serialized_dag.py:120 SAWarning: TypeDecorator UtcDateTime(timezone=True) will not produce a cache key because the ``cache_ok`` attribute is not set to True.  This can have significant performance implications including some performance degradations in comparison to prior SQLAlchemy versions.  Set this attribute to True if this type object's state is safe to use in a cache key, or False to disable this warning. (Background on this error at: https://sqlalche.me/e/14/cprf)
[2022-08-21 12:35:21,252] {logging_mixin.py:109} INFO - [2022-08-21 12:35:21,252] {dag.py:2389} INFO - Sync 1 DAGs
[2022-08-21 12:35:21,264] {logging_mixin.py:109} WARNING - /home/ubuntu/anaconda3/lib/python3.9/site-packages/airflow/models/dag.py:2426 SAWarning: TypeDecorator UtcDateTime(timezone=True) will not produce a cache key because the ``cache_ok`` attribute is not set to True.  This can have significant performance implications including some performance degradations in comparison to prior SQLAlchemy versions.  Set this attribute to True if this type object's state is safe to use in a cache key, or False to disable this warning. (Background on this error at: https://sqlalche.me/e/14/cprf)
[2022-08-21 12:35:21,270] {logging_mixin.py:109} INFO - [2022-08-21 12:35:21,270] {dag.py:2914} INFO - Setting next_dagrun for example_xcom to 2021-01-01T00:00:00+00:00
[2022-08-21 12:35:21,283] {processor.py:171} INFO - Processing /home/ubuntu/anaconda3/lib/python3.9/site-packages/airflow/example_dags/example_xcom.py took 0.333 seconds
[2022-08-21 12:35:55,807] {processor.py:163} INFO - Started process (PID=72635) to work on /home/ubuntu/anaconda3/lib/python3.9/site-packages/airflow/example_dags/example_xcom.py
[2022-08-21 12:35:55,808] {processor.py:620} INFO - Processing file /home/ubuntu/anaconda3/lib/python3.9/site-packages/airflow/example_dags/example_xcom.py for tasks to queue
[2022-08-21 12:35:55,808] {logging_mixin.py:109} INFO - [2022-08-21 12:35:55,808] {dagbag.py:500} INFO - Filling up the DagBag from /home/ubuntu/anaconda3/lib/python3.9/site-packages/airflow/example_dags/example_xcom.py
[2022-08-21 12:35:55,827] {processor.py:632} INFO - DAG(s) dict_keys(['example_xcom']) retrieved from /home/ubuntu/anaconda3/lib/python3.9/site-packages/airflow/example_dags/example_xcom.py
[2022-08-21 12:35:55,831] {logging_mixin.py:109} WARNING - /home/ubuntu/anaconda3/lib/python3.9/site-packages/airflow/models/serialized_dag.py:120 SAWarning: TypeDecorator UtcDateTime(timezone=True) will not produce a cache key because the ``cache_ok`` attribute is not set to True.  This can have significant performance implications including some performance degradations in comparison to prior SQLAlchemy versions.  Set this attribute to True if this type object's state is safe to use in a cache key, or False to disable this warning. (Background on this error at: https://sqlalche.me/e/14/cprf)
[2022-08-21 12:35:56,097] {logging_mixin.py:109} INFO - [2022-08-21 12:35:56,097] {dag.py:2389} INFO - Sync 1 DAGs
[2022-08-21 12:35:56,106] {logging_mixin.py:109} WARNING - /home/ubuntu/anaconda3/lib/python3.9/site-packages/airflow/models/dag.py:2426 SAWarning: TypeDecorator UtcDateTime(timezone=True) will not produce a cache key because the ``cache_ok`` attribute is not set to True.  This can have significant performance implications including some performance degradations in comparison to prior SQLAlchemy versions.  Set this attribute to True if this type object's state is safe to use in a cache key, or False to disable this warning. (Background on this error at: https://sqlalche.me/e/14/cprf)
[2022-08-21 12:35:56,111] {logging_mixin.py:109} INFO - [2022-08-21 12:35:56,111] {dag.py:2914} INFO - Setting next_dagrun for example_xcom to 2021-01-01T00:00:00+00:00
[2022-08-21 12:35:56,123] {processor.py:171} INFO - Processing /home/ubuntu/anaconda3/lib/python3.9/site-packages/airflow/example_dags/example_xcom.py took 0.317 seconds
[2022-08-21 12:36:31,935] {processor.py:163} INFO - Started process (PID=72670) to work on /home/ubuntu/anaconda3/lib/python3.9/site-packages/airflow/example_dags/example_xcom.py
[2022-08-21 12:36:31,935] {processor.py:620} INFO - Processing file /home/ubuntu/anaconda3/lib/python3.9/site-packages/airflow/example_dags/example_xcom.py for tasks to queue
[2022-08-21 12:36:31,936] {logging_mixin.py:109} INFO - [2022-08-21 12:36:31,935] {dagbag.py:500} INFO - Filling up the DagBag from /home/ubuntu/anaconda3/lib/python3.9/site-packages/airflow/example_dags/example_xcom.py
[2022-08-21 12:36:31,955] {processor.py:632} INFO - DAG(s) dict_keys(['example_xcom']) retrieved from /home/ubuntu/anaconda3/lib/python3.9/site-packages/airflow/example_dags/example_xcom.py
[2022-08-21 12:36:31,959] {logging_mixin.py:109} WARNING - /home/ubuntu/anaconda3/lib/python3.9/site-packages/airflow/models/serialized_dag.py:120 SAWarning: TypeDecorator UtcDateTime(timezone=True) will not produce a cache key because the ``cache_ok`` attribute is not set to True.  This can have significant performance implications including some performance degradations in comparison to prior SQLAlchemy versions.  Set this attribute to True if this type object's state is safe to use in a cache key, or False to disable this warning. (Background on this error at: https://sqlalche.me/e/14/cprf)
[2022-08-21 12:36:32,231] {logging_mixin.py:109} INFO - [2022-08-21 12:36:32,231] {dag.py:2389} INFO - Sync 1 DAGs
[2022-08-21 12:36:32,240] {logging_mixin.py:109} WARNING - /home/ubuntu/anaconda3/lib/python3.9/site-packages/airflow/models/dag.py:2426 SAWarning: TypeDecorator UtcDateTime(timezone=True) will not produce a cache key because the ``cache_ok`` attribute is not set to True.  This can have significant performance implications including some performance degradations in comparison to prior SQLAlchemy versions.  Set this attribute to True if this type object's state is safe to use in a cache key, or False to disable this warning. (Background on this error at: https://sqlalche.me/e/14/cprf)
[2022-08-21 12:36:32,245] {logging_mixin.py:109} INFO - [2022-08-21 12:36:32,245] {dag.py:2914} INFO - Setting next_dagrun for example_xcom to 2021-01-01T00:00:00+00:00
[2022-08-21 12:36:32,258] {processor.py:171} INFO - Processing /home/ubuntu/anaconda3/lib/python3.9/site-packages/airflow/example_dags/example_xcom.py took 0.325 seconds
[2022-08-21 12:37:17,671] {processor.py:163} INFO - Started process (PID=72855) to work on /home/ubuntu/anaconda3/lib/python3.9/site-packages/airflow/example_dags/example_xcom.py
[2022-08-21 12:37:17,672] {processor.py:620} INFO - Processing file /home/ubuntu/anaconda3/lib/python3.9/site-packages/airflow/example_dags/example_xcom.py for tasks to queue
[2022-08-21 12:37:17,672] {logging_mixin.py:109} INFO - [2022-08-21 12:37:17,672] {dagbag.py:500} INFO - Filling up the DagBag from /home/ubuntu/anaconda3/lib/python3.9/site-packages/airflow/example_dags/example_xcom.py
[2022-08-21 12:37:17,693] {processor.py:632} INFO - DAG(s) dict_keys(['example_xcom']) retrieved from /home/ubuntu/anaconda3/lib/python3.9/site-packages/airflow/example_dags/example_xcom.py
[2022-08-21 12:37:17,697] {logging_mixin.py:109} WARNING - /home/ubuntu/anaconda3/lib/python3.9/site-packages/airflow/models/serialized_dag.py:120 SAWarning: TypeDecorator UtcDateTime(timezone=True) will not produce a cache key because the ``cache_ok`` attribute is not set to True.  This can have significant performance implications including some performance degradations in comparison to prior SQLAlchemy versions.  Set this attribute to True if this type object's state is safe to use in a cache key, or False to disable this warning. (Background on this error at: https://sqlalche.me/e/14/cprf)
[2022-08-21 12:37:17,961] {logging_mixin.py:109} INFO - [2022-08-21 12:37:17,961] {dag.py:2389} INFO - Sync 1 DAGs
[2022-08-21 12:37:17,971] {logging_mixin.py:109} WARNING - /home/ubuntu/anaconda3/lib/python3.9/site-packages/airflow/models/dag.py:2426 SAWarning: TypeDecorator UtcDateTime(timezone=True) will not produce a cache key because the ``cache_ok`` attribute is not set to True.  This can have significant performance implications including some performance degradations in comparison to prior SQLAlchemy versions.  Set this attribute to True if this type object's state is safe to use in a cache key, or False to disable this warning. (Background on this error at: https://sqlalche.me/e/14/cprf)
[2022-08-21 12:37:17,976] {logging_mixin.py:109} INFO - [2022-08-21 12:37:17,976] {dag.py:2914} INFO - Setting next_dagrun for example_xcom to 2021-01-01T00:00:00+00:00
[2022-08-21 12:37:17,989] {processor.py:171} INFO - Processing /home/ubuntu/anaconda3/lib/python3.9/site-packages/airflow/example_dags/example_xcom.py took 0.320 seconds
[2022-08-21 12:37:52,641] {processor.py:163} INFO - Started process (PID=73076) to work on /home/ubuntu/anaconda3/lib/python3.9/site-packages/airflow/example_dags/example_xcom.py
[2022-08-21 12:37:52,642] {processor.py:620} INFO - Processing file /home/ubuntu/anaconda3/lib/python3.9/site-packages/airflow/example_dags/example_xcom.py for tasks to queue
[2022-08-21 12:37:52,642] {logging_mixin.py:109} INFO - [2022-08-21 12:37:52,642] {dagbag.py:500} INFO - Filling up the DagBag from /home/ubuntu/anaconda3/lib/python3.9/site-packages/airflow/example_dags/example_xcom.py
[2022-08-21 12:37:52,664] {processor.py:632} INFO - DAG(s) dict_keys(['example_xcom']) retrieved from /home/ubuntu/anaconda3/lib/python3.9/site-packages/airflow/example_dags/example_xcom.py
[2022-08-21 12:37:52,668] {logging_mixin.py:109} WARNING - /home/ubuntu/anaconda3/lib/python3.9/site-packages/airflow/models/serialized_dag.py:120 SAWarning: TypeDecorator UtcDateTime(timezone=True) will not produce a cache key because the ``cache_ok`` attribute is not set to True.  This can have significant performance implications including some performance degradations in comparison to prior SQLAlchemy versions.  Set this attribute to True if this type object's state is safe to use in a cache key, or False to disable this warning. (Background on this error at: https://sqlalche.me/e/14/cprf)
[2022-08-21 12:37:52,931] {logging_mixin.py:109} INFO - [2022-08-21 12:37:52,931] {dag.py:2389} INFO - Sync 1 DAGs
[2022-08-21 12:37:52,940] {logging_mixin.py:109} WARNING - /home/ubuntu/anaconda3/lib/python3.9/site-packages/airflow/models/dag.py:2426 SAWarning: TypeDecorator UtcDateTime(timezone=True) will not produce a cache key because the ``cache_ok`` attribute is not set to True.  This can have significant performance implications including some performance degradations in comparison to prior SQLAlchemy versions.  Set this attribute to True if this type object's state is safe to use in a cache key, or False to disable this warning. (Background on this error at: https://sqlalche.me/e/14/cprf)
[2022-08-21 12:37:52,945] {logging_mixin.py:109} INFO - [2022-08-21 12:37:52,944] {dag.py:2914} INFO - Setting next_dagrun for example_xcom to 2021-01-01T00:00:00+00:00
[2022-08-21 12:37:52,957] {processor.py:171} INFO - Processing /home/ubuntu/anaconda3/lib/python3.9/site-packages/airflow/example_dags/example_xcom.py took 0.319 seconds
[2022-08-21 12:38:26,482] {processor.py:163} INFO - Started process (PID=73121) to work on /home/ubuntu/anaconda3/lib/python3.9/site-packages/airflow/example_dags/example_xcom.py
[2022-08-21 12:38:26,483] {processor.py:620} INFO - Processing file /home/ubuntu/anaconda3/lib/python3.9/site-packages/airflow/example_dags/example_xcom.py for tasks to queue
[2022-08-21 12:38:26,483] {logging_mixin.py:109} INFO - [2022-08-21 12:38:26,483] {dagbag.py:500} INFO - Filling up the DagBag from /home/ubuntu/anaconda3/lib/python3.9/site-packages/airflow/example_dags/example_xcom.py
[2022-08-21 12:38:26,503] {processor.py:632} INFO - DAG(s) dict_keys(['example_xcom']) retrieved from /home/ubuntu/anaconda3/lib/python3.9/site-packages/airflow/example_dags/example_xcom.py
[2022-08-21 12:38:26,507] {logging_mixin.py:109} WARNING - /home/ubuntu/anaconda3/lib/python3.9/site-packages/airflow/models/serialized_dag.py:120 SAWarning: TypeDecorator UtcDateTime(timezone=True) will not produce a cache key because the ``cache_ok`` attribute is not set to True.  This can have significant performance implications including some performance degradations in comparison to prior SQLAlchemy versions.  Set this attribute to True if this type object's state is safe to use in a cache key, or False to disable this warning. (Background on this error at: https://sqlalche.me/e/14/cprf)
[2022-08-21 12:38:26,771] {logging_mixin.py:109} INFO - [2022-08-21 12:38:26,771] {dag.py:2389} INFO - Sync 1 DAGs
[2022-08-21 12:38:26,780] {logging_mixin.py:109} WARNING - /home/ubuntu/anaconda3/lib/python3.9/site-packages/airflow/models/dag.py:2426 SAWarning: TypeDecorator UtcDateTime(timezone=True) will not produce a cache key because the ``cache_ok`` attribute is not set to True.  This can have significant performance implications including some performance degradations in comparison to prior SQLAlchemy versions.  Set this attribute to True if this type object's state is safe to use in a cache key, or False to disable this warning. (Background on this error at: https://sqlalche.me/e/14/cprf)
[2022-08-21 12:38:26,785] {logging_mixin.py:109} INFO - [2022-08-21 12:38:26,785] {dag.py:2914} INFO - Setting next_dagrun for example_xcom to 2021-01-01T00:00:00+00:00
[2022-08-21 12:38:26,797] {processor.py:171} INFO - Processing /home/ubuntu/anaconda3/lib/python3.9/site-packages/airflow/example_dags/example_xcom.py took 0.318 seconds
[2022-08-21 12:39:01,434] {processor.py:163} INFO - Started process (PID=73214) to work on /home/ubuntu/anaconda3/lib/python3.9/site-packages/airflow/example_dags/example_xcom.py
[2022-08-21 12:39:01,434] {processor.py:620} INFO - Processing file /home/ubuntu/anaconda3/lib/python3.9/site-packages/airflow/example_dags/example_xcom.py for tasks to queue
[2022-08-21 12:39:01,435] {logging_mixin.py:109} INFO - [2022-08-21 12:39:01,435] {dagbag.py:500} INFO - Filling up the DagBag from /home/ubuntu/anaconda3/lib/python3.9/site-packages/airflow/example_dags/example_xcom.py
[2022-08-21 12:39:01,454] {processor.py:632} INFO - DAG(s) dict_keys(['example_xcom']) retrieved from /home/ubuntu/anaconda3/lib/python3.9/site-packages/airflow/example_dags/example_xcom.py
[2022-08-21 12:39:01,458] {logging_mixin.py:109} WARNING - /home/ubuntu/anaconda3/lib/python3.9/site-packages/airflow/models/serialized_dag.py:120 SAWarning: TypeDecorator UtcDateTime(timezone=True) will not produce a cache key because the ``cache_ok`` attribute is not set to True.  This can have significant performance implications including some performance degradations in comparison to prior SQLAlchemy versions.  Set this attribute to True if this type object's state is safe to use in a cache key, or False to disable this warning. (Background on this error at: https://sqlalche.me/e/14/cprf)
[2022-08-21 12:39:01,721] {logging_mixin.py:109} INFO - [2022-08-21 12:39:01,721] {dag.py:2389} INFO - Sync 1 DAGs
[2022-08-21 12:39:01,730] {logging_mixin.py:109} WARNING - /home/ubuntu/anaconda3/lib/python3.9/site-packages/airflow/models/dag.py:2426 SAWarning: TypeDecorator UtcDateTime(timezone=True) will not produce a cache key because the ``cache_ok`` attribute is not set to True.  This can have significant performance implications including some performance degradations in comparison to prior SQLAlchemy versions.  Set this attribute to True if this type object's state is safe to use in a cache key, or False to disable this warning. (Background on this error at: https://sqlalche.me/e/14/cprf)
[2022-08-21 12:39:01,735] {logging_mixin.py:109} INFO - [2022-08-21 12:39:01,735] {dag.py:2914} INFO - Setting next_dagrun for example_xcom to 2021-01-01T00:00:00+00:00
[2022-08-21 12:39:01,749] {processor.py:171} INFO - Processing /home/ubuntu/anaconda3/lib/python3.9/site-packages/airflow/example_dags/example_xcom.py took 0.318 seconds
[2022-08-21 12:39:32,405] {processor.py:163} INFO - Started process (PID=73244) to work on /home/ubuntu/anaconda3/lib/python3.9/site-packages/airflow/example_dags/example_xcom.py
[2022-08-21 12:39:32,405] {processor.py:620} INFO - Processing file /home/ubuntu/anaconda3/lib/python3.9/site-packages/airflow/example_dags/example_xcom.py for tasks to queue
[2022-08-21 12:39:32,406] {logging_mixin.py:109} INFO - [2022-08-21 12:39:32,406] {dagbag.py:500} INFO - Filling up the DagBag from /home/ubuntu/anaconda3/lib/python3.9/site-packages/airflow/example_dags/example_xcom.py
[2022-08-21 12:39:32,425] {processor.py:632} INFO - DAG(s) dict_keys(['example_xcom']) retrieved from /home/ubuntu/anaconda3/lib/python3.9/site-packages/airflow/example_dags/example_xcom.py
[2022-08-21 12:39:32,429] {logging_mixin.py:109} WARNING - /home/ubuntu/anaconda3/lib/python3.9/site-packages/airflow/models/serialized_dag.py:120 SAWarning: TypeDecorator UtcDateTime(timezone=True) will not produce a cache key because the ``cache_ok`` attribute is not set to True.  This can have significant performance implications including some performance degradations in comparison to prior SQLAlchemy versions.  Set this attribute to True if this type object's state is safe to use in a cache key, or False to disable this warning. (Background on this error at: https://sqlalche.me/e/14/cprf)
[2022-08-21 12:39:32,695] {logging_mixin.py:109} INFO - [2022-08-21 12:39:32,694] {dag.py:2389} INFO - Sync 1 DAGs
[2022-08-21 12:39:32,704] {logging_mixin.py:109} WARNING - /home/ubuntu/anaconda3/lib/python3.9/site-packages/airflow/models/dag.py:2426 SAWarning: TypeDecorator UtcDateTime(timezone=True) will not produce a cache key because the ``cache_ok`` attribute is not set to True.  This can have significant performance implications including some performance degradations in comparison to prior SQLAlchemy versions.  Set this attribute to True if this type object's state is safe to use in a cache key, or False to disable this warning. (Background on this error at: https://sqlalche.me/e/14/cprf)
[2022-08-21 12:39:32,708] {logging_mixin.py:109} INFO - [2022-08-21 12:39:32,708] {dag.py:2914} INFO - Setting next_dagrun for example_xcom to 2021-01-01T00:00:00+00:00
[2022-08-21 12:39:32,723] {processor.py:171} INFO - Processing /home/ubuntu/anaconda3/lib/python3.9/site-packages/airflow/example_dags/example_xcom.py took 0.320 seconds
[2022-08-21 12:40:05,292] {processor.py:163} INFO - Started process (PID=73276) to work on /home/ubuntu/anaconda3/lib/python3.9/site-packages/airflow/example_dags/example_xcom.py
[2022-08-21 12:40:05,293] {processor.py:620} INFO - Processing file /home/ubuntu/anaconda3/lib/python3.9/site-packages/airflow/example_dags/example_xcom.py for tasks to queue
[2022-08-21 12:40:05,293] {logging_mixin.py:109} INFO - [2022-08-21 12:40:05,293] {dagbag.py:500} INFO - Filling up the DagBag from /home/ubuntu/anaconda3/lib/python3.9/site-packages/airflow/example_dags/example_xcom.py
[2022-08-21 12:40:05,313] {processor.py:632} INFO - DAG(s) dict_keys(['example_xcom']) retrieved from /home/ubuntu/anaconda3/lib/python3.9/site-packages/airflow/example_dags/example_xcom.py
[2022-08-21 12:40:05,318] {logging_mixin.py:109} WARNING - /home/ubuntu/anaconda3/lib/python3.9/site-packages/airflow/models/serialized_dag.py:120 SAWarning: TypeDecorator UtcDateTime(timezone=True) will not produce a cache key because the ``cache_ok`` attribute is not set to True.  This can have significant performance implications including some performance degradations in comparison to prior SQLAlchemy versions.  Set this attribute to True if this type object's state is safe to use in a cache key, or False to disable this warning. (Background on this error at: https://sqlalche.me/e/14/cprf)
[2022-08-21 12:40:05,592] {logging_mixin.py:109} INFO - [2022-08-21 12:40:05,591] {dag.py:2389} INFO - Sync 1 DAGs
[2022-08-21 12:40:05,602] {logging_mixin.py:109} WARNING - /home/ubuntu/anaconda3/lib/python3.9/site-packages/airflow/models/dag.py:2426 SAWarning: TypeDecorator UtcDateTime(timezone=True) will not produce a cache key because the ``cache_ok`` attribute is not set to True.  This can have significant performance implications including some performance degradations in comparison to prior SQLAlchemy versions.  Set this attribute to True if this type object's state is safe to use in a cache key, or False to disable this warning. (Background on this error at: https://sqlalche.me/e/14/cprf)
[2022-08-21 12:40:05,607] {logging_mixin.py:109} INFO - [2022-08-21 12:40:05,607] {dag.py:2914} INFO - Setting next_dagrun for example_xcom to 2021-01-01T00:00:00+00:00
[2022-08-21 12:40:05,622] {processor.py:171} INFO - Processing /home/ubuntu/anaconda3/lib/python3.9/site-packages/airflow/example_dags/example_xcom.py took 0.332 seconds
[2022-08-21 12:40:38,182] {processor.py:163} INFO - Started process (PID=73331) to work on /home/ubuntu/anaconda3/lib/python3.9/site-packages/airflow/example_dags/example_xcom.py
[2022-08-21 12:40:38,183] {processor.py:620} INFO - Processing file /home/ubuntu/anaconda3/lib/python3.9/site-packages/airflow/example_dags/example_xcom.py for tasks to queue
[2022-08-21 12:40:38,183] {logging_mixin.py:109} INFO - [2022-08-21 12:40:38,183] {dagbag.py:500} INFO - Filling up the DagBag from /home/ubuntu/anaconda3/lib/python3.9/site-packages/airflow/example_dags/example_xcom.py
[2022-08-21 12:40:38,202] {processor.py:632} INFO - DAG(s) dict_keys(['example_xcom']) retrieved from /home/ubuntu/anaconda3/lib/python3.9/site-packages/airflow/example_dags/example_xcom.py
[2022-08-21 12:40:38,207] {logging_mixin.py:109} WARNING - /home/ubuntu/anaconda3/lib/python3.9/site-packages/airflow/models/serialized_dag.py:120 SAWarning: TypeDecorator UtcDateTime(timezone=True) will not produce a cache key because the ``cache_ok`` attribute is not set to True.  This can have significant performance implications including some performance degradations in comparison to prior SQLAlchemy versions.  Set this attribute to True if this type object's state is safe to use in a cache key, or False to disable this warning. (Background on this error at: https://sqlalche.me/e/14/cprf)
[2022-08-21 12:40:38,466] {logging_mixin.py:109} INFO - [2022-08-21 12:40:38,466] {dag.py:2389} INFO - Sync 1 DAGs
[2022-08-21 12:40:38,477] {logging_mixin.py:109} WARNING - /home/ubuntu/anaconda3/lib/python3.9/site-packages/airflow/models/dag.py:2426 SAWarning: TypeDecorator UtcDateTime(timezone=True) will not produce a cache key because the ``cache_ok`` attribute is not set to True.  This can have significant performance implications including some performance degradations in comparison to prior SQLAlchemy versions.  Set this attribute to True if this type object's state is safe to use in a cache key, or False to disable this warning. (Background on this error at: https://sqlalche.me/e/14/cprf)
[2022-08-21 12:40:38,482] {logging_mixin.py:109} INFO - [2022-08-21 12:40:38,482] {dag.py:2914} INFO - Setting next_dagrun for example_xcom to 2021-01-01T00:00:00+00:00
[2022-08-21 12:40:38,494] {processor.py:171} INFO - Processing /home/ubuntu/anaconda3/lib/python3.9/site-packages/airflow/example_dags/example_xcom.py took 0.314 seconds
[2022-08-21 12:41:10,880] {processor.py:163} INFO - Started process (PID=73387) to work on /home/ubuntu/anaconda3/lib/python3.9/site-packages/airflow/example_dags/example_xcom.py
[2022-08-21 12:41:10,881] {processor.py:620} INFO - Processing file /home/ubuntu/anaconda3/lib/python3.9/site-packages/airflow/example_dags/example_xcom.py for tasks to queue
[2022-08-21 12:41:10,881] {logging_mixin.py:109} INFO - [2022-08-21 12:41:10,881] {dagbag.py:500} INFO - Filling up the DagBag from /home/ubuntu/anaconda3/lib/python3.9/site-packages/airflow/example_dags/example_xcom.py
[2022-08-21 12:41:10,900] {processor.py:632} INFO - DAG(s) dict_keys(['example_xcom']) retrieved from /home/ubuntu/anaconda3/lib/python3.9/site-packages/airflow/example_dags/example_xcom.py
[2022-08-21 12:41:10,904] {logging_mixin.py:109} WARNING - /home/ubuntu/anaconda3/lib/python3.9/site-packages/airflow/models/serialized_dag.py:120 SAWarning: TypeDecorator UtcDateTime(timezone=True) will not produce a cache key because the ``cache_ok`` attribute is not set to True.  This can have significant performance implications including some performance degradations in comparison to prior SQLAlchemy versions.  Set this attribute to True if this type object's state is safe to use in a cache key, or False to disable this warning. (Background on this error at: https://sqlalche.me/e/14/cprf)
[2022-08-21 12:41:11,164] {logging_mixin.py:109} INFO - [2022-08-21 12:41:11,163] {dag.py:2389} INFO - Sync 1 DAGs
[2022-08-21 12:41:11,174] {logging_mixin.py:109} WARNING - /home/ubuntu/anaconda3/lib/python3.9/site-packages/airflow/models/dag.py:2426 SAWarning: TypeDecorator UtcDateTime(timezone=True) will not produce a cache key because the ``cache_ok`` attribute is not set to True.  This can have significant performance implications including some performance degradations in comparison to prior SQLAlchemy versions.  Set this attribute to True if this type object's state is safe to use in a cache key, or False to disable this warning. (Background on this error at: https://sqlalche.me/e/14/cprf)
[2022-08-21 12:41:11,179] {logging_mixin.py:109} INFO - [2022-08-21 12:41:11,179] {dag.py:2914} INFO - Setting next_dagrun for example_xcom to 2021-01-01T00:00:00+00:00
[2022-08-21 12:41:11,191] {processor.py:171} INFO - Processing /home/ubuntu/anaconda3/lib/python3.9/site-packages/airflow/example_dags/example_xcom.py took 0.313 seconds
[2022-08-21 12:41:45,470] {processor.py:163} INFO - Started process (PID=73493) to work on /home/ubuntu/anaconda3/lib/python3.9/site-packages/airflow/example_dags/example_xcom.py
[2022-08-21 12:41:45,470] {processor.py:620} INFO - Processing file /home/ubuntu/anaconda3/lib/python3.9/site-packages/airflow/example_dags/example_xcom.py for tasks to queue
[2022-08-21 12:41:45,471] {logging_mixin.py:109} INFO - [2022-08-21 12:41:45,471] {dagbag.py:500} INFO - Filling up the DagBag from /home/ubuntu/anaconda3/lib/python3.9/site-packages/airflow/example_dags/example_xcom.py
[2022-08-21 12:41:45,491] {processor.py:632} INFO - DAG(s) dict_keys(['example_xcom']) retrieved from /home/ubuntu/anaconda3/lib/python3.9/site-packages/airflow/example_dags/example_xcom.py
[2022-08-21 12:41:45,495] {logging_mixin.py:109} WARNING - /home/ubuntu/anaconda3/lib/python3.9/site-packages/airflow/models/serialized_dag.py:120 SAWarning: TypeDecorator UtcDateTime(timezone=True) will not produce a cache key because the ``cache_ok`` attribute is not set to True.  This can have significant performance implications including some performance degradations in comparison to prior SQLAlchemy versions.  Set this attribute to True if this type object's state is safe to use in a cache key, or False to disable this warning. (Background on this error at: https://sqlalche.me/e/14/cprf)
[2022-08-21 12:41:45,753] {logging_mixin.py:109} INFO - [2022-08-21 12:41:45,753] {dag.py:2389} INFO - Sync 1 DAGs
[2022-08-21 12:41:45,768] {logging_mixin.py:109} WARNING - /home/ubuntu/anaconda3/lib/python3.9/site-packages/airflow/models/dag.py:2426 SAWarning: TypeDecorator UtcDateTime(timezone=True) will not produce a cache key because the ``cache_ok`` attribute is not set to True.  This can have significant performance implications including some performance degradations in comparison to prior SQLAlchemy versions.  Set this attribute to True if this type object's state is safe to use in a cache key, or False to disable this warning. (Background on this error at: https://sqlalche.me/e/14/cprf)
[2022-08-21 12:41:45,773] {logging_mixin.py:109} INFO - [2022-08-21 12:41:45,773] {dag.py:2914} INFO - Setting next_dagrun for example_xcom to 2021-01-01T00:00:00+00:00
[2022-08-21 12:41:45,786] {processor.py:171} INFO - Processing /home/ubuntu/anaconda3/lib/python3.9/site-packages/airflow/example_dags/example_xcom.py took 0.318 seconds
[2022-08-21 12:42:19,372] {processor.py:163} INFO - Started process (PID=73569) to work on /home/ubuntu/anaconda3/lib/python3.9/site-packages/airflow/example_dags/example_xcom.py
[2022-08-21 12:42:19,373] {processor.py:620} INFO - Processing file /home/ubuntu/anaconda3/lib/python3.9/site-packages/airflow/example_dags/example_xcom.py for tasks to queue
[2022-08-21 12:42:19,373] {logging_mixin.py:109} INFO - [2022-08-21 12:42:19,373] {dagbag.py:500} INFO - Filling up the DagBag from /home/ubuntu/anaconda3/lib/python3.9/site-packages/airflow/example_dags/example_xcom.py
[2022-08-21 12:42:19,394] {processor.py:632} INFO - DAG(s) dict_keys(['example_xcom']) retrieved from /home/ubuntu/anaconda3/lib/python3.9/site-packages/airflow/example_dags/example_xcom.py
[2022-08-21 12:42:19,398] {logging_mixin.py:109} WARNING - /home/ubuntu/anaconda3/lib/python3.9/site-packages/airflow/models/serialized_dag.py:120 SAWarning: TypeDecorator UtcDateTime(timezone=True) will not produce a cache key because the ``cache_ok`` attribute is not set to True.  This can have significant performance implications including some performance degradations in comparison to prior SQLAlchemy versions.  Set this attribute to True if this type object's state is safe to use in a cache key, or False to disable this warning. (Background on this error at: https://sqlalche.me/e/14/cprf)
[2022-08-21 12:42:19,722] {logging_mixin.py:109} INFO - [2022-08-21 12:42:19,721] {dag.py:2389} INFO - Sync 1 DAGs
[2022-08-21 12:42:19,738] {logging_mixin.py:109} WARNING - /home/ubuntu/anaconda3/lib/python3.9/site-packages/airflow/models/dag.py:2426 SAWarning: TypeDecorator UtcDateTime(timezone=True) will not produce a cache key because the ``cache_ok`` attribute is not set to True.  This can have significant performance implications including some performance degradations in comparison to prior SQLAlchemy versions.  Set this attribute to True if this type object's state is safe to use in a cache key, or False to disable this warning. (Background on this error at: https://sqlalche.me/e/14/cprf)
[2022-08-21 12:42:19,746] {logging_mixin.py:109} INFO - [2022-08-21 12:42:19,746] {dag.py:2914} INFO - Setting next_dagrun for example_xcom to 2021-01-01T00:00:00+00:00
[2022-08-21 12:42:19,763] {processor.py:171} INFO - Processing /home/ubuntu/anaconda3/lib/python3.9/site-packages/airflow/example_dags/example_xcom.py took 0.393 seconds
[2022-08-21 12:42:54,836] {processor.py:163} INFO - Started process (PID=73741) to work on /home/ubuntu/anaconda3/lib/python3.9/site-packages/airflow/example_dags/example_xcom.py
[2022-08-21 12:42:54,837] {processor.py:620} INFO - Processing file /home/ubuntu/anaconda3/lib/python3.9/site-packages/airflow/example_dags/example_xcom.py for tasks to queue
[2022-08-21 12:42:54,837] {logging_mixin.py:109} INFO - [2022-08-21 12:42:54,837] {dagbag.py:500} INFO - Filling up the DagBag from /home/ubuntu/anaconda3/lib/python3.9/site-packages/airflow/example_dags/example_xcom.py
[2022-08-21 12:42:54,857] {processor.py:632} INFO - DAG(s) dict_keys(['example_xcom']) retrieved from /home/ubuntu/anaconda3/lib/python3.9/site-packages/airflow/example_dags/example_xcom.py
[2022-08-21 12:42:54,861] {logging_mixin.py:109} WARNING - /home/ubuntu/anaconda3/lib/python3.9/site-packages/airflow/models/serialized_dag.py:120 SAWarning: TypeDecorator UtcDateTime(timezone=True) will not produce a cache key because the ``cache_ok`` attribute is not set to True.  This can have significant performance implications including some performance degradations in comparison to prior SQLAlchemy versions.  Set this attribute to True if this type object's state is safe to use in a cache key, or False to disable this warning. (Background on this error at: https://sqlalche.me/e/14/cprf)
[2022-08-21 12:42:55,127] {logging_mixin.py:109} INFO - [2022-08-21 12:42:55,126] {dag.py:2389} INFO - Sync 1 DAGs
[2022-08-21 12:42:55,137] {logging_mixin.py:109} WARNING - /home/ubuntu/anaconda3/lib/python3.9/site-packages/airflow/models/dag.py:2426 SAWarning: TypeDecorator UtcDateTime(timezone=True) will not produce a cache key because the ``cache_ok`` attribute is not set to True.  This can have significant performance implications including some performance degradations in comparison to prior SQLAlchemy versions.  Set this attribute to True if this type object's state is safe to use in a cache key, or False to disable this warning. (Background on this error at: https://sqlalche.me/e/14/cprf)
[2022-08-21 12:42:55,142] {logging_mixin.py:109} INFO - [2022-08-21 12:42:55,142] {dag.py:2914} INFO - Setting next_dagrun for example_xcom to 2021-01-01T00:00:00+00:00
[2022-08-21 12:42:55,154] {processor.py:171} INFO - Processing /home/ubuntu/anaconda3/lib/python3.9/site-packages/airflow/example_dags/example_xcom.py took 0.319 seconds
[2022-08-21 12:43:28,702] {processor.py:163} INFO - Started process (PID=73823) to work on /home/ubuntu/anaconda3/lib/python3.9/site-packages/airflow/example_dags/example_xcom.py
[2022-08-21 12:43:28,703] {processor.py:620} INFO - Processing file /home/ubuntu/anaconda3/lib/python3.9/site-packages/airflow/example_dags/example_xcom.py for tasks to queue
[2022-08-21 12:43:28,703] {logging_mixin.py:109} INFO - [2022-08-21 12:43:28,703] {dagbag.py:500} INFO - Filling up the DagBag from /home/ubuntu/anaconda3/lib/python3.9/site-packages/airflow/example_dags/example_xcom.py
[2022-08-21 12:43:28,732] {processor.py:632} INFO - DAG(s) dict_keys(['example_xcom']) retrieved from /home/ubuntu/anaconda3/lib/python3.9/site-packages/airflow/example_dags/example_xcom.py
[2022-08-21 12:43:28,737] {logging_mixin.py:109} WARNING - /home/ubuntu/anaconda3/lib/python3.9/site-packages/airflow/models/serialized_dag.py:120 SAWarning: TypeDecorator UtcDateTime(timezone=True) will not produce a cache key because the ``cache_ok`` attribute is not set to True.  This can have significant performance implications including some performance degradations in comparison to prior SQLAlchemy versions.  Set this attribute to True if this type object's state is safe to use in a cache key, or False to disable this warning. (Background on this error at: https://sqlalche.me/e/14/cprf)
[2022-08-21 12:43:29,142] {logging_mixin.py:109} INFO - [2022-08-21 12:43:29,142] {dag.py:2389} INFO - Sync 1 DAGs
[2022-08-21 12:43:29,155] {logging_mixin.py:109} WARNING - /home/ubuntu/anaconda3/lib/python3.9/site-packages/airflow/models/dag.py:2426 SAWarning: TypeDecorator UtcDateTime(timezone=True) will not produce a cache key because the ``cache_ok`` attribute is not set to True.  This can have significant performance implications including some performance degradations in comparison to prior SQLAlchemy versions.  Set this attribute to True if this type object's state is safe to use in a cache key, or False to disable this warning. (Background on this error at: https://sqlalche.me/e/14/cprf)
[2022-08-21 12:43:29,163] {logging_mixin.py:109} INFO - [2022-08-21 12:43:29,162] {dag.py:2914} INFO - Setting next_dagrun for example_xcom to 2021-01-01T00:00:00+00:00
[2022-08-21 12:43:29,179] {processor.py:171} INFO - Processing /home/ubuntu/anaconda3/lib/python3.9/site-packages/airflow/example_dags/example_xcom.py took 0.480 seconds
[2022-08-21 12:44:07,747] {processor.py:163} INFO - Started process (PID=74085) to work on /home/ubuntu/anaconda3/lib/python3.9/site-packages/airflow/example_dags/example_xcom.py
[2022-08-21 12:44:07,759] {processor.py:620} INFO - Processing file /home/ubuntu/anaconda3/lib/python3.9/site-packages/airflow/example_dags/example_xcom.py for tasks to queue
[2022-08-21 12:44:07,759] {logging_mixin.py:109} INFO - [2022-08-21 12:44:07,759] {dagbag.py:500} INFO - Filling up the DagBag from /home/ubuntu/anaconda3/lib/python3.9/site-packages/airflow/example_dags/example_xcom.py
[2022-08-21 12:44:07,849] {processor.py:632} INFO - DAG(s) dict_keys(['example_xcom']) retrieved from /home/ubuntu/anaconda3/lib/python3.9/site-packages/airflow/example_dags/example_xcom.py
[2022-08-21 12:44:07,872] {logging_mixin.py:109} WARNING - /home/ubuntu/anaconda3/lib/python3.9/site-packages/airflow/models/serialized_dag.py:120 SAWarning: TypeDecorator UtcDateTime(timezone=True) will not produce a cache key because the ``cache_ok`` attribute is not set to True.  This can have significant performance implications including some performance degradations in comparison to prior SQLAlchemy versions.  Set this attribute to True if this type object's state is safe to use in a cache key, or False to disable this warning. (Background on this error at: https://sqlalche.me/e/14/cprf)
[2022-08-21 12:44:08,968] {logging_mixin.py:109} INFO - [2022-08-21 12:44:08,968] {dag.py:2389} INFO - Sync 1 DAGs
[2022-08-21 12:44:09,009] {logging_mixin.py:109} WARNING - /home/ubuntu/anaconda3/lib/python3.9/site-packages/airflow/models/dag.py:2426 SAWarning: TypeDecorator UtcDateTime(timezone=True) will not produce a cache key because the ``cache_ok`` attribute is not set to True.  This can have significant performance implications including some performance degradations in comparison to prior SQLAlchemy versions.  Set this attribute to True if this type object's state is safe to use in a cache key, or False to disable this warning. (Background on this error at: https://sqlalche.me/e/14/cprf)
[2022-08-21 12:44:09,042] {logging_mixin.py:109} INFO - [2022-08-21 12:44:09,042] {dag.py:2914} INFO - Setting next_dagrun for example_xcom to 2021-01-01T00:00:00+00:00
[2022-08-21 12:44:09,085] {processor.py:171} INFO - Processing /home/ubuntu/anaconda3/lib/python3.9/site-packages/airflow/example_dags/example_xcom.py took 1.341 seconds
[2022-08-21 12:44:45,172] {processor.py:163} INFO - Started process (PID=74189) to work on /home/ubuntu/anaconda3/lib/python3.9/site-packages/airflow/example_dags/example_xcom.py
[2022-08-21 12:44:45,172] {processor.py:620} INFO - Processing file /home/ubuntu/anaconda3/lib/python3.9/site-packages/airflow/example_dags/example_xcom.py for tasks to queue
[2022-08-21 12:44:45,173] {logging_mixin.py:109} INFO - [2022-08-21 12:44:45,172] {dagbag.py:500} INFO - Filling up the DagBag from /home/ubuntu/anaconda3/lib/python3.9/site-packages/airflow/example_dags/example_xcom.py
[2022-08-21 12:44:45,192] {processor.py:632} INFO - DAG(s) dict_keys(['example_xcom']) retrieved from /home/ubuntu/anaconda3/lib/python3.9/site-packages/airflow/example_dags/example_xcom.py
[2022-08-21 12:44:45,197] {logging_mixin.py:109} WARNING - /home/ubuntu/anaconda3/lib/python3.9/site-packages/airflow/models/serialized_dag.py:120 SAWarning: TypeDecorator UtcDateTime(timezone=True) will not produce a cache key because the ``cache_ok`` attribute is not set to True.  This can have significant performance implications including some performance degradations in comparison to prior SQLAlchemy versions.  Set this attribute to True if this type object's state is safe to use in a cache key, or False to disable this warning. (Background on this error at: https://sqlalche.me/e/14/cprf)
[2022-08-21 12:44:45,461] {logging_mixin.py:109} INFO - [2022-08-21 12:44:45,461] {dag.py:2389} INFO - Sync 1 DAGs
[2022-08-21 12:44:45,470] {logging_mixin.py:109} WARNING - /home/ubuntu/anaconda3/lib/python3.9/site-packages/airflow/models/dag.py:2426 SAWarning: TypeDecorator UtcDateTime(timezone=True) will not produce a cache key because the ``cache_ok`` attribute is not set to True.  This can have significant performance implications including some performance degradations in comparison to prior SQLAlchemy versions.  Set this attribute to True if this type object's state is safe to use in a cache key, or False to disable this warning. (Background on this error at: https://sqlalche.me/e/14/cprf)
[2022-08-21 12:44:45,475] {logging_mixin.py:109} INFO - [2022-08-21 12:44:45,475] {dag.py:2914} INFO - Setting next_dagrun for example_xcom to 2021-01-01T00:00:00+00:00
[2022-08-21 12:44:45,488] {processor.py:171} INFO - Processing /home/ubuntu/anaconda3/lib/python3.9/site-packages/airflow/example_dags/example_xcom.py took 0.318 seconds
[2022-08-21 12:45:21,029] {processor.py:163} INFO - Started process (PID=74341) to work on /home/ubuntu/anaconda3/lib/python3.9/site-packages/airflow/example_dags/example_xcom.py
[2022-08-21 12:45:21,029] {processor.py:620} INFO - Processing file /home/ubuntu/anaconda3/lib/python3.9/site-packages/airflow/example_dags/example_xcom.py for tasks to queue
[2022-08-21 12:45:21,030] {logging_mixin.py:109} INFO - [2022-08-21 12:45:21,030] {dagbag.py:500} INFO - Filling up the DagBag from /home/ubuntu/anaconda3/lib/python3.9/site-packages/airflow/example_dags/example_xcom.py
[2022-08-21 12:45:21,054] {processor.py:632} INFO - DAG(s) dict_keys(['example_xcom']) retrieved from /home/ubuntu/anaconda3/lib/python3.9/site-packages/airflow/example_dags/example_xcom.py
[2022-08-21 12:45:21,058] {logging_mixin.py:109} WARNING - /home/ubuntu/anaconda3/lib/python3.9/site-packages/airflow/models/serialized_dag.py:120 SAWarning: TypeDecorator UtcDateTime(timezone=True) will not produce a cache key because the ``cache_ok`` attribute is not set to True.  This can have significant performance implications including some performance degradations in comparison to prior SQLAlchemy versions.  Set this attribute to True if this type object's state is safe to use in a cache key, or False to disable this warning. (Background on this error at: https://sqlalche.me/e/14/cprf)
[2022-08-21 12:45:21,324] {logging_mixin.py:109} INFO - [2022-08-21 12:45:21,324] {dag.py:2389} INFO - Sync 1 DAGs
[2022-08-21 12:45:21,333] {logging_mixin.py:109} WARNING - /home/ubuntu/anaconda3/lib/python3.9/site-packages/airflow/models/dag.py:2426 SAWarning: TypeDecorator UtcDateTime(timezone=True) will not produce a cache key because the ``cache_ok`` attribute is not set to True.  This can have significant performance implications including some performance degradations in comparison to prior SQLAlchemy versions.  Set this attribute to True if this type object's state is safe to use in a cache key, or False to disable this warning. (Background on this error at: https://sqlalche.me/e/14/cprf)
[2022-08-21 12:45:21,338] {logging_mixin.py:109} INFO - [2022-08-21 12:45:21,338] {dag.py:2914} INFO - Setting next_dagrun for example_xcom to 2021-01-01T00:00:00+00:00
[2022-08-21 12:45:21,350] {processor.py:171} INFO - Processing /home/ubuntu/anaconda3/lib/python3.9/site-packages/airflow/example_dags/example_xcom.py took 0.324 seconds
[2022-08-21 12:45:53,244] {processor.py:163} INFO - Started process (PID=74797) to work on /home/ubuntu/anaconda3/lib/python3.9/site-packages/airflow/example_dags/example_xcom.py
[2022-08-21 12:45:53,245] {processor.py:620} INFO - Processing file /home/ubuntu/anaconda3/lib/python3.9/site-packages/airflow/example_dags/example_xcom.py for tasks to queue
[2022-08-21 12:45:53,245] {logging_mixin.py:109} INFO - [2022-08-21 12:45:53,245] {dagbag.py:500} INFO - Filling up the DagBag from /home/ubuntu/anaconda3/lib/python3.9/site-packages/airflow/example_dags/example_xcom.py
[2022-08-21 12:45:53,265] {processor.py:632} INFO - DAG(s) dict_keys(['example_xcom']) retrieved from /home/ubuntu/anaconda3/lib/python3.9/site-packages/airflow/example_dags/example_xcom.py
[2022-08-21 12:45:53,269] {logging_mixin.py:109} WARNING - /home/ubuntu/anaconda3/lib/python3.9/site-packages/airflow/models/serialized_dag.py:120 SAWarning: TypeDecorator UtcDateTime(timezone=True) will not produce a cache key because the ``cache_ok`` attribute is not set to True.  This can have significant performance implications including some performance degradations in comparison to prior SQLAlchemy versions.  Set this attribute to True if this type object's state is safe to use in a cache key, or False to disable this warning. (Background on this error at: https://sqlalche.me/e/14/cprf)
[2022-08-21 12:45:53,531] {logging_mixin.py:109} INFO - [2022-08-21 12:45:53,530] {dag.py:2389} INFO - Sync 1 DAGs
[2022-08-21 12:45:53,540] {logging_mixin.py:109} WARNING - /home/ubuntu/anaconda3/lib/python3.9/site-packages/airflow/models/dag.py:2426 SAWarning: TypeDecorator UtcDateTime(timezone=True) will not produce a cache key because the ``cache_ok`` attribute is not set to True.  This can have significant performance implications including some performance degradations in comparison to prior SQLAlchemy versions.  Set this attribute to True if this type object's state is safe to use in a cache key, or False to disable this warning. (Background on this error at: https://sqlalche.me/e/14/cprf)
[2022-08-21 12:45:53,545] {logging_mixin.py:109} INFO - [2022-08-21 12:45:53,545] {dag.py:2914} INFO - Setting next_dagrun for example_xcom to 2021-01-01T00:00:00+00:00
[2022-08-21 12:45:53,557] {processor.py:171} INFO - Processing /home/ubuntu/anaconda3/lib/python3.9/site-packages/airflow/example_dags/example_xcom.py took 0.315 seconds
