[2022-08-21 12:35:38,604] {processor.py:163} INFO - Started process (PID=72591) to work on /home/ubuntu/anaconda3/lib/python3.9/site-packages/airflow/example_dags/example_complex.py
[2022-08-21 12:35:38,604] {processor.py:620} INFO - Processing file /home/ubuntu/anaconda3/lib/python3.9/site-packages/airflow/example_dags/example_complex.py for tasks to queue
[2022-08-21 12:35:38,605] {logging_mixin.py:109} INFO - [2022-08-21 12:35:38,605] {dagbag.py:500} INFO - Filling up the DagBag from /home/ubuntu/anaconda3/lib/python3.9/site-packages/airflow/example_dags/example_complex.py
[2022-08-21 12:35:38,630] {processor.py:632} INFO - DAG(s) dict_keys(['example_complex']) retrieved from /home/ubuntu/anaconda3/lib/python3.9/site-packages/airflow/example_dags/example_complex.py
[2022-08-21 12:35:38,634] {logging_mixin.py:109} WARNING - /home/ubuntu/anaconda3/lib/python3.9/site-packages/airflow/models/serialized_dag.py:120 SAWarning: TypeDecorator UtcDateTime(timezone=True) will not produce a cache key because the ``cache_ok`` attribute is not set to True.  This can have significant performance implications including some performance degradations in comparison to prior SQLAlchemy versions.  Set this attribute to True if this type object's state is safe to use in a cache key, or False to disable this warning. (Background on this error at: https://sqlalche.me/e/14/cprf)
[2022-08-21 12:35:38,647] {logging_mixin.py:109} INFO - [2022-08-21 12:35:38,647] {dag.py:2389} INFO - Sync 1 DAGs
[2022-08-21 12:35:38,657] {logging_mixin.py:109} WARNING - /home/ubuntu/anaconda3/lib/python3.9/site-packages/airflow/models/dag.py:2426 SAWarning: TypeDecorator UtcDateTime(timezone=True) will not produce a cache key because the ``cache_ok`` attribute is not set to True.  This can have significant performance implications including some performance degradations in comparison to prior SQLAlchemy versions.  Set this attribute to True if this type object's state is safe to use in a cache key, or False to disable this warning. (Background on this error at: https://sqlalche.me/e/14/cprf)
[2022-08-21 12:35:38,661] {logging_mixin.py:109} INFO - [2022-08-21 12:35:38,661] {dag.py:2914} INFO - Setting next_dagrun for example_complex to None
[2022-08-21 12:35:38,672] {processor.py:171} INFO - Processing /home/ubuntu/anaconda3/lib/python3.9/site-packages/airflow/example_dags/example_complex.py took 0.070 seconds
[2022-08-21 12:36:13,887] {processor.py:163} INFO - Started process (PID=72653) to work on /home/ubuntu/anaconda3/lib/python3.9/site-packages/airflow/example_dags/example_complex.py
[2022-08-21 12:36:13,887] {processor.py:620} INFO - Processing file /home/ubuntu/anaconda3/lib/python3.9/site-packages/airflow/example_dags/example_complex.py for tasks to queue
[2022-08-21 12:36:13,888] {logging_mixin.py:109} INFO - [2022-08-21 12:36:13,888] {dagbag.py:500} INFO - Filling up the DagBag from /home/ubuntu/anaconda3/lib/python3.9/site-packages/airflow/example_dags/example_complex.py
[2022-08-21 12:36:13,913] {processor.py:632} INFO - DAG(s) dict_keys(['example_complex']) retrieved from /home/ubuntu/anaconda3/lib/python3.9/site-packages/airflow/example_dags/example_complex.py
[2022-08-21 12:36:13,917] {logging_mixin.py:109} WARNING - /home/ubuntu/anaconda3/lib/python3.9/site-packages/airflow/models/serialized_dag.py:120 SAWarning: TypeDecorator UtcDateTime(timezone=True) will not produce a cache key because the ``cache_ok`` attribute is not set to True.  This can have significant performance implications including some performance degradations in comparison to prior SQLAlchemy versions.  Set this attribute to True if this type object's state is safe to use in a cache key, or False to disable this warning. (Background on this error at: https://sqlalche.me/e/14/cprf)
[2022-08-21 12:36:13,930] {logging_mixin.py:109} INFO - [2022-08-21 12:36:13,930] {dag.py:2389} INFO - Sync 1 DAGs
[2022-08-21 12:36:13,939] {logging_mixin.py:109} WARNING - /home/ubuntu/anaconda3/lib/python3.9/site-packages/airflow/models/dag.py:2426 SAWarning: TypeDecorator UtcDateTime(timezone=True) will not produce a cache key because the ``cache_ok`` attribute is not set to True.  This can have significant performance implications including some performance degradations in comparison to prior SQLAlchemy versions.  Set this attribute to True if this type object's state is safe to use in a cache key, or False to disable this warning. (Background on this error at: https://sqlalche.me/e/14/cprf)
[2022-08-21 12:36:13,944] {logging_mixin.py:109} INFO - [2022-08-21 12:36:13,944] {dag.py:2914} INFO - Setting next_dagrun for example_complex to None
[2022-08-21 12:36:13,956] {processor.py:171} INFO - Processing /home/ubuntu/anaconda3/lib/python3.9/site-packages/airflow/example_dags/example_complex.py took 0.072 seconds
[2022-08-21 12:36:49,124] {processor.py:163} INFO - Started process (PID=72686) to work on /home/ubuntu/anaconda3/lib/python3.9/site-packages/airflow/example_dags/example_complex.py
[2022-08-21 12:36:49,126] {processor.py:620} INFO - Processing file /home/ubuntu/anaconda3/lib/python3.9/site-packages/airflow/example_dags/example_complex.py for tasks to queue
[2022-08-21 12:36:49,126] {logging_mixin.py:109} INFO - [2022-08-21 12:36:49,126] {dagbag.py:500} INFO - Filling up the DagBag from /home/ubuntu/anaconda3/lib/python3.9/site-packages/airflow/example_dags/example_complex.py
[2022-08-21 12:36:49,153] {processor.py:632} INFO - DAG(s) dict_keys(['example_complex']) retrieved from /home/ubuntu/anaconda3/lib/python3.9/site-packages/airflow/example_dags/example_complex.py
[2022-08-21 12:36:49,157] {logging_mixin.py:109} WARNING - /home/ubuntu/anaconda3/lib/python3.9/site-packages/airflow/models/serialized_dag.py:120 SAWarning: TypeDecorator UtcDateTime(timezone=True) will not produce a cache key because the ``cache_ok`` attribute is not set to True.  This can have significant performance implications including some performance degradations in comparison to prior SQLAlchemy versions.  Set this attribute to True if this type object's state is safe to use in a cache key, or False to disable this warning. (Background on this error at: https://sqlalche.me/e/14/cprf)
[2022-08-21 12:36:49,171] {logging_mixin.py:109} INFO - [2022-08-21 12:36:49,171] {dag.py:2389} INFO - Sync 1 DAGs
[2022-08-21 12:36:49,182] {logging_mixin.py:109} WARNING - /home/ubuntu/anaconda3/lib/python3.9/site-packages/airflow/models/dag.py:2426 SAWarning: TypeDecorator UtcDateTime(timezone=True) will not produce a cache key because the ``cache_ok`` attribute is not set to True.  This can have significant performance implications including some performance degradations in comparison to prior SQLAlchemy versions.  Set this attribute to True if this type object's state is safe to use in a cache key, or False to disable this warning. (Background on this error at: https://sqlalche.me/e/14/cprf)
[2022-08-21 12:36:49,187] {logging_mixin.py:109} INFO - [2022-08-21 12:36:49,187] {dag.py:2914} INFO - Setting next_dagrun for example_complex to None
[2022-08-21 12:36:49,200] {processor.py:171} INFO - Processing /home/ubuntu/anaconda3/lib/python3.9/site-packages/airflow/example_dags/example_complex.py took 0.078 seconds
[2022-08-21 12:37:35,457] {processor.py:163} INFO - Started process (PID=72996) to work on /home/ubuntu/anaconda3/lib/python3.9/site-packages/airflow/example_dags/example_complex.py
[2022-08-21 12:37:35,458] {processor.py:620} INFO - Processing file /home/ubuntu/anaconda3/lib/python3.9/site-packages/airflow/example_dags/example_complex.py for tasks to queue
[2022-08-21 12:37:35,458] {logging_mixin.py:109} INFO - [2022-08-21 12:37:35,458] {dagbag.py:500} INFO - Filling up the DagBag from /home/ubuntu/anaconda3/lib/python3.9/site-packages/airflow/example_dags/example_complex.py
[2022-08-21 12:37:35,487] {processor.py:632} INFO - DAG(s) dict_keys(['example_complex']) retrieved from /home/ubuntu/anaconda3/lib/python3.9/site-packages/airflow/example_dags/example_complex.py
[2022-08-21 12:37:35,492] {logging_mixin.py:109} WARNING - /home/ubuntu/anaconda3/lib/python3.9/site-packages/airflow/models/serialized_dag.py:120 SAWarning: TypeDecorator UtcDateTime(timezone=True) will not produce a cache key because the ``cache_ok`` attribute is not set to True.  This can have significant performance implications including some performance degradations in comparison to prior SQLAlchemy versions.  Set this attribute to True if this type object's state is safe to use in a cache key, or False to disable this warning. (Background on this error at: https://sqlalche.me/e/14/cprf)
[2022-08-21 12:37:35,505] {logging_mixin.py:109} INFO - [2022-08-21 12:37:35,505] {dag.py:2389} INFO - Sync 1 DAGs
[2022-08-21 12:37:35,516] {logging_mixin.py:109} WARNING - /home/ubuntu/anaconda3/lib/python3.9/site-packages/airflow/models/dag.py:2426 SAWarning: TypeDecorator UtcDateTime(timezone=True) will not produce a cache key because the ``cache_ok`` attribute is not set to True.  This can have significant performance implications including some performance degradations in comparison to prior SQLAlchemy versions.  Set this attribute to True if this type object's state is safe to use in a cache key, or False to disable this warning. (Background on this error at: https://sqlalche.me/e/14/cprf)
[2022-08-21 12:37:35,521] {logging_mixin.py:109} INFO - [2022-08-21 12:37:35,521] {dag.py:2914} INFO - Setting next_dagrun for example_complex to None
[2022-08-21 12:37:35,533] {processor.py:171} INFO - Processing /home/ubuntu/anaconda3/lib/python3.9/site-packages/airflow/example_dags/example_complex.py took 0.079 seconds
[2022-08-21 12:38:10,710] {processor.py:163} INFO - Started process (PID=73106) to work on /home/ubuntu/anaconda3/lib/python3.9/site-packages/airflow/example_dags/example_complex.py
[2022-08-21 12:38:10,710] {processor.py:620} INFO - Processing file /home/ubuntu/anaconda3/lib/python3.9/site-packages/airflow/example_dags/example_complex.py for tasks to queue
[2022-08-21 12:38:10,711] {logging_mixin.py:109} INFO - [2022-08-21 12:38:10,710] {dagbag.py:500} INFO - Filling up the DagBag from /home/ubuntu/anaconda3/lib/python3.9/site-packages/airflow/example_dags/example_complex.py
[2022-08-21 12:38:10,735] {processor.py:632} INFO - DAG(s) dict_keys(['example_complex']) retrieved from /home/ubuntu/anaconda3/lib/python3.9/site-packages/airflow/example_dags/example_complex.py
[2022-08-21 12:38:10,740] {logging_mixin.py:109} WARNING - /home/ubuntu/anaconda3/lib/python3.9/site-packages/airflow/models/serialized_dag.py:120 SAWarning: TypeDecorator UtcDateTime(timezone=True) will not produce a cache key because the ``cache_ok`` attribute is not set to True.  This can have significant performance implications including some performance degradations in comparison to prior SQLAlchemy versions.  Set this attribute to True if this type object's state is safe to use in a cache key, or False to disable this warning. (Background on this error at: https://sqlalche.me/e/14/cprf)
[2022-08-21 12:38:10,753] {logging_mixin.py:109} INFO - [2022-08-21 12:38:10,752] {dag.py:2389} INFO - Sync 1 DAGs
[2022-08-21 12:38:10,762] {logging_mixin.py:109} WARNING - /home/ubuntu/anaconda3/lib/python3.9/site-packages/airflow/models/dag.py:2426 SAWarning: TypeDecorator UtcDateTime(timezone=True) will not produce a cache key because the ``cache_ok`` attribute is not set to True.  This can have significant performance implications including some performance degradations in comparison to prior SQLAlchemy versions.  Set this attribute to True if this type object's state is safe to use in a cache key, or False to disable this warning. (Background on this error at: https://sqlalche.me/e/14/cprf)
[2022-08-21 12:38:10,767] {logging_mixin.py:109} INFO - [2022-08-21 12:38:10,767] {dag.py:2914} INFO - Setting next_dagrun for example_complex to None
[2022-08-21 12:38:10,777] {processor.py:171} INFO - Processing /home/ubuntu/anaconda3/lib/python3.9/site-packages/airflow/example_dags/example_complex.py took 0.070 seconds
[2022-08-21 12:38:45,976] {processor.py:163} INFO - Started process (PID=73154) to work on /home/ubuntu/anaconda3/lib/python3.9/site-packages/airflow/example_dags/example_complex.py
[2022-08-21 12:38:45,976] {processor.py:620} INFO - Processing file /home/ubuntu/anaconda3/lib/python3.9/site-packages/airflow/example_dags/example_complex.py for tasks to queue
[2022-08-21 12:38:45,977] {logging_mixin.py:109} INFO - [2022-08-21 12:38:45,977] {dagbag.py:500} INFO - Filling up the DagBag from /home/ubuntu/anaconda3/lib/python3.9/site-packages/airflow/example_dags/example_complex.py
[2022-08-21 12:38:46,001] {processor.py:632} INFO - DAG(s) dict_keys(['example_complex']) retrieved from /home/ubuntu/anaconda3/lib/python3.9/site-packages/airflow/example_dags/example_complex.py
[2022-08-21 12:38:46,005] {logging_mixin.py:109} WARNING - /home/ubuntu/anaconda3/lib/python3.9/site-packages/airflow/models/serialized_dag.py:120 SAWarning: TypeDecorator UtcDateTime(timezone=True) will not produce a cache key because the ``cache_ok`` attribute is not set to True.  This can have significant performance implications including some performance degradations in comparison to prior SQLAlchemy versions.  Set this attribute to True if this type object's state is safe to use in a cache key, or False to disable this warning. (Background on this error at: https://sqlalche.me/e/14/cprf)
[2022-08-21 12:38:46,018] {logging_mixin.py:109} INFO - [2022-08-21 12:38:46,018] {dag.py:2389} INFO - Sync 1 DAGs
[2022-08-21 12:38:46,027] {logging_mixin.py:109} WARNING - /home/ubuntu/anaconda3/lib/python3.9/site-packages/airflow/models/dag.py:2426 SAWarning: TypeDecorator UtcDateTime(timezone=True) will not produce a cache key because the ``cache_ok`` attribute is not set to True.  This can have significant performance implications including some performance degradations in comparison to prior SQLAlchemy versions.  Set this attribute to True if this type object's state is safe to use in a cache key, or False to disable this warning. (Background on this error at: https://sqlalche.me/e/14/cprf)
[2022-08-21 12:38:46,032] {logging_mixin.py:109} INFO - [2022-08-21 12:38:46,032] {dag.py:2914} INFO - Setting next_dagrun for example_complex to None
[2022-08-21 12:38:46,043] {processor.py:171} INFO - Processing /home/ubuntu/anaconda3/lib/python3.9/site-packages/airflow/example_dags/example_complex.py took 0.070 seconds
[2022-08-21 12:39:20,941] {processor.py:163} INFO - Started process (PID=73233) to work on /home/ubuntu/anaconda3/lib/python3.9/site-packages/airflow/example_dags/example_complex.py
[2022-08-21 12:39:20,942] {processor.py:620} INFO - Processing file /home/ubuntu/anaconda3/lib/python3.9/site-packages/airflow/example_dags/example_complex.py for tasks to queue
[2022-08-21 12:39:20,942] {logging_mixin.py:109} INFO - [2022-08-21 12:39:20,942] {dagbag.py:500} INFO - Filling up the DagBag from /home/ubuntu/anaconda3/lib/python3.9/site-packages/airflow/example_dags/example_complex.py
[2022-08-21 12:39:20,966] {processor.py:632} INFO - DAG(s) dict_keys(['example_complex']) retrieved from /home/ubuntu/anaconda3/lib/python3.9/site-packages/airflow/example_dags/example_complex.py
[2022-08-21 12:39:20,970] {logging_mixin.py:109} WARNING - /home/ubuntu/anaconda3/lib/python3.9/site-packages/airflow/models/serialized_dag.py:120 SAWarning: TypeDecorator UtcDateTime(timezone=True) will not produce a cache key because the ``cache_ok`` attribute is not set to True.  This can have significant performance implications including some performance degradations in comparison to prior SQLAlchemy versions.  Set this attribute to True if this type object's state is safe to use in a cache key, or False to disable this warning. (Background on this error at: https://sqlalche.me/e/14/cprf)
[2022-08-21 12:39:20,983] {logging_mixin.py:109} INFO - [2022-08-21 12:39:20,983] {dag.py:2389} INFO - Sync 1 DAGs
[2022-08-21 12:39:20,992] {logging_mixin.py:109} WARNING - /home/ubuntu/anaconda3/lib/python3.9/site-packages/airflow/models/dag.py:2426 SAWarning: TypeDecorator UtcDateTime(timezone=True) will not produce a cache key because the ``cache_ok`` attribute is not set to True.  This can have significant performance implications including some performance degradations in comparison to prior SQLAlchemy versions.  Set this attribute to True if this type object's state is safe to use in a cache key, or False to disable this warning. (Background on this error at: https://sqlalche.me/e/14/cprf)
[2022-08-21 12:39:20,997] {logging_mixin.py:109} INFO - [2022-08-21 12:39:20,997] {dag.py:2914} INFO - Setting next_dagrun for example_complex to None
[2022-08-21 12:39:21,010] {processor.py:171} INFO - Processing /home/ubuntu/anaconda3/lib/python3.9/site-packages/airflow/example_dags/example_complex.py took 0.071 seconds
[2022-08-21 12:39:56,453] {processor.py:163} INFO - Started process (PID=73266) to work on /home/ubuntu/anaconda3/lib/python3.9/site-packages/airflow/example_dags/example_complex.py
[2022-08-21 12:39:56,454] {processor.py:620} INFO - Processing file /home/ubuntu/anaconda3/lib/python3.9/site-packages/airflow/example_dags/example_complex.py for tasks to queue
[2022-08-21 12:39:56,454] {logging_mixin.py:109} INFO - [2022-08-21 12:39:56,454] {dagbag.py:500} INFO - Filling up the DagBag from /home/ubuntu/anaconda3/lib/python3.9/site-packages/airflow/example_dags/example_complex.py
[2022-08-21 12:39:56,479] {processor.py:632} INFO - DAG(s) dict_keys(['example_complex']) retrieved from /home/ubuntu/anaconda3/lib/python3.9/site-packages/airflow/example_dags/example_complex.py
[2022-08-21 12:39:56,483] {logging_mixin.py:109} WARNING - /home/ubuntu/anaconda3/lib/python3.9/site-packages/airflow/models/serialized_dag.py:120 SAWarning: TypeDecorator UtcDateTime(timezone=True) will not produce a cache key because the ``cache_ok`` attribute is not set to True.  This can have significant performance implications including some performance degradations in comparison to prior SQLAlchemy versions.  Set this attribute to True if this type object's state is safe to use in a cache key, or False to disable this warning. (Background on this error at: https://sqlalche.me/e/14/cprf)
[2022-08-21 12:39:56,495] {logging_mixin.py:109} INFO - [2022-08-21 12:39:56,495] {dag.py:2389} INFO - Sync 1 DAGs
[2022-08-21 12:39:56,505] {logging_mixin.py:109} WARNING - /home/ubuntu/anaconda3/lib/python3.9/site-packages/airflow/models/dag.py:2426 SAWarning: TypeDecorator UtcDateTime(timezone=True) will not produce a cache key because the ``cache_ok`` attribute is not set to True.  This can have significant performance implications including some performance degradations in comparison to prior SQLAlchemy versions.  Set this attribute to True if this type object's state is safe to use in a cache key, or False to disable this warning. (Background on this error at: https://sqlalche.me/e/14/cprf)
[2022-08-21 12:39:56,510] {logging_mixin.py:109} INFO - [2022-08-21 12:39:56,510] {dag.py:2914} INFO - Setting next_dagrun for example_complex to None
[2022-08-21 12:39:56,521] {processor.py:171} INFO - Processing /home/ubuntu/anaconda3/lib/python3.9/site-packages/airflow/example_dags/example_complex.py took 0.070 seconds
[2022-08-21 12:40:30,479] {processor.py:163} INFO - Started process (PID=73300) to work on /home/ubuntu/anaconda3/lib/python3.9/site-packages/airflow/example_dags/example_complex.py
[2022-08-21 12:40:30,480] {processor.py:620} INFO - Processing file /home/ubuntu/anaconda3/lib/python3.9/site-packages/airflow/example_dags/example_complex.py for tasks to queue
[2022-08-21 12:40:30,480] {logging_mixin.py:109} INFO - [2022-08-21 12:40:30,480] {dagbag.py:500} INFO - Filling up the DagBag from /home/ubuntu/anaconda3/lib/python3.9/site-packages/airflow/example_dags/example_complex.py
[2022-08-21 12:40:30,506] {processor.py:632} INFO - DAG(s) dict_keys(['example_complex']) retrieved from /home/ubuntu/anaconda3/lib/python3.9/site-packages/airflow/example_dags/example_complex.py
[2022-08-21 12:40:30,511] {logging_mixin.py:109} WARNING - /home/ubuntu/anaconda3/lib/python3.9/site-packages/airflow/models/serialized_dag.py:120 SAWarning: TypeDecorator UtcDateTime(timezone=True) will not produce a cache key because the ``cache_ok`` attribute is not set to True.  This can have significant performance implications including some performance degradations in comparison to prior SQLAlchemy versions.  Set this attribute to True if this type object's state is safe to use in a cache key, or False to disable this warning. (Background on this error at: https://sqlalche.me/e/14/cprf)
[2022-08-21 12:40:30,524] {logging_mixin.py:109} INFO - [2022-08-21 12:40:30,524] {dag.py:2389} INFO - Sync 1 DAGs
[2022-08-21 12:40:30,534] {logging_mixin.py:109} WARNING - /home/ubuntu/anaconda3/lib/python3.9/site-packages/airflow/models/dag.py:2426 SAWarning: TypeDecorator UtcDateTime(timezone=True) will not produce a cache key because the ``cache_ok`` attribute is not set to True.  This can have significant performance implications including some performance degradations in comparison to prior SQLAlchemy versions.  Set this attribute to True if this type object's state is safe to use in a cache key, or False to disable this warning. (Background on this error at: https://sqlalche.me/e/14/cprf)
[2022-08-21 12:40:30,538] {logging_mixin.py:109} INFO - [2022-08-21 12:40:30,538] {dag.py:2914} INFO - Setting next_dagrun for example_complex to None
[2022-08-21 12:40:30,552] {processor.py:171} INFO - Processing /home/ubuntu/anaconda3/lib/python3.9/site-packages/airflow/example_dags/example_complex.py took 0.076 seconds
[2022-08-21 12:41:06,573] {processor.py:163} INFO - Started process (PID=73383) to work on /home/ubuntu/anaconda3/lib/python3.9/site-packages/airflow/example_dags/example_complex.py
[2022-08-21 12:41:06,574] {processor.py:620} INFO - Processing file /home/ubuntu/anaconda3/lib/python3.9/site-packages/airflow/example_dags/example_complex.py for tasks to queue
[2022-08-21 12:41:06,574] {logging_mixin.py:109} INFO - [2022-08-21 12:41:06,574] {dagbag.py:500} INFO - Filling up the DagBag from /home/ubuntu/anaconda3/lib/python3.9/site-packages/airflow/example_dags/example_complex.py
[2022-08-21 12:41:06,599] {processor.py:632} INFO - DAG(s) dict_keys(['example_complex']) retrieved from /home/ubuntu/anaconda3/lib/python3.9/site-packages/airflow/example_dags/example_complex.py
[2022-08-21 12:41:06,602] {logging_mixin.py:109} WARNING - /home/ubuntu/anaconda3/lib/python3.9/site-packages/airflow/models/serialized_dag.py:120 SAWarning: TypeDecorator UtcDateTime(timezone=True) will not produce a cache key because the ``cache_ok`` attribute is not set to True.  This can have significant performance implications including some performance degradations in comparison to prior SQLAlchemy versions.  Set this attribute to True if this type object's state is safe to use in a cache key, or False to disable this warning. (Background on this error at: https://sqlalche.me/e/14/cprf)
[2022-08-21 12:41:06,615] {logging_mixin.py:109} INFO - [2022-08-21 12:41:06,615] {dag.py:2389} INFO - Sync 1 DAGs
[2022-08-21 12:41:06,626] {logging_mixin.py:109} WARNING - /home/ubuntu/anaconda3/lib/python3.9/site-packages/airflow/models/dag.py:2426 SAWarning: TypeDecorator UtcDateTime(timezone=True) will not produce a cache key because the ``cache_ok`` attribute is not set to True.  This can have significant performance implications including some performance degradations in comparison to prior SQLAlchemy versions.  Set this attribute to True if this type object's state is safe to use in a cache key, or False to disable this warning. (Background on this error at: https://sqlalche.me/e/14/cprf)
[2022-08-21 12:41:06,631] {logging_mixin.py:109} INFO - [2022-08-21 12:41:06,631] {dag.py:2914} INFO - Setting next_dagrun for example_complex to None
[2022-08-21 12:41:06,642] {processor.py:171} INFO - Processing /home/ubuntu/anaconda3/lib/python3.9/site-packages/airflow/example_dags/example_complex.py took 0.071 seconds
[2022-08-21 12:41:41,159] {processor.py:163} INFO - Started process (PID=73489) to work on /home/ubuntu/anaconda3/lib/python3.9/site-packages/airflow/example_dags/example_complex.py
[2022-08-21 12:41:41,160] {processor.py:620} INFO - Processing file /home/ubuntu/anaconda3/lib/python3.9/site-packages/airflow/example_dags/example_complex.py for tasks to queue
[2022-08-21 12:41:41,160] {logging_mixin.py:109} INFO - [2022-08-21 12:41:41,160] {dagbag.py:500} INFO - Filling up the DagBag from /home/ubuntu/anaconda3/lib/python3.9/site-packages/airflow/example_dags/example_complex.py
[2022-08-21 12:41:41,185] {processor.py:632} INFO - DAG(s) dict_keys(['example_complex']) retrieved from /home/ubuntu/anaconda3/lib/python3.9/site-packages/airflow/example_dags/example_complex.py
[2022-08-21 12:41:41,189] {logging_mixin.py:109} WARNING - /home/ubuntu/anaconda3/lib/python3.9/site-packages/airflow/models/serialized_dag.py:120 SAWarning: TypeDecorator UtcDateTime(timezone=True) will not produce a cache key because the ``cache_ok`` attribute is not set to True.  This can have significant performance implications including some performance degradations in comparison to prior SQLAlchemy versions.  Set this attribute to True if this type object's state is safe to use in a cache key, or False to disable this warning. (Background on this error at: https://sqlalche.me/e/14/cprf)
[2022-08-21 12:41:41,202] {logging_mixin.py:109} INFO - [2022-08-21 12:41:41,202] {dag.py:2389} INFO - Sync 1 DAGs
[2022-08-21 12:41:41,213] {logging_mixin.py:109} WARNING - /home/ubuntu/anaconda3/lib/python3.9/site-packages/airflow/models/dag.py:2426 SAWarning: TypeDecorator UtcDateTime(timezone=True) will not produce a cache key because the ``cache_ok`` attribute is not set to True.  This can have significant performance implications including some performance degradations in comparison to prior SQLAlchemy versions.  Set this attribute to True if this type object's state is safe to use in a cache key, or False to disable this warning. (Background on this error at: https://sqlalche.me/e/14/cprf)
[2022-08-21 12:41:41,218] {logging_mixin.py:109} INFO - [2022-08-21 12:41:41,218] {dag.py:2914} INFO - Setting next_dagrun for example_complex to None
[2022-08-21 12:41:41,229] {processor.py:171} INFO - Processing /home/ubuntu/anaconda3/lib/python3.9/site-packages/airflow/example_dags/example_complex.py took 0.072 seconds
[2022-08-21 12:42:16,253] {processor.py:163} INFO - Started process (PID=73533) to work on /home/ubuntu/anaconda3/lib/python3.9/site-packages/airflow/example_dags/example_complex.py
[2022-08-21 12:42:16,254] {processor.py:620} INFO - Processing file /home/ubuntu/anaconda3/lib/python3.9/site-packages/airflow/example_dags/example_complex.py for tasks to queue
[2022-08-21 12:42:16,254] {logging_mixin.py:109} INFO - [2022-08-21 12:42:16,254] {dagbag.py:500} INFO - Filling up the DagBag from /home/ubuntu/anaconda3/lib/python3.9/site-packages/airflow/example_dags/example_complex.py
[2022-08-21 12:42:16,278] {processor.py:632} INFO - DAG(s) dict_keys(['example_complex']) retrieved from /home/ubuntu/anaconda3/lib/python3.9/site-packages/airflow/example_dags/example_complex.py
[2022-08-21 12:42:16,282] {logging_mixin.py:109} WARNING - /home/ubuntu/anaconda3/lib/python3.9/site-packages/airflow/models/serialized_dag.py:120 SAWarning: TypeDecorator UtcDateTime(timezone=True) will not produce a cache key because the ``cache_ok`` attribute is not set to True.  This can have significant performance implications including some performance degradations in comparison to prior SQLAlchemy versions.  Set this attribute to True if this type object's state is safe to use in a cache key, or False to disable this warning. (Background on this error at: https://sqlalche.me/e/14/cprf)
[2022-08-21 12:42:16,294] {logging_mixin.py:109} INFO - [2022-08-21 12:42:16,294] {dag.py:2389} INFO - Sync 1 DAGs
[2022-08-21 12:42:16,305] {logging_mixin.py:109} WARNING - /home/ubuntu/anaconda3/lib/python3.9/site-packages/airflow/models/dag.py:2426 SAWarning: TypeDecorator UtcDateTime(timezone=True) will not produce a cache key because the ``cache_ok`` attribute is not set to True.  This can have significant performance implications including some performance degradations in comparison to prior SQLAlchemy versions.  Set this attribute to True if this type object's state is safe to use in a cache key, or False to disable this warning. (Background on this error at: https://sqlalche.me/e/14/cprf)
[2022-08-21 12:42:16,310] {logging_mixin.py:109} INFO - [2022-08-21 12:42:16,310] {dag.py:2914} INFO - Setting next_dagrun for example_complex to None
[2022-08-21 12:42:16,321] {processor.py:171} INFO - Processing /home/ubuntu/anaconda3/lib/python3.9/site-packages/airflow/example_dags/example_complex.py took 0.070 seconds
[2022-08-21 12:42:51,410] {processor.py:163} INFO - Started process (PID=73723) to work on /home/ubuntu/anaconda3/lib/python3.9/site-packages/airflow/example_dags/example_complex.py
[2022-08-21 12:42:51,411] {processor.py:620} INFO - Processing file /home/ubuntu/anaconda3/lib/python3.9/site-packages/airflow/example_dags/example_complex.py for tasks to queue
[2022-08-21 12:42:51,411] {logging_mixin.py:109} INFO - [2022-08-21 12:42:51,411] {dagbag.py:500} INFO - Filling up the DagBag from /home/ubuntu/anaconda3/lib/python3.9/site-packages/airflow/example_dags/example_complex.py
[2022-08-21 12:42:51,436] {processor.py:632} INFO - DAG(s) dict_keys(['example_complex']) retrieved from /home/ubuntu/anaconda3/lib/python3.9/site-packages/airflow/example_dags/example_complex.py
[2022-08-21 12:42:51,440] {logging_mixin.py:109} WARNING - /home/ubuntu/anaconda3/lib/python3.9/site-packages/airflow/models/serialized_dag.py:120 SAWarning: TypeDecorator UtcDateTime(timezone=True) will not produce a cache key because the ``cache_ok`` attribute is not set to True.  This can have significant performance implications including some performance degradations in comparison to prior SQLAlchemy versions.  Set this attribute to True if this type object's state is safe to use in a cache key, or False to disable this warning. (Background on this error at: https://sqlalche.me/e/14/cprf)
[2022-08-21 12:42:51,454] {logging_mixin.py:109} INFO - [2022-08-21 12:42:51,454] {dag.py:2389} INFO - Sync 1 DAGs
[2022-08-21 12:42:51,464] {logging_mixin.py:109} WARNING - /home/ubuntu/anaconda3/lib/python3.9/site-packages/airflow/models/dag.py:2426 SAWarning: TypeDecorator UtcDateTime(timezone=True) will not produce a cache key because the ``cache_ok`` attribute is not set to True.  This can have significant performance implications including some performance degradations in comparison to prior SQLAlchemy versions.  Set this attribute to True if this type object's state is safe to use in a cache key, or False to disable this warning. (Background on this error at: https://sqlalche.me/e/14/cprf)
[2022-08-21 12:42:51,469] {logging_mixin.py:109} INFO - [2022-08-21 12:42:51,469] {dag.py:2914} INFO - Setting next_dagrun for example_complex to None
[2022-08-21 12:42:51,479] {processor.py:171} INFO - Processing /home/ubuntu/anaconda3/lib/python3.9/site-packages/airflow/example_dags/example_complex.py took 0.071 seconds
[2022-08-21 12:43:30,259] {processor.py:163} INFO - Started process (PID=73824) to work on /home/ubuntu/anaconda3/lib/python3.9/site-packages/airflow/example_dags/example_complex.py
[2022-08-21 12:43:30,260] {processor.py:620} INFO - Processing file /home/ubuntu/anaconda3/lib/python3.9/site-packages/airflow/example_dags/example_complex.py for tasks to queue
[2022-08-21 12:43:30,261] {logging_mixin.py:109} INFO - [2022-08-21 12:43:30,260] {dagbag.py:500} INFO - Filling up the DagBag from /home/ubuntu/anaconda3/lib/python3.9/site-packages/airflow/example_dags/example_complex.py
[2022-08-21 12:43:30,297] {processor.py:632} INFO - DAG(s) dict_keys(['example_complex']) retrieved from /home/ubuntu/anaconda3/lib/python3.9/site-packages/airflow/example_dags/example_complex.py
[2022-08-21 12:43:30,304] {logging_mixin.py:109} WARNING - /home/ubuntu/anaconda3/lib/python3.9/site-packages/airflow/models/serialized_dag.py:120 SAWarning: TypeDecorator UtcDateTime(timezone=True) will not produce a cache key because the ``cache_ok`` attribute is not set to True.  This can have significant performance implications including some performance degradations in comparison to prior SQLAlchemy versions.  Set this attribute to True if this type object's state is safe to use in a cache key, or False to disable this warning. (Background on this error at: https://sqlalche.me/e/14/cprf)
[2022-08-21 12:43:30,325] {logging_mixin.py:109} INFO - [2022-08-21 12:43:30,325] {dag.py:2389} INFO - Sync 1 DAGs
[2022-08-21 12:43:30,339] {logging_mixin.py:109} WARNING - /home/ubuntu/anaconda3/lib/python3.9/site-packages/airflow/models/dag.py:2426 SAWarning: TypeDecorator UtcDateTime(timezone=True) will not produce a cache key because the ``cache_ok`` attribute is not set to True.  This can have significant performance implications including some performance degradations in comparison to prior SQLAlchemy versions.  Set this attribute to True if this type object's state is safe to use in a cache key, or False to disable this warning. (Background on this error at: https://sqlalche.me/e/14/cprf)
[2022-08-21 12:43:30,346] {logging_mixin.py:109} INFO - [2022-08-21 12:43:30,346] {dag.py:2914} INFO - Setting next_dagrun for example_complex to None
[2022-08-21 12:43:30,361] {processor.py:171} INFO - Processing /home/ubuntu/anaconda3/lib/python3.9/site-packages/airflow/example_dags/example_complex.py took 0.104 seconds
[2022-08-21 12:44:12,949] {processor.py:163} INFO - Started process (PID=74119) to work on /home/ubuntu/anaconda3/lib/python3.9/site-packages/airflow/example_dags/example_complex.py
[2022-08-21 12:44:12,949] {processor.py:620} INFO - Processing file /home/ubuntu/anaconda3/lib/python3.9/site-packages/airflow/example_dags/example_complex.py for tasks to queue
[2022-08-21 12:44:12,950] {logging_mixin.py:109} INFO - [2022-08-21 12:44:12,950] {dagbag.py:500} INFO - Filling up the DagBag from /home/ubuntu/anaconda3/lib/python3.9/site-packages/airflow/example_dags/example_complex.py
[2022-08-21 12:44:12,975] {processor.py:632} INFO - DAG(s) dict_keys(['example_complex']) retrieved from /home/ubuntu/anaconda3/lib/python3.9/site-packages/airflow/example_dags/example_complex.py
[2022-08-21 12:44:12,979] {logging_mixin.py:109} WARNING - /home/ubuntu/anaconda3/lib/python3.9/site-packages/airflow/models/serialized_dag.py:120 SAWarning: TypeDecorator UtcDateTime(timezone=True) will not produce a cache key because the ``cache_ok`` attribute is not set to True.  This can have significant performance implications including some performance degradations in comparison to prior SQLAlchemy versions.  Set this attribute to True if this type object's state is safe to use in a cache key, or False to disable this warning. (Background on this error at: https://sqlalche.me/e/14/cprf)
[2022-08-21 12:44:12,991] {logging_mixin.py:109} INFO - [2022-08-21 12:44:12,991] {dag.py:2389} INFO - Sync 1 DAGs
[2022-08-21 12:44:13,001] {logging_mixin.py:109} WARNING - /home/ubuntu/anaconda3/lib/python3.9/site-packages/airflow/models/dag.py:2426 SAWarning: TypeDecorator UtcDateTime(timezone=True) will not produce a cache key because the ``cache_ok`` attribute is not set to True.  This can have significant performance implications including some performance degradations in comparison to prior SQLAlchemy versions.  Set this attribute to True if this type object's state is safe to use in a cache key, or False to disable this warning. (Background on this error at: https://sqlalche.me/e/14/cprf)
[2022-08-21 12:44:13,006] {logging_mixin.py:109} INFO - [2022-08-21 12:44:13,006] {dag.py:2914} INFO - Setting next_dagrun for example_complex to None
[2022-08-21 12:44:13,018] {processor.py:171} INFO - Processing /home/ubuntu/anaconda3/lib/python3.9/site-packages/airflow/example_dags/example_complex.py took 0.071 seconds
[2022-08-21 12:44:49,208] {processor.py:163} INFO - Started process (PID=74207) to work on /home/ubuntu/anaconda3/lib/python3.9/site-packages/airflow/example_dags/example_complex.py
[2022-08-21 12:44:49,208] {processor.py:620} INFO - Processing file /home/ubuntu/anaconda3/lib/python3.9/site-packages/airflow/example_dags/example_complex.py for tasks to queue
[2022-08-21 12:44:49,209] {logging_mixin.py:109} INFO - [2022-08-21 12:44:49,209] {dagbag.py:500} INFO - Filling up the DagBag from /home/ubuntu/anaconda3/lib/python3.9/site-packages/airflow/example_dags/example_complex.py
[2022-08-21 12:44:49,236] {processor.py:632} INFO - DAG(s) dict_keys(['example_complex']) retrieved from /home/ubuntu/anaconda3/lib/python3.9/site-packages/airflow/example_dags/example_complex.py
[2022-08-21 12:44:49,241] {logging_mixin.py:109} WARNING - /home/ubuntu/anaconda3/lib/python3.9/site-packages/airflow/models/serialized_dag.py:120 SAWarning: TypeDecorator UtcDateTime(timezone=True) will not produce a cache key because the ``cache_ok`` attribute is not set to True.  This can have significant performance implications including some performance degradations in comparison to prior SQLAlchemy versions.  Set this attribute to True if this type object's state is safe to use in a cache key, or False to disable this warning. (Background on this error at: https://sqlalche.me/e/14/cprf)
[2022-08-21 12:44:49,254] {logging_mixin.py:109} INFO - [2022-08-21 12:44:49,254] {dag.py:2389} INFO - Sync 1 DAGs
[2022-08-21 12:44:49,265] {logging_mixin.py:109} WARNING - /home/ubuntu/anaconda3/lib/python3.9/site-packages/airflow/models/dag.py:2426 SAWarning: TypeDecorator UtcDateTime(timezone=True) will not produce a cache key because the ``cache_ok`` attribute is not set to True.  This can have significant performance implications including some performance degradations in comparison to prior SQLAlchemy versions.  Set this attribute to True if this type object's state is safe to use in a cache key, or False to disable this warning. (Background on this error at: https://sqlalche.me/e/14/cprf)
[2022-08-21 12:44:49,270] {logging_mixin.py:109} INFO - [2022-08-21 12:44:49,270] {dag.py:2914} INFO - Setting next_dagrun for example_complex to None
[2022-08-21 12:44:49,282] {processor.py:171} INFO - Processing /home/ubuntu/anaconda3/lib/python3.9/site-packages/airflow/example_dags/example_complex.py took 0.076 seconds
[2022-08-21 12:45:23,862] {processor.py:163} INFO - Started process (PID=74435) to work on /home/ubuntu/anaconda3/lib/python3.9/site-packages/airflow/example_dags/example_complex.py
[2022-08-21 12:45:23,863] {processor.py:620} INFO - Processing file /home/ubuntu/anaconda3/lib/python3.9/site-packages/airflow/example_dags/example_complex.py for tasks to queue
[2022-08-21 12:45:23,863] {logging_mixin.py:109} INFO - [2022-08-21 12:45:23,863] {dagbag.py:500} INFO - Filling up the DagBag from /home/ubuntu/anaconda3/lib/python3.9/site-packages/airflow/example_dags/example_complex.py
[2022-08-21 12:45:23,900] {processor.py:632} INFO - DAG(s) dict_keys(['example_complex']) retrieved from /home/ubuntu/anaconda3/lib/python3.9/site-packages/airflow/example_dags/example_complex.py
[2022-08-21 12:45:23,906] {logging_mixin.py:109} WARNING - /home/ubuntu/anaconda3/lib/python3.9/site-packages/airflow/models/serialized_dag.py:120 SAWarning: TypeDecorator UtcDateTime(timezone=True) will not produce a cache key because the ``cache_ok`` attribute is not set to True.  This can have significant performance implications including some performance degradations in comparison to prior SQLAlchemy versions.  Set this attribute to True if this type object's state is safe to use in a cache key, or False to disable this warning. (Background on this error at: https://sqlalche.me/e/14/cprf)
[2022-08-21 12:45:23,925] {logging_mixin.py:109} INFO - [2022-08-21 12:45:23,925] {dag.py:2389} INFO - Sync 1 DAGs
[2022-08-21 12:45:23,939] {logging_mixin.py:109} WARNING - /home/ubuntu/anaconda3/lib/python3.9/site-packages/airflow/models/dag.py:2426 SAWarning: TypeDecorator UtcDateTime(timezone=True) will not produce a cache key because the ``cache_ok`` attribute is not set to True.  This can have significant performance implications including some performance degradations in comparison to prior SQLAlchemy versions.  Set this attribute to True if this type object's state is safe to use in a cache key, or False to disable this warning. (Background on this error at: https://sqlalche.me/e/14/cprf)
[2022-08-21 12:45:23,946] {logging_mixin.py:109} INFO - [2022-08-21 12:45:23,945] {dag.py:2914} INFO - Setting next_dagrun for example_complex to None
[2022-08-21 12:45:23,961] {processor.py:171} INFO - Processing /home/ubuntu/anaconda3/lib/python3.9/site-packages/airflow/example_dags/example_complex.py took 0.102 seconds
