[2022-08-21 12:35:54,093] {processor.py:163} INFO - Started process (PID=72633) to work on /home/ubuntu/anaconda3/lib/python3.9/site-packages/airflow/example_dags/example_latest_only_with_trigger.py
[2022-08-21 12:35:54,093] {processor.py:620} INFO - Processing file /home/ubuntu/anaconda3/lib/python3.9/site-packages/airflow/example_dags/example_latest_only_with_trigger.py for tasks to queue
[2022-08-21 12:35:54,094] {logging_mixin.py:109} INFO - [2022-08-21 12:35:54,093] {dagbag.py:500} INFO - Filling up the DagBag from /home/ubuntu/anaconda3/lib/python3.9/site-packages/airflow/example_dags/example_latest_only_with_trigger.py
[2022-08-21 12:35:54,111] {processor.py:632} INFO - DAG(s) dict_keys(['latest_only_with_trigger']) retrieved from /home/ubuntu/anaconda3/lib/python3.9/site-packages/airflow/example_dags/example_latest_only_with_trigger.py
[2022-08-21 12:35:54,115] {logging_mixin.py:109} WARNING - /home/ubuntu/anaconda3/lib/python3.9/site-packages/airflow/models/serialized_dag.py:120 SAWarning: TypeDecorator UtcDateTime(timezone=True) will not produce a cache key because the ``cache_ok`` attribute is not set to True.  This can have significant performance implications including some performance degradations in comparison to prior SQLAlchemy versions.  Set this attribute to True if this type object's state is safe to use in a cache key, or False to disable this warning. (Background on this error at: https://sqlalche.me/e/14/cprf)
[2022-08-21 12:35:54,122] {logging_mixin.py:109} INFO - [2022-08-21 12:35:54,122] {dag.py:2389} INFO - Sync 1 DAGs
[2022-08-21 12:35:54,132] {logging_mixin.py:109} WARNING - /home/ubuntu/anaconda3/lib/python3.9/site-packages/airflow/models/dag.py:2426 SAWarning: TypeDecorator UtcDateTime(timezone=True) will not produce a cache key because the ``cache_ok`` attribute is not set to True.  This can have significant performance implications including some performance degradations in comparison to prior SQLAlchemy versions.  Set this attribute to True if this type object's state is safe to use in a cache key, or False to disable this warning. (Background on this error at: https://sqlalche.me/e/14/cprf)
[2022-08-21 12:35:54,137] {logging_mixin.py:109} INFO - [2022-08-21 12:35:54,137] {dag.py:2914} INFO - Setting next_dagrun for latest_only_with_trigger to 2022-08-21T08:35:54.137096+00:00
[2022-08-21 12:35:54,148] {processor.py:171} INFO - Processing /home/ubuntu/anaconda3/lib/python3.9/site-packages/airflow/example_dags/example_latest_only_with_trigger.py took 0.058 seconds
[2022-08-21 12:36:30,792] {processor.py:163} INFO - Started process (PID=72669) to work on /home/ubuntu/anaconda3/lib/python3.9/site-packages/airflow/example_dags/example_latest_only_with_trigger.py
[2022-08-21 12:36:30,792] {processor.py:620} INFO - Processing file /home/ubuntu/anaconda3/lib/python3.9/site-packages/airflow/example_dags/example_latest_only_with_trigger.py for tasks to queue
[2022-08-21 12:36:30,793] {logging_mixin.py:109} INFO - [2022-08-21 12:36:30,793] {dagbag.py:500} INFO - Filling up the DagBag from /home/ubuntu/anaconda3/lib/python3.9/site-packages/airflow/example_dags/example_latest_only_with_trigger.py
[2022-08-21 12:36:30,809] {processor.py:632} INFO - DAG(s) dict_keys(['latest_only_with_trigger']) retrieved from /home/ubuntu/anaconda3/lib/python3.9/site-packages/airflow/example_dags/example_latest_only_with_trigger.py
[2022-08-21 12:36:30,813] {logging_mixin.py:109} WARNING - /home/ubuntu/anaconda3/lib/python3.9/site-packages/airflow/models/serialized_dag.py:120 SAWarning: TypeDecorator UtcDateTime(timezone=True) will not produce a cache key because the ``cache_ok`` attribute is not set to True.  This can have significant performance implications including some performance degradations in comparison to prior SQLAlchemy versions.  Set this attribute to True if this type object's state is safe to use in a cache key, or False to disable this warning. (Background on this error at: https://sqlalche.me/e/14/cprf)
[2022-08-21 12:36:30,821] {logging_mixin.py:109} INFO - [2022-08-21 12:36:30,821] {dag.py:2389} INFO - Sync 1 DAGs
[2022-08-21 12:36:30,831] {logging_mixin.py:109} WARNING - /home/ubuntu/anaconda3/lib/python3.9/site-packages/airflow/models/dag.py:2426 SAWarning: TypeDecorator UtcDateTime(timezone=True) will not produce a cache key because the ``cache_ok`` attribute is not set to True.  This can have significant performance implications including some performance degradations in comparison to prior SQLAlchemy versions.  Set this attribute to True if this type object's state is safe to use in a cache key, or False to disable this warning. (Background on this error at: https://sqlalche.me/e/14/cprf)
[2022-08-21 12:36:30,837] {logging_mixin.py:109} INFO - [2022-08-21 12:36:30,837] {dag.py:2914} INFO - Setting next_dagrun for latest_only_with_trigger to 2022-08-21T08:36:30.836793+00:00
[2022-08-21 12:36:30,849] {processor.py:171} INFO - Processing /home/ubuntu/anaconda3/lib/python3.9/site-packages/airflow/example_dags/example_latest_only_with_trigger.py took 0.059 seconds
[2022-08-21 12:37:50,929] {processor.py:163} INFO - Started process (PID=73068) to work on /home/ubuntu/anaconda3/lib/python3.9/site-packages/airflow/example_dags/example_latest_only_with_trigger.py
[2022-08-21 12:37:50,930] {processor.py:620} INFO - Processing file /home/ubuntu/anaconda3/lib/python3.9/site-packages/airflow/example_dags/example_latest_only_with_trigger.py for tasks to queue
[2022-08-21 12:37:50,930] {logging_mixin.py:109} INFO - [2022-08-21 12:37:50,930] {dagbag.py:500} INFO - Filling up the DagBag from /home/ubuntu/anaconda3/lib/python3.9/site-packages/airflow/example_dags/example_latest_only_with_trigger.py
[2022-08-21 12:37:50,947] {processor.py:632} INFO - DAG(s) dict_keys(['latest_only_with_trigger']) retrieved from /home/ubuntu/anaconda3/lib/python3.9/site-packages/airflow/example_dags/example_latest_only_with_trigger.py
[2022-08-21 12:37:50,951] {logging_mixin.py:109} WARNING - /home/ubuntu/anaconda3/lib/python3.9/site-packages/airflow/models/serialized_dag.py:120 SAWarning: TypeDecorator UtcDateTime(timezone=True) will not produce a cache key because the ``cache_ok`` attribute is not set to True.  This can have significant performance implications including some performance degradations in comparison to prior SQLAlchemy versions.  Set this attribute to True if this type object's state is safe to use in a cache key, or False to disable this warning. (Background on this error at: https://sqlalche.me/e/14/cprf)
[2022-08-21 12:37:50,959] {logging_mixin.py:109} INFO - [2022-08-21 12:37:50,959] {dag.py:2389} INFO - Sync 1 DAGs
[2022-08-21 12:37:50,968] {logging_mixin.py:109} WARNING - /home/ubuntu/anaconda3/lib/python3.9/site-packages/airflow/models/dag.py:2426 SAWarning: TypeDecorator UtcDateTime(timezone=True) will not produce a cache key because the ``cache_ok`` attribute is not set to True.  This can have significant performance implications including some performance degradations in comparison to prior SQLAlchemy versions.  Set this attribute to True if this type object's state is safe to use in a cache key, or False to disable this warning. (Background on this error at: https://sqlalche.me/e/14/cprf)
[2022-08-21 12:37:50,973] {logging_mixin.py:109} INFO - [2022-08-21 12:37:50,973] {dag.py:2914} INFO - Setting next_dagrun for latest_only_with_trigger to 2022-08-21T08:37:50.973518+00:00
[2022-08-21 12:37:50,985] {processor.py:171} INFO - Processing /home/ubuntu/anaconda3/lib/python3.9/site-packages/airflow/example_dags/example_latest_only_with_trigger.py took 0.057 seconds
[2022-08-21 12:38:29,337] {processor.py:163} INFO - Started process (PID=73124) to work on /home/ubuntu/anaconda3/lib/python3.9/site-packages/airflow/example_dags/example_latest_only_with_trigger.py
[2022-08-21 12:38:29,338] {processor.py:620} INFO - Processing file /home/ubuntu/anaconda3/lib/python3.9/site-packages/airflow/example_dags/example_latest_only_with_trigger.py for tasks to queue
[2022-08-21 12:38:29,338] {logging_mixin.py:109} INFO - [2022-08-21 12:38:29,338] {dagbag.py:500} INFO - Filling up the DagBag from /home/ubuntu/anaconda3/lib/python3.9/site-packages/airflow/example_dags/example_latest_only_with_trigger.py
[2022-08-21 12:38:29,355] {processor.py:632} INFO - DAG(s) dict_keys(['latest_only_with_trigger']) retrieved from /home/ubuntu/anaconda3/lib/python3.9/site-packages/airflow/example_dags/example_latest_only_with_trigger.py
[2022-08-21 12:38:29,359] {logging_mixin.py:109} WARNING - /home/ubuntu/anaconda3/lib/python3.9/site-packages/airflow/models/serialized_dag.py:120 SAWarning: TypeDecorator UtcDateTime(timezone=True) will not produce a cache key because the ``cache_ok`` attribute is not set to True.  This can have significant performance implications including some performance degradations in comparison to prior SQLAlchemy versions.  Set this attribute to True if this type object's state is safe to use in a cache key, or False to disable this warning. (Background on this error at: https://sqlalche.me/e/14/cprf)
[2022-08-21 12:38:29,367] {logging_mixin.py:109} INFO - [2022-08-21 12:38:29,367] {dag.py:2389} INFO - Sync 1 DAGs
[2022-08-21 12:38:29,377] {logging_mixin.py:109} WARNING - /home/ubuntu/anaconda3/lib/python3.9/site-packages/airflow/models/dag.py:2426 SAWarning: TypeDecorator UtcDateTime(timezone=True) will not produce a cache key because the ``cache_ok`` attribute is not set to True.  This can have significant performance implications including some performance degradations in comparison to prior SQLAlchemy versions.  Set this attribute to True if this type object's state is safe to use in a cache key, or False to disable this warning. (Background on this error at: https://sqlalche.me/e/14/cprf)
[2022-08-21 12:38:29,382] {logging_mixin.py:109} INFO - [2022-08-21 12:38:29,382] {dag.py:2914} INFO - Setting next_dagrun for latest_only_with_trigger to 2022-08-21T08:38:29.382286+00:00
[2022-08-21 12:38:29,393] {processor.py:171} INFO - Processing /home/ubuntu/anaconda3/lib/python3.9/site-packages/airflow/example_dags/example_latest_only_with_trigger.py took 0.058 seconds
[2022-08-21 12:39:05,433] {processor.py:163} INFO - Started process (PID=73219) to work on /home/ubuntu/anaconda3/lib/python3.9/site-packages/airflow/example_dags/example_latest_only_with_trigger.py
[2022-08-21 12:39:05,434] {processor.py:620} INFO - Processing file /home/ubuntu/anaconda3/lib/python3.9/site-packages/airflow/example_dags/example_latest_only_with_trigger.py for tasks to queue
[2022-08-21 12:39:05,434] {logging_mixin.py:109} INFO - [2022-08-21 12:39:05,434] {dagbag.py:500} INFO - Filling up the DagBag from /home/ubuntu/anaconda3/lib/python3.9/site-packages/airflow/example_dags/example_latest_only_with_trigger.py
[2022-08-21 12:39:05,453] {processor.py:632} INFO - DAG(s) dict_keys(['latest_only_with_trigger']) retrieved from /home/ubuntu/anaconda3/lib/python3.9/site-packages/airflow/example_dags/example_latest_only_with_trigger.py
[2022-08-21 12:39:05,457] {logging_mixin.py:109} WARNING - /home/ubuntu/anaconda3/lib/python3.9/site-packages/airflow/models/serialized_dag.py:120 SAWarning: TypeDecorator UtcDateTime(timezone=True) will not produce a cache key because the ``cache_ok`` attribute is not set to True.  This can have significant performance implications including some performance degradations in comparison to prior SQLAlchemy versions.  Set this attribute to True if this type object's state is safe to use in a cache key, or False to disable this warning. (Background on this error at: https://sqlalche.me/e/14/cprf)
[2022-08-21 12:39:05,466] {logging_mixin.py:109} INFO - [2022-08-21 12:39:05,465] {dag.py:2389} INFO - Sync 1 DAGs
[2022-08-21 12:39:05,476] {logging_mixin.py:109} WARNING - /home/ubuntu/anaconda3/lib/python3.9/site-packages/airflow/models/dag.py:2426 SAWarning: TypeDecorator UtcDateTime(timezone=True) will not produce a cache key because the ``cache_ok`` attribute is not set to True.  This can have significant performance implications including some performance degradations in comparison to prior SQLAlchemy versions.  Set this attribute to True if this type object's state is safe to use in a cache key, or False to disable this warning. (Background on this error at: https://sqlalche.me/e/14/cprf)
[2022-08-21 12:39:05,481] {logging_mixin.py:109} INFO - [2022-08-21 12:39:05,481] {dag.py:2914} INFO - Setting next_dagrun for latest_only_with_trigger to 2022-08-21T08:39:05.481136+00:00
[2022-08-21 12:39:05,494] {processor.py:171} INFO - Processing /home/ubuntu/anaconda3/lib/python3.9/site-packages/airflow/example_dags/example_latest_only_with_trigger.py took 0.063 seconds
[2022-08-21 12:39:42,717] {processor.py:163} INFO - Started process (PID=73253) to work on /home/ubuntu/anaconda3/lib/python3.9/site-packages/airflow/example_dags/example_latest_only_with_trigger.py
[2022-08-21 12:39:42,717] {processor.py:620} INFO - Processing file /home/ubuntu/anaconda3/lib/python3.9/site-packages/airflow/example_dags/example_latest_only_with_trigger.py for tasks to queue
[2022-08-21 12:39:42,718] {logging_mixin.py:109} INFO - [2022-08-21 12:39:42,718] {dagbag.py:500} INFO - Filling up the DagBag from /home/ubuntu/anaconda3/lib/python3.9/site-packages/airflow/example_dags/example_latest_only_with_trigger.py
[2022-08-21 12:39:42,735] {processor.py:632} INFO - DAG(s) dict_keys(['latest_only_with_trigger']) retrieved from /home/ubuntu/anaconda3/lib/python3.9/site-packages/airflow/example_dags/example_latest_only_with_trigger.py
[2022-08-21 12:39:42,739] {logging_mixin.py:109} WARNING - /home/ubuntu/anaconda3/lib/python3.9/site-packages/airflow/models/serialized_dag.py:120 SAWarning: TypeDecorator UtcDateTime(timezone=True) will not produce a cache key because the ``cache_ok`` attribute is not set to True.  This can have significant performance implications including some performance degradations in comparison to prior SQLAlchemy versions.  Set this attribute to True if this type object's state is safe to use in a cache key, or False to disable this warning. (Background on this error at: https://sqlalche.me/e/14/cprf)
[2022-08-21 12:39:42,747] {logging_mixin.py:109} INFO - [2022-08-21 12:39:42,747] {dag.py:2389} INFO - Sync 1 DAGs
[2022-08-21 12:39:42,757] {logging_mixin.py:109} WARNING - /home/ubuntu/anaconda3/lib/python3.9/site-packages/airflow/models/dag.py:2426 SAWarning: TypeDecorator UtcDateTime(timezone=True) will not produce a cache key because the ``cache_ok`` attribute is not set to True.  This can have significant performance implications including some performance degradations in comparison to prior SQLAlchemy versions.  Set this attribute to True if this type object's state is safe to use in a cache key, or False to disable this warning. (Background on this error at: https://sqlalche.me/e/14/cprf)
[2022-08-21 12:39:42,765] {logging_mixin.py:109} INFO - [2022-08-21 12:39:42,764] {dag.py:2914} INFO - Setting next_dagrun for latest_only_with_trigger to 2022-08-21T08:39:42.764638+00:00
[2022-08-21 12:39:42,777] {processor.py:171} INFO - Processing /home/ubuntu/anaconda3/lib/python3.9/site-packages/airflow/example_dags/example_latest_only_with_trigger.py took 0.062 seconds
[2022-08-21 12:40:18,144] {processor.py:163} INFO - Started process (PID=73289) to work on /home/ubuntu/anaconda3/lib/python3.9/site-packages/airflow/example_dags/example_latest_only_with_trigger.py
[2022-08-21 12:40:18,145] {processor.py:620} INFO - Processing file /home/ubuntu/anaconda3/lib/python3.9/site-packages/airflow/example_dags/example_latest_only_with_trigger.py for tasks to queue
[2022-08-21 12:40:18,145] {logging_mixin.py:109} INFO - [2022-08-21 12:40:18,145] {dagbag.py:500} INFO - Filling up the DagBag from /home/ubuntu/anaconda3/lib/python3.9/site-packages/airflow/example_dags/example_latest_only_with_trigger.py
[2022-08-21 12:40:18,162] {processor.py:632} INFO - DAG(s) dict_keys(['latest_only_with_trigger']) retrieved from /home/ubuntu/anaconda3/lib/python3.9/site-packages/airflow/example_dags/example_latest_only_with_trigger.py
[2022-08-21 12:40:18,166] {logging_mixin.py:109} WARNING - /home/ubuntu/anaconda3/lib/python3.9/site-packages/airflow/models/serialized_dag.py:120 SAWarning: TypeDecorator UtcDateTime(timezone=True) will not produce a cache key because the ``cache_ok`` attribute is not set to True.  This can have significant performance implications including some performance degradations in comparison to prior SQLAlchemy versions.  Set this attribute to True if this type object's state is safe to use in a cache key, or False to disable this warning. (Background on this error at: https://sqlalche.me/e/14/cprf)
[2022-08-21 12:40:18,173] {logging_mixin.py:109} INFO - [2022-08-21 12:40:18,173] {dag.py:2389} INFO - Sync 1 DAGs
[2022-08-21 12:40:18,183] {logging_mixin.py:109} WARNING - /home/ubuntu/anaconda3/lib/python3.9/site-packages/airflow/models/dag.py:2426 SAWarning: TypeDecorator UtcDateTime(timezone=True) will not produce a cache key because the ``cache_ok`` attribute is not set to True.  This can have significant performance implications including some performance degradations in comparison to prior SQLAlchemy versions.  Set this attribute to True if this type object's state is safe to use in a cache key, or False to disable this warning. (Background on this error at: https://sqlalche.me/e/14/cprf)
[2022-08-21 12:40:18,188] {logging_mixin.py:109} INFO - [2022-08-21 12:40:18,188] {dag.py:2914} INFO - Setting next_dagrun for latest_only_with_trigger to 2022-08-21T08:40:18.188197+00:00
[2022-08-21 12:40:18,200] {processor.py:171} INFO - Processing /home/ubuntu/anaconda3/lib/python3.9/site-packages/airflow/example_dags/example_latest_only_with_trigger.py took 0.058 seconds
[2022-08-21 12:40:53,958] {processor.py:163} INFO - Started process (PID=73370) to work on /home/ubuntu/anaconda3/lib/python3.9/site-packages/airflow/example_dags/example_latest_only_with_trigger.py
[2022-08-21 12:40:53,958] {processor.py:620} INFO - Processing file /home/ubuntu/anaconda3/lib/python3.9/site-packages/airflow/example_dags/example_latest_only_with_trigger.py for tasks to queue
[2022-08-21 12:40:53,959] {logging_mixin.py:109} INFO - [2022-08-21 12:40:53,959] {dagbag.py:500} INFO - Filling up the DagBag from /home/ubuntu/anaconda3/lib/python3.9/site-packages/airflow/example_dags/example_latest_only_with_trigger.py
[2022-08-21 12:40:53,974] {processor.py:632} INFO - DAG(s) dict_keys(['latest_only_with_trigger']) retrieved from /home/ubuntu/anaconda3/lib/python3.9/site-packages/airflow/example_dags/example_latest_only_with_trigger.py
[2022-08-21 12:40:53,978] {logging_mixin.py:109} WARNING - /home/ubuntu/anaconda3/lib/python3.9/site-packages/airflow/models/serialized_dag.py:120 SAWarning: TypeDecorator UtcDateTime(timezone=True) will not produce a cache key because the ``cache_ok`` attribute is not set to True.  This can have significant performance implications including some performance degradations in comparison to prior SQLAlchemy versions.  Set this attribute to True if this type object's state is safe to use in a cache key, or False to disable this warning. (Background on this error at: https://sqlalche.me/e/14/cprf)
[2022-08-21 12:40:53,986] {logging_mixin.py:109} INFO - [2022-08-21 12:40:53,986] {dag.py:2389} INFO - Sync 1 DAGs
[2022-08-21 12:40:53,996] {logging_mixin.py:109} WARNING - /home/ubuntu/anaconda3/lib/python3.9/site-packages/airflow/models/dag.py:2426 SAWarning: TypeDecorator UtcDateTime(timezone=True) will not produce a cache key because the ``cache_ok`` attribute is not set to True.  This can have significant performance implications including some performance degradations in comparison to prior SQLAlchemy versions.  Set this attribute to True if this type object's state is safe to use in a cache key, or False to disable this warning. (Background on this error at: https://sqlalche.me/e/14/cprf)
[2022-08-21 12:40:54,001] {logging_mixin.py:109} INFO - [2022-08-21 12:40:54,001] {dag.py:2914} INFO - Setting next_dagrun for latest_only_with_trigger to 2022-08-21T08:40:54.000932+00:00
[2022-08-21 12:40:54,012] {processor.py:171} INFO - Processing /home/ubuntu/anaconda3/lib/python3.9/site-packages/airflow/example_dags/example_latest_only_with_trigger.py took 0.057 seconds
[2022-08-21 12:41:30,850] {processor.py:163} INFO - Started process (PID=73478) to work on /home/ubuntu/anaconda3/lib/python3.9/site-packages/airflow/example_dags/example_latest_only_with_trigger.py
[2022-08-21 12:41:30,851] {processor.py:620} INFO - Processing file /home/ubuntu/anaconda3/lib/python3.9/site-packages/airflow/example_dags/example_latest_only_with_trigger.py for tasks to queue
[2022-08-21 12:41:30,851] {logging_mixin.py:109} INFO - [2022-08-21 12:41:30,851] {dagbag.py:500} INFO - Filling up the DagBag from /home/ubuntu/anaconda3/lib/python3.9/site-packages/airflow/example_dags/example_latest_only_with_trigger.py
[2022-08-21 12:41:30,868] {processor.py:632} INFO - DAG(s) dict_keys(['latest_only_with_trigger']) retrieved from /home/ubuntu/anaconda3/lib/python3.9/site-packages/airflow/example_dags/example_latest_only_with_trigger.py
[2022-08-21 12:41:30,872] {logging_mixin.py:109} WARNING - /home/ubuntu/anaconda3/lib/python3.9/site-packages/airflow/models/serialized_dag.py:120 SAWarning: TypeDecorator UtcDateTime(timezone=True) will not produce a cache key because the ``cache_ok`` attribute is not set to True.  This can have significant performance implications including some performance degradations in comparison to prior SQLAlchemy versions.  Set this attribute to True if this type object's state is safe to use in a cache key, or False to disable this warning. (Background on this error at: https://sqlalche.me/e/14/cprf)
[2022-08-21 12:41:30,880] {logging_mixin.py:109} INFO - [2022-08-21 12:41:30,879] {dag.py:2389} INFO - Sync 1 DAGs
[2022-08-21 12:41:30,889] {logging_mixin.py:109} WARNING - /home/ubuntu/anaconda3/lib/python3.9/site-packages/airflow/models/dag.py:2426 SAWarning: TypeDecorator UtcDateTime(timezone=True) will not produce a cache key because the ``cache_ok`` attribute is not set to True.  This can have significant performance implications including some performance degradations in comparison to prior SQLAlchemy versions.  Set this attribute to True if this type object's state is safe to use in a cache key, or False to disable this warning. (Background on this error at: https://sqlalche.me/e/14/cprf)
[2022-08-21 12:41:30,894] {logging_mixin.py:109} INFO - [2022-08-21 12:41:30,894] {dag.py:2914} INFO - Setting next_dagrun for latest_only_with_trigger to 2022-08-21T08:41:30.894392+00:00
[2022-08-21 12:41:30,906] {processor.py:171} INFO - Processing /home/ubuntu/anaconda3/lib/python3.9/site-packages/airflow/example_dags/example_latest_only_with_trigger.py took 0.058 seconds
[2022-08-21 12:42:05,373] {processor.py:163} INFO - Started process (PID=73513) to work on /home/ubuntu/anaconda3/lib/python3.9/site-packages/airflow/example_dags/example_latest_only_with_trigger.py
[2022-08-21 12:42:05,373] {processor.py:620} INFO - Processing file /home/ubuntu/anaconda3/lib/python3.9/site-packages/airflow/example_dags/example_latest_only_with_trigger.py for tasks to queue
[2022-08-21 12:42:05,374] {logging_mixin.py:109} INFO - [2022-08-21 12:42:05,374] {dagbag.py:500} INFO - Filling up the DagBag from /home/ubuntu/anaconda3/lib/python3.9/site-packages/airflow/example_dags/example_latest_only_with_trigger.py
[2022-08-21 12:42:05,392] {processor.py:632} INFO - DAG(s) dict_keys(['latest_only_with_trigger']) retrieved from /home/ubuntu/anaconda3/lib/python3.9/site-packages/airflow/example_dags/example_latest_only_with_trigger.py
[2022-08-21 12:42:05,396] {logging_mixin.py:109} WARNING - /home/ubuntu/anaconda3/lib/python3.9/site-packages/airflow/models/serialized_dag.py:120 SAWarning: TypeDecorator UtcDateTime(timezone=True) will not produce a cache key because the ``cache_ok`` attribute is not set to True.  This can have significant performance implications including some performance degradations in comparison to prior SQLAlchemy versions.  Set this attribute to True if this type object's state is safe to use in a cache key, or False to disable this warning. (Background on this error at: https://sqlalche.me/e/14/cprf)
[2022-08-21 12:42:05,404] {logging_mixin.py:109} INFO - [2022-08-21 12:42:05,404] {dag.py:2389} INFO - Sync 1 DAGs
[2022-08-21 12:42:05,414] {logging_mixin.py:109} WARNING - /home/ubuntu/anaconda3/lib/python3.9/site-packages/airflow/models/dag.py:2426 SAWarning: TypeDecorator UtcDateTime(timezone=True) will not produce a cache key because the ``cache_ok`` attribute is not set to True.  This can have significant performance implications including some performance degradations in comparison to prior SQLAlchemy versions.  Set this attribute to True if this type object's state is safe to use in a cache key, or False to disable this warning. (Background on this error at: https://sqlalche.me/e/14/cprf)
[2022-08-21 12:42:05,420] {logging_mixin.py:109} INFO - [2022-08-21 12:42:05,420] {dag.py:2914} INFO - Setting next_dagrun for latest_only_with_trigger to 2022-08-21T08:42:05.419899+00:00
[2022-08-21 12:42:05,433] {processor.py:171} INFO - Processing /home/ubuntu/anaconda3/lib/python3.9/site-packages/airflow/example_dags/example_latest_only_with_trigger.py took 0.062 seconds
[2022-08-21 12:42:47,397] {processor.py:163} INFO - Started process (PID=73688) to work on /home/ubuntu/anaconda3/lib/python3.9/site-packages/airflow/example_dags/example_latest_only_with_trigger.py
[2022-08-21 12:42:47,398] {processor.py:620} INFO - Processing file /home/ubuntu/anaconda3/lib/python3.9/site-packages/airflow/example_dags/example_latest_only_with_trigger.py for tasks to queue
[2022-08-21 12:42:47,398] {logging_mixin.py:109} INFO - [2022-08-21 12:42:47,398] {dagbag.py:500} INFO - Filling up the DagBag from /home/ubuntu/anaconda3/lib/python3.9/site-packages/airflow/example_dags/example_latest_only_with_trigger.py
[2022-08-21 12:42:47,415] {processor.py:632} INFO - DAG(s) dict_keys(['latest_only_with_trigger']) retrieved from /home/ubuntu/anaconda3/lib/python3.9/site-packages/airflow/example_dags/example_latest_only_with_trigger.py
[2022-08-21 12:42:47,419] {logging_mixin.py:109} WARNING - /home/ubuntu/anaconda3/lib/python3.9/site-packages/airflow/models/serialized_dag.py:120 SAWarning: TypeDecorator UtcDateTime(timezone=True) will not produce a cache key because the ``cache_ok`` attribute is not set to True.  This can have significant performance implications including some performance degradations in comparison to prior SQLAlchemy versions.  Set this attribute to True if this type object's state is safe to use in a cache key, or False to disable this warning. (Background on this error at: https://sqlalche.me/e/14/cprf)
[2022-08-21 12:42:47,427] {logging_mixin.py:109} INFO - [2022-08-21 12:42:47,427] {dag.py:2389} INFO - Sync 1 DAGs
[2022-08-21 12:42:47,437] {logging_mixin.py:109} WARNING - /home/ubuntu/anaconda3/lib/python3.9/site-packages/airflow/models/dag.py:2426 SAWarning: TypeDecorator UtcDateTime(timezone=True) will not produce a cache key because the ``cache_ok`` attribute is not set to True.  This can have significant performance implications including some performance degradations in comparison to prior SQLAlchemy versions.  Set this attribute to True if this type object's state is safe to use in a cache key, or False to disable this warning. (Background on this error at: https://sqlalche.me/e/14/cprf)
[2022-08-21 12:42:47,442] {logging_mixin.py:109} INFO - [2022-08-21 12:42:47,442] {dag.py:2914} INFO - Setting next_dagrun for latest_only_with_trigger to 2022-08-21T08:42:47.442562+00:00
[2022-08-21 12:42:47,454] {processor.py:171} INFO - Processing /home/ubuntu/anaconda3/lib/python3.9/site-packages/airflow/example_dags/example_latest_only_with_trigger.py took 0.059 seconds
[2022-08-21 12:43:26,372] {processor.py:163} INFO - Started process (PID=73806) to work on /home/ubuntu/anaconda3/lib/python3.9/site-packages/airflow/example_dags/example_latest_only_with_trigger.py
[2022-08-21 12:43:26,373] {processor.py:620} INFO - Processing file /home/ubuntu/anaconda3/lib/python3.9/site-packages/airflow/example_dags/example_latest_only_with_trigger.py for tasks to queue
[2022-08-21 12:43:26,373] {logging_mixin.py:109} INFO - [2022-08-21 12:43:26,373] {dagbag.py:500} INFO - Filling up the DagBag from /home/ubuntu/anaconda3/lib/python3.9/site-packages/airflow/example_dags/example_latest_only_with_trigger.py
[2022-08-21 12:43:26,397] {processor.py:632} INFO - DAG(s) dict_keys(['latest_only_with_trigger']) retrieved from /home/ubuntu/anaconda3/lib/python3.9/site-packages/airflow/example_dags/example_latest_only_with_trigger.py
[2022-08-21 12:43:26,403] {logging_mixin.py:109} WARNING - /home/ubuntu/anaconda3/lib/python3.9/site-packages/airflow/models/serialized_dag.py:120 SAWarning: TypeDecorator UtcDateTime(timezone=True) will not produce a cache key because the ``cache_ok`` attribute is not set to True.  This can have significant performance implications including some performance degradations in comparison to prior SQLAlchemy versions.  Set this attribute to True if this type object's state is safe to use in a cache key, or False to disable this warning. (Background on this error at: https://sqlalche.me/e/14/cprf)
[2022-08-21 12:43:26,414] {logging_mixin.py:109} INFO - [2022-08-21 12:43:26,414] {dag.py:2389} INFO - Sync 1 DAGs
[2022-08-21 12:43:26,430] {logging_mixin.py:109} WARNING - /home/ubuntu/anaconda3/lib/python3.9/site-packages/airflow/models/dag.py:2426 SAWarning: TypeDecorator UtcDateTime(timezone=True) will not produce a cache key because the ``cache_ok`` attribute is not set to True.  This can have significant performance implications including some performance degradations in comparison to prior SQLAlchemy versions.  Set this attribute to True if this type object's state is safe to use in a cache key, or False to disable this warning. (Background on this error at: https://sqlalche.me/e/14/cprf)
[2022-08-21 12:43:26,437] {logging_mixin.py:109} INFO - [2022-08-21 12:43:26,437] {dag.py:2914} INFO - Setting next_dagrun for latest_only_with_trigger to 2022-08-21T08:43:26.436950+00:00
[2022-08-21 12:43:26,452] {processor.py:171} INFO - Processing /home/ubuntu/anaconda3/lib/python3.9/site-packages/airflow/example_dags/example_latest_only_with_trigger.py took 0.083 seconds
[2022-08-21 12:44:05,372] {processor.py:163} INFO - Started process (PID=74083) to work on /home/ubuntu/anaconda3/lib/python3.9/site-packages/airflow/example_dags/example_latest_only_with_trigger.py
[2022-08-21 12:44:05,380] {processor.py:620} INFO - Processing file /home/ubuntu/anaconda3/lib/python3.9/site-packages/airflow/example_dags/example_latest_only_with_trigger.py for tasks to queue
[2022-08-21 12:44:05,381] {logging_mixin.py:109} INFO - [2022-08-21 12:44:05,381] {dagbag.py:500} INFO - Filling up the DagBag from /home/ubuntu/anaconda3/lib/python3.9/site-packages/airflow/example_dags/example_latest_only_with_trigger.py
[2022-08-21 12:44:05,436] {processor.py:632} INFO - DAG(s) dict_keys(['latest_only_with_trigger']) retrieved from /home/ubuntu/anaconda3/lib/python3.9/site-packages/airflow/example_dags/example_latest_only_with_trigger.py
[2022-08-21 12:44:05,451] {logging_mixin.py:109} WARNING - /home/ubuntu/anaconda3/lib/python3.9/site-packages/airflow/models/serialized_dag.py:120 SAWarning: TypeDecorator UtcDateTime(timezone=True) will not produce a cache key because the ``cache_ok`` attribute is not set to True.  This can have significant performance implications including some performance degradations in comparison to prior SQLAlchemy versions.  Set this attribute to True if this type object's state is safe to use in a cache key, or False to disable this warning. (Background on this error at: https://sqlalche.me/e/14/cprf)
[2022-08-21 12:44:05,477] {logging_mixin.py:109} INFO - [2022-08-21 12:44:05,476] {dag.py:2389} INFO - Sync 1 DAGs
[2022-08-21 12:44:05,536] {logging_mixin.py:109} WARNING - /home/ubuntu/anaconda3/lib/python3.9/site-packages/airflow/models/dag.py:2426 SAWarning: TypeDecorator UtcDateTime(timezone=True) will not produce a cache key because the ``cache_ok`` attribute is not set to True.  This can have significant performance implications including some performance degradations in comparison to prior SQLAlchemy versions.  Set this attribute to True if this type object's state is safe to use in a cache key, or False to disable this warning. (Background on this error at: https://sqlalche.me/e/14/cprf)
[2022-08-21 12:44:05,552] {logging_mixin.py:109} INFO - [2022-08-21 12:44:05,552] {dag.py:2914} INFO - Setting next_dagrun for latest_only_with_trigger to 2022-08-21T08:44:05.552019+00:00
[2022-08-21 12:44:05,597] {processor.py:171} INFO - Processing /home/ubuntu/anaconda3/lib/python3.9/site-packages/airflow/example_dags/example_latest_only_with_trigger.py took 0.228 seconds
[2022-08-21 12:44:43,457] {processor.py:163} INFO - Started process (PID=74178) to work on /home/ubuntu/anaconda3/lib/python3.9/site-packages/airflow/example_dags/example_latest_only_with_trigger.py
[2022-08-21 12:44:43,457] {processor.py:620} INFO - Processing file /home/ubuntu/anaconda3/lib/python3.9/site-packages/airflow/example_dags/example_latest_only_with_trigger.py for tasks to queue
[2022-08-21 12:44:43,458] {logging_mixin.py:109} INFO - [2022-08-21 12:44:43,458] {dagbag.py:500} INFO - Filling up the DagBag from /home/ubuntu/anaconda3/lib/python3.9/site-packages/airflow/example_dags/example_latest_only_with_trigger.py
[2022-08-21 12:44:43,475] {processor.py:632} INFO - DAG(s) dict_keys(['latest_only_with_trigger']) retrieved from /home/ubuntu/anaconda3/lib/python3.9/site-packages/airflow/example_dags/example_latest_only_with_trigger.py
[2022-08-21 12:44:43,479] {logging_mixin.py:109} WARNING - /home/ubuntu/anaconda3/lib/python3.9/site-packages/airflow/models/serialized_dag.py:120 SAWarning: TypeDecorator UtcDateTime(timezone=True) will not produce a cache key because the ``cache_ok`` attribute is not set to True.  This can have significant performance implications including some performance degradations in comparison to prior SQLAlchemy versions.  Set this attribute to True if this type object's state is safe to use in a cache key, or False to disable this warning. (Background on this error at: https://sqlalche.me/e/14/cprf)
[2022-08-21 12:44:43,487] {logging_mixin.py:109} INFO - [2022-08-21 12:44:43,487] {dag.py:2389} INFO - Sync 1 DAGs
[2022-08-21 12:44:43,497] {logging_mixin.py:109} WARNING - /home/ubuntu/anaconda3/lib/python3.9/site-packages/airflow/models/dag.py:2426 SAWarning: TypeDecorator UtcDateTime(timezone=True) will not produce a cache key because the ``cache_ok`` attribute is not set to True.  This can have significant performance implications including some performance degradations in comparison to prior SQLAlchemy versions.  Set this attribute to True if this type object's state is safe to use in a cache key, or False to disable this warning. (Background on this error at: https://sqlalche.me/e/14/cprf)
[2022-08-21 12:44:43,502] {logging_mixin.py:109} INFO - [2022-08-21 12:44:43,502] {dag.py:2914} INFO - Setting next_dagrun for latest_only_with_trigger to 2022-08-21T08:44:43.502310+00:00
[2022-08-21 12:44:43,514] {processor.py:171} INFO - Processing /home/ubuntu/anaconda3/lib/python3.9/site-packages/airflow/example_dags/example_latest_only_with_trigger.py took 0.059 seconds
[2022-08-21 12:45:25,122] {processor.py:163} INFO - Started process (PID=74577) to work on /home/ubuntu/anaconda3/lib/python3.9/site-packages/airflow/example_dags/example_latest_only_with_trigger.py
[2022-08-21 12:45:25,122] {processor.py:620} INFO - Processing file /home/ubuntu/anaconda3/lib/python3.9/site-packages/airflow/example_dags/example_latest_only_with_trigger.py for tasks to queue
[2022-08-21 12:45:25,123] {logging_mixin.py:109} INFO - [2022-08-21 12:45:25,123] {dagbag.py:500} INFO - Filling up the DagBag from /home/ubuntu/anaconda3/lib/python3.9/site-packages/airflow/example_dags/example_latest_only_with_trigger.py
[2022-08-21 12:45:25,195] {processor.py:632} INFO - DAG(s) dict_keys(['latest_only_with_trigger']) retrieved from /home/ubuntu/anaconda3/lib/python3.9/site-packages/airflow/example_dags/example_latest_only_with_trigger.py
[2022-08-21 12:45:25,206] {logging_mixin.py:109} WARNING - /home/ubuntu/anaconda3/lib/python3.9/site-packages/airflow/models/serialized_dag.py:120 SAWarning: TypeDecorator UtcDateTime(timezone=True) will not produce a cache key because the ``cache_ok`` attribute is not set to True.  This can have significant performance implications including some performance degradations in comparison to prior SQLAlchemy versions.  Set this attribute to True if this type object's state is safe to use in a cache key, or False to disable this warning. (Background on this error at: https://sqlalche.me/e/14/cprf)
[2022-08-21 12:45:25,219] {logging_mixin.py:109} INFO - [2022-08-21 12:45:25,219] {dag.py:2389} INFO - Sync 1 DAGs
[2022-08-21 12:45:25,232] {logging_mixin.py:109} WARNING - /home/ubuntu/anaconda3/lib/python3.9/site-packages/airflow/models/dag.py:2426 SAWarning: TypeDecorator UtcDateTime(timezone=True) will not produce a cache key because the ``cache_ok`` attribute is not set to True.  This can have significant performance implications including some performance degradations in comparison to prior SQLAlchemy versions.  Set this attribute to True if this type object's state is safe to use in a cache key, or False to disable this warning. (Background on this error at: https://sqlalche.me/e/14/cprf)
[2022-08-21 12:45:25,239] {logging_mixin.py:109} INFO - [2022-08-21 12:45:25,239] {dag.py:2914} INFO - Setting next_dagrun for latest_only_with_trigger to 2022-08-21T08:45:25.239332+00:00
[2022-08-21 12:45:25,258] {processor.py:171} INFO - Processing /home/ubuntu/anaconda3/lib/python3.9/site-packages/airflow/example_dags/example_latest_only_with_trigger.py took 0.139 seconds
