[2022-08-21 12:35:41,483] {processor.py:163} INFO - Started process (PID=72608) to work on /home/ubuntu/anaconda3/lib/python3.9/site-packages/airflow/example_dags/example_dag_decorator.py
[2022-08-21 12:35:41,484] {processor.py:620} INFO - Processing file /home/ubuntu/anaconda3/lib/python3.9/site-packages/airflow/example_dags/example_dag_decorator.py for tasks to queue
[2022-08-21 12:35:41,484] {logging_mixin.py:109} INFO - [2022-08-21 12:35:41,484] {dagbag.py:500} INFO - Filling up the DagBag from /home/ubuntu/anaconda3/lib/python3.9/site-packages/airflow/example_dags/example_dag_decorator.py
[2022-08-21 12:35:41,507] {processor.py:632} INFO - DAG(s) dict_keys(['example_dag_decorator']) retrieved from /home/ubuntu/anaconda3/lib/python3.9/site-packages/airflow/example_dags/example_dag_decorator.py
[2022-08-21 12:35:41,511] {logging_mixin.py:109} WARNING - /home/ubuntu/anaconda3/lib/python3.9/site-packages/airflow/models/serialized_dag.py:120 SAWarning: TypeDecorator UtcDateTime(timezone=True) will not produce a cache key because the ``cache_ok`` attribute is not set to True.  This can have significant performance implications including some performance degradations in comparison to prior SQLAlchemy versions.  Set this attribute to True if this type object's state is safe to use in a cache key, or False to disable this warning. (Background on this error at: https://sqlalche.me/e/14/cprf)
[2022-08-21 12:35:41,779] {logging_mixin.py:109} INFO - [2022-08-21 12:35:41,779] {dag.py:2389} INFO - Sync 1 DAGs
[2022-08-21 12:35:41,788] {logging_mixin.py:109} WARNING - /home/ubuntu/anaconda3/lib/python3.9/site-packages/airflow/models/dag.py:2426 SAWarning: TypeDecorator UtcDateTime(timezone=True) will not produce a cache key because the ``cache_ok`` attribute is not set to True.  This can have significant performance implications including some performance degradations in comparison to prior SQLAlchemy versions.  Set this attribute to True if this type object's state is safe to use in a cache key, or False to disable this warning. (Background on this error at: https://sqlalche.me/e/14/cprf)
[2022-08-21 12:35:41,793] {logging_mixin.py:109} INFO - [2022-08-21 12:35:41,793] {dag.py:2914} INFO - Setting next_dagrun for example_dag_decorator to None
[2022-08-21 12:35:41,805] {processor.py:171} INFO - Processing /home/ubuntu/anaconda3/lib/python3.9/site-packages/airflow/example_dags/example_dag_decorator.py took 0.324 seconds
[2022-08-21 12:36:16,743] {processor.py:163} INFO - Started process (PID=72656) to work on /home/ubuntu/anaconda3/lib/python3.9/site-packages/airflow/example_dags/example_dag_decorator.py
[2022-08-21 12:36:16,744] {processor.py:620} INFO - Processing file /home/ubuntu/anaconda3/lib/python3.9/site-packages/airflow/example_dags/example_dag_decorator.py for tasks to queue
[2022-08-21 12:36:16,744] {logging_mixin.py:109} INFO - [2022-08-21 12:36:16,744] {dagbag.py:500} INFO - Filling up the DagBag from /home/ubuntu/anaconda3/lib/python3.9/site-packages/airflow/example_dags/example_dag_decorator.py
[2022-08-21 12:36:16,771] {processor.py:632} INFO - DAG(s) dict_keys(['example_dag_decorator']) retrieved from /home/ubuntu/anaconda3/lib/python3.9/site-packages/airflow/example_dags/example_dag_decorator.py
[2022-08-21 12:36:16,775] {logging_mixin.py:109} WARNING - /home/ubuntu/anaconda3/lib/python3.9/site-packages/airflow/models/serialized_dag.py:120 SAWarning: TypeDecorator UtcDateTime(timezone=True) will not produce a cache key because the ``cache_ok`` attribute is not set to True.  This can have significant performance implications including some performance degradations in comparison to prior SQLAlchemy versions.  Set this attribute to True if this type object's state is safe to use in a cache key, or False to disable this warning. (Background on this error at: https://sqlalche.me/e/14/cprf)
[2022-08-21 12:36:17,040] {logging_mixin.py:109} INFO - [2022-08-21 12:36:17,040] {dag.py:2389} INFO - Sync 1 DAGs
[2022-08-21 12:36:17,050] {logging_mixin.py:109} WARNING - /home/ubuntu/anaconda3/lib/python3.9/site-packages/airflow/models/dag.py:2426 SAWarning: TypeDecorator UtcDateTime(timezone=True) will not produce a cache key because the ``cache_ok`` attribute is not set to True.  This can have significant performance implications including some performance degradations in comparison to prior SQLAlchemy versions.  Set this attribute to True if this type object's state is safe to use in a cache key, or False to disable this warning. (Background on this error at: https://sqlalche.me/e/14/cprf)
[2022-08-21 12:36:17,055] {logging_mixin.py:109} INFO - [2022-08-21 12:36:17,054] {dag.py:2914} INFO - Setting next_dagrun for example_dag_decorator to None
[2022-08-21 12:36:17,069] {processor.py:171} INFO - Processing /home/ubuntu/anaconda3/lib/python3.9/site-packages/airflow/example_dags/example_dag_decorator.py took 0.327 seconds
[2022-08-21 12:37:38,322] {processor.py:163} INFO - Started process (PID=73011) to work on /home/ubuntu/anaconda3/lib/python3.9/site-packages/airflow/example_dags/example_dag_decorator.py
[2022-08-21 12:37:38,322] {processor.py:620} INFO - Processing file /home/ubuntu/anaconda3/lib/python3.9/site-packages/airflow/example_dags/example_dag_decorator.py for tasks to queue
[2022-08-21 12:37:38,323] {logging_mixin.py:109} INFO - [2022-08-21 12:37:38,323] {dagbag.py:500} INFO - Filling up the DagBag from /home/ubuntu/anaconda3/lib/python3.9/site-packages/airflow/example_dags/example_dag_decorator.py
[2022-08-21 12:37:38,346] {processor.py:632} INFO - DAG(s) dict_keys(['example_dag_decorator']) retrieved from /home/ubuntu/anaconda3/lib/python3.9/site-packages/airflow/example_dags/example_dag_decorator.py
[2022-08-21 12:37:38,349] {logging_mixin.py:109} WARNING - /home/ubuntu/anaconda3/lib/python3.9/site-packages/airflow/models/serialized_dag.py:120 SAWarning: TypeDecorator UtcDateTime(timezone=True) will not produce a cache key because the ``cache_ok`` attribute is not set to True.  This can have significant performance implications including some performance degradations in comparison to prior SQLAlchemy versions.  Set this attribute to True if this type object's state is safe to use in a cache key, or False to disable this warning. (Background on this error at: https://sqlalche.me/e/14/cprf)
[2022-08-21 12:37:38,618] {logging_mixin.py:109} INFO - [2022-08-21 12:37:38,618] {dag.py:2389} INFO - Sync 1 DAGs
[2022-08-21 12:37:38,627] {logging_mixin.py:109} WARNING - /home/ubuntu/anaconda3/lib/python3.9/site-packages/airflow/models/dag.py:2426 SAWarning: TypeDecorator UtcDateTime(timezone=True) will not produce a cache key because the ``cache_ok`` attribute is not set to True.  This can have significant performance implications including some performance degradations in comparison to prior SQLAlchemy versions.  Set this attribute to True if this type object's state is safe to use in a cache key, or False to disable this warning. (Background on this error at: https://sqlalche.me/e/14/cprf)
[2022-08-21 12:37:38,632] {logging_mixin.py:109} INFO - [2022-08-21 12:37:38,632] {dag.py:2914} INFO - Setting next_dagrun for example_dag_decorator to None
[2022-08-21 12:37:38,644] {processor.py:171} INFO - Processing /home/ubuntu/anaconda3/lib/python3.9/site-packages/airflow/example_dags/example_dag_decorator.py took 0.324 seconds
[2022-08-21 12:38:13,569] {processor.py:163} INFO - Started process (PID=73109) to work on /home/ubuntu/anaconda3/lib/python3.9/site-packages/airflow/example_dags/example_dag_decorator.py
[2022-08-21 12:38:13,570] {processor.py:620} INFO - Processing file /home/ubuntu/anaconda3/lib/python3.9/site-packages/airflow/example_dags/example_dag_decorator.py for tasks to queue
[2022-08-21 12:38:13,570] {logging_mixin.py:109} INFO - [2022-08-21 12:38:13,570] {dagbag.py:500} INFO - Filling up the DagBag from /home/ubuntu/anaconda3/lib/python3.9/site-packages/airflow/example_dags/example_dag_decorator.py
[2022-08-21 12:38:13,593] {processor.py:632} INFO - DAG(s) dict_keys(['example_dag_decorator']) retrieved from /home/ubuntu/anaconda3/lib/python3.9/site-packages/airflow/example_dags/example_dag_decorator.py
[2022-08-21 12:38:13,597] {logging_mixin.py:109} WARNING - /home/ubuntu/anaconda3/lib/python3.9/site-packages/airflow/models/serialized_dag.py:120 SAWarning: TypeDecorator UtcDateTime(timezone=True) will not produce a cache key because the ``cache_ok`` attribute is not set to True.  This can have significant performance implications including some performance degradations in comparison to prior SQLAlchemy versions.  Set this attribute to True if this type object's state is safe to use in a cache key, or False to disable this warning. (Background on this error at: https://sqlalche.me/e/14/cprf)
[2022-08-21 12:38:13,864] {logging_mixin.py:109} INFO - [2022-08-21 12:38:13,863] {dag.py:2389} INFO - Sync 1 DAGs
[2022-08-21 12:38:13,873] {logging_mixin.py:109} WARNING - /home/ubuntu/anaconda3/lib/python3.9/site-packages/airflow/models/dag.py:2426 SAWarning: TypeDecorator UtcDateTime(timezone=True) will not produce a cache key because the ``cache_ok`` attribute is not set to True.  This can have significant performance implications including some performance degradations in comparison to prior SQLAlchemy versions.  Set this attribute to True if this type object's state is safe to use in a cache key, or False to disable this warning. (Background on this error at: https://sqlalche.me/e/14/cprf)
[2022-08-21 12:38:13,877] {logging_mixin.py:109} INFO - [2022-08-21 12:38:13,877] {dag.py:2914} INFO - Setting next_dagrun for example_dag_decorator to None
[2022-08-21 12:38:13,891] {processor.py:171} INFO - Processing /home/ubuntu/anaconda3/lib/python3.9/site-packages/airflow/example_dags/example_dag_decorator.py took 0.323 seconds
[2022-08-21 12:38:48,511] {processor.py:163} INFO - Started process (PID=73172) to work on /home/ubuntu/anaconda3/lib/python3.9/site-packages/airflow/example_dags/example_dag_decorator.py
[2022-08-21 12:38:48,512] {processor.py:620} INFO - Processing file /home/ubuntu/anaconda3/lib/python3.9/site-packages/airflow/example_dags/example_dag_decorator.py for tasks to queue
[2022-08-21 12:38:48,513] {logging_mixin.py:109} INFO - [2022-08-21 12:38:48,513] {dagbag.py:500} INFO - Filling up the DagBag from /home/ubuntu/anaconda3/lib/python3.9/site-packages/airflow/example_dags/example_dag_decorator.py
[2022-08-21 12:38:48,535] {processor.py:632} INFO - DAG(s) dict_keys(['example_dag_decorator']) retrieved from /home/ubuntu/anaconda3/lib/python3.9/site-packages/airflow/example_dags/example_dag_decorator.py
[2022-08-21 12:38:48,539] {logging_mixin.py:109} WARNING - /home/ubuntu/anaconda3/lib/python3.9/site-packages/airflow/models/serialized_dag.py:120 SAWarning: TypeDecorator UtcDateTime(timezone=True) will not produce a cache key because the ``cache_ok`` attribute is not set to True.  This can have significant performance implications including some performance degradations in comparison to prior SQLAlchemy versions.  Set this attribute to True if this type object's state is safe to use in a cache key, or False to disable this warning. (Background on this error at: https://sqlalche.me/e/14/cprf)
[2022-08-21 12:38:48,806] {logging_mixin.py:109} INFO - [2022-08-21 12:38:48,806] {dag.py:2389} INFO - Sync 1 DAGs
[2022-08-21 12:38:48,816] {logging_mixin.py:109} WARNING - /home/ubuntu/anaconda3/lib/python3.9/site-packages/airflow/models/dag.py:2426 SAWarning: TypeDecorator UtcDateTime(timezone=True) will not produce a cache key because the ``cache_ok`` attribute is not set to True.  This can have significant performance implications including some performance degradations in comparison to prior SQLAlchemy versions.  Set this attribute to True if this type object's state is safe to use in a cache key, or False to disable this warning. (Background on this error at: https://sqlalche.me/e/14/cprf)
[2022-08-21 12:38:48,821] {logging_mixin.py:109} INFO - [2022-08-21 12:38:48,821] {dag.py:2914} INFO - Setting next_dagrun for example_dag_decorator to None
[2022-08-21 12:38:48,837] {processor.py:171} INFO - Processing /home/ubuntu/anaconda3/lib/python3.9/site-packages/airflow/example_dags/example_dag_decorator.py took 0.327 seconds
[2022-08-21 12:39:24,376] {processor.py:163} INFO - Started process (PID=73236) to work on /home/ubuntu/anaconda3/lib/python3.9/site-packages/airflow/example_dags/example_dag_decorator.py
[2022-08-21 12:39:24,376] {processor.py:620} INFO - Processing file /home/ubuntu/anaconda3/lib/python3.9/site-packages/airflow/example_dags/example_dag_decorator.py for tasks to queue
[2022-08-21 12:39:24,377] {logging_mixin.py:109} INFO - [2022-08-21 12:39:24,377] {dagbag.py:500} INFO - Filling up the DagBag from /home/ubuntu/anaconda3/lib/python3.9/site-packages/airflow/example_dags/example_dag_decorator.py
[2022-08-21 12:39:24,399] {processor.py:632} INFO - DAG(s) dict_keys(['example_dag_decorator']) retrieved from /home/ubuntu/anaconda3/lib/python3.9/site-packages/airflow/example_dags/example_dag_decorator.py
[2022-08-21 12:39:24,403] {logging_mixin.py:109} WARNING - /home/ubuntu/anaconda3/lib/python3.9/site-packages/airflow/models/serialized_dag.py:120 SAWarning: TypeDecorator UtcDateTime(timezone=True) will not produce a cache key because the ``cache_ok`` attribute is not set to True.  This can have significant performance implications including some performance degradations in comparison to prior SQLAlchemy versions.  Set this attribute to True if this type object's state is safe to use in a cache key, or False to disable this warning. (Background on this error at: https://sqlalche.me/e/14/cprf)
[2022-08-21 12:39:24,747] {logging_mixin.py:109} INFO - [2022-08-21 12:39:24,746] {dag.py:2389} INFO - Sync 1 DAGs
[2022-08-21 12:39:24,761] {logging_mixin.py:109} WARNING - /home/ubuntu/anaconda3/lib/python3.9/site-packages/airflow/models/dag.py:2426 SAWarning: TypeDecorator UtcDateTime(timezone=True) will not produce a cache key because the ``cache_ok`` attribute is not set to True.  This can have significant performance implications including some performance degradations in comparison to prior SQLAlchemy versions.  Set this attribute to True if this type object's state is safe to use in a cache key, or False to disable this warning. (Background on this error at: https://sqlalche.me/e/14/cprf)
[2022-08-21 12:39:24,768] {logging_mixin.py:109} INFO - [2022-08-21 12:39:24,768] {dag.py:2914} INFO - Setting next_dagrun for example_dag_decorator to None
[2022-08-21 12:39:24,786] {processor.py:171} INFO - Processing /home/ubuntu/anaconda3/lib/python3.9/site-packages/airflow/example_dags/example_dag_decorator.py took 0.413 seconds
[2022-08-21 12:39:59,323] {processor.py:163} INFO - Started process (PID=73269) to work on /home/ubuntu/anaconda3/lib/python3.9/site-packages/airflow/example_dags/example_dag_decorator.py
[2022-08-21 12:39:59,324] {processor.py:620} INFO - Processing file /home/ubuntu/anaconda3/lib/python3.9/site-packages/airflow/example_dags/example_dag_decorator.py for tasks to queue
[2022-08-21 12:39:59,324] {logging_mixin.py:109} INFO - [2022-08-21 12:39:59,324] {dagbag.py:500} INFO - Filling up the DagBag from /home/ubuntu/anaconda3/lib/python3.9/site-packages/airflow/example_dags/example_dag_decorator.py
[2022-08-21 12:39:59,347] {processor.py:632} INFO - DAG(s) dict_keys(['example_dag_decorator']) retrieved from /home/ubuntu/anaconda3/lib/python3.9/site-packages/airflow/example_dags/example_dag_decorator.py
[2022-08-21 12:39:59,351] {logging_mixin.py:109} WARNING - /home/ubuntu/anaconda3/lib/python3.9/site-packages/airflow/models/serialized_dag.py:120 SAWarning: TypeDecorator UtcDateTime(timezone=True) will not produce a cache key because the ``cache_ok`` attribute is not set to True.  This can have significant performance implications including some performance degradations in comparison to prior SQLAlchemy versions.  Set this attribute to True if this type object's state is safe to use in a cache key, or False to disable this warning. (Background on this error at: https://sqlalche.me/e/14/cprf)
[2022-08-21 12:39:59,611] {logging_mixin.py:109} INFO - [2022-08-21 12:39:59,610] {dag.py:2389} INFO - Sync 1 DAGs
[2022-08-21 12:39:59,621] {logging_mixin.py:109} WARNING - /home/ubuntu/anaconda3/lib/python3.9/site-packages/airflow/models/dag.py:2426 SAWarning: TypeDecorator UtcDateTime(timezone=True) will not produce a cache key because the ``cache_ok`` attribute is not set to True.  This can have significant performance implications including some performance degradations in comparison to prior SQLAlchemy versions.  Set this attribute to True if this type object's state is safe to use in a cache key, or False to disable this warning. (Background on this error at: https://sqlalche.me/e/14/cprf)
[2022-08-21 12:39:59,626] {logging_mixin.py:109} INFO - [2022-08-21 12:39:59,626] {dag.py:2914} INFO - Setting next_dagrun for example_dag_decorator to None
[2022-08-21 12:39:59,638] {processor.py:171} INFO - Processing /home/ubuntu/anaconda3/lib/python3.9/site-packages/airflow/example_dags/example_dag_decorator.py took 0.317 seconds
[2022-08-21 12:40:34,452] {processor.py:163} INFO - Started process (PID=73316) to work on /home/ubuntu/anaconda3/lib/python3.9/site-packages/airflow/example_dags/example_dag_decorator.py
[2022-08-21 12:40:34,452] {processor.py:620} INFO - Processing file /home/ubuntu/anaconda3/lib/python3.9/site-packages/airflow/example_dags/example_dag_decorator.py for tasks to queue
[2022-08-21 12:40:34,453] {logging_mixin.py:109} INFO - [2022-08-21 12:40:34,453] {dagbag.py:500} INFO - Filling up the DagBag from /home/ubuntu/anaconda3/lib/python3.9/site-packages/airflow/example_dags/example_dag_decorator.py
[2022-08-21 12:40:34,479] {processor.py:632} INFO - DAG(s) dict_keys(['example_dag_decorator']) retrieved from /home/ubuntu/anaconda3/lib/python3.9/site-packages/airflow/example_dags/example_dag_decorator.py
[2022-08-21 12:40:34,483] {logging_mixin.py:109} WARNING - /home/ubuntu/anaconda3/lib/python3.9/site-packages/airflow/models/serialized_dag.py:120 SAWarning: TypeDecorator UtcDateTime(timezone=True) will not produce a cache key because the ``cache_ok`` attribute is not set to True.  This can have significant performance implications including some performance degradations in comparison to prior SQLAlchemy versions.  Set this attribute to True if this type object's state is safe to use in a cache key, or False to disable this warning. (Background on this error at: https://sqlalche.me/e/14/cprf)
[2022-08-21 12:40:34,761] {logging_mixin.py:109} INFO - [2022-08-21 12:40:34,761] {dag.py:2389} INFO - Sync 1 DAGs
[2022-08-21 12:40:34,772] {logging_mixin.py:109} WARNING - /home/ubuntu/anaconda3/lib/python3.9/site-packages/airflow/models/dag.py:2426 SAWarning: TypeDecorator UtcDateTime(timezone=True) will not produce a cache key because the ``cache_ok`` attribute is not set to True.  This can have significant performance implications including some performance degradations in comparison to prior SQLAlchemy versions.  Set this attribute to True if this type object's state is safe to use in a cache key, or False to disable this warning. (Background on this error at: https://sqlalche.me/e/14/cprf)
[2022-08-21 12:40:34,777] {logging_mixin.py:109} INFO - [2022-08-21 12:40:34,777] {dag.py:2914} INFO - Setting next_dagrun for example_dag_decorator to None
[2022-08-21 12:40:34,791] {processor.py:171} INFO - Processing /home/ubuntu/anaconda3/lib/python3.9/site-packages/airflow/example_dags/example_dag_decorator.py took 0.341 seconds
[2022-08-21 12:41:09,428] {processor.py:163} INFO - Started process (PID=73386) to work on /home/ubuntu/anaconda3/lib/python3.9/site-packages/airflow/example_dags/example_dag_decorator.py
[2022-08-21 12:41:09,428] {processor.py:620} INFO - Processing file /home/ubuntu/anaconda3/lib/python3.9/site-packages/airflow/example_dags/example_dag_decorator.py for tasks to queue
[2022-08-21 12:41:09,429] {logging_mixin.py:109} INFO - [2022-08-21 12:41:09,428] {dagbag.py:500} INFO - Filling up the DagBag from /home/ubuntu/anaconda3/lib/python3.9/site-packages/airflow/example_dags/example_dag_decorator.py
[2022-08-21 12:41:09,451] {processor.py:632} INFO - DAG(s) dict_keys(['example_dag_decorator']) retrieved from /home/ubuntu/anaconda3/lib/python3.9/site-packages/airflow/example_dags/example_dag_decorator.py
[2022-08-21 12:41:09,455] {logging_mixin.py:109} WARNING - /home/ubuntu/anaconda3/lib/python3.9/site-packages/airflow/models/serialized_dag.py:120 SAWarning: TypeDecorator UtcDateTime(timezone=True) will not produce a cache key because the ``cache_ok`` attribute is not set to True.  This can have significant performance implications including some performance degradations in comparison to prior SQLAlchemy versions.  Set this attribute to True if this type object's state is safe to use in a cache key, or False to disable this warning. (Background on this error at: https://sqlalche.me/e/14/cprf)
[2022-08-21 12:41:09,714] {logging_mixin.py:109} INFO - [2022-08-21 12:41:09,714] {dag.py:2389} INFO - Sync 1 DAGs
[2022-08-21 12:41:09,724] {logging_mixin.py:109} WARNING - /home/ubuntu/anaconda3/lib/python3.9/site-packages/airflow/models/dag.py:2426 SAWarning: TypeDecorator UtcDateTime(timezone=True) will not produce a cache key because the ``cache_ok`` attribute is not set to True.  This can have significant performance implications including some performance degradations in comparison to prior SQLAlchemy versions.  Set this attribute to True if this type object's state is safe to use in a cache key, or False to disable this warning. (Background on this error at: https://sqlalche.me/e/14/cprf)
[2022-08-21 12:41:09,729] {logging_mixin.py:109} INFO - [2022-08-21 12:41:09,729] {dag.py:2914} INFO - Setting next_dagrun for example_dag_decorator to None
[2022-08-21 12:41:09,742] {processor.py:171} INFO - Processing /home/ubuntu/anaconda3/lib/python3.9/site-packages/airflow/example_dags/example_dag_decorator.py took 0.317 seconds
[2022-08-21 12:41:44,027] {processor.py:163} INFO - Started process (PID=73492) to work on /home/ubuntu/anaconda3/lib/python3.9/site-packages/airflow/example_dags/example_dag_decorator.py
[2022-08-21 12:41:44,027] {processor.py:620} INFO - Processing file /home/ubuntu/anaconda3/lib/python3.9/site-packages/airflow/example_dags/example_dag_decorator.py for tasks to queue
[2022-08-21 12:41:44,028] {logging_mixin.py:109} INFO - [2022-08-21 12:41:44,028] {dagbag.py:500} INFO - Filling up the DagBag from /home/ubuntu/anaconda3/lib/python3.9/site-packages/airflow/example_dags/example_dag_decorator.py
[2022-08-21 12:41:44,052] {processor.py:632} INFO - DAG(s) dict_keys(['example_dag_decorator']) retrieved from /home/ubuntu/anaconda3/lib/python3.9/site-packages/airflow/example_dags/example_dag_decorator.py
[2022-08-21 12:41:44,056] {logging_mixin.py:109} WARNING - /home/ubuntu/anaconda3/lib/python3.9/site-packages/airflow/models/serialized_dag.py:120 SAWarning: TypeDecorator UtcDateTime(timezone=True) will not produce a cache key because the ``cache_ok`` attribute is not set to True.  This can have significant performance implications including some performance degradations in comparison to prior SQLAlchemy versions.  Set this attribute to True if this type object's state is safe to use in a cache key, or False to disable this warning. (Background on this error at: https://sqlalche.me/e/14/cprf)
[2022-08-21 12:41:44,318] {logging_mixin.py:109} INFO - [2022-08-21 12:41:44,317] {dag.py:2389} INFO - Sync 1 DAGs
[2022-08-21 12:41:44,328] {logging_mixin.py:109} WARNING - /home/ubuntu/anaconda3/lib/python3.9/site-packages/airflow/models/dag.py:2426 SAWarning: TypeDecorator UtcDateTime(timezone=True) will not produce a cache key because the ``cache_ok`` attribute is not set to True.  This can have significant performance implications including some performance degradations in comparison to prior SQLAlchemy versions.  Set this attribute to True if this type object's state is safe to use in a cache key, or False to disable this warning. (Background on this error at: https://sqlalche.me/e/14/cprf)
[2022-08-21 12:41:44,332] {logging_mixin.py:109} INFO - [2022-08-21 12:41:44,332] {dag.py:2914} INFO - Setting next_dagrun for example_dag_decorator to None
[2022-08-21 12:41:44,344] {processor.py:171} INFO - Processing /home/ubuntu/anaconda3/lib/python3.9/site-packages/airflow/example_dags/example_dag_decorator.py took 0.320 seconds
[2022-08-21 12:42:21,980] {processor.py:163} INFO - Started process (PID=73604) to work on /home/ubuntu/anaconda3/lib/python3.9/site-packages/airflow/example_dags/example_dag_decorator.py
[2022-08-21 12:42:21,980] {processor.py:620} INFO - Processing file /home/ubuntu/anaconda3/lib/python3.9/site-packages/airflow/example_dags/example_dag_decorator.py for tasks to queue
[2022-08-21 12:42:21,981] {logging_mixin.py:109} INFO - [2022-08-21 12:42:21,981] {dagbag.py:500} INFO - Filling up the DagBag from /home/ubuntu/anaconda3/lib/python3.9/site-packages/airflow/example_dags/example_dag_decorator.py
[2022-08-21 12:42:22,005] {processor.py:632} INFO - DAG(s) dict_keys(['example_dag_decorator']) retrieved from /home/ubuntu/anaconda3/lib/python3.9/site-packages/airflow/example_dags/example_dag_decorator.py
[2022-08-21 12:42:22,008] {logging_mixin.py:109} WARNING - /home/ubuntu/anaconda3/lib/python3.9/site-packages/airflow/models/serialized_dag.py:120 SAWarning: TypeDecorator UtcDateTime(timezone=True) will not produce a cache key because the ``cache_ok`` attribute is not set to True.  This can have significant performance implications including some performance degradations in comparison to prior SQLAlchemy versions.  Set this attribute to True if this type object's state is safe to use in a cache key, or False to disable this warning. (Background on this error at: https://sqlalche.me/e/14/cprf)
[2022-08-21 12:42:22,275] {logging_mixin.py:109} INFO - [2022-08-21 12:42:22,274] {dag.py:2389} INFO - Sync 1 DAGs
[2022-08-21 12:42:22,284] {logging_mixin.py:109} WARNING - /home/ubuntu/anaconda3/lib/python3.9/site-packages/airflow/models/dag.py:2426 SAWarning: TypeDecorator UtcDateTime(timezone=True) will not produce a cache key because the ``cache_ok`` attribute is not set to True.  This can have significant performance implications including some performance degradations in comparison to prior SQLAlchemy versions.  Set this attribute to True if this type object's state is safe to use in a cache key, or False to disable this warning. (Background on this error at: https://sqlalche.me/e/14/cprf)
[2022-08-21 12:42:22,289] {logging_mixin.py:109} INFO - [2022-08-21 12:42:22,289] {dag.py:2914} INFO - Setting next_dagrun for example_dag_decorator to None
[2022-08-21 12:42:22,301] {processor.py:171} INFO - Processing /home/ubuntu/anaconda3/lib/python3.9/site-packages/airflow/example_dags/example_dag_decorator.py took 0.324 seconds
[2022-08-21 12:42:56,561] {processor.py:163} INFO - Started process (PID=73758) to work on /home/ubuntu/anaconda3/lib/python3.9/site-packages/airflow/example_dags/example_dag_decorator.py
[2022-08-21 12:42:56,561] {processor.py:620} INFO - Processing file /home/ubuntu/anaconda3/lib/python3.9/site-packages/airflow/example_dags/example_dag_decorator.py for tasks to queue
[2022-08-21 12:42:56,562] {logging_mixin.py:109} INFO - [2022-08-21 12:42:56,562] {dagbag.py:500} INFO - Filling up the DagBag from /home/ubuntu/anaconda3/lib/python3.9/site-packages/airflow/example_dags/example_dag_decorator.py
[2022-08-21 12:42:56,585] {processor.py:632} INFO - DAG(s) dict_keys(['example_dag_decorator']) retrieved from /home/ubuntu/anaconda3/lib/python3.9/site-packages/airflow/example_dags/example_dag_decorator.py
[2022-08-21 12:42:56,588] {logging_mixin.py:109} WARNING - /home/ubuntu/anaconda3/lib/python3.9/site-packages/airflow/models/serialized_dag.py:120 SAWarning: TypeDecorator UtcDateTime(timezone=True) will not produce a cache key because the ``cache_ok`` attribute is not set to True.  This can have significant performance implications including some performance degradations in comparison to prior SQLAlchemy versions.  Set this attribute to True if this type object's state is safe to use in a cache key, or False to disable this warning. (Background on this error at: https://sqlalche.me/e/14/cprf)
[2022-08-21 12:42:56,851] {logging_mixin.py:109} INFO - [2022-08-21 12:42:56,851] {dag.py:2389} INFO - Sync 1 DAGs
[2022-08-21 12:42:56,860] {logging_mixin.py:109} WARNING - /home/ubuntu/anaconda3/lib/python3.9/site-packages/airflow/models/dag.py:2426 SAWarning: TypeDecorator UtcDateTime(timezone=True) will not produce a cache key because the ``cache_ok`` attribute is not set to True.  This can have significant performance implications including some performance degradations in comparison to prior SQLAlchemy versions.  Set this attribute to True if this type object's state is safe to use in a cache key, or False to disable this warning. (Background on this error at: https://sqlalche.me/e/14/cprf)
[2022-08-21 12:42:56,864] {logging_mixin.py:109} INFO - [2022-08-21 12:42:56,864] {dag.py:2914} INFO - Setting next_dagrun for example_dag_decorator to None
[2022-08-21 12:42:56,877] {processor.py:171} INFO - Processing /home/ubuntu/anaconda3/lib/python3.9/site-packages/airflow/example_dags/example_dag_decorator.py took 0.318 seconds
[2022-08-21 12:43:33,944] {processor.py:163} INFO - Started process (PID=73842) to work on /home/ubuntu/anaconda3/lib/python3.9/site-packages/airflow/example_dags/example_dag_decorator.py
[2022-08-21 12:43:33,945] {processor.py:620} INFO - Processing file /home/ubuntu/anaconda3/lib/python3.9/site-packages/airflow/example_dags/example_dag_decorator.py for tasks to queue
[2022-08-21 12:43:33,945] {logging_mixin.py:109} INFO - [2022-08-21 12:43:33,945] {dagbag.py:500} INFO - Filling up the DagBag from /home/ubuntu/anaconda3/lib/python3.9/site-packages/airflow/example_dags/example_dag_decorator.py
[2022-08-21 12:43:33,971] {processor.py:632} INFO - DAG(s) dict_keys(['example_dag_decorator']) retrieved from /home/ubuntu/anaconda3/lib/python3.9/site-packages/airflow/example_dags/example_dag_decorator.py
[2022-08-21 12:43:33,975] {logging_mixin.py:109} WARNING - /home/ubuntu/anaconda3/lib/python3.9/site-packages/airflow/models/serialized_dag.py:120 SAWarning: TypeDecorator UtcDateTime(timezone=True) will not produce a cache key because the ``cache_ok`` attribute is not set to True.  This can have significant performance implications including some performance degradations in comparison to prior SQLAlchemy versions.  Set this attribute to True if this type object's state is safe to use in a cache key, or False to disable this warning. (Background on this error at: https://sqlalche.me/e/14/cprf)
[2022-08-21 12:43:34,255] {logging_mixin.py:109} INFO - [2022-08-21 12:43:34,255] {dag.py:2389} INFO - Sync 1 DAGs
[2022-08-21 12:43:34,265] {logging_mixin.py:109} WARNING - /home/ubuntu/anaconda3/lib/python3.9/site-packages/airflow/models/dag.py:2426 SAWarning: TypeDecorator UtcDateTime(timezone=True) will not produce a cache key because the ``cache_ok`` attribute is not set to True.  This can have significant performance implications including some performance degradations in comparison to prior SQLAlchemy versions.  Set this attribute to True if this type object's state is safe to use in a cache key, or False to disable this warning. (Background on this error at: https://sqlalche.me/e/14/cprf)
[2022-08-21 12:43:34,270] {logging_mixin.py:109} INFO - [2022-08-21 12:43:34,270] {dag.py:2914} INFO - Setting next_dagrun for example_dag_decorator to None
[2022-08-21 12:43:34,284] {processor.py:171} INFO - Processing /home/ubuntu/anaconda3/lib/python3.9/site-packages/airflow/example_dags/example_dag_decorator.py took 0.342 seconds
[2022-08-21 12:44:15,404] {processor.py:163} INFO - Started process (PID=74137) to work on /home/ubuntu/anaconda3/lib/python3.9/site-packages/airflow/example_dags/example_dag_decorator.py
[2022-08-21 12:44:15,404] {processor.py:620} INFO - Processing file /home/ubuntu/anaconda3/lib/python3.9/site-packages/airflow/example_dags/example_dag_decorator.py for tasks to queue
[2022-08-21 12:44:15,405] {logging_mixin.py:109} INFO - [2022-08-21 12:44:15,405] {dagbag.py:500} INFO - Filling up the DagBag from /home/ubuntu/anaconda3/lib/python3.9/site-packages/airflow/example_dags/example_dag_decorator.py
[2022-08-21 12:44:15,430] {processor.py:632} INFO - DAG(s) dict_keys(['example_dag_decorator']) retrieved from /home/ubuntu/anaconda3/lib/python3.9/site-packages/airflow/example_dags/example_dag_decorator.py
[2022-08-21 12:44:15,434] {logging_mixin.py:109} WARNING - /home/ubuntu/anaconda3/lib/python3.9/site-packages/airflow/models/serialized_dag.py:120 SAWarning: TypeDecorator UtcDateTime(timezone=True) will not produce a cache key because the ``cache_ok`` attribute is not set to True.  This can have significant performance implications including some performance degradations in comparison to prior SQLAlchemy versions.  Set this attribute to True if this type object's state is safe to use in a cache key, or False to disable this warning. (Background on this error at: https://sqlalche.me/e/14/cprf)
[2022-08-21 12:44:15,698] {logging_mixin.py:109} INFO - [2022-08-21 12:44:15,698] {dag.py:2389} INFO - Sync 1 DAGs
[2022-08-21 12:44:15,707] {logging_mixin.py:109} WARNING - /home/ubuntu/anaconda3/lib/python3.9/site-packages/airflow/models/dag.py:2426 SAWarning: TypeDecorator UtcDateTime(timezone=True) will not produce a cache key because the ``cache_ok`` attribute is not set to True.  This can have significant performance implications including some performance degradations in comparison to prior SQLAlchemy versions.  Set this attribute to True if this type object's state is safe to use in a cache key, or False to disable this warning. (Background on this error at: https://sqlalche.me/e/14/cprf)
[2022-08-21 12:44:15,712] {logging_mixin.py:109} INFO - [2022-08-21 12:44:15,712] {dag.py:2914} INFO - Setting next_dagrun for example_dag_decorator to None
[2022-08-21 12:44:15,725] {processor.py:171} INFO - Processing /home/ubuntu/anaconda3/lib/python3.9/site-packages/airflow/example_dags/example_dag_decorator.py took 0.324 seconds
[2022-08-21 12:44:56,988] {processor.py:163} INFO - Started process (PID=74245) to work on /home/ubuntu/anaconda3/lib/python3.9/site-packages/airflow/example_dags/example_dag_decorator.py
[2022-08-21 12:44:56,989] {processor.py:620} INFO - Processing file /home/ubuntu/anaconda3/lib/python3.9/site-packages/airflow/example_dags/example_dag_decorator.py for tasks to queue
[2022-08-21 12:44:56,989] {logging_mixin.py:109} INFO - [2022-08-21 12:44:56,989] {dagbag.py:500} INFO - Filling up the DagBag from /home/ubuntu/anaconda3/lib/python3.9/site-packages/airflow/example_dags/example_dag_decorator.py
[2022-08-21 12:44:57,013] {processor.py:632} INFO - DAG(s) dict_keys(['example_dag_decorator']) retrieved from /home/ubuntu/anaconda3/lib/python3.9/site-packages/airflow/example_dags/example_dag_decorator.py
[2022-08-21 12:44:57,017] {logging_mixin.py:109} WARNING - /home/ubuntu/anaconda3/lib/python3.9/site-packages/airflow/models/serialized_dag.py:120 SAWarning: TypeDecorator UtcDateTime(timezone=True) will not produce a cache key because the ``cache_ok`` attribute is not set to True.  This can have significant performance implications including some performance degradations in comparison to prior SQLAlchemy versions.  Set this attribute to True if this type object's state is safe to use in a cache key, or False to disable this warning. (Background on this error at: https://sqlalche.me/e/14/cprf)
[2022-08-21 12:44:57,282] {logging_mixin.py:109} INFO - [2022-08-21 12:44:57,281] {dag.py:2389} INFO - Sync 1 DAGs
[2022-08-21 12:44:57,291] {logging_mixin.py:109} WARNING - /home/ubuntu/anaconda3/lib/python3.9/site-packages/airflow/models/dag.py:2426 SAWarning: TypeDecorator UtcDateTime(timezone=True) will not produce a cache key because the ``cache_ok`` attribute is not set to True.  This can have significant performance implications including some performance degradations in comparison to prior SQLAlchemy versions.  Set this attribute to True if this type object's state is safe to use in a cache key, or False to disable this warning. (Background on this error at: https://sqlalche.me/e/14/cprf)
[2022-08-21 12:44:57,295] {logging_mixin.py:109} INFO - [2022-08-21 12:44:57,295] {dag.py:2914} INFO - Setting next_dagrun for example_dag_decorator to None
[2022-08-21 12:44:57,308] {processor.py:171} INFO - Processing /home/ubuntu/anaconda3/lib/python3.9/site-packages/airflow/example_dags/example_dag_decorator.py took 0.322 seconds
[2022-08-21 12:45:36,528] {processor.py:163} INFO - Started process (PID=74692) to work on /home/ubuntu/anaconda3/lib/python3.9/site-packages/airflow/example_dags/example_dag_decorator.py
[2022-08-21 12:45:36,529] {processor.py:620} INFO - Processing file /home/ubuntu/anaconda3/lib/python3.9/site-packages/airflow/example_dags/example_dag_decorator.py for tasks to queue
[2022-08-21 12:45:36,529] {logging_mixin.py:109} INFO - [2022-08-21 12:45:36,529] {dagbag.py:500} INFO - Filling up the DagBag from /home/ubuntu/anaconda3/lib/python3.9/site-packages/airflow/example_dags/example_dag_decorator.py
[2022-08-21 12:45:36,551] {processor.py:632} INFO - DAG(s) dict_keys(['example_dag_decorator']) retrieved from /home/ubuntu/anaconda3/lib/python3.9/site-packages/airflow/example_dags/example_dag_decorator.py
[2022-08-21 12:45:36,555] {logging_mixin.py:109} WARNING - /home/ubuntu/anaconda3/lib/python3.9/site-packages/airflow/models/serialized_dag.py:120 SAWarning: TypeDecorator UtcDateTime(timezone=True) will not produce a cache key because the ``cache_ok`` attribute is not set to True.  This can have significant performance implications including some performance degradations in comparison to prior SQLAlchemy versions.  Set this attribute to True if this type object's state is safe to use in a cache key, or False to disable this warning. (Background on this error at: https://sqlalche.me/e/14/cprf)
[2022-08-21 12:45:36,819] {logging_mixin.py:109} INFO - [2022-08-21 12:45:36,819] {dag.py:2389} INFO - Sync 1 DAGs
[2022-08-21 12:45:36,828] {logging_mixin.py:109} WARNING - /home/ubuntu/anaconda3/lib/python3.9/site-packages/airflow/models/dag.py:2426 SAWarning: TypeDecorator UtcDateTime(timezone=True) will not produce a cache key because the ``cache_ok`` attribute is not set to True.  This can have significant performance implications including some performance degradations in comparison to prior SQLAlchemy versions.  Set this attribute to True if this type object's state is safe to use in a cache key, or False to disable this warning. (Background on this error at: https://sqlalche.me/e/14/cprf)
[2022-08-21 12:45:36,833] {logging_mixin.py:109} INFO - [2022-08-21 12:45:36,833] {dag.py:2914} INFO - Setting next_dagrun for example_dag_decorator to None
[2022-08-21 12:45:36,845] {processor.py:171} INFO - Processing /home/ubuntu/anaconda3/lib/python3.9/site-packages/airflow/example_dags/example_dag_decorator.py took 0.319 seconds
