[2022-08-21 12:35:23,540] {processor.py:163} INFO - Started process (PID=72477) to work on /home/ubuntu/anaconda3/lib/python3.9/site-packages/airflow/example_dags/example_task_group_decorator.py
[2022-08-21 12:35:23,540] {processor.py:620} INFO - Processing file /home/ubuntu/anaconda3/lib/python3.9/site-packages/airflow/example_dags/example_task_group_decorator.py for tasks to queue
[2022-08-21 12:35:23,541] {logging_mixin.py:109} INFO - [2022-08-21 12:35:23,541] {dagbag.py:500} INFO - Filling up the DagBag from /home/ubuntu/anaconda3/lib/python3.9/site-packages/airflow/example_dags/example_task_group_decorator.py
[2022-08-21 12:35:23,570] {processor.py:632} INFO - DAG(s) dict_keys(['example_task_group_decorator']) retrieved from /home/ubuntu/anaconda3/lib/python3.9/site-packages/airflow/example_dags/example_task_group_decorator.py
[2022-08-21 12:35:23,574] {logging_mixin.py:109} WARNING - /home/ubuntu/anaconda3/lib/python3.9/site-packages/airflow/models/serialized_dag.py:120 SAWarning: TypeDecorator UtcDateTime(timezone=True) will not produce a cache key because the ``cache_ok`` attribute is not set to True.  This can have significant performance implications including some performance degradations in comparison to prior SQLAlchemy versions.  Set this attribute to True if this type object's state is safe to use in a cache key, or False to disable this warning. (Background on this error at: https://sqlalche.me/e/14/cprf)
[2022-08-21 12:35:23,842] {logging_mixin.py:109} INFO - [2022-08-21 12:35:23,841] {dag.py:2389} INFO - Sync 1 DAGs
[2022-08-21 12:35:23,851] {logging_mixin.py:109} WARNING - /home/ubuntu/anaconda3/lib/python3.9/site-packages/airflow/models/dag.py:2426 SAWarning: TypeDecorator UtcDateTime(timezone=True) will not produce a cache key because the ``cache_ok`` attribute is not set to True.  This can have significant performance implications including some performance degradations in comparison to prior SQLAlchemy versions.  Set this attribute to True if this type object's state is safe to use in a cache key, or False to disable this warning. (Background on this error at: https://sqlalche.me/e/14/cprf)
[2022-08-21 12:35:23,856] {logging_mixin.py:109} INFO - [2022-08-21 12:35:23,856] {dag.py:2914} INFO - Setting next_dagrun for example_task_group_decorator to 2022-08-20T12:35:23.855938+00:00
[2022-08-21 12:35:23,870] {processor.py:171} INFO - Processing /home/ubuntu/anaconda3/lib/python3.9/site-packages/airflow/example_dags/example_task_group_decorator.py took 0.332 seconds
[2022-08-21 12:35:58,404] {processor.py:163} INFO - Started process (PID=72637) to work on /home/ubuntu/anaconda3/lib/python3.9/site-packages/airflow/example_dags/example_task_group_decorator.py
[2022-08-21 12:35:58,404] {processor.py:620} INFO - Processing file /home/ubuntu/anaconda3/lib/python3.9/site-packages/airflow/example_dags/example_task_group_decorator.py for tasks to queue
[2022-08-21 12:35:58,405] {logging_mixin.py:109} INFO - [2022-08-21 12:35:58,405] {dagbag.py:500} INFO - Filling up the DagBag from /home/ubuntu/anaconda3/lib/python3.9/site-packages/airflow/example_dags/example_task_group_decorator.py
[2022-08-21 12:35:58,434] {processor.py:632} INFO - DAG(s) dict_keys(['example_task_group_decorator']) retrieved from /home/ubuntu/anaconda3/lib/python3.9/site-packages/airflow/example_dags/example_task_group_decorator.py
[2022-08-21 12:35:58,438] {logging_mixin.py:109} WARNING - /home/ubuntu/anaconda3/lib/python3.9/site-packages/airflow/models/serialized_dag.py:120 SAWarning: TypeDecorator UtcDateTime(timezone=True) will not produce a cache key because the ``cache_ok`` attribute is not set to True.  This can have significant performance implications including some performance degradations in comparison to prior SQLAlchemy versions.  Set this attribute to True if this type object's state is safe to use in a cache key, or False to disable this warning. (Background on this error at: https://sqlalche.me/e/14/cprf)
[2022-08-21 12:35:58,710] {logging_mixin.py:109} INFO - [2022-08-21 12:35:58,710] {dag.py:2389} INFO - Sync 1 DAGs
[2022-08-21 12:35:58,719] {logging_mixin.py:109} WARNING - /home/ubuntu/anaconda3/lib/python3.9/site-packages/airflow/models/dag.py:2426 SAWarning: TypeDecorator UtcDateTime(timezone=True) will not produce a cache key because the ``cache_ok`` attribute is not set to True.  This can have significant performance implications including some performance degradations in comparison to prior SQLAlchemy versions.  Set this attribute to True if this type object's state is safe to use in a cache key, or False to disable this warning. (Background on this error at: https://sqlalche.me/e/14/cprf)
[2022-08-21 12:35:58,725] {logging_mixin.py:109} INFO - [2022-08-21 12:35:58,724] {dag.py:2914} INFO - Setting next_dagrun for example_task_group_decorator to 2022-08-20T12:35:58.724701+00:00
[2022-08-21 12:35:58,739] {processor.py:171} INFO - Processing /home/ubuntu/anaconda3/lib/python3.9/site-packages/airflow/example_dags/example_task_group_decorator.py took 0.337 seconds
[2022-08-21 12:36:33,667] {processor.py:163} INFO - Started process (PID=72672) to work on /home/ubuntu/anaconda3/lib/python3.9/site-packages/airflow/example_dags/example_task_group_decorator.py
[2022-08-21 12:36:33,667] {processor.py:620} INFO - Processing file /home/ubuntu/anaconda3/lib/python3.9/site-packages/airflow/example_dags/example_task_group_decorator.py for tasks to queue
[2022-08-21 12:36:33,668] {logging_mixin.py:109} INFO - [2022-08-21 12:36:33,668] {dagbag.py:500} INFO - Filling up the DagBag from /home/ubuntu/anaconda3/lib/python3.9/site-packages/airflow/example_dags/example_task_group_decorator.py
[2022-08-21 12:36:33,698] {processor.py:632} INFO - DAG(s) dict_keys(['example_task_group_decorator']) retrieved from /home/ubuntu/anaconda3/lib/python3.9/site-packages/airflow/example_dags/example_task_group_decorator.py
[2022-08-21 12:36:33,702] {logging_mixin.py:109} WARNING - /home/ubuntu/anaconda3/lib/python3.9/site-packages/airflow/models/serialized_dag.py:120 SAWarning: TypeDecorator UtcDateTime(timezone=True) will not produce a cache key because the ``cache_ok`` attribute is not set to True.  This can have significant performance implications including some performance degradations in comparison to prior SQLAlchemy versions.  Set this attribute to True if this type object's state is safe to use in a cache key, or False to disable this warning. (Background on this error at: https://sqlalche.me/e/14/cprf)
[2022-08-21 12:36:33,986] {logging_mixin.py:109} INFO - [2022-08-21 12:36:33,986] {dag.py:2389} INFO - Sync 1 DAGs
[2022-08-21 12:36:33,997] {logging_mixin.py:109} WARNING - /home/ubuntu/anaconda3/lib/python3.9/site-packages/airflow/models/dag.py:2426 SAWarning: TypeDecorator UtcDateTime(timezone=True) will not produce a cache key because the ``cache_ok`` attribute is not set to True.  This can have significant performance implications including some performance degradations in comparison to prior SQLAlchemy versions.  Set this attribute to True if this type object's state is safe to use in a cache key, or False to disable this warning. (Background on this error at: https://sqlalche.me/e/14/cprf)
[2022-08-21 12:36:34,003] {logging_mixin.py:109} INFO - [2022-08-21 12:36:34,003] {dag.py:2914} INFO - Setting next_dagrun for example_task_group_decorator to 2022-08-20T12:36:34.003028+00:00
[2022-08-21 12:36:34,018] {processor.py:171} INFO - Processing /home/ubuntu/anaconda3/lib/python3.9/site-packages/airflow/example_dags/example_task_group_decorator.py took 0.353 seconds
[2022-08-21 12:37:20,260] {processor.py:163} INFO - Started process (PID=72878) to work on /home/ubuntu/anaconda3/lib/python3.9/site-packages/airflow/example_dags/example_task_group_decorator.py
[2022-08-21 12:37:20,261] {processor.py:620} INFO - Processing file /home/ubuntu/anaconda3/lib/python3.9/site-packages/airflow/example_dags/example_task_group_decorator.py for tasks to queue
[2022-08-21 12:37:20,261] {logging_mixin.py:109} INFO - [2022-08-21 12:37:20,261] {dagbag.py:500} INFO - Filling up the DagBag from /home/ubuntu/anaconda3/lib/python3.9/site-packages/airflow/example_dags/example_task_group_decorator.py
[2022-08-21 12:37:20,291] {processor.py:632} INFO - DAG(s) dict_keys(['example_task_group_decorator']) retrieved from /home/ubuntu/anaconda3/lib/python3.9/site-packages/airflow/example_dags/example_task_group_decorator.py
[2022-08-21 12:37:20,295] {logging_mixin.py:109} WARNING - /home/ubuntu/anaconda3/lib/python3.9/site-packages/airflow/models/serialized_dag.py:120 SAWarning: TypeDecorator UtcDateTime(timezone=True) will not produce a cache key because the ``cache_ok`` attribute is not set to True.  This can have significant performance implications including some performance degradations in comparison to prior SQLAlchemy versions.  Set this attribute to True if this type object's state is safe to use in a cache key, or False to disable this warning. (Background on this error at: https://sqlalche.me/e/14/cprf)
[2022-08-21 12:37:20,582] {logging_mixin.py:109} INFO - [2022-08-21 12:37:20,581] {dag.py:2389} INFO - Sync 1 DAGs
[2022-08-21 12:37:20,596] {logging_mixin.py:109} WARNING - /home/ubuntu/anaconda3/lib/python3.9/site-packages/airflow/models/dag.py:2426 SAWarning: TypeDecorator UtcDateTime(timezone=True) will not produce a cache key because the ``cache_ok`` attribute is not set to True.  This can have significant performance implications including some performance degradations in comparison to prior SQLAlchemy versions.  Set this attribute to True if this type object's state is safe to use in a cache key, or False to disable this warning. (Background on this error at: https://sqlalche.me/e/14/cprf)
[2022-08-21 12:37:20,604] {logging_mixin.py:109} INFO - [2022-08-21 12:37:20,604] {dag.py:2914} INFO - Setting next_dagrun for example_task_group_decorator to 2022-08-20T12:37:20.604381+00:00
[2022-08-21 12:37:20,625] {processor.py:171} INFO - Processing /home/ubuntu/anaconda3/lib/python3.9/site-packages/airflow/example_dags/example_task_group_decorator.py took 0.367 seconds
[2022-08-21 12:37:55,235] {processor.py:163} INFO - Started process (PID=73090) to work on /home/ubuntu/anaconda3/lib/python3.9/site-packages/airflow/example_dags/example_task_group_decorator.py
[2022-08-21 12:37:55,235] {processor.py:620} INFO - Processing file /home/ubuntu/anaconda3/lib/python3.9/site-packages/airflow/example_dags/example_task_group_decorator.py for tasks to queue
[2022-08-21 12:37:55,236] {logging_mixin.py:109} INFO - [2022-08-21 12:37:55,236] {dagbag.py:500} INFO - Filling up the DagBag from /home/ubuntu/anaconda3/lib/python3.9/site-packages/airflow/example_dags/example_task_group_decorator.py
[2022-08-21 12:37:55,265] {processor.py:632} INFO - DAG(s) dict_keys(['example_task_group_decorator']) retrieved from /home/ubuntu/anaconda3/lib/python3.9/site-packages/airflow/example_dags/example_task_group_decorator.py
[2022-08-21 12:37:55,269] {logging_mixin.py:109} WARNING - /home/ubuntu/anaconda3/lib/python3.9/site-packages/airflow/models/serialized_dag.py:120 SAWarning: TypeDecorator UtcDateTime(timezone=True) will not produce a cache key because the ``cache_ok`` attribute is not set to True.  This can have significant performance implications including some performance degradations in comparison to prior SQLAlchemy versions.  Set this attribute to True if this type object's state is safe to use in a cache key, or False to disable this warning. (Background on this error at: https://sqlalche.me/e/14/cprf)
[2022-08-21 12:37:55,532] {logging_mixin.py:109} INFO - [2022-08-21 12:37:55,531] {dag.py:2389} INFO - Sync 1 DAGs
[2022-08-21 12:37:55,541] {logging_mixin.py:109} WARNING - /home/ubuntu/anaconda3/lib/python3.9/site-packages/airflow/models/dag.py:2426 SAWarning: TypeDecorator UtcDateTime(timezone=True) will not produce a cache key because the ``cache_ok`` attribute is not set to True.  This can have significant performance implications including some performance degradations in comparison to prior SQLAlchemy versions.  Set this attribute to True if this type object's state is safe to use in a cache key, or False to disable this warning. (Background on this error at: https://sqlalche.me/e/14/cprf)
[2022-08-21 12:37:55,546] {logging_mixin.py:109} INFO - [2022-08-21 12:37:55,546] {dag.py:2914} INFO - Setting next_dagrun for example_task_group_decorator to 2022-08-20T12:37:55.545898+00:00
[2022-08-21 12:37:55,561] {processor.py:171} INFO - Processing /home/ubuntu/anaconda3/lib/python3.9/site-packages/airflow/example_dags/example_task_group_decorator.py took 0.328 seconds
[2022-08-21 12:38:30,490] {processor.py:163} INFO - Started process (PID=73125) to work on /home/ubuntu/anaconda3/lib/python3.9/site-packages/airflow/example_dags/example_task_group_decorator.py
[2022-08-21 12:38:30,490] {processor.py:620} INFO - Processing file /home/ubuntu/anaconda3/lib/python3.9/site-packages/airflow/example_dags/example_task_group_decorator.py for tasks to queue
[2022-08-21 12:38:30,491] {logging_mixin.py:109} INFO - [2022-08-21 12:38:30,491] {dagbag.py:500} INFO - Filling up the DagBag from /home/ubuntu/anaconda3/lib/python3.9/site-packages/airflow/example_dags/example_task_group_decorator.py
[2022-08-21 12:38:30,520] {processor.py:632} INFO - DAG(s) dict_keys(['example_task_group_decorator']) retrieved from /home/ubuntu/anaconda3/lib/python3.9/site-packages/airflow/example_dags/example_task_group_decorator.py
[2022-08-21 12:38:30,525] {logging_mixin.py:109} WARNING - /home/ubuntu/anaconda3/lib/python3.9/site-packages/airflow/models/serialized_dag.py:120 SAWarning: TypeDecorator UtcDateTime(timezone=True) will not produce a cache key because the ``cache_ok`` attribute is not set to True.  This can have significant performance implications including some performance degradations in comparison to prior SQLAlchemy versions.  Set this attribute to True if this type object's state is safe to use in a cache key, or False to disable this warning. (Background on this error at: https://sqlalche.me/e/14/cprf)
[2022-08-21 12:38:30,789] {logging_mixin.py:109} INFO - [2022-08-21 12:38:30,789] {dag.py:2389} INFO - Sync 1 DAGs
[2022-08-21 12:38:30,799] {logging_mixin.py:109} WARNING - /home/ubuntu/anaconda3/lib/python3.9/site-packages/airflow/models/dag.py:2426 SAWarning: TypeDecorator UtcDateTime(timezone=True) will not produce a cache key because the ``cache_ok`` attribute is not set to True.  This can have significant performance implications including some performance degradations in comparison to prior SQLAlchemy versions.  Set this attribute to True if this type object's state is safe to use in a cache key, or False to disable this warning. (Background on this error at: https://sqlalche.me/e/14/cprf)
[2022-08-21 12:38:30,805] {logging_mixin.py:109} INFO - [2022-08-21 12:38:30,805] {dag.py:2914} INFO - Setting next_dagrun for example_task_group_decorator to 2022-08-20T12:38:30.804903+00:00
[2022-08-21 12:38:30,818] {processor.py:171} INFO - Processing /home/ubuntu/anaconda3/lib/python3.9/site-packages/airflow/example_dags/example_task_group_decorator.py took 0.330 seconds
[2022-08-21 12:39:03,656] {processor.py:163} INFO - Started process (PID=73217) to work on /home/ubuntu/anaconda3/lib/python3.9/site-packages/airflow/example_dags/example_task_group_decorator.py
[2022-08-21 12:39:03,656] {processor.py:620} INFO - Processing file /home/ubuntu/anaconda3/lib/python3.9/site-packages/airflow/example_dags/example_task_group_decorator.py for tasks to queue
[2022-08-21 12:39:03,656] {logging_mixin.py:109} INFO - [2022-08-21 12:39:03,656] {dagbag.py:500} INFO - Filling up the DagBag from /home/ubuntu/anaconda3/lib/python3.9/site-packages/airflow/example_dags/example_task_group_decorator.py
[2022-08-21 12:39:03,686] {processor.py:632} INFO - DAG(s) dict_keys(['example_task_group_decorator']) retrieved from /home/ubuntu/anaconda3/lib/python3.9/site-packages/airflow/example_dags/example_task_group_decorator.py
[2022-08-21 12:39:03,690] {logging_mixin.py:109} WARNING - /home/ubuntu/anaconda3/lib/python3.9/site-packages/airflow/models/serialized_dag.py:120 SAWarning: TypeDecorator UtcDateTime(timezone=True) will not produce a cache key because the ``cache_ok`` attribute is not set to True.  This can have significant performance implications including some performance degradations in comparison to prior SQLAlchemy versions.  Set this attribute to True if this type object's state is safe to use in a cache key, or False to disable this warning. (Background on this error at: https://sqlalche.me/e/14/cprf)
[2022-08-21 12:39:03,971] {logging_mixin.py:109} INFO - [2022-08-21 12:39:03,970] {dag.py:2389} INFO - Sync 1 DAGs
[2022-08-21 12:39:03,983] {logging_mixin.py:109} WARNING - /home/ubuntu/anaconda3/lib/python3.9/site-packages/airflow/models/dag.py:2426 SAWarning: TypeDecorator UtcDateTime(timezone=True) will not produce a cache key because the ``cache_ok`` attribute is not set to True.  This can have significant performance implications including some performance degradations in comparison to prior SQLAlchemy versions.  Set this attribute to True if this type object's state is safe to use in a cache key, or False to disable this warning. (Background on this error at: https://sqlalche.me/e/14/cprf)
[2022-08-21 12:39:03,988] {logging_mixin.py:109} INFO - [2022-08-21 12:39:03,988] {dag.py:2914} INFO - Setting next_dagrun for example_task_group_decorator to 2022-08-20T12:39:03.988394+00:00
[2022-08-21 12:39:04,003] {processor.py:171} INFO - Processing /home/ubuntu/anaconda3/lib/python3.9/site-packages/airflow/example_dags/example_task_group_decorator.py took 0.349 seconds
[2022-08-21 12:39:38,699] {processor.py:163} INFO - Started process (PID=73250) to work on /home/ubuntu/anaconda3/lib/python3.9/site-packages/airflow/example_dags/example_task_group_decorator.py
[2022-08-21 12:39:38,700] {processor.py:620} INFO - Processing file /home/ubuntu/anaconda3/lib/python3.9/site-packages/airflow/example_dags/example_task_group_decorator.py for tasks to queue
[2022-08-21 12:39:38,700] {logging_mixin.py:109} INFO - [2022-08-21 12:39:38,700] {dagbag.py:500} INFO - Filling up the DagBag from /home/ubuntu/anaconda3/lib/python3.9/site-packages/airflow/example_dags/example_task_group_decorator.py
[2022-08-21 12:39:38,729] {processor.py:632} INFO - DAG(s) dict_keys(['example_task_group_decorator']) retrieved from /home/ubuntu/anaconda3/lib/python3.9/site-packages/airflow/example_dags/example_task_group_decorator.py
[2022-08-21 12:39:38,733] {logging_mixin.py:109} WARNING - /home/ubuntu/anaconda3/lib/python3.9/site-packages/airflow/models/serialized_dag.py:120 SAWarning: TypeDecorator UtcDateTime(timezone=True) will not produce a cache key because the ``cache_ok`` attribute is not set to True.  This can have significant performance implications including some performance degradations in comparison to prior SQLAlchemy versions.  Set this attribute to True if this type object's state is safe to use in a cache key, or False to disable this warning. (Background on this error at: https://sqlalche.me/e/14/cprf)
[2022-08-21 12:39:38,994] {logging_mixin.py:109} INFO - [2022-08-21 12:39:38,994] {dag.py:2389} INFO - Sync 1 DAGs
[2022-08-21 12:39:39,004] {logging_mixin.py:109} WARNING - /home/ubuntu/anaconda3/lib/python3.9/site-packages/airflow/models/dag.py:2426 SAWarning: TypeDecorator UtcDateTime(timezone=True) will not produce a cache key because the ``cache_ok`` attribute is not set to True.  This can have significant performance implications including some performance degradations in comparison to prior SQLAlchemy versions.  Set this attribute to True if this type object's state is safe to use in a cache key, or False to disable this warning. (Background on this error at: https://sqlalche.me/e/14/cprf)
[2022-08-21 12:39:39,009] {logging_mixin.py:109} INFO - [2022-08-21 12:39:39,009] {dag.py:2914} INFO - Setting next_dagrun for example_task_group_decorator to 2022-08-20T12:39:39.009500+00:00
[2022-08-21 12:39:39,023] {processor.py:171} INFO - Processing /home/ubuntu/anaconda3/lib/python3.9/site-packages/airflow/example_dags/example_task_group_decorator.py took 0.326 seconds
[2022-08-21 12:40:11,916] {processor.py:163} INFO - Started process (PID=73282) to work on /home/ubuntu/anaconda3/lib/python3.9/site-packages/airflow/example_dags/example_task_group_decorator.py
[2022-08-21 12:40:11,917] {processor.py:620} INFO - Processing file /home/ubuntu/anaconda3/lib/python3.9/site-packages/airflow/example_dags/example_task_group_decorator.py for tasks to queue
[2022-08-21 12:40:11,917] {logging_mixin.py:109} INFO - [2022-08-21 12:40:11,917] {dagbag.py:500} INFO - Filling up the DagBag from /home/ubuntu/anaconda3/lib/python3.9/site-packages/airflow/example_dags/example_task_group_decorator.py
[2022-08-21 12:40:11,946] {processor.py:632} INFO - DAG(s) dict_keys(['example_task_group_decorator']) retrieved from /home/ubuntu/anaconda3/lib/python3.9/site-packages/airflow/example_dags/example_task_group_decorator.py
[2022-08-21 12:40:11,950] {logging_mixin.py:109} WARNING - /home/ubuntu/anaconda3/lib/python3.9/site-packages/airflow/models/serialized_dag.py:120 SAWarning: TypeDecorator UtcDateTime(timezone=True) will not produce a cache key because the ``cache_ok`` attribute is not set to True.  This can have significant performance implications including some performance degradations in comparison to prior SQLAlchemy versions.  Set this attribute to True if this type object's state is safe to use in a cache key, or False to disable this warning. (Background on this error at: https://sqlalche.me/e/14/cprf)
[2022-08-21 12:40:12,214] {logging_mixin.py:109} INFO - [2022-08-21 12:40:12,214] {dag.py:2389} INFO - Sync 1 DAGs
[2022-08-21 12:40:12,225] {logging_mixin.py:109} WARNING - /home/ubuntu/anaconda3/lib/python3.9/site-packages/airflow/models/dag.py:2426 SAWarning: TypeDecorator UtcDateTime(timezone=True) will not produce a cache key because the ``cache_ok`` attribute is not set to True.  This can have significant performance implications including some performance degradations in comparison to prior SQLAlchemy versions.  Set this attribute to True if this type object's state is safe to use in a cache key, or False to disable this warning. (Background on this error at: https://sqlalche.me/e/14/cprf)
[2022-08-21 12:40:12,230] {logging_mixin.py:109} INFO - [2022-08-21 12:40:12,230] {dag.py:2914} INFO - Setting next_dagrun for example_task_group_decorator to 2022-08-20T12:40:12.230542+00:00
[2022-08-21 12:40:12,243] {processor.py:171} INFO - Processing /home/ubuntu/anaconda3/lib/python3.9/site-packages/airflow/example_dags/example_task_group_decorator.py took 0.329 seconds
[2022-08-21 12:40:44,793] {processor.py:163} INFO - Started process (PID=73358) to work on /home/ubuntu/anaconda3/lib/python3.9/site-packages/airflow/example_dags/example_task_group_decorator.py
[2022-08-21 12:40:44,794] {processor.py:620} INFO - Processing file /home/ubuntu/anaconda3/lib/python3.9/site-packages/airflow/example_dags/example_task_group_decorator.py for tasks to queue
[2022-08-21 12:40:44,794] {logging_mixin.py:109} INFO - [2022-08-21 12:40:44,794] {dagbag.py:500} INFO - Filling up the DagBag from /home/ubuntu/anaconda3/lib/python3.9/site-packages/airflow/example_dags/example_task_group_decorator.py
[2022-08-21 12:40:44,823] {processor.py:632} INFO - DAG(s) dict_keys(['example_task_group_decorator']) retrieved from /home/ubuntu/anaconda3/lib/python3.9/site-packages/airflow/example_dags/example_task_group_decorator.py
[2022-08-21 12:40:44,827] {logging_mixin.py:109} WARNING - /home/ubuntu/anaconda3/lib/python3.9/site-packages/airflow/models/serialized_dag.py:120 SAWarning: TypeDecorator UtcDateTime(timezone=True) will not produce a cache key because the ``cache_ok`` attribute is not set to True.  This can have significant performance implications including some performance degradations in comparison to prior SQLAlchemy versions.  Set this attribute to True if this type object's state is safe to use in a cache key, or False to disable this warning. (Background on this error at: https://sqlalche.me/e/14/cprf)
[2022-08-21 12:40:45,090] {logging_mixin.py:109} INFO - [2022-08-21 12:40:45,090] {dag.py:2389} INFO - Sync 1 DAGs
[2022-08-21 12:40:45,101] {logging_mixin.py:109} WARNING - /home/ubuntu/anaconda3/lib/python3.9/site-packages/airflow/models/dag.py:2426 SAWarning: TypeDecorator UtcDateTime(timezone=True) will not produce a cache key because the ``cache_ok`` attribute is not set to True.  This can have significant performance implications including some performance degradations in comparison to prior SQLAlchemy versions.  Set this attribute to True if this type object's state is safe to use in a cache key, or False to disable this warning. (Background on this error at: https://sqlalche.me/e/14/cprf)
[2022-08-21 12:40:45,106] {logging_mixin.py:109} INFO - [2022-08-21 12:40:45,106] {dag.py:2914} INFO - Setting next_dagrun for example_task_group_decorator to 2022-08-20T12:40:45.106551+00:00
[2022-08-21 12:40:45,119] {processor.py:171} INFO - Processing /home/ubuntu/anaconda3/lib/python3.9/site-packages/airflow/example_dags/example_task_group_decorator.py took 0.328 seconds
[2022-08-21 12:41:17,563] {processor.py:163} INFO - Started process (PID=73437) to work on /home/ubuntu/anaconda3/lib/python3.9/site-packages/airflow/example_dags/example_task_group_decorator.py
[2022-08-21 12:41:17,564] {processor.py:620} INFO - Processing file /home/ubuntu/anaconda3/lib/python3.9/site-packages/airflow/example_dags/example_task_group_decorator.py for tasks to queue
[2022-08-21 12:41:17,565] {logging_mixin.py:109} INFO - [2022-08-21 12:41:17,564] {dagbag.py:500} INFO - Filling up the DagBag from /home/ubuntu/anaconda3/lib/python3.9/site-packages/airflow/example_dags/example_task_group_decorator.py
[2022-08-21 12:41:17,615] {processor.py:632} INFO - DAG(s) dict_keys(['example_task_group_decorator']) retrieved from /home/ubuntu/anaconda3/lib/python3.9/site-packages/airflow/example_dags/example_task_group_decorator.py
[2022-08-21 12:41:17,621] {logging_mixin.py:109} WARNING - /home/ubuntu/anaconda3/lib/python3.9/site-packages/airflow/models/serialized_dag.py:120 SAWarning: TypeDecorator UtcDateTime(timezone=True) will not produce a cache key because the ``cache_ok`` attribute is not set to True.  This can have significant performance implications including some performance degradations in comparison to prior SQLAlchemy versions.  Set this attribute to True if this type object's state is safe to use in a cache key, or False to disable this warning. (Background on this error at: https://sqlalche.me/e/14/cprf)
[2022-08-21 12:41:18,026] {logging_mixin.py:109} INFO - [2022-08-21 12:41:18,026] {dag.py:2389} INFO - Sync 1 DAGs
[2022-08-21 12:41:18,041] {logging_mixin.py:109} WARNING - /home/ubuntu/anaconda3/lib/python3.9/site-packages/airflow/models/dag.py:2426 SAWarning: TypeDecorator UtcDateTime(timezone=True) will not produce a cache key because the ``cache_ok`` attribute is not set to True.  This can have significant performance implications including some performance degradations in comparison to prior SQLAlchemy versions.  Set this attribute to True if this type object's state is safe to use in a cache key, or False to disable this warning. (Background on this error at: https://sqlalche.me/e/14/cprf)
[2022-08-21 12:41:18,049] {logging_mixin.py:109} INFO - [2022-08-21 12:41:18,049] {dag.py:2914} INFO - Setting next_dagrun for example_task_group_decorator to 2022-08-20T12:41:18.048982+00:00
[2022-08-21 12:41:18,069] {processor.py:171} INFO - Processing /home/ubuntu/anaconda3/lib/python3.9/site-packages/airflow/example_dags/example_task_group_decorator.py took 0.509 seconds
[2022-08-21 12:41:52,048] {processor.py:163} INFO - Started process (PID=73500) to work on /home/ubuntu/anaconda3/lib/python3.9/site-packages/airflow/example_dags/example_task_group_decorator.py
[2022-08-21 12:41:52,048] {processor.py:620} INFO - Processing file /home/ubuntu/anaconda3/lib/python3.9/site-packages/airflow/example_dags/example_task_group_decorator.py for tasks to queue
[2022-08-21 12:41:52,049] {logging_mixin.py:109} INFO - [2022-08-21 12:41:52,049] {dagbag.py:500} INFO - Filling up the DagBag from /home/ubuntu/anaconda3/lib/python3.9/site-packages/airflow/example_dags/example_task_group_decorator.py
[2022-08-21 12:41:52,079] {processor.py:632} INFO - DAG(s) dict_keys(['example_task_group_decorator']) retrieved from /home/ubuntu/anaconda3/lib/python3.9/site-packages/airflow/example_dags/example_task_group_decorator.py
[2022-08-21 12:41:52,083] {logging_mixin.py:109} WARNING - /home/ubuntu/anaconda3/lib/python3.9/site-packages/airflow/models/serialized_dag.py:120 SAWarning: TypeDecorator UtcDateTime(timezone=True) will not produce a cache key because the ``cache_ok`` attribute is not set to True.  This can have significant performance implications including some performance degradations in comparison to prior SQLAlchemy versions.  Set this attribute to True if this type object's state is safe to use in a cache key, or False to disable this warning. (Background on this error at: https://sqlalche.me/e/14/cprf)
[2022-08-21 12:41:52,348] {logging_mixin.py:109} INFO - [2022-08-21 12:41:52,348] {dag.py:2389} INFO - Sync 1 DAGs
[2022-08-21 12:41:52,359] {logging_mixin.py:109} WARNING - /home/ubuntu/anaconda3/lib/python3.9/site-packages/airflow/models/dag.py:2426 SAWarning: TypeDecorator UtcDateTime(timezone=True) will not produce a cache key because the ``cache_ok`` attribute is not set to True.  This can have significant performance implications including some performance degradations in comparison to prior SQLAlchemy versions.  Set this attribute to True if this type object's state is safe to use in a cache key, or False to disable this warning. (Background on this error at: https://sqlalche.me/e/14/cprf)
[2022-08-21 12:41:52,364] {logging_mixin.py:109} INFO - [2022-08-21 12:41:52,364] {dag.py:2914} INFO - Setting next_dagrun for example_task_group_decorator to 2022-08-20T12:41:52.364211+00:00
[2022-08-21 12:41:52,377] {processor.py:171} INFO - Processing /home/ubuntu/anaconda3/lib/python3.9/site-packages/airflow/example_dags/example_task_group_decorator.py took 0.331 seconds
[2022-08-21 12:42:24,987] {processor.py:163} INFO - Started process (PID=73607) to work on /home/ubuntu/anaconda3/lib/python3.9/site-packages/airflow/example_dags/example_task_group_decorator.py
[2022-08-21 12:42:24,988] {processor.py:620} INFO - Processing file /home/ubuntu/anaconda3/lib/python3.9/site-packages/airflow/example_dags/example_task_group_decorator.py for tasks to queue
[2022-08-21 12:42:24,988] {logging_mixin.py:109} INFO - [2022-08-21 12:42:24,988] {dagbag.py:500} INFO - Filling up the DagBag from /home/ubuntu/anaconda3/lib/python3.9/site-packages/airflow/example_dags/example_task_group_decorator.py
[2022-08-21 12:42:25,017] {processor.py:632} INFO - DAG(s) dict_keys(['example_task_group_decorator']) retrieved from /home/ubuntu/anaconda3/lib/python3.9/site-packages/airflow/example_dags/example_task_group_decorator.py
[2022-08-21 12:42:25,021] {logging_mixin.py:109} WARNING - /home/ubuntu/anaconda3/lib/python3.9/site-packages/airflow/models/serialized_dag.py:120 SAWarning: TypeDecorator UtcDateTime(timezone=True) will not produce a cache key because the ``cache_ok`` attribute is not set to True.  This can have significant performance implications including some performance degradations in comparison to prior SQLAlchemy versions.  Set this attribute to True if this type object's state is safe to use in a cache key, or False to disable this warning. (Background on this error at: https://sqlalche.me/e/14/cprf)
[2022-08-21 12:42:25,290] {logging_mixin.py:109} INFO - [2022-08-21 12:42:25,289] {dag.py:2389} INFO - Sync 1 DAGs
[2022-08-21 12:42:25,299] {logging_mixin.py:109} WARNING - /home/ubuntu/anaconda3/lib/python3.9/site-packages/airflow/models/dag.py:2426 SAWarning: TypeDecorator UtcDateTime(timezone=True) will not produce a cache key because the ``cache_ok`` attribute is not set to True.  This can have significant performance implications including some performance degradations in comparison to prior SQLAlchemy versions.  Set this attribute to True if this type object's state is safe to use in a cache key, or False to disable this warning. (Background on this error at: https://sqlalche.me/e/14/cprf)
[2022-08-21 12:42:25,304] {logging_mixin.py:109} INFO - [2022-08-21 12:42:25,304] {dag.py:2914} INFO - Setting next_dagrun for example_task_group_decorator to 2022-08-20T12:42:25.303939+00:00
[2022-08-21 12:42:25,317] {processor.py:171} INFO - Processing /home/ubuntu/anaconda3/lib/python3.9/site-packages/airflow/example_dags/example_task_group_decorator.py took 0.332 seconds
[2022-08-21 12:43:00,296] {processor.py:163} INFO - Started process (PID=73761) to work on /home/ubuntu/anaconda3/lib/python3.9/site-packages/airflow/example_dags/example_task_group_decorator.py
[2022-08-21 12:43:00,296] {processor.py:620} INFO - Processing file /home/ubuntu/anaconda3/lib/python3.9/site-packages/airflow/example_dags/example_task_group_decorator.py for tasks to queue
[2022-08-21 12:43:00,297] {logging_mixin.py:109} INFO - [2022-08-21 12:43:00,297] {dagbag.py:500} INFO - Filling up the DagBag from /home/ubuntu/anaconda3/lib/python3.9/site-packages/airflow/example_dags/example_task_group_decorator.py
[2022-08-21 12:43:00,324] {processor.py:632} INFO - DAG(s) dict_keys(['example_task_group_decorator']) retrieved from /home/ubuntu/anaconda3/lib/python3.9/site-packages/airflow/example_dags/example_task_group_decorator.py
[2022-08-21 12:43:00,328] {logging_mixin.py:109} WARNING - /home/ubuntu/anaconda3/lib/python3.9/site-packages/airflow/models/serialized_dag.py:120 SAWarning: TypeDecorator UtcDateTime(timezone=True) will not produce a cache key because the ``cache_ok`` attribute is not set to True.  This can have significant performance implications including some performance degradations in comparison to prior SQLAlchemy versions.  Set this attribute to True if this type object's state is safe to use in a cache key, or False to disable this warning. (Background on this error at: https://sqlalche.me/e/14/cprf)
[2022-08-21 12:43:00,594] {logging_mixin.py:109} INFO - [2022-08-21 12:43:00,594] {dag.py:2389} INFO - Sync 1 DAGs
[2022-08-21 12:43:00,603] {logging_mixin.py:109} WARNING - /home/ubuntu/anaconda3/lib/python3.9/site-packages/airflow/models/dag.py:2426 SAWarning: TypeDecorator UtcDateTime(timezone=True) will not produce a cache key because the ``cache_ok`` attribute is not set to True.  This can have significant performance implications including some performance degradations in comparison to prior SQLAlchemy versions.  Set this attribute to True if this type object's state is safe to use in a cache key, or False to disable this warning. (Background on this error at: https://sqlalche.me/e/14/cprf)
[2022-08-21 12:43:00,608] {logging_mixin.py:109} INFO - [2022-08-21 12:43:00,608] {dag.py:2914} INFO - Setting next_dagrun for example_task_group_decorator to 2022-08-20T12:43:00.608350+00:00
[2022-08-21 12:43:00,621] {processor.py:171} INFO - Processing /home/ubuntu/anaconda3/lib/python3.9/site-packages/airflow/example_dags/example_task_group_decorator.py took 0.328 seconds
[2022-08-21 12:43:35,709] {processor.py:163} INFO - Started process (PID=73844) to work on /home/ubuntu/anaconda3/lib/python3.9/site-packages/airflow/example_dags/example_task_group_decorator.py
[2022-08-21 12:43:35,710] {processor.py:620} INFO - Processing file /home/ubuntu/anaconda3/lib/python3.9/site-packages/airflow/example_dags/example_task_group_decorator.py for tasks to queue
[2022-08-21 12:43:35,710] {logging_mixin.py:109} INFO - [2022-08-21 12:43:35,710] {dagbag.py:500} INFO - Filling up the DagBag from /home/ubuntu/anaconda3/lib/python3.9/site-packages/airflow/example_dags/example_task_group_decorator.py
[2022-08-21 12:43:35,741] {processor.py:632} INFO - DAG(s) dict_keys(['example_task_group_decorator']) retrieved from /home/ubuntu/anaconda3/lib/python3.9/site-packages/airflow/example_dags/example_task_group_decorator.py
[2022-08-21 12:43:35,746] {logging_mixin.py:109} WARNING - /home/ubuntu/anaconda3/lib/python3.9/site-packages/airflow/models/serialized_dag.py:120 SAWarning: TypeDecorator UtcDateTime(timezone=True) will not produce a cache key because the ``cache_ok`` attribute is not set to True.  This can have significant performance implications including some performance degradations in comparison to prior SQLAlchemy versions.  Set this attribute to True if this type object's state is safe to use in a cache key, or False to disable this warning. (Background on this error at: https://sqlalche.me/e/14/cprf)
[2022-08-21 12:43:36,024] {logging_mixin.py:109} INFO - [2022-08-21 12:43:36,024] {dag.py:2389} INFO - Sync 1 DAGs
[2022-08-21 12:43:36,033] {logging_mixin.py:109} WARNING - /home/ubuntu/anaconda3/lib/python3.9/site-packages/airflow/models/dag.py:2426 SAWarning: TypeDecorator UtcDateTime(timezone=True) will not produce a cache key because the ``cache_ok`` attribute is not set to True.  This can have significant performance implications including some performance degradations in comparison to prior SQLAlchemy versions.  Set this attribute to True if this type object's state is safe to use in a cache key, or False to disable this warning. (Background on this error at: https://sqlalche.me/e/14/cprf)
[2022-08-21 12:43:36,038] {logging_mixin.py:109} INFO - [2022-08-21 12:43:36,037] {dag.py:2914} INFO - Setting next_dagrun for example_task_group_decorator to 2022-08-20T12:43:36.037752+00:00
[2022-08-21 12:43:36,051] {processor.py:171} INFO - Processing /home/ubuntu/anaconda3/lib/python3.9/site-packages/airflow/example_dags/example_task_group_decorator.py took 0.344 seconds
[2022-08-21 12:44:11,496] {processor.py:163} INFO - Started process (PID=74118) to work on /home/ubuntu/anaconda3/lib/python3.9/site-packages/airflow/example_dags/example_task_group_decorator.py
[2022-08-21 12:44:11,497] {processor.py:620} INFO - Processing file /home/ubuntu/anaconda3/lib/python3.9/site-packages/airflow/example_dags/example_task_group_decorator.py for tasks to queue
[2022-08-21 12:44:11,497] {logging_mixin.py:109} INFO - [2022-08-21 12:44:11,497] {dagbag.py:500} INFO - Filling up the DagBag from /home/ubuntu/anaconda3/lib/python3.9/site-packages/airflow/example_dags/example_task_group_decorator.py
[2022-08-21 12:44:11,528] {processor.py:632} INFO - DAG(s) dict_keys(['example_task_group_decorator']) retrieved from /home/ubuntu/anaconda3/lib/python3.9/site-packages/airflow/example_dags/example_task_group_decorator.py
[2022-08-21 12:44:11,531] {logging_mixin.py:109} WARNING - /home/ubuntu/anaconda3/lib/python3.9/site-packages/airflow/models/serialized_dag.py:120 SAWarning: TypeDecorator UtcDateTime(timezone=True) will not produce a cache key because the ``cache_ok`` attribute is not set to True.  This can have significant performance implications including some performance degradations in comparison to prior SQLAlchemy versions.  Set this attribute to True if this type object's state is safe to use in a cache key, or False to disable this warning. (Background on this error at: https://sqlalche.me/e/14/cprf)
[2022-08-21 12:44:11,798] {logging_mixin.py:109} INFO - [2022-08-21 12:44:11,797] {dag.py:2389} INFO - Sync 1 DAGs
[2022-08-21 12:44:11,807] {logging_mixin.py:109} WARNING - /home/ubuntu/anaconda3/lib/python3.9/site-packages/airflow/models/dag.py:2426 SAWarning: TypeDecorator UtcDateTime(timezone=True) will not produce a cache key because the ``cache_ok`` attribute is not set to True.  This can have significant performance implications including some performance degradations in comparison to prior SQLAlchemy versions.  Set this attribute to True if this type object's state is safe to use in a cache key, or False to disable this warning. (Background on this error at: https://sqlalche.me/e/14/cprf)
[2022-08-21 12:44:11,811] {logging_mixin.py:109} INFO - [2022-08-21 12:44:11,811] {dag.py:2914} INFO - Setting next_dagrun for example_task_group_decorator to 2022-08-20T12:44:11.811535+00:00
[2022-08-21 12:44:11,825] {processor.py:171} INFO - Processing /home/ubuntu/anaconda3/lib/python3.9/site-packages/airflow/example_dags/example_task_group_decorator.py took 0.331 seconds
[2022-08-21 12:44:47,766] {processor.py:163} INFO - Started process (PID=74206) to work on /home/ubuntu/anaconda3/lib/python3.9/site-packages/airflow/example_dags/example_task_group_decorator.py
[2022-08-21 12:44:47,767] {processor.py:620} INFO - Processing file /home/ubuntu/anaconda3/lib/python3.9/site-packages/airflow/example_dags/example_task_group_decorator.py for tasks to queue
[2022-08-21 12:44:47,767] {logging_mixin.py:109} INFO - [2022-08-21 12:44:47,767] {dagbag.py:500} INFO - Filling up the DagBag from /home/ubuntu/anaconda3/lib/python3.9/site-packages/airflow/example_dags/example_task_group_decorator.py
[2022-08-21 12:44:47,796] {processor.py:632} INFO - DAG(s) dict_keys(['example_task_group_decorator']) retrieved from /home/ubuntu/anaconda3/lib/python3.9/site-packages/airflow/example_dags/example_task_group_decorator.py
[2022-08-21 12:44:47,800] {logging_mixin.py:109} WARNING - /home/ubuntu/anaconda3/lib/python3.9/site-packages/airflow/models/serialized_dag.py:120 SAWarning: TypeDecorator UtcDateTime(timezone=True) will not produce a cache key because the ``cache_ok`` attribute is not set to True.  This can have significant performance implications including some performance degradations in comparison to prior SQLAlchemy versions.  Set this attribute to True if this type object's state is safe to use in a cache key, or False to disable this warning. (Background on this error at: https://sqlalche.me/e/14/cprf)
[2022-08-21 12:44:48,067] {logging_mixin.py:109} INFO - [2022-08-21 12:44:48,067] {dag.py:2389} INFO - Sync 1 DAGs
[2022-08-21 12:44:48,077] {logging_mixin.py:109} WARNING - /home/ubuntu/anaconda3/lib/python3.9/site-packages/airflow/models/dag.py:2426 SAWarning: TypeDecorator UtcDateTime(timezone=True) will not produce a cache key because the ``cache_ok`` attribute is not set to True.  This can have significant performance implications including some performance degradations in comparison to prior SQLAlchemy versions.  Set this attribute to True if this type object's state is safe to use in a cache key, or False to disable this warning. (Background on this error at: https://sqlalche.me/e/14/cprf)
[2022-08-21 12:44:48,082] {logging_mixin.py:109} INFO - [2022-08-21 12:44:48,082] {dag.py:2914} INFO - Setting next_dagrun for example_task_group_decorator to 2022-08-20T12:44:48.081868+00:00
[2022-08-21 12:44:48,094] {processor.py:171} INFO - Processing /home/ubuntu/anaconda3/lib/python3.9/site-packages/airflow/example_dags/example_task_group_decorator.py took 0.330 seconds
[2022-08-21 12:45:22,388] {processor.py:163} INFO - Started process (PID=74351) to work on /home/ubuntu/anaconda3/lib/python3.9/site-packages/airflow/example_dags/example_task_group_decorator.py
[2022-08-21 12:45:22,389] {processor.py:620} INFO - Processing file /home/ubuntu/anaconda3/lib/python3.9/site-packages/airflow/example_dags/example_task_group_decorator.py for tasks to queue
[2022-08-21 12:45:22,389] {logging_mixin.py:109} INFO - [2022-08-21 12:45:22,389] {dagbag.py:500} INFO - Filling up the DagBag from /home/ubuntu/anaconda3/lib/python3.9/site-packages/airflow/example_dags/example_task_group_decorator.py
[2022-08-21 12:45:22,420] {processor.py:632} INFO - DAG(s) dict_keys(['example_task_group_decorator']) retrieved from /home/ubuntu/anaconda3/lib/python3.9/site-packages/airflow/example_dags/example_task_group_decorator.py
[2022-08-21 12:45:22,424] {logging_mixin.py:109} WARNING - /home/ubuntu/anaconda3/lib/python3.9/site-packages/airflow/models/serialized_dag.py:120 SAWarning: TypeDecorator UtcDateTime(timezone=True) will not produce a cache key because the ``cache_ok`` attribute is not set to True.  This can have significant performance implications including some performance degradations in comparison to prior SQLAlchemy versions.  Set this attribute to True if this type object's state is safe to use in a cache key, or False to disable this warning. (Background on this error at: https://sqlalche.me/e/14/cprf)
[2022-08-21 12:45:22,689] {logging_mixin.py:109} INFO - [2022-08-21 12:45:22,689] {dag.py:2389} INFO - Sync 1 DAGs
[2022-08-21 12:45:22,699] {logging_mixin.py:109} WARNING - /home/ubuntu/anaconda3/lib/python3.9/site-packages/airflow/models/dag.py:2426 SAWarning: TypeDecorator UtcDateTime(timezone=True) will not produce a cache key because the ``cache_ok`` attribute is not set to True.  This can have significant performance implications including some performance degradations in comparison to prior SQLAlchemy versions.  Set this attribute to True if this type object's state is safe to use in a cache key, or False to disable this warning. (Background on this error at: https://sqlalche.me/e/14/cprf)
[2022-08-21 12:45:22,704] {logging_mixin.py:109} INFO - [2022-08-21 12:45:22,703] {dag.py:2914} INFO - Setting next_dagrun for example_task_group_decorator to 2022-08-20T12:45:22.703667+00:00
[2022-08-21 12:45:22,722] {processor.py:171} INFO - Processing /home/ubuntu/anaconda3/lib/python3.9/site-packages/airflow/example_dags/example_task_group_decorator.py took 0.336 seconds
[2022-08-21 12:45:55,842] {processor.py:163} INFO - Started process (PID=74817) to work on /home/ubuntu/anaconda3/lib/python3.9/site-packages/airflow/example_dags/example_task_group_decorator.py
[2022-08-21 12:45:55,843] {processor.py:620} INFO - Processing file /home/ubuntu/anaconda3/lib/python3.9/site-packages/airflow/example_dags/example_task_group_decorator.py for tasks to queue
[2022-08-21 12:45:55,843] {logging_mixin.py:109} INFO - [2022-08-21 12:45:55,843] {dagbag.py:500} INFO - Filling up the DagBag from /home/ubuntu/anaconda3/lib/python3.9/site-packages/airflow/example_dags/example_task_group_decorator.py
[2022-08-21 12:45:55,874] {processor.py:632} INFO - DAG(s) dict_keys(['example_task_group_decorator']) retrieved from /home/ubuntu/anaconda3/lib/python3.9/site-packages/airflow/example_dags/example_task_group_decorator.py
[2022-08-21 12:45:55,878] {logging_mixin.py:109} WARNING - /home/ubuntu/anaconda3/lib/python3.9/site-packages/airflow/models/serialized_dag.py:120 SAWarning: TypeDecorator UtcDateTime(timezone=True) will not produce a cache key because the ``cache_ok`` attribute is not set to True.  This can have significant performance implications including some performance degradations in comparison to prior SQLAlchemy versions.  Set this attribute to True if this type object's state is safe to use in a cache key, or False to disable this warning. (Background on this error at: https://sqlalche.me/e/14/cprf)
[2022-08-21 12:45:56,150] {logging_mixin.py:109} INFO - [2022-08-21 12:45:56,150] {dag.py:2389} INFO - Sync 1 DAGs
[2022-08-21 12:45:56,159] {logging_mixin.py:109} WARNING - /home/ubuntu/anaconda3/lib/python3.9/site-packages/airflow/models/dag.py:2426 SAWarning: TypeDecorator UtcDateTime(timezone=True) will not produce a cache key because the ``cache_ok`` attribute is not set to True.  This can have significant performance implications including some performance degradations in comparison to prior SQLAlchemy versions.  Set this attribute to True if this type object's state is safe to use in a cache key, or False to disable this warning. (Background on this error at: https://sqlalche.me/e/14/cprf)
[2022-08-21 12:45:56,164] {logging_mixin.py:109} INFO - [2022-08-21 12:45:56,164] {dag.py:2914} INFO - Setting next_dagrun for example_task_group_decorator to 2022-08-20T12:45:56.163784+00:00
[2022-08-21 12:45:56,176] {processor.py:171} INFO - Processing /home/ubuntu/anaconda3/lib/python3.9/site-packages/airflow/example_dags/example_task_group_decorator.py took 0.336 seconds
