[2022-08-21 12:35:45,485] {processor.py:163} INFO - Started process (PID=72625) to work on /home/ubuntu/anaconda3/lib/python3.9/site-packages/airflow/example_dags/example_branch_python_dop_operator_3.py
[2022-08-21 12:35:45,486] {processor.py:620} INFO - Processing file /home/ubuntu/anaconda3/lib/python3.9/site-packages/airflow/example_dags/example_branch_python_dop_operator_3.py for tasks to queue
[2022-08-21 12:35:45,486] {logging_mixin.py:109} INFO - [2022-08-21 12:35:45,486] {dagbag.py:500} INFO - Filling up the DagBag from /home/ubuntu/anaconda3/lib/python3.9/site-packages/airflow/example_dags/example_branch_python_dop_operator_3.py
[2022-08-21 12:35:45,508] {processor.py:632} INFO - DAG(s) dict_keys(['example_branch_dop_operator_v3']) retrieved from /home/ubuntu/anaconda3/lib/python3.9/site-packages/airflow/example_dags/example_branch_python_dop_operator_3.py
[2022-08-21 12:35:45,512] {logging_mixin.py:109} WARNING - /home/ubuntu/anaconda3/lib/python3.9/site-packages/airflow/models/serialized_dag.py:120 SAWarning: TypeDecorator UtcDateTime(timezone=True) will not produce a cache key because the ``cache_ok`` attribute is not set to True.  This can have significant performance implications including some performance degradations in comparison to prior SQLAlchemy versions.  Set this attribute to True if this type object's state is safe to use in a cache key, or False to disable this warning. (Background on this error at: https://sqlalche.me/e/14/cprf)
[2022-08-21 12:35:45,520] {logging_mixin.py:109} INFO - [2022-08-21 12:35:45,520] {dag.py:2389} INFO - Sync 1 DAGs
[2022-08-21 12:35:45,531] {logging_mixin.py:109} WARNING - /home/ubuntu/anaconda3/lib/python3.9/site-packages/airflow/models/dag.py:2426 SAWarning: TypeDecorator UtcDateTime(timezone=True) will not produce a cache key because the ``cache_ok`` attribute is not set to True.  This can have significant performance implications including some performance degradations in comparison to prior SQLAlchemy versions.  Set this attribute to True if this type object's state is safe to use in a cache key, or False to disable this warning. (Background on this error at: https://sqlalche.me/e/14/cprf)
[2022-08-21 12:35:45,544] {logging_mixin.py:109} INFO - [2022-08-21 12:35:45,544] {dag.py:2914} INFO - Setting next_dagrun for example_branch_dop_operator_v3 to 2022-08-21T12:34:00+00:00
[2022-08-21 12:35:45,558] {processor.py:171} INFO - Processing /home/ubuntu/anaconda3/lib/python3.9/site-packages/airflow/example_dags/example_branch_python_dop_operator_3.py took 0.076 seconds
[2022-08-21 12:36:21,173] {processor.py:163} INFO - Started process (PID=72660) to work on /home/ubuntu/anaconda3/lib/python3.9/site-packages/airflow/example_dags/example_branch_python_dop_operator_3.py
[2022-08-21 12:36:21,174] {processor.py:620} INFO - Processing file /home/ubuntu/anaconda3/lib/python3.9/site-packages/airflow/example_dags/example_branch_python_dop_operator_3.py for tasks to queue
[2022-08-21 12:36:21,174] {logging_mixin.py:109} INFO - [2022-08-21 12:36:21,174] {dagbag.py:500} INFO - Filling up the DagBag from /home/ubuntu/anaconda3/lib/python3.9/site-packages/airflow/example_dags/example_branch_python_dop_operator_3.py
[2022-08-21 12:36:21,193] {processor.py:632} INFO - DAG(s) dict_keys(['example_branch_dop_operator_v3']) retrieved from /home/ubuntu/anaconda3/lib/python3.9/site-packages/airflow/example_dags/example_branch_python_dop_operator_3.py
[2022-08-21 12:36:21,197] {logging_mixin.py:109} WARNING - /home/ubuntu/anaconda3/lib/python3.9/site-packages/airflow/models/serialized_dag.py:120 SAWarning: TypeDecorator UtcDateTime(timezone=True) will not produce a cache key because the ``cache_ok`` attribute is not set to True.  This can have significant performance implications including some performance degradations in comparison to prior SQLAlchemy versions.  Set this attribute to True if this type object's state is safe to use in a cache key, or False to disable this warning. (Background on this error at: https://sqlalche.me/e/14/cprf)
[2022-08-21 12:36:21,204] {logging_mixin.py:109} INFO - [2022-08-21 12:36:21,204] {dag.py:2389} INFO - Sync 1 DAGs
[2022-08-21 12:36:21,214] {logging_mixin.py:109} WARNING - /home/ubuntu/anaconda3/lib/python3.9/site-packages/airflow/models/dag.py:2426 SAWarning: TypeDecorator UtcDateTime(timezone=True) will not produce a cache key because the ``cache_ok`` attribute is not set to True.  This can have significant performance implications including some performance degradations in comparison to prior SQLAlchemy versions.  Set this attribute to True if this type object's state is safe to use in a cache key, or False to disable this warning. (Background on this error at: https://sqlalche.me/e/14/cprf)
[2022-08-21 12:36:21,225] {logging_mixin.py:109} INFO - [2022-08-21 12:36:21,225] {dag.py:2914} INFO - Setting next_dagrun for example_branch_dop_operator_v3 to 2022-08-21T12:35:00+00:00
[2022-08-21 12:36:21,237] {processor.py:171} INFO - Processing /home/ubuntu/anaconda3/lib/python3.9/site-packages/airflow/example_dags/example_branch_python_dop_operator_3.py took 0.066 seconds
[2022-08-21 12:37:42,321] {processor.py:163} INFO - Started process (PID=73024) to work on /home/ubuntu/anaconda3/lib/python3.9/site-packages/airflow/example_dags/example_branch_python_dop_operator_3.py
[2022-08-21 12:37:42,322] {processor.py:620} INFO - Processing file /home/ubuntu/anaconda3/lib/python3.9/site-packages/airflow/example_dags/example_branch_python_dop_operator_3.py for tasks to queue
[2022-08-21 12:37:42,322] {logging_mixin.py:109} INFO - [2022-08-21 12:37:42,322] {dagbag.py:500} INFO - Filling up the DagBag from /home/ubuntu/anaconda3/lib/python3.9/site-packages/airflow/example_dags/example_branch_python_dop_operator_3.py
[2022-08-21 12:37:42,341] {processor.py:632} INFO - DAG(s) dict_keys(['example_branch_dop_operator_v3']) retrieved from /home/ubuntu/anaconda3/lib/python3.9/site-packages/airflow/example_dags/example_branch_python_dop_operator_3.py
[2022-08-21 12:37:42,345] {logging_mixin.py:109} WARNING - /home/ubuntu/anaconda3/lib/python3.9/site-packages/airflow/models/serialized_dag.py:120 SAWarning: TypeDecorator UtcDateTime(timezone=True) will not produce a cache key because the ``cache_ok`` attribute is not set to True.  This can have significant performance implications including some performance degradations in comparison to prior SQLAlchemy versions.  Set this attribute to True if this type object's state is safe to use in a cache key, or False to disable this warning. (Background on this error at: https://sqlalche.me/e/14/cprf)
[2022-08-21 12:37:42,352] {logging_mixin.py:109} INFO - [2022-08-21 12:37:42,352] {dag.py:2389} INFO - Sync 1 DAGs
[2022-08-21 12:37:42,362] {logging_mixin.py:109} WARNING - /home/ubuntu/anaconda3/lib/python3.9/site-packages/airflow/models/dag.py:2426 SAWarning: TypeDecorator UtcDateTime(timezone=True) will not produce a cache key because the ``cache_ok`` attribute is not set to True.  This can have significant performance implications including some performance degradations in comparison to prior SQLAlchemy versions.  Set this attribute to True if this type object's state is safe to use in a cache key, or False to disable this warning. (Background on this error at: https://sqlalche.me/e/14/cprf)
[2022-08-21 12:37:42,374] {logging_mixin.py:109} INFO - [2022-08-21 12:37:42,373] {dag.py:2914} INFO - Setting next_dagrun for example_branch_dop_operator_v3 to 2022-08-21T12:36:00+00:00
[2022-08-21 12:37:42,386] {processor.py:171} INFO - Processing /home/ubuntu/anaconda3/lib/python3.9/site-packages/airflow/example_dags/example_branch_python_dop_operator_3.py took 0.066 seconds
[2022-08-21 12:38:17,923] {processor.py:163} INFO - Started process (PID=73113) to work on /home/ubuntu/anaconda3/lib/python3.9/site-packages/airflow/example_dags/example_branch_python_dop_operator_3.py
[2022-08-21 12:38:17,924] {processor.py:620} INFO - Processing file /home/ubuntu/anaconda3/lib/python3.9/site-packages/airflow/example_dags/example_branch_python_dop_operator_3.py for tasks to queue
[2022-08-21 12:38:17,924] {logging_mixin.py:109} INFO - [2022-08-21 12:38:17,924] {dagbag.py:500} INFO - Filling up the DagBag from /home/ubuntu/anaconda3/lib/python3.9/site-packages/airflow/example_dags/example_branch_python_dop_operator_3.py
[2022-08-21 12:38:17,943] {processor.py:632} INFO - DAG(s) dict_keys(['example_branch_dop_operator_v3']) retrieved from /home/ubuntu/anaconda3/lib/python3.9/site-packages/airflow/example_dags/example_branch_python_dop_operator_3.py
[2022-08-21 12:38:17,947] {logging_mixin.py:109} WARNING - /home/ubuntu/anaconda3/lib/python3.9/site-packages/airflow/models/serialized_dag.py:120 SAWarning: TypeDecorator UtcDateTime(timezone=True) will not produce a cache key because the ``cache_ok`` attribute is not set to True.  This can have significant performance implications including some performance degradations in comparison to prior SQLAlchemy versions.  Set this attribute to True if this type object's state is safe to use in a cache key, or False to disable this warning. (Background on this error at: https://sqlalche.me/e/14/cprf)
[2022-08-21 12:38:17,954] {logging_mixin.py:109} INFO - [2022-08-21 12:38:17,954] {dag.py:2389} INFO - Sync 1 DAGs
[2022-08-21 12:38:17,963] {logging_mixin.py:109} WARNING - /home/ubuntu/anaconda3/lib/python3.9/site-packages/airflow/models/dag.py:2426 SAWarning: TypeDecorator UtcDateTime(timezone=True) will not produce a cache key because the ``cache_ok`` attribute is not set to True.  This can have significant performance implications including some performance degradations in comparison to prior SQLAlchemy versions.  Set this attribute to True if this type object's state is safe to use in a cache key, or False to disable this warning. (Background on this error at: https://sqlalche.me/e/14/cprf)
[2022-08-21 12:38:17,974] {logging_mixin.py:109} INFO - [2022-08-21 12:38:17,974] {dag.py:2914} INFO - Setting next_dagrun for example_branch_dop_operator_v3 to 2022-08-21T12:37:00+00:00
[2022-08-21 12:38:17,985] {processor.py:171} INFO - Processing /home/ubuntu/anaconda3/lib/python3.9/site-packages/airflow/example_dags/example_branch_python_dop_operator_3.py took 0.064 seconds
[2022-08-21 12:38:53,406] {processor.py:163} INFO - Started process (PID=73206) to work on /home/ubuntu/anaconda3/lib/python3.9/site-packages/airflow/example_dags/example_branch_python_dop_operator_3.py
[2022-08-21 12:38:53,407] {processor.py:620} INFO - Processing file /home/ubuntu/anaconda3/lib/python3.9/site-packages/airflow/example_dags/example_branch_python_dop_operator_3.py for tasks to queue
[2022-08-21 12:38:53,407] {logging_mixin.py:109} INFO - [2022-08-21 12:38:53,407] {dagbag.py:500} INFO - Filling up the DagBag from /home/ubuntu/anaconda3/lib/python3.9/site-packages/airflow/example_dags/example_branch_python_dop_operator_3.py
[2022-08-21 12:38:53,426] {processor.py:632} INFO - DAG(s) dict_keys(['example_branch_dop_operator_v3']) retrieved from /home/ubuntu/anaconda3/lib/python3.9/site-packages/airflow/example_dags/example_branch_python_dop_operator_3.py
[2022-08-21 12:38:53,429] {logging_mixin.py:109} WARNING - /home/ubuntu/anaconda3/lib/python3.9/site-packages/airflow/models/serialized_dag.py:120 SAWarning: TypeDecorator UtcDateTime(timezone=True) will not produce a cache key because the ``cache_ok`` attribute is not set to True.  This can have significant performance implications including some performance degradations in comparison to prior SQLAlchemy versions.  Set this attribute to True if this type object's state is safe to use in a cache key, or False to disable this warning. (Background on this error at: https://sqlalche.me/e/14/cprf)
[2022-08-21 12:38:53,437] {logging_mixin.py:109} INFO - [2022-08-21 12:38:53,437] {dag.py:2389} INFO - Sync 1 DAGs
[2022-08-21 12:38:53,447] {logging_mixin.py:109} WARNING - /home/ubuntu/anaconda3/lib/python3.9/site-packages/airflow/models/dag.py:2426 SAWarning: TypeDecorator UtcDateTime(timezone=True) will not produce a cache key because the ``cache_ok`` attribute is not set to True.  This can have significant performance implications including some performance degradations in comparison to prior SQLAlchemy versions.  Set this attribute to True if this type object's state is safe to use in a cache key, or False to disable this warning. (Background on this error at: https://sqlalche.me/e/14/cprf)
[2022-08-21 12:38:53,458] {logging_mixin.py:109} INFO - [2022-08-21 12:38:53,458] {dag.py:2914} INFO - Setting next_dagrun for example_branch_dop_operator_v3 to 2022-08-21T12:37:00+00:00
[2022-08-21 12:38:53,469] {processor.py:171} INFO - Processing /home/ubuntu/anaconda3/lib/python3.9/site-packages/airflow/example_dags/example_branch_python_dop_operator_3.py took 0.065 seconds
[2022-08-21 12:39:29,531] {processor.py:163} INFO - Started process (PID=73241) to work on /home/ubuntu/anaconda3/lib/python3.9/site-packages/airflow/example_dags/example_branch_python_dop_operator_3.py
[2022-08-21 12:39:29,532] {processor.py:620} INFO - Processing file /home/ubuntu/anaconda3/lib/python3.9/site-packages/airflow/example_dags/example_branch_python_dop_operator_3.py for tasks to queue
[2022-08-21 12:39:29,533] {logging_mixin.py:109} INFO - [2022-08-21 12:39:29,533] {dagbag.py:500} INFO - Filling up the DagBag from /home/ubuntu/anaconda3/lib/python3.9/site-packages/airflow/example_dags/example_branch_python_dop_operator_3.py
[2022-08-21 12:39:29,552] {processor.py:632} INFO - DAG(s) dict_keys(['example_branch_dop_operator_v3']) retrieved from /home/ubuntu/anaconda3/lib/python3.9/site-packages/airflow/example_dags/example_branch_python_dop_operator_3.py
[2022-08-21 12:39:29,555] {logging_mixin.py:109} WARNING - /home/ubuntu/anaconda3/lib/python3.9/site-packages/airflow/models/serialized_dag.py:120 SAWarning: TypeDecorator UtcDateTime(timezone=True) will not produce a cache key because the ``cache_ok`` attribute is not set to True.  This can have significant performance implications including some performance degradations in comparison to prior SQLAlchemy versions.  Set this attribute to True if this type object's state is safe to use in a cache key, or False to disable this warning. (Background on this error at: https://sqlalche.me/e/14/cprf)
[2022-08-21 12:39:29,563] {logging_mixin.py:109} INFO - [2022-08-21 12:39:29,563] {dag.py:2389} INFO - Sync 1 DAGs
[2022-08-21 12:39:29,572] {logging_mixin.py:109} WARNING - /home/ubuntu/anaconda3/lib/python3.9/site-packages/airflow/models/dag.py:2426 SAWarning: TypeDecorator UtcDateTime(timezone=True) will not produce a cache key because the ``cache_ok`` attribute is not set to True.  This can have significant performance implications including some performance degradations in comparison to prior SQLAlchemy versions.  Set this attribute to True if this type object's state is safe to use in a cache key, or False to disable this warning. (Background on this error at: https://sqlalche.me/e/14/cprf)
[2022-08-21 12:39:29,583] {logging_mixin.py:109} INFO - [2022-08-21 12:39:29,583] {dag.py:2914} INFO - Setting next_dagrun for example_branch_dop_operator_v3 to 2022-08-21T12:38:00+00:00
[2022-08-21 12:39:29,596] {processor.py:171} INFO - Processing /home/ubuntu/anaconda3/lib/python3.9/site-packages/airflow/example_dags/example_branch_python_dop_operator_3.py took 0.066 seconds
[2022-08-21 12:40:04,145] {processor.py:163} INFO - Started process (PID=73275) to work on /home/ubuntu/anaconda3/lib/python3.9/site-packages/airflow/example_dags/example_branch_python_dop_operator_3.py
[2022-08-21 12:40:04,146] {processor.py:620} INFO - Processing file /home/ubuntu/anaconda3/lib/python3.9/site-packages/airflow/example_dags/example_branch_python_dop_operator_3.py for tasks to queue
[2022-08-21 12:40:04,147] {logging_mixin.py:109} INFO - [2022-08-21 12:40:04,146] {dagbag.py:500} INFO - Filling up the DagBag from /home/ubuntu/anaconda3/lib/python3.9/site-packages/airflow/example_dags/example_branch_python_dop_operator_3.py
[2022-08-21 12:40:04,166] {processor.py:632} INFO - DAG(s) dict_keys(['example_branch_dop_operator_v3']) retrieved from /home/ubuntu/anaconda3/lib/python3.9/site-packages/airflow/example_dags/example_branch_python_dop_operator_3.py
[2022-08-21 12:40:04,171] {logging_mixin.py:109} WARNING - /home/ubuntu/anaconda3/lib/python3.9/site-packages/airflow/models/serialized_dag.py:120 SAWarning: TypeDecorator UtcDateTime(timezone=True) will not produce a cache key because the ``cache_ok`` attribute is not set to True.  This can have significant performance implications including some performance degradations in comparison to prior SQLAlchemy versions.  Set this attribute to True if this type object's state is safe to use in a cache key, or False to disable this warning. (Background on this error at: https://sqlalche.me/e/14/cprf)
[2022-08-21 12:40:04,179] {logging_mixin.py:109} INFO - [2022-08-21 12:40:04,178] {dag.py:2389} INFO - Sync 1 DAGs
[2022-08-21 12:40:04,189] {logging_mixin.py:109} WARNING - /home/ubuntu/anaconda3/lib/python3.9/site-packages/airflow/models/dag.py:2426 SAWarning: TypeDecorator UtcDateTime(timezone=True) will not produce a cache key because the ``cache_ok`` attribute is not set to True.  This can have significant performance implications including some performance degradations in comparison to prior SQLAlchemy versions.  Set this attribute to True if this type object's state is safe to use in a cache key, or False to disable this warning. (Background on this error at: https://sqlalche.me/e/14/cprf)
[2022-08-21 12:40:04,201] {logging_mixin.py:109} INFO - [2022-08-21 12:40:04,201] {dag.py:2914} INFO - Setting next_dagrun for example_branch_dop_operator_v3 to 2022-08-21T12:39:00+00:00
[2022-08-21 12:40:04,215] {processor.py:171} INFO - Processing /home/ubuntu/anaconda3/lib/python3.9/site-packages/airflow/example_dags/example_branch_python_dop_operator_3.py took 0.072 seconds
[2022-08-21 12:40:40,776] {processor.py:163} INFO - Started process (PID=73345) to work on /home/ubuntu/anaconda3/lib/python3.9/site-packages/airflow/example_dags/example_branch_python_dop_operator_3.py
[2022-08-21 12:40:40,776] {processor.py:620} INFO - Processing file /home/ubuntu/anaconda3/lib/python3.9/site-packages/airflow/example_dags/example_branch_python_dop_operator_3.py for tasks to queue
[2022-08-21 12:40:40,777] {logging_mixin.py:109} INFO - [2022-08-21 12:40:40,777] {dagbag.py:500} INFO - Filling up the DagBag from /home/ubuntu/anaconda3/lib/python3.9/site-packages/airflow/example_dags/example_branch_python_dop_operator_3.py
[2022-08-21 12:40:40,795] {processor.py:632} INFO - DAG(s) dict_keys(['example_branch_dop_operator_v3']) retrieved from /home/ubuntu/anaconda3/lib/python3.9/site-packages/airflow/example_dags/example_branch_python_dop_operator_3.py
[2022-08-21 12:40:40,799] {logging_mixin.py:109} WARNING - /home/ubuntu/anaconda3/lib/python3.9/site-packages/airflow/models/serialized_dag.py:120 SAWarning: TypeDecorator UtcDateTime(timezone=True) will not produce a cache key because the ``cache_ok`` attribute is not set to True.  This can have significant performance implications including some performance degradations in comparison to prior SQLAlchemy versions.  Set this attribute to True if this type object's state is safe to use in a cache key, or False to disable this warning. (Background on this error at: https://sqlalche.me/e/14/cprf)
[2022-08-21 12:40:40,807] {logging_mixin.py:109} INFO - [2022-08-21 12:40:40,807] {dag.py:2389} INFO - Sync 1 DAGs
[2022-08-21 12:40:40,816] {logging_mixin.py:109} WARNING - /home/ubuntu/anaconda3/lib/python3.9/site-packages/airflow/models/dag.py:2426 SAWarning: TypeDecorator UtcDateTime(timezone=True) will not produce a cache key because the ``cache_ok`` attribute is not set to True.  This can have significant performance implications including some performance degradations in comparison to prior SQLAlchemy versions.  Set this attribute to True if this type object's state is safe to use in a cache key, or False to disable this warning. (Background on this error at: https://sqlalche.me/e/14/cprf)
[2022-08-21 12:40:40,828] {logging_mixin.py:109} INFO - [2022-08-21 12:40:40,828] {dag.py:2914} INFO - Setting next_dagrun for example_branch_dop_operator_v3 to 2022-08-21T12:39:00+00:00
[2022-08-21 12:40:40,839] {processor.py:171} INFO - Processing /home/ubuntu/anaconda3/lib/python3.9/site-packages/airflow/example_dags/example_branch_python_dop_operator_3.py took 0.065 seconds
[2022-08-21 12:41:14,880] {processor.py:163} INFO - Started process (PID=73410) to work on /home/ubuntu/anaconda3/lib/python3.9/site-packages/airflow/example_dags/example_branch_python_dop_operator_3.py
[2022-08-21 12:41:14,880] {processor.py:620} INFO - Processing file /home/ubuntu/anaconda3/lib/python3.9/site-packages/airflow/example_dags/example_branch_python_dop_operator_3.py for tasks to queue
[2022-08-21 12:41:14,881] {logging_mixin.py:109} INFO - [2022-08-21 12:41:14,881] {dagbag.py:500} INFO - Filling up the DagBag from /home/ubuntu/anaconda3/lib/python3.9/site-packages/airflow/example_dags/example_branch_python_dop_operator_3.py
[2022-08-21 12:41:14,915] {processor.py:632} INFO - DAG(s) dict_keys(['example_branch_dop_operator_v3']) retrieved from /home/ubuntu/anaconda3/lib/python3.9/site-packages/airflow/example_dags/example_branch_python_dop_operator_3.py
[2022-08-21 12:41:14,930] {logging_mixin.py:109} WARNING - /home/ubuntu/anaconda3/lib/python3.9/site-packages/airflow/models/serialized_dag.py:120 SAWarning: TypeDecorator UtcDateTime(timezone=True) will not produce a cache key because the ``cache_ok`` attribute is not set to True.  This can have significant performance implications including some performance degradations in comparison to prior SQLAlchemy versions.  Set this attribute to True if this type object's state is safe to use in a cache key, or False to disable this warning. (Background on this error at: https://sqlalche.me/e/14/cprf)
[2022-08-21 12:41:14,957] {logging_mixin.py:109} INFO - [2022-08-21 12:41:14,957] {dag.py:2389} INFO - Sync 1 DAGs
[2022-08-21 12:41:14,984] {logging_mixin.py:109} WARNING - /home/ubuntu/anaconda3/lib/python3.9/site-packages/airflow/models/dag.py:2426 SAWarning: TypeDecorator UtcDateTime(timezone=True) will not produce a cache key because the ``cache_ok`` attribute is not set to True.  This can have significant performance implications including some performance degradations in comparison to prior SQLAlchemy versions.  Set this attribute to True if this type object's state is safe to use in a cache key, or False to disable this warning. (Background on this error at: https://sqlalche.me/e/14/cprf)
[2022-08-21 12:41:15,035] {logging_mixin.py:109} INFO - [2022-08-21 12:41:15,035] {dag.py:2914} INFO - Setting next_dagrun for example_branch_dop_operator_v3 to 2022-08-21T12:40:00+00:00
[2022-08-21 12:41:15,077] {processor.py:171} INFO - Processing /home/ubuntu/anaconda3/lib/python3.9/site-packages/airflow/example_dags/example_branch_python_dop_operator_3.py took 0.199 seconds
[2022-08-21 12:41:50,223] {processor.py:163} INFO - Started process (PID=73498) to work on /home/ubuntu/anaconda3/lib/python3.9/site-packages/airflow/example_dags/example_branch_python_dop_operator_3.py
[2022-08-21 12:41:50,224] {processor.py:620} INFO - Processing file /home/ubuntu/anaconda3/lib/python3.9/site-packages/airflow/example_dags/example_branch_python_dop_operator_3.py for tasks to queue
[2022-08-21 12:41:50,225] {logging_mixin.py:109} INFO - [2022-08-21 12:41:50,224] {dagbag.py:500} INFO - Filling up the DagBag from /home/ubuntu/anaconda3/lib/python3.9/site-packages/airflow/example_dags/example_branch_python_dop_operator_3.py
[2022-08-21 12:41:50,244] {processor.py:632} INFO - DAG(s) dict_keys(['example_branch_dop_operator_v3']) retrieved from /home/ubuntu/anaconda3/lib/python3.9/site-packages/airflow/example_dags/example_branch_python_dop_operator_3.py
[2022-08-21 12:41:50,248] {logging_mixin.py:109} WARNING - /home/ubuntu/anaconda3/lib/python3.9/site-packages/airflow/models/serialized_dag.py:120 SAWarning: TypeDecorator UtcDateTime(timezone=True) will not produce a cache key because the ``cache_ok`` attribute is not set to True.  This can have significant performance implications including some performance degradations in comparison to prior SQLAlchemy versions.  Set this attribute to True if this type object's state is safe to use in a cache key, or False to disable this warning. (Background on this error at: https://sqlalche.me/e/14/cprf)
[2022-08-21 12:41:50,256] {logging_mixin.py:109} INFO - [2022-08-21 12:41:50,256] {dag.py:2389} INFO - Sync 1 DAGs
[2022-08-21 12:41:50,266] {logging_mixin.py:109} WARNING - /home/ubuntu/anaconda3/lib/python3.9/site-packages/airflow/models/dag.py:2426 SAWarning: TypeDecorator UtcDateTime(timezone=True) will not produce a cache key because the ``cache_ok`` attribute is not set to True.  This can have significant performance implications including some performance degradations in comparison to prior SQLAlchemy versions.  Set this attribute to True if this type object's state is safe to use in a cache key, or False to disable this warning. (Background on this error at: https://sqlalche.me/e/14/cprf)
[2022-08-21 12:41:50,278] {logging_mixin.py:109} INFO - [2022-08-21 12:41:50,277] {dag.py:2914} INFO - Setting next_dagrun for example_branch_dop_operator_v3 to 2022-08-21T12:40:00+00:00
[2022-08-21 12:41:50,290] {processor.py:171} INFO - Processing /home/ubuntu/anaconda3/lib/python3.9/site-packages/airflow/example_dags/example_branch_python_dop_operator_3.py took 0.069 seconds
[2022-08-21 12:42:28,824] {processor.py:163} INFO - Started process (PID=73640) to work on /home/ubuntu/anaconda3/lib/python3.9/site-packages/airflow/example_dags/example_branch_python_dop_operator_3.py
[2022-08-21 12:42:28,825] {processor.py:620} INFO - Processing file /home/ubuntu/anaconda3/lib/python3.9/site-packages/airflow/example_dags/example_branch_python_dop_operator_3.py for tasks to queue
[2022-08-21 12:42:28,825] {logging_mixin.py:109} INFO - [2022-08-21 12:42:28,825] {dagbag.py:500} INFO - Filling up the DagBag from /home/ubuntu/anaconda3/lib/python3.9/site-packages/airflow/example_dags/example_branch_python_dop_operator_3.py
[2022-08-21 12:42:28,843] {processor.py:632} INFO - DAG(s) dict_keys(['example_branch_dop_operator_v3']) retrieved from /home/ubuntu/anaconda3/lib/python3.9/site-packages/airflow/example_dags/example_branch_python_dop_operator_3.py
[2022-08-21 12:42:28,847] {logging_mixin.py:109} WARNING - /home/ubuntu/anaconda3/lib/python3.9/site-packages/airflow/models/serialized_dag.py:120 SAWarning: TypeDecorator UtcDateTime(timezone=True) will not produce a cache key because the ``cache_ok`` attribute is not set to True.  This can have significant performance implications including some performance degradations in comparison to prior SQLAlchemy versions.  Set this attribute to True if this type object's state is safe to use in a cache key, or False to disable this warning. (Background on this error at: https://sqlalche.me/e/14/cprf)
[2022-08-21 12:42:28,854] {logging_mixin.py:109} INFO - [2022-08-21 12:42:28,854] {dag.py:2389} INFO - Sync 1 DAGs
[2022-08-21 12:42:28,864] {logging_mixin.py:109} WARNING - /home/ubuntu/anaconda3/lib/python3.9/site-packages/airflow/models/dag.py:2426 SAWarning: TypeDecorator UtcDateTime(timezone=True) will not produce a cache key because the ``cache_ok`` attribute is not set to True.  This can have significant performance implications including some performance degradations in comparison to prior SQLAlchemy versions.  Set this attribute to True if this type object's state is safe to use in a cache key, or False to disable this warning. (Background on this error at: https://sqlalche.me/e/14/cprf)
[2022-08-21 12:42:28,876] {logging_mixin.py:109} INFO - [2022-08-21 12:42:28,876] {dag.py:2914} INFO - Setting next_dagrun for example_branch_dop_operator_v3 to 2022-08-21T12:41:00+00:00
[2022-08-21 12:42:28,887] {processor.py:171} INFO - Processing /home/ubuntu/anaconda3/lib/python3.9/site-packages/airflow/example_dags/example_branch_python_dop_operator_3.py took 0.065 seconds
[2022-08-21 12:43:04,033] {processor.py:163} INFO - Started process (PID=73764) to work on /home/ubuntu/anaconda3/lib/python3.9/site-packages/airflow/example_dags/example_branch_python_dop_operator_3.py
[2022-08-21 12:43:04,034] {processor.py:620} INFO - Processing file /home/ubuntu/anaconda3/lib/python3.9/site-packages/airflow/example_dags/example_branch_python_dop_operator_3.py for tasks to queue
[2022-08-21 12:43:04,034] {logging_mixin.py:109} INFO - [2022-08-21 12:43:04,034] {dagbag.py:500} INFO - Filling up the DagBag from /home/ubuntu/anaconda3/lib/python3.9/site-packages/airflow/example_dags/example_branch_python_dop_operator_3.py
[2022-08-21 12:43:04,054] {processor.py:632} INFO - DAG(s) dict_keys(['example_branch_dop_operator_v3']) retrieved from /home/ubuntu/anaconda3/lib/python3.9/site-packages/airflow/example_dags/example_branch_python_dop_operator_3.py
[2022-08-21 12:43:04,059] {logging_mixin.py:109} WARNING - /home/ubuntu/anaconda3/lib/python3.9/site-packages/airflow/models/serialized_dag.py:120 SAWarning: TypeDecorator UtcDateTime(timezone=True) will not produce a cache key because the ``cache_ok`` attribute is not set to True.  This can have significant performance implications including some performance degradations in comparison to prior SQLAlchemy versions.  Set this attribute to True if this type object's state is safe to use in a cache key, or False to disable this warning. (Background on this error at: https://sqlalche.me/e/14/cprf)
[2022-08-21 12:43:04,067] {logging_mixin.py:109} INFO - [2022-08-21 12:43:04,067] {dag.py:2389} INFO - Sync 1 DAGs
[2022-08-21 12:43:04,079] {logging_mixin.py:109} WARNING - /home/ubuntu/anaconda3/lib/python3.9/site-packages/airflow/models/dag.py:2426 SAWarning: TypeDecorator UtcDateTime(timezone=True) will not produce a cache key because the ``cache_ok`` attribute is not set to True.  This can have significant performance implications including some performance degradations in comparison to prior SQLAlchemy versions.  Set this attribute to True if this type object's state is safe to use in a cache key, or False to disable this warning. (Background on this error at: https://sqlalche.me/e/14/cprf)
[2022-08-21 12:43:04,091] {logging_mixin.py:109} INFO - [2022-08-21 12:43:04,091] {dag.py:2914} INFO - Setting next_dagrun for example_branch_dop_operator_v3 to 2022-08-21T12:42:00+00:00
[2022-08-21 12:43:04,104] {processor.py:171} INFO - Processing /home/ubuntu/anaconda3/lib/python3.9/site-packages/airflow/example_dags/example_branch_python_dop_operator_3.py took 0.073 seconds
[2022-08-21 12:43:40,177] {processor.py:163} INFO - Started process (PID=73890) to work on /home/ubuntu/anaconda3/lib/python3.9/site-packages/airflow/example_dags/example_branch_python_dop_operator_3.py
[2022-08-21 12:43:40,178] {processor.py:620} INFO - Processing file /home/ubuntu/anaconda3/lib/python3.9/site-packages/airflow/example_dags/example_branch_python_dop_operator_3.py for tasks to queue
[2022-08-21 12:43:40,178] {logging_mixin.py:109} INFO - [2022-08-21 12:43:40,178] {dagbag.py:500} INFO - Filling up the DagBag from /home/ubuntu/anaconda3/lib/python3.9/site-packages/airflow/example_dags/example_branch_python_dop_operator_3.py
[2022-08-21 12:43:40,197] {processor.py:632} INFO - DAG(s) dict_keys(['example_branch_dop_operator_v3']) retrieved from /home/ubuntu/anaconda3/lib/python3.9/site-packages/airflow/example_dags/example_branch_python_dop_operator_3.py
[2022-08-21 12:43:40,201] {logging_mixin.py:109} WARNING - /home/ubuntu/anaconda3/lib/python3.9/site-packages/airflow/models/serialized_dag.py:120 SAWarning: TypeDecorator UtcDateTime(timezone=True) will not produce a cache key because the ``cache_ok`` attribute is not set to True.  This can have significant performance implications including some performance degradations in comparison to prior SQLAlchemy versions.  Set this attribute to True if this type object's state is safe to use in a cache key, or False to disable this warning. (Background on this error at: https://sqlalche.me/e/14/cprf)
[2022-08-21 12:43:40,208] {logging_mixin.py:109} INFO - [2022-08-21 12:43:40,208] {dag.py:2389} INFO - Sync 1 DAGs
[2022-08-21 12:43:40,219] {logging_mixin.py:109} WARNING - /home/ubuntu/anaconda3/lib/python3.9/site-packages/airflow/models/dag.py:2426 SAWarning: TypeDecorator UtcDateTime(timezone=True) will not produce a cache key because the ``cache_ok`` attribute is not set to True.  This can have significant performance implications including some performance degradations in comparison to prior SQLAlchemy versions.  Set this attribute to True if this type object's state is safe to use in a cache key, or False to disable this warning. (Background on this error at: https://sqlalche.me/e/14/cprf)
[2022-08-21 12:43:40,230] {logging_mixin.py:109} INFO - [2022-08-21 12:43:40,230] {dag.py:2914} INFO - Setting next_dagrun for example_branch_dop_operator_v3 to 2022-08-21T12:42:00+00:00
[2022-08-21 12:43:40,241] {processor.py:171} INFO - Processing /home/ubuntu/anaconda3/lib/python3.9/site-packages/airflow/example_dags/example_branch_python_dop_operator_3.py took 0.066 seconds
[2022-08-21 12:44:25,712] {processor.py:163} INFO - Started process (PID=74161) to work on /home/ubuntu/anaconda3/lib/python3.9/site-packages/airflow/example_dags/example_branch_python_dop_operator_3.py
[2022-08-21 12:44:25,713] {processor.py:620} INFO - Processing file /home/ubuntu/anaconda3/lib/python3.9/site-packages/airflow/example_dags/example_branch_python_dop_operator_3.py for tasks to queue
[2022-08-21 12:44:25,713] {logging_mixin.py:109} INFO - [2022-08-21 12:44:25,713] {dagbag.py:500} INFO - Filling up the DagBag from /home/ubuntu/anaconda3/lib/python3.9/site-packages/airflow/example_dags/example_branch_python_dop_operator_3.py
[2022-08-21 12:44:25,733] {processor.py:632} INFO - DAG(s) dict_keys(['example_branch_dop_operator_v3']) retrieved from /home/ubuntu/anaconda3/lib/python3.9/site-packages/airflow/example_dags/example_branch_python_dop_operator_3.py
[2022-08-21 12:44:25,737] {logging_mixin.py:109} WARNING - /home/ubuntu/anaconda3/lib/python3.9/site-packages/airflow/models/serialized_dag.py:120 SAWarning: TypeDecorator UtcDateTime(timezone=True) will not produce a cache key because the ``cache_ok`` attribute is not set to True.  This can have significant performance implications including some performance degradations in comparison to prior SQLAlchemy versions.  Set this attribute to True if this type object's state is safe to use in a cache key, or False to disable this warning. (Background on this error at: https://sqlalche.me/e/14/cprf)
[2022-08-21 12:44:25,744] {logging_mixin.py:109} INFO - [2022-08-21 12:44:25,744] {dag.py:2389} INFO - Sync 1 DAGs
[2022-08-21 12:44:25,754] {logging_mixin.py:109} WARNING - /home/ubuntu/anaconda3/lib/python3.9/site-packages/airflow/models/dag.py:2426 SAWarning: TypeDecorator UtcDateTime(timezone=True) will not produce a cache key because the ``cache_ok`` attribute is not set to True.  This can have significant performance implications including some performance degradations in comparison to prior SQLAlchemy versions.  Set this attribute to True if this type object's state is safe to use in a cache key, or False to disable this warning. (Background on this error at: https://sqlalche.me/e/14/cprf)
[2022-08-21 12:44:25,766] {logging_mixin.py:109} INFO - [2022-08-21 12:44:25,766] {dag.py:2914} INFO - Setting next_dagrun for example_branch_dop_operator_v3 to 2022-08-21T12:43:00+00:00
[2022-08-21 12:44:25,781] {processor.py:171} INFO - Processing /home/ubuntu/anaconda3/lib/python3.9/site-packages/airflow/example_dags/example_branch_python_dop_operator_3.py took 0.070 seconds
[2022-08-21 12:45:04,423] {processor.py:163} INFO - Started process (PID=74264) to work on /home/ubuntu/anaconda3/lib/python3.9/site-packages/airflow/example_dags/example_branch_python_dop_operator_3.py
[2022-08-21 12:45:04,423] {processor.py:620} INFO - Processing file /home/ubuntu/anaconda3/lib/python3.9/site-packages/airflow/example_dags/example_branch_python_dop_operator_3.py for tasks to queue
[2022-08-21 12:45:04,424] {logging_mixin.py:109} INFO - [2022-08-21 12:45:04,424] {dagbag.py:500} INFO - Filling up the DagBag from /home/ubuntu/anaconda3/lib/python3.9/site-packages/airflow/example_dags/example_branch_python_dop_operator_3.py
[2022-08-21 12:45:04,444] {processor.py:632} INFO - DAG(s) dict_keys(['example_branch_dop_operator_v3']) retrieved from /home/ubuntu/anaconda3/lib/python3.9/site-packages/airflow/example_dags/example_branch_python_dop_operator_3.py
[2022-08-21 12:45:04,448] {logging_mixin.py:109} WARNING - /home/ubuntu/anaconda3/lib/python3.9/site-packages/airflow/models/serialized_dag.py:120 SAWarning: TypeDecorator UtcDateTime(timezone=True) will not produce a cache key because the ``cache_ok`` attribute is not set to True.  This can have significant performance implications including some performance degradations in comparison to prior SQLAlchemy versions.  Set this attribute to True if this type object's state is safe to use in a cache key, or False to disable this warning. (Background on this error at: https://sqlalche.me/e/14/cprf)
[2022-08-21 12:45:04,457] {logging_mixin.py:109} INFO - [2022-08-21 12:45:04,456] {dag.py:2389} INFO - Sync 1 DAGs
[2022-08-21 12:45:04,467] {logging_mixin.py:109} WARNING - /home/ubuntu/anaconda3/lib/python3.9/site-packages/airflow/models/dag.py:2426 SAWarning: TypeDecorator UtcDateTime(timezone=True) will not produce a cache key because the ``cache_ok`` attribute is not set to True.  This can have significant performance implications including some performance degradations in comparison to prior SQLAlchemy versions.  Set this attribute to True if this type object's state is safe to use in a cache key, or False to disable this warning. (Background on this error at: https://sqlalche.me/e/14/cprf)
[2022-08-21 12:45:04,479] {logging_mixin.py:109} INFO - [2022-08-21 12:45:04,479] {dag.py:2914} INFO - Setting next_dagrun for example_branch_dop_operator_v3 to 2022-08-21T12:44:00+00:00
[2022-08-21 12:45:04,492] {processor.py:171} INFO - Processing /home/ubuntu/anaconda3/lib/python3.9/site-packages/airflow/example_dags/example_branch_python_dop_operator_3.py took 0.071 seconds
[2022-08-21 12:45:42,092] {processor.py:163} INFO - Started process (PID=74744) to work on /home/ubuntu/anaconda3/lib/python3.9/site-packages/airflow/example_dags/example_branch_python_dop_operator_3.py
[2022-08-21 12:45:42,092] {processor.py:620} INFO - Processing file /home/ubuntu/anaconda3/lib/python3.9/site-packages/airflow/example_dags/example_branch_python_dop_operator_3.py for tasks to queue
[2022-08-21 12:45:42,093] {logging_mixin.py:109} INFO - [2022-08-21 12:45:42,092] {dagbag.py:500} INFO - Filling up the DagBag from /home/ubuntu/anaconda3/lib/python3.9/site-packages/airflow/example_dags/example_branch_python_dop_operator_3.py
[2022-08-21 12:45:42,111] {processor.py:632} INFO - DAG(s) dict_keys(['example_branch_dop_operator_v3']) retrieved from /home/ubuntu/anaconda3/lib/python3.9/site-packages/airflow/example_dags/example_branch_python_dop_operator_3.py
[2022-08-21 12:45:42,115] {logging_mixin.py:109} WARNING - /home/ubuntu/anaconda3/lib/python3.9/site-packages/airflow/models/serialized_dag.py:120 SAWarning: TypeDecorator UtcDateTime(timezone=True) will not produce a cache key because the ``cache_ok`` attribute is not set to True.  This can have significant performance implications including some performance degradations in comparison to prior SQLAlchemy versions.  Set this attribute to True if this type object's state is safe to use in a cache key, or False to disable this warning. (Background on this error at: https://sqlalche.me/e/14/cprf)
[2022-08-21 12:45:42,122] {logging_mixin.py:109} INFO - [2022-08-21 12:45:42,122] {dag.py:2389} INFO - Sync 1 DAGs
[2022-08-21 12:45:42,132] {logging_mixin.py:109} WARNING - /home/ubuntu/anaconda3/lib/python3.9/site-packages/airflow/models/dag.py:2426 SAWarning: TypeDecorator UtcDateTime(timezone=True) will not produce a cache key because the ``cache_ok`` attribute is not set to True.  This can have significant performance implications including some performance degradations in comparison to prior SQLAlchemy versions.  Set this attribute to True if this type object's state is safe to use in a cache key, or False to disable this warning. (Background on this error at: https://sqlalche.me/e/14/cprf)
[2022-08-21 12:45:42,143] {logging_mixin.py:109} INFO - [2022-08-21 12:45:42,143] {dag.py:2914} INFO - Setting next_dagrun for example_branch_dop_operator_v3 to 2022-08-21T12:44:00+00:00
[2022-08-21 12:45:42,154] {processor.py:171} INFO - Processing /home/ubuntu/anaconda3/lib/python3.9/site-packages/airflow/example_dags/example_branch_python_dop_operator_3.py took 0.065 seconds
