[2022-08-21 12:35:40,329] {processor.py:163} INFO - Started process (PID=72593) to work on /home/ubuntu/anaconda3/lib/python3.9/site-packages/airflow/example_dags/example_branch_operator.py
[2022-08-21 12:35:40,329] {processor.py:620} INFO - Processing file /home/ubuntu/anaconda3/lib/python3.9/site-packages/airflow/example_dags/example_branch_operator.py for tasks to queue
[2022-08-21 12:35:40,329] {logging_mixin.py:109} INFO - [2022-08-21 12:35:40,329] {dagbag.py:500} INFO - Filling up the DagBag from /home/ubuntu/anaconda3/lib/python3.9/site-packages/airflow/example_dags/example_branch_operator.py
[2022-08-21 12:35:40,348] {processor.py:632} INFO - DAG(s) dict_keys(['example_branch_operator']) retrieved from /home/ubuntu/anaconda3/lib/python3.9/site-packages/airflow/example_dags/example_branch_operator.py
[2022-08-21 12:35:40,352] {logging_mixin.py:109} WARNING - /home/ubuntu/anaconda3/lib/python3.9/site-packages/airflow/models/serialized_dag.py:120 SAWarning: TypeDecorator UtcDateTime(timezone=True) will not produce a cache key because the ``cache_ok`` attribute is not set to True.  This can have significant performance implications including some performance degradations in comparison to prior SQLAlchemy versions.  Set this attribute to True if this type object's state is safe to use in a cache key, or False to disable this warning. (Background on this error at: https://sqlalche.me/e/14/cprf)
[2022-08-21 12:35:40,360] {logging_mixin.py:109} INFO - [2022-08-21 12:35:40,360] {dag.py:2389} INFO - Sync 1 DAGs
[2022-08-21 12:35:40,370] {logging_mixin.py:109} WARNING - /home/ubuntu/anaconda3/lib/python3.9/site-packages/airflow/models/dag.py:2426 SAWarning: TypeDecorator UtcDateTime(timezone=True) will not produce a cache key because the ``cache_ok`` attribute is not set to True.  This can have significant performance implications including some performance degradations in comparison to prior SQLAlchemy versions.  Set this attribute to True if this type object's state is safe to use in a cache key, or False to disable this warning. (Background on this error at: https://sqlalche.me/e/14/cprf)
[2022-08-21 12:35:40,377] {logging_mixin.py:109} INFO - [2022-08-21 12:35:40,377] {dag.py:2914} INFO - Setting next_dagrun for example_branch_operator to 2022-08-20 00:00:00+00:00
[2022-08-21 12:35:40,388] {processor.py:171} INFO - Processing /home/ubuntu/anaconda3/lib/python3.9/site-packages/airflow/example_dags/example_branch_operator.py took 0.061 seconds
[2022-08-21 12:36:16,173] {processor.py:163} INFO - Started process (PID=72655) to work on /home/ubuntu/anaconda3/lib/python3.9/site-packages/airflow/example_dags/example_branch_operator.py
[2022-08-21 12:36:16,174] {processor.py:620} INFO - Processing file /home/ubuntu/anaconda3/lib/python3.9/site-packages/airflow/example_dags/example_branch_operator.py for tasks to queue
[2022-08-21 12:36:16,174] {logging_mixin.py:109} INFO - [2022-08-21 12:36:16,174] {dagbag.py:500} INFO - Filling up the DagBag from /home/ubuntu/anaconda3/lib/python3.9/site-packages/airflow/example_dags/example_branch_operator.py
[2022-08-21 12:36:16,193] {processor.py:632} INFO - DAG(s) dict_keys(['example_branch_operator']) retrieved from /home/ubuntu/anaconda3/lib/python3.9/site-packages/airflow/example_dags/example_branch_operator.py
[2022-08-21 12:36:16,197] {logging_mixin.py:109} WARNING - /home/ubuntu/anaconda3/lib/python3.9/site-packages/airflow/models/serialized_dag.py:120 SAWarning: TypeDecorator UtcDateTime(timezone=True) will not produce a cache key because the ``cache_ok`` attribute is not set to True.  This can have significant performance implications including some performance degradations in comparison to prior SQLAlchemy versions.  Set this attribute to True if this type object's state is safe to use in a cache key, or False to disable this warning. (Background on this error at: https://sqlalche.me/e/14/cprf)
[2022-08-21 12:36:16,205] {logging_mixin.py:109} INFO - [2022-08-21 12:36:16,205] {dag.py:2389} INFO - Sync 1 DAGs
[2022-08-21 12:36:16,215] {logging_mixin.py:109} WARNING - /home/ubuntu/anaconda3/lib/python3.9/site-packages/airflow/models/dag.py:2426 SAWarning: TypeDecorator UtcDateTime(timezone=True) will not produce a cache key because the ``cache_ok`` attribute is not set to True.  This can have significant performance implications including some performance degradations in comparison to prior SQLAlchemy versions.  Set this attribute to True if this type object's state is safe to use in a cache key, or False to disable this warning. (Background on this error at: https://sqlalche.me/e/14/cprf)
[2022-08-21 12:36:16,222] {logging_mixin.py:109} INFO - [2022-08-21 12:36:16,222] {dag.py:2914} INFO - Setting next_dagrun for example_branch_operator to 2022-08-20 00:00:00+00:00
[2022-08-21 12:36:16,233] {processor.py:171} INFO - Processing /home/ubuntu/anaconda3/lib/python3.9/site-packages/airflow/example_dags/example_branch_operator.py took 0.062 seconds
[2022-08-21 12:37:37,172] {processor.py:163} INFO - Started process (PID=72998) to work on /home/ubuntu/anaconda3/lib/python3.9/site-packages/airflow/example_dags/example_branch_operator.py
[2022-08-21 12:37:37,172] {processor.py:620} INFO - Processing file /home/ubuntu/anaconda3/lib/python3.9/site-packages/airflow/example_dags/example_branch_operator.py for tasks to queue
[2022-08-21 12:37:37,173] {logging_mixin.py:109} INFO - [2022-08-21 12:37:37,173] {dagbag.py:500} INFO - Filling up the DagBag from /home/ubuntu/anaconda3/lib/python3.9/site-packages/airflow/example_dags/example_branch_operator.py
[2022-08-21 12:37:37,192] {processor.py:632} INFO - DAG(s) dict_keys(['example_branch_operator']) retrieved from /home/ubuntu/anaconda3/lib/python3.9/site-packages/airflow/example_dags/example_branch_operator.py
[2022-08-21 12:37:37,196] {logging_mixin.py:109} WARNING - /home/ubuntu/anaconda3/lib/python3.9/site-packages/airflow/models/serialized_dag.py:120 SAWarning: TypeDecorator UtcDateTime(timezone=True) will not produce a cache key because the ``cache_ok`` attribute is not set to True.  This can have significant performance implications including some performance degradations in comparison to prior SQLAlchemy versions.  Set this attribute to True if this type object's state is safe to use in a cache key, or False to disable this warning. (Background on this error at: https://sqlalche.me/e/14/cprf)
[2022-08-21 12:37:37,204] {logging_mixin.py:109} INFO - [2022-08-21 12:37:37,204] {dag.py:2389} INFO - Sync 1 DAGs
[2022-08-21 12:37:37,214] {logging_mixin.py:109} WARNING - /home/ubuntu/anaconda3/lib/python3.9/site-packages/airflow/models/dag.py:2426 SAWarning: TypeDecorator UtcDateTime(timezone=True) will not produce a cache key because the ``cache_ok`` attribute is not set to True.  This can have significant performance implications including some performance degradations in comparison to prior SQLAlchemy versions.  Set this attribute to True if this type object's state is safe to use in a cache key, or False to disable this warning. (Background on this error at: https://sqlalche.me/e/14/cprf)
[2022-08-21 12:37:37,221] {logging_mixin.py:109} INFO - [2022-08-21 12:37:37,221] {dag.py:2914} INFO - Setting next_dagrun for example_branch_operator to 2022-08-20 00:00:00+00:00
[2022-08-21 12:37:37,232] {processor.py:171} INFO - Processing /home/ubuntu/anaconda3/lib/python3.9/site-packages/airflow/example_dags/example_branch_operator.py took 0.062 seconds
[2022-08-21 12:38:12,992] {processor.py:163} INFO - Started process (PID=73108) to work on /home/ubuntu/anaconda3/lib/python3.9/site-packages/airflow/example_dags/example_branch_operator.py
[2022-08-21 12:38:12,992] {processor.py:620} INFO - Processing file /home/ubuntu/anaconda3/lib/python3.9/site-packages/airflow/example_dags/example_branch_operator.py for tasks to queue
[2022-08-21 12:38:12,993] {logging_mixin.py:109} INFO - [2022-08-21 12:38:12,993] {dagbag.py:500} INFO - Filling up the DagBag from /home/ubuntu/anaconda3/lib/python3.9/site-packages/airflow/example_dags/example_branch_operator.py
[2022-08-21 12:38:13,012] {processor.py:632} INFO - DAG(s) dict_keys(['example_branch_operator']) retrieved from /home/ubuntu/anaconda3/lib/python3.9/site-packages/airflow/example_dags/example_branch_operator.py
[2022-08-21 12:38:13,016] {logging_mixin.py:109} WARNING - /home/ubuntu/anaconda3/lib/python3.9/site-packages/airflow/models/serialized_dag.py:120 SAWarning: TypeDecorator UtcDateTime(timezone=True) will not produce a cache key because the ``cache_ok`` attribute is not set to True.  This can have significant performance implications including some performance degradations in comparison to prior SQLAlchemy versions.  Set this attribute to True if this type object's state is safe to use in a cache key, or False to disable this warning. (Background on this error at: https://sqlalche.me/e/14/cprf)
[2022-08-21 12:38:13,025] {logging_mixin.py:109} INFO - [2022-08-21 12:38:13,025] {dag.py:2389} INFO - Sync 1 DAGs
[2022-08-21 12:38:13,035] {logging_mixin.py:109} WARNING - /home/ubuntu/anaconda3/lib/python3.9/site-packages/airflow/models/dag.py:2426 SAWarning: TypeDecorator UtcDateTime(timezone=True) will not produce a cache key because the ``cache_ok`` attribute is not set to True.  This can have significant performance implications including some performance degradations in comparison to prior SQLAlchemy versions.  Set this attribute to True if this type object's state is safe to use in a cache key, or False to disable this warning. (Background on this error at: https://sqlalche.me/e/14/cprf)
[2022-08-21 12:38:13,042] {logging_mixin.py:109} INFO - [2022-08-21 12:38:13,042] {dag.py:2914} INFO - Setting next_dagrun for example_branch_operator to 2022-08-20 00:00:00+00:00
[2022-08-21 12:38:13,052] {processor.py:171} INFO - Processing /home/ubuntu/anaconda3/lib/python3.9/site-packages/airflow/example_dags/example_branch_operator.py took 0.063 seconds
[2022-08-21 12:38:47,368] {processor.py:163} INFO - Started process (PID=73171) to work on /home/ubuntu/anaconda3/lib/python3.9/site-packages/airflow/example_dags/example_branch_operator.py
[2022-08-21 12:38:47,368] {processor.py:620} INFO - Processing file /home/ubuntu/anaconda3/lib/python3.9/site-packages/airflow/example_dags/example_branch_operator.py for tasks to queue
[2022-08-21 12:38:47,369] {logging_mixin.py:109} INFO - [2022-08-21 12:38:47,369] {dagbag.py:500} INFO - Filling up the DagBag from /home/ubuntu/anaconda3/lib/python3.9/site-packages/airflow/example_dags/example_branch_operator.py
[2022-08-21 12:38:47,388] {processor.py:632} INFO - DAG(s) dict_keys(['example_branch_operator']) retrieved from /home/ubuntu/anaconda3/lib/python3.9/site-packages/airflow/example_dags/example_branch_operator.py
[2022-08-21 12:38:47,392] {logging_mixin.py:109} WARNING - /home/ubuntu/anaconda3/lib/python3.9/site-packages/airflow/models/serialized_dag.py:120 SAWarning: TypeDecorator UtcDateTime(timezone=True) will not produce a cache key because the ``cache_ok`` attribute is not set to True.  This can have significant performance implications including some performance degradations in comparison to prior SQLAlchemy versions.  Set this attribute to True if this type object's state is safe to use in a cache key, or False to disable this warning. (Background on this error at: https://sqlalche.me/e/14/cprf)
[2022-08-21 12:38:47,400] {logging_mixin.py:109} INFO - [2022-08-21 12:38:47,400] {dag.py:2389} INFO - Sync 1 DAGs
[2022-08-21 12:38:47,410] {logging_mixin.py:109} WARNING - /home/ubuntu/anaconda3/lib/python3.9/site-packages/airflow/models/dag.py:2426 SAWarning: TypeDecorator UtcDateTime(timezone=True) will not produce a cache key because the ``cache_ok`` attribute is not set to True.  This can have significant performance implications including some performance degradations in comparison to prior SQLAlchemy versions.  Set this attribute to True if this type object's state is safe to use in a cache key, or False to disable this warning. (Background on this error at: https://sqlalche.me/e/14/cprf)
[2022-08-21 12:38:47,417] {logging_mixin.py:109} INFO - [2022-08-21 12:38:47,417] {dag.py:2914} INFO - Setting next_dagrun for example_branch_operator to 2022-08-20 00:00:00+00:00
[2022-08-21 12:38:47,429] {processor.py:171} INFO - Processing /home/ubuntu/anaconda3/lib/python3.9/site-packages/airflow/example_dags/example_branch_operator.py took 0.064 seconds
[2022-08-21 12:39:23,234] {processor.py:163} INFO - Started process (PID=73235) to work on /home/ubuntu/anaconda3/lib/python3.9/site-packages/airflow/example_dags/example_branch_operator.py
[2022-08-21 12:39:23,235] {processor.py:620} INFO - Processing file /home/ubuntu/anaconda3/lib/python3.9/site-packages/airflow/example_dags/example_branch_operator.py for tasks to queue
[2022-08-21 12:39:23,235] {logging_mixin.py:109} INFO - [2022-08-21 12:39:23,235] {dagbag.py:500} INFO - Filling up the DagBag from /home/ubuntu/anaconda3/lib/python3.9/site-packages/airflow/example_dags/example_branch_operator.py
[2022-08-21 12:39:23,255] {processor.py:632} INFO - DAG(s) dict_keys(['example_branch_operator']) retrieved from /home/ubuntu/anaconda3/lib/python3.9/site-packages/airflow/example_dags/example_branch_operator.py
[2022-08-21 12:39:23,259] {logging_mixin.py:109} WARNING - /home/ubuntu/anaconda3/lib/python3.9/site-packages/airflow/models/serialized_dag.py:120 SAWarning: TypeDecorator UtcDateTime(timezone=True) will not produce a cache key because the ``cache_ok`` attribute is not set to True.  This can have significant performance implications including some performance degradations in comparison to prior SQLAlchemy versions.  Set this attribute to True if this type object's state is safe to use in a cache key, or False to disable this warning. (Background on this error at: https://sqlalche.me/e/14/cprf)
[2022-08-21 12:39:23,268] {logging_mixin.py:109} INFO - [2022-08-21 12:39:23,268] {dag.py:2389} INFO - Sync 1 DAGs
[2022-08-21 12:39:23,277] {logging_mixin.py:109} WARNING - /home/ubuntu/anaconda3/lib/python3.9/site-packages/airflow/models/dag.py:2426 SAWarning: TypeDecorator UtcDateTime(timezone=True) will not produce a cache key because the ``cache_ok`` attribute is not set to True.  This can have significant performance implications including some performance degradations in comparison to prior SQLAlchemy versions.  Set this attribute to True if this type object's state is safe to use in a cache key, or False to disable this warning. (Background on this error at: https://sqlalche.me/e/14/cprf)
[2022-08-21 12:39:23,284] {logging_mixin.py:109} INFO - [2022-08-21 12:39:23,284] {dag.py:2914} INFO - Setting next_dagrun for example_branch_operator to 2022-08-20 00:00:00+00:00
[2022-08-21 12:39:23,297] {processor.py:171} INFO - Processing /home/ubuntu/anaconda3/lib/python3.9/site-packages/airflow/example_dags/example_branch_operator.py took 0.064 seconds
[2022-08-21 12:39:58,182] {processor.py:163} INFO - Started process (PID=73268) to work on /home/ubuntu/anaconda3/lib/python3.9/site-packages/airflow/example_dags/example_branch_operator.py
[2022-08-21 12:39:58,183] {processor.py:620} INFO - Processing file /home/ubuntu/anaconda3/lib/python3.9/site-packages/airflow/example_dags/example_branch_operator.py for tasks to queue
[2022-08-21 12:39:58,183] {logging_mixin.py:109} INFO - [2022-08-21 12:39:58,183] {dagbag.py:500} INFO - Filling up the DagBag from /home/ubuntu/anaconda3/lib/python3.9/site-packages/airflow/example_dags/example_branch_operator.py
[2022-08-21 12:39:58,202] {processor.py:632} INFO - DAG(s) dict_keys(['example_branch_operator']) retrieved from /home/ubuntu/anaconda3/lib/python3.9/site-packages/airflow/example_dags/example_branch_operator.py
[2022-08-21 12:39:58,206] {logging_mixin.py:109} WARNING - /home/ubuntu/anaconda3/lib/python3.9/site-packages/airflow/models/serialized_dag.py:120 SAWarning: TypeDecorator UtcDateTime(timezone=True) will not produce a cache key because the ``cache_ok`` attribute is not set to True.  This can have significant performance implications including some performance degradations in comparison to prior SQLAlchemy versions.  Set this attribute to True if this type object's state is safe to use in a cache key, or False to disable this warning. (Background on this error at: https://sqlalche.me/e/14/cprf)
[2022-08-21 12:39:58,215] {logging_mixin.py:109} INFO - [2022-08-21 12:39:58,214] {dag.py:2389} INFO - Sync 1 DAGs
[2022-08-21 12:39:58,224] {logging_mixin.py:109} WARNING - /home/ubuntu/anaconda3/lib/python3.9/site-packages/airflow/models/dag.py:2426 SAWarning: TypeDecorator UtcDateTime(timezone=True) will not produce a cache key because the ``cache_ok`` attribute is not set to True.  This can have significant performance implications including some performance degradations in comparison to prior SQLAlchemy versions.  Set this attribute to True if this type object's state is safe to use in a cache key, or False to disable this warning. (Background on this error at: https://sqlalche.me/e/14/cprf)
[2022-08-21 12:39:58,231] {logging_mixin.py:109} INFO - [2022-08-21 12:39:58,231] {dag.py:2914} INFO - Setting next_dagrun for example_branch_operator to 2022-08-20 00:00:00+00:00
[2022-08-21 12:39:58,242] {processor.py:171} INFO - Processing /home/ubuntu/anaconda3/lib/python3.9/site-packages/airflow/example_dags/example_branch_operator.py took 0.062 seconds
[2022-08-21 12:40:33,297] {processor.py:163} INFO - Started process (PID=73312) to work on /home/ubuntu/anaconda3/lib/python3.9/site-packages/airflow/example_dags/example_branch_operator.py
[2022-08-21 12:40:33,298] {processor.py:620} INFO - Processing file /home/ubuntu/anaconda3/lib/python3.9/site-packages/airflow/example_dags/example_branch_operator.py for tasks to queue
[2022-08-21 12:40:33,298] {logging_mixin.py:109} INFO - [2022-08-21 12:40:33,298] {dagbag.py:500} INFO - Filling up the DagBag from /home/ubuntu/anaconda3/lib/python3.9/site-packages/airflow/example_dags/example_branch_operator.py
[2022-08-21 12:40:33,317] {processor.py:632} INFO - DAG(s) dict_keys(['example_branch_operator']) retrieved from /home/ubuntu/anaconda3/lib/python3.9/site-packages/airflow/example_dags/example_branch_operator.py
[2022-08-21 12:40:33,321] {logging_mixin.py:109} WARNING - /home/ubuntu/anaconda3/lib/python3.9/site-packages/airflow/models/serialized_dag.py:120 SAWarning: TypeDecorator UtcDateTime(timezone=True) will not produce a cache key because the ``cache_ok`` attribute is not set to True.  This can have significant performance implications including some performance degradations in comparison to prior SQLAlchemy versions.  Set this attribute to True if this type object's state is safe to use in a cache key, or False to disable this warning. (Background on this error at: https://sqlalche.me/e/14/cprf)
[2022-08-21 12:40:33,329] {logging_mixin.py:109} INFO - [2022-08-21 12:40:33,329] {dag.py:2389} INFO - Sync 1 DAGs
[2022-08-21 12:40:33,339] {logging_mixin.py:109} WARNING - /home/ubuntu/anaconda3/lib/python3.9/site-packages/airflow/models/dag.py:2426 SAWarning: TypeDecorator UtcDateTime(timezone=True) will not produce a cache key because the ``cache_ok`` attribute is not set to True.  This can have significant performance implications including some performance degradations in comparison to prior SQLAlchemy versions.  Set this attribute to True if this type object's state is safe to use in a cache key, or False to disable this warning. (Background on this error at: https://sqlalche.me/e/14/cprf)
[2022-08-21 12:40:33,345] {logging_mixin.py:109} INFO - [2022-08-21 12:40:33,345] {dag.py:2914} INFO - Setting next_dagrun for example_branch_operator to 2022-08-20 00:00:00+00:00
[2022-08-21 12:40:33,356] {processor.py:171} INFO - Processing /home/ubuntu/anaconda3/lib/python3.9/site-packages/airflow/example_dags/example_branch_operator.py took 0.061 seconds
[2022-08-21 12:41:08,858] {processor.py:163} INFO - Started process (PID=73385) to work on /home/ubuntu/anaconda3/lib/python3.9/site-packages/airflow/example_dags/example_branch_operator.py
[2022-08-21 12:41:08,859] {processor.py:620} INFO - Processing file /home/ubuntu/anaconda3/lib/python3.9/site-packages/airflow/example_dags/example_branch_operator.py for tasks to queue
[2022-08-21 12:41:08,859] {logging_mixin.py:109} INFO - [2022-08-21 12:41:08,859] {dagbag.py:500} INFO - Filling up the DagBag from /home/ubuntu/anaconda3/lib/python3.9/site-packages/airflow/example_dags/example_branch_operator.py
[2022-08-21 12:41:08,879] {processor.py:632} INFO - DAG(s) dict_keys(['example_branch_operator']) retrieved from /home/ubuntu/anaconda3/lib/python3.9/site-packages/airflow/example_dags/example_branch_operator.py
[2022-08-21 12:41:08,883] {logging_mixin.py:109} WARNING - /home/ubuntu/anaconda3/lib/python3.9/site-packages/airflow/models/serialized_dag.py:120 SAWarning: TypeDecorator UtcDateTime(timezone=True) will not produce a cache key because the ``cache_ok`` attribute is not set to True.  This can have significant performance implications including some performance degradations in comparison to prior SQLAlchemy versions.  Set this attribute to True if this type object's state is safe to use in a cache key, or False to disable this warning. (Background on this error at: https://sqlalche.me/e/14/cprf)
[2022-08-21 12:41:08,891] {logging_mixin.py:109} INFO - [2022-08-21 12:41:08,891] {dag.py:2389} INFO - Sync 1 DAGs
[2022-08-21 12:41:08,901] {logging_mixin.py:109} WARNING - /home/ubuntu/anaconda3/lib/python3.9/site-packages/airflow/models/dag.py:2426 SAWarning: TypeDecorator UtcDateTime(timezone=True) will not produce a cache key because the ``cache_ok`` attribute is not set to True.  This can have significant performance implications including some performance degradations in comparison to prior SQLAlchemy versions.  Set this attribute to True if this type object's state is safe to use in a cache key, or False to disable this warning. (Background on this error at: https://sqlalche.me/e/14/cprf)
[2022-08-21 12:41:08,908] {logging_mixin.py:109} INFO - [2022-08-21 12:41:08,907] {dag.py:2914} INFO - Setting next_dagrun for example_branch_operator to 2022-08-20 00:00:00+00:00
[2022-08-21 12:41:08,919] {processor.py:171} INFO - Processing /home/ubuntu/anaconda3/lib/python3.9/site-packages/airflow/example_dags/example_branch_operator.py took 0.063 seconds
[2022-08-21 12:41:42,886] {processor.py:163} INFO - Started process (PID=73491) to work on /home/ubuntu/anaconda3/lib/python3.9/site-packages/airflow/example_dags/example_branch_operator.py
[2022-08-21 12:41:42,886] {processor.py:620} INFO - Processing file /home/ubuntu/anaconda3/lib/python3.9/site-packages/airflow/example_dags/example_branch_operator.py for tasks to queue
[2022-08-21 12:41:42,887] {logging_mixin.py:109} INFO - [2022-08-21 12:41:42,887] {dagbag.py:500} INFO - Filling up the DagBag from /home/ubuntu/anaconda3/lib/python3.9/site-packages/airflow/example_dags/example_branch_operator.py
[2022-08-21 12:41:42,907] {processor.py:632} INFO - DAG(s) dict_keys(['example_branch_operator']) retrieved from /home/ubuntu/anaconda3/lib/python3.9/site-packages/airflow/example_dags/example_branch_operator.py
[2022-08-21 12:41:42,911] {logging_mixin.py:109} WARNING - /home/ubuntu/anaconda3/lib/python3.9/site-packages/airflow/models/serialized_dag.py:120 SAWarning: TypeDecorator UtcDateTime(timezone=True) will not produce a cache key because the ``cache_ok`` attribute is not set to True.  This can have significant performance implications including some performance degradations in comparison to prior SQLAlchemy versions.  Set this attribute to True if this type object's state is safe to use in a cache key, or False to disable this warning. (Background on this error at: https://sqlalche.me/e/14/cprf)
[2022-08-21 12:41:42,920] {logging_mixin.py:109} INFO - [2022-08-21 12:41:42,919] {dag.py:2389} INFO - Sync 1 DAGs
[2022-08-21 12:41:42,929] {logging_mixin.py:109} WARNING - /home/ubuntu/anaconda3/lib/python3.9/site-packages/airflow/models/dag.py:2426 SAWarning: TypeDecorator UtcDateTime(timezone=True) will not produce a cache key because the ``cache_ok`` attribute is not set to True.  This can have significant performance implications including some performance degradations in comparison to prior SQLAlchemy versions.  Set this attribute to True if this type object's state is safe to use in a cache key, or False to disable this warning. (Background on this error at: https://sqlalche.me/e/14/cprf)
[2022-08-21 12:41:42,936] {logging_mixin.py:109} INFO - [2022-08-21 12:41:42,936] {dag.py:2914} INFO - Setting next_dagrun for example_branch_operator to 2022-08-20 00:00:00+00:00
[2022-08-21 12:41:42,947] {processor.py:171} INFO - Processing /home/ubuntu/anaconda3/lib/python3.9/site-packages/airflow/example_dags/example_branch_operator.py took 0.063 seconds
[2022-08-21 12:42:20,839] {processor.py:163} INFO - Started process (PID=73588) to work on /home/ubuntu/anaconda3/lib/python3.9/site-packages/airflow/example_dags/example_branch_operator.py
[2022-08-21 12:42:20,840] {processor.py:620} INFO - Processing file /home/ubuntu/anaconda3/lib/python3.9/site-packages/airflow/example_dags/example_branch_operator.py for tasks to queue
[2022-08-21 12:42:20,840] {logging_mixin.py:109} INFO - [2022-08-21 12:42:20,840] {dagbag.py:500} INFO - Filling up the DagBag from /home/ubuntu/anaconda3/lib/python3.9/site-packages/airflow/example_dags/example_branch_operator.py
[2022-08-21 12:42:20,861] {processor.py:632} INFO - DAG(s) dict_keys(['example_branch_operator']) retrieved from /home/ubuntu/anaconda3/lib/python3.9/site-packages/airflow/example_dags/example_branch_operator.py
[2022-08-21 12:42:20,865] {logging_mixin.py:109} WARNING - /home/ubuntu/anaconda3/lib/python3.9/site-packages/airflow/models/serialized_dag.py:120 SAWarning: TypeDecorator UtcDateTime(timezone=True) will not produce a cache key because the ``cache_ok`` attribute is not set to True.  This can have significant performance implications including some performance degradations in comparison to prior SQLAlchemy versions.  Set this attribute to True if this type object's state is safe to use in a cache key, or False to disable this warning. (Background on this error at: https://sqlalche.me/e/14/cprf)
[2022-08-21 12:42:20,874] {logging_mixin.py:109} INFO - [2022-08-21 12:42:20,874] {dag.py:2389} INFO - Sync 1 DAGs
[2022-08-21 12:42:20,884] {logging_mixin.py:109} WARNING - /home/ubuntu/anaconda3/lib/python3.9/site-packages/airflow/models/dag.py:2426 SAWarning: TypeDecorator UtcDateTime(timezone=True) will not produce a cache key because the ``cache_ok`` attribute is not set to True.  This can have significant performance implications including some performance degradations in comparison to prior SQLAlchemy versions.  Set this attribute to True if this type object's state is safe to use in a cache key, or False to disable this warning. (Background on this error at: https://sqlalche.me/e/14/cprf)
[2022-08-21 12:42:20,892] {logging_mixin.py:109} INFO - [2022-08-21 12:42:20,892] {dag.py:2914} INFO - Setting next_dagrun for example_branch_operator to 2022-08-20 00:00:00+00:00
[2022-08-21 12:42:20,904] {processor.py:171} INFO - Processing /home/ubuntu/anaconda3/lib/python3.9/site-packages/airflow/example_dags/example_branch_operator.py took 0.067 seconds
[2022-08-21 12:42:55,410] {processor.py:163} INFO - Started process (PID=73757) to work on /home/ubuntu/anaconda3/lib/python3.9/site-packages/airflow/example_dags/example_branch_operator.py
[2022-08-21 12:42:55,410] {processor.py:620} INFO - Processing file /home/ubuntu/anaconda3/lib/python3.9/site-packages/airflow/example_dags/example_branch_operator.py for tasks to queue
[2022-08-21 12:42:55,411] {logging_mixin.py:109} INFO - [2022-08-21 12:42:55,411] {dagbag.py:500} INFO - Filling up the DagBag from /home/ubuntu/anaconda3/lib/python3.9/site-packages/airflow/example_dags/example_branch_operator.py
[2022-08-21 12:42:55,430] {processor.py:632} INFO - DAG(s) dict_keys(['example_branch_operator']) retrieved from /home/ubuntu/anaconda3/lib/python3.9/site-packages/airflow/example_dags/example_branch_operator.py
[2022-08-21 12:42:55,435] {logging_mixin.py:109} WARNING - /home/ubuntu/anaconda3/lib/python3.9/site-packages/airflow/models/serialized_dag.py:120 SAWarning: TypeDecorator UtcDateTime(timezone=True) will not produce a cache key because the ``cache_ok`` attribute is not set to True.  This can have significant performance implications including some performance degradations in comparison to prior SQLAlchemy versions.  Set this attribute to True if this type object's state is safe to use in a cache key, or False to disable this warning. (Background on this error at: https://sqlalche.me/e/14/cprf)
[2022-08-21 12:42:55,444] {logging_mixin.py:109} INFO - [2022-08-21 12:42:55,444] {dag.py:2389} INFO - Sync 1 DAGs
[2022-08-21 12:42:55,454] {logging_mixin.py:109} WARNING - /home/ubuntu/anaconda3/lib/python3.9/site-packages/airflow/models/dag.py:2426 SAWarning: TypeDecorator UtcDateTime(timezone=True) will not produce a cache key because the ``cache_ok`` attribute is not set to True.  This can have significant performance implications including some performance degradations in comparison to prior SQLAlchemy versions.  Set this attribute to True if this type object's state is safe to use in a cache key, or False to disable this warning. (Background on this error at: https://sqlalche.me/e/14/cprf)
[2022-08-21 12:42:55,461] {logging_mixin.py:109} INFO - [2022-08-21 12:42:55,461] {dag.py:2914} INFO - Setting next_dagrun for example_branch_operator to 2022-08-20 00:00:00+00:00
[2022-08-21 12:42:55,473] {processor.py:171} INFO - Processing /home/ubuntu/anaconda3/lib/python3.9/site-packages/airflow/example_dags/example_branch_operator.py took 0.065 seconds
[2022-08-21 12:43:32,704] {processor.py:163} INFO - Started process (PID=73841) to work on /home/ubuntu/anaconda3/lib/python3.9/site-packages/airflow/example_dags/example_branch_operator.py
[2022-08-21 12:43:32,705] {processor.py:620} INFO - Processing file /home/ubuntu/anaconda3/lib/python3.9/site-packages/airflow/example_dags/example_branch_operator.py for tasks to queue
[2022-08-21 12:43:32,706] {logging_mixin.py:109} INFO - [2022-08-21 12:43:32,706] {dagbag.py:500} INFO - Filling up the DagBag from /home/ubuntu/anaconda3/lib/python3.9/site-packages/airflow/example_dags/example_branch_operator.py
[2022-08-21 12:43:32,792] {processor.py:632} INFO - DAG(s) dict_keys(['example_branch_operator']) retrieved from /home/ubuntu/anaconda3/lib/python3.9/site-packages/airflow/example_dags/example_branch_operator.py
[2022-08-21 12:43:32,799] {logging_mixin.py:109} WARNING - /home/ubuntu/anaconda3/lib/python3.9/site-packages/airflow/models/serialized_dag.py:120 SAWarning: TypeDecorator UtcDateTime(timezone=True) will not produce a cache key because the ``cache_ok`` attribute is not set to True.  This can have significant performance implications including some performance degradations in comparison to prior SQLAlchemy versions.  Set this attribute to True if this type object's state is safe to use in a cache key, or False to disable this warning. (Background on this error at: https://sqlalche.me/e/14/cprf)
[2022-08-21 12:43:32,809] {logging_mixin.py:109} INFO - [2022-08-21 12:43:32,809] {dag.py:2389} INFO - Sync 1 DAGs
[2022-08-21 12:43:32,820] {logging_mixin.py:109} WARNING - /home/ubuntu/anaconda3/lib/python3.9/site-packages/airflow/models/dag.py:2426 SAWarning: TypeDecorator UtcDateTime(timezone=True) will not produce a cache key because the ``cache_ok`` attribute is not set to True.  This can have significant performance implications including some performance degradations in comparison to prior SQLAlchemy versions.  Set this attribute to True if this type object's state is safe to use in a cache key, or False to disable this warning. (Background on this error at: https://sqlalche.me/e/14/cprf)
[2022-08-21 12:43:32,827] {logging_mixin.py:109} INFO - [2022-08-21 12:43:32,827] {dag.py:2914} INFO - Setting next_dagrun for example_branch_operator to 2022-08-20 00:00:00+00:00
[2022-08-21 12:43:32,839] {processor.py:171} INFO - Processing /home/ubuntu/anaconda3/lib/python3.9/site-packages/airflow/example_dags/example_branch_operator.py took 0.138 seconds
[2022-08-21 12:44:14,251] {processor.py:163} INFO - Started process (PID=74121) to work on /home/ubuntu/anaconda3/lib/python3.9/site-packages/airflow/example_dags/example_branch_operator.py
[2022-08-21 12:44:14,252] {processor.py:620} INFO - Processing file /home/ubuntu/anaconda3/lib/python3.9/site-packages/airflow/example_dags/example_branch_operator.py for tasks to queue
[2022-08-21 12:44:14,252] {logging_mixin.py:109} INFO - [2022-08-21 12:44:14,252] {dagbag.py:500} INFO - Filling up the DagBag from /home/ubuntu/anaconda3/lib/python3.9/site-packages/airflow/example_dags/example_branch_operator.py
[2022-08-21 12:44:14,272] {processor.py:632} INFO - DAG(s) dict_keys(['example_branch_operator']) retrieved from /home/ubuntu/anaconda3/lib/python3.9/site-packages/airflow/example_dags/example_branch_operator.py
[2022-08-21 12:44:14,276] {logging_mixin.py:109} WARNING - /home/ubuntu/anaconda3/lib/python3.9/site-packages/airflow/models/serialized_dag.py:120 SAWarning: TypeDecorator UtcDateTime(timezone=True) will not produce a cache key because the ``cache_ok`` attribute is not set to True.  This can have significant performance implications including some performance degradations in comparison to prior SQLAlchemy versions.  Set this attribute to True if this type object's state is safe to use in a cache key, or False to disable this warning. (Background on this error at: https://sqlalche.me/e/14/cprf)
[2022-08-21 12:44:14,285] {logging_mixin.py:109} INFO - [2022-08-21 12:44:14,285] {dag.py:2389} INFO - Sync 1 DAGs
[2022-08-21 12:44:14,295] {logging_mixin.py:109} WARNING - /home/ubuntu/anaconda3/lib/python3.9/site-packages/airflow/models/dag.py:2426 SAWarning: TypeDecorator UtcDateTime(timezone=True) will not produce a cache key because the ``cache_ok`` attribute is not set to True.  This can have significant performance implications including some performance degradations in comparison to prior SQLAlchemy versions.  Set this attribute to True if this type object's state is safe to use in a cache key, or False to disable this warning. (Background on this error at: https://sqlalche.me/e/14/cprf)
[2022-08-21 12:44:14,301] {logging_mixin.py:109} INFO - [2022-08-21 12:44:14,301] {dag.py:2914} INFO - Setting next_dagrun for example_branch_operator to 2022-08-20 00:00:00+00:00
[2022-08-21 12:44:14,313] {processor.py:171} INFO - Processing /home/ubuntu/anaconda3/lib/python3.9/site-packages/airflow/example_dags/example_branch_operator.py took 0.064 seconds
[2022-08-21 12:44:50,623] {processor.py:163} INFO - Started process (PID=74209) to work on /home/ubuntu/anaconda3/lib/python3.9/site-packages/airflow/example_dags/example_branch_operator.py
[2022-08-21 12:44:50,624] {processor.py:620} INFO - Processing file /home/ubuntu/anaconda3/lib/python3.9/site-packages/airflow/example_dags/example_branch_operator.py for tasks to queue
[2022-08-21 12:44:50,625] {logging_mixin.py:109} INFO - [2022-08-21 12:44:50,625] {dagbag.py:500} INFO - Filling up the DagBag from /home/ubuntu/anaconda3/lib/python3.9/site-packages/airflow/example_dags/example_branch_operator.py
[2022-08-21 12:44:50,648] {processor.py:632} INFO - DAG(s) dict_keys(['example_branch_operator']) retrieved from /home/ubuntu/anaconda3/lib/python3.9/site-packages/airflow/example_dags/example_branch_operator.py
[2022-08-21 12:44:50,652] {logging_mixin.py:109} WARNING - /home/ubuntu/anaconda3/lib/python3.9/site-packages/airflow/models/serialized_dag.py:120 SAWarning: TypeDecorator UtcDateTime(timezone=True) will not produce a cache key because the ``cache_ok`` attribute is not set to True.  This can have significant performance implications including some performance degradations in comparison to prior SQLAlchemy versions.  Set this attribute to True if this type object's state is safe to use in a cache key, or False to disable this warning. (Background on this error at: https://sqlalche.me/e/14/cprf)
[2022-08-21 12:44:50,662] {logging_mixin.py:109} INFO - [2022-08-21 12:44:50,662] {dag.py:2389} INFO - Sync 1 DAGs
[2022-08-21 12:44:50,673] {logging_mixin.py:109} WARNING - /home/ubuntu/anaconda3/lib/python3.9/site-packages/airflow/models/dag.py:2426 SAWarning: TypeDecorator UtcDateTime(timezone=True) will not produce a cache key because the ``cache_ok`` attribute is not set to True.  This can have significant performance implications including some performance degradations in comparison to prior SQLAlchemy versions.  Set this attribute to True if this type object's state is safe to use in a cache key, or False to disable this warning. (Background on this error at: https://sqlalche.me/e/14/cprf)
[2022-08-21 12:44:50,680] {logging_mixin.py:109} INFO - [2022-08-21 12:44:50,680] {dag.py:2914} INFO - Setting next_dagrun for example_branch_operator to 2022-08-20 00:00:00+00:00
[2022-08-21 12:44:50,693] {processor.py:171} INFO - Processing /home/ubuntu/anaconda3/lib/python3.9/site-packages/airflow/example_dags/example_branch_operator.py took 0.072 seconds
[2022-08-21 12:45:31,940] {processor.py:163} INFO - Started process (PID=74663) to work on /home/ubuntu/anaconda3/lib/python3.9/site-packages/airflow/example_dags/example_branch_operator.py
[2022-08-21 12:45:31,940] {processor.py:620} INFO - Processing file /home/ubuntu/anaconda3/lib/python3.9/site-packages/airflow/example_dags/example_branch_operator.py for tasks to queue
[2022-08-21 12:45:31,941] {logging_mixin.py:109} INFO - [2022-08-21 12:45:31,941] {dagbag.py:500} INFO - Filling up the DagBag from /home/ubuntu/anaconda3/lib/python3.9/site-packages/airflow/example_dags/example_branch_operator.py
[2022-08-21 12:45:31,964] {processor.py:632} INFO - DAG(s) dict_keys(['example_branch_operator']) retrieved from /home/ubuntu/anaconda3/lib/python3.9/site-packages/airflow/example_dags/example_branch_operator.py
[2022-08-21 12:45:31,968] {logging_mixin.py:109} WARNING - /home/ubuntu/anaconda3/lib/python3.9/site-packages/airflow/models/serialized_dag.py:120 SAWarning: TypeDecorator UtcDateTime(timezone=True) will not produce a cache key because the ``cache_ok`` attribute is not set to True.  This can have significant performance implications including some performance degradations in comparison to prior SQLAlchemy versions.  Set this attribute to True if this type object's state is safe to use in a cache key, or False to disable this warning. (Background on this error at: https://sqlalche.me/e/14/cprf)
[2022-08-21 12:45:31,977] {logging_mixin.py:109} INFO - [2022-08-21 12:45:31,977] {dag.py:2389} INFO - Sync 1 DAGs
[2022-08-21 12:45:31,987] {logging_mixin.py:109} WARNING - /home/ubuntu/anaconda3/lib/python3.9/site-packages/airflow/models/dag.py:2426 SAWarning: TypeDecorator UtcDateTime(timezone=True) will not produce a cache key because the ``cache_ok`` attribute is not set to True.  This can have significant performance implications including some performance degradations in comparison to prior SQLAlchemy versions.  Set this attribute to True if this type object's state is safe to use in a cache key, or False to disable this warning. (Background on this error at: https://sqlalche.me/e/14/cprf)
[2022-08-21 12:45:31,994] {logging_mixin.py:109} INFO - [2022-08-21 12:45:31,994] {dag.py:2914} INFO - Setting next_dagrun for example_branch_operator to 2022-08-20 00:00:00+00:00
[2022-08-21 12:45:32,005] {processor.py:171} INFO - Processing /home/ubuntu/anaconda3/lib/python3.9/site-packages/airflow/example_dags/example_branch_operator.py took 0.068 seconds
