[2022-08-21 12:35:47,787] {processor.py:163} INFO - Started process (PID=72627) to work on /home/ubuntu/anaconda3/lib/python3.9/site-packages/airflow/example_dags/example_kubernetes_executor.py
[2022-08-21 12:35:47,787] {processor.py:620} INFO - Processing file /home/ubuntu/anaconda3/lib/python3.9/site-packages/airflow/example_dags/example_kubernetes_executor.py for tasks to queue
[2022-08-21 12:35:47,788] {logging_mixin.py:109} INFO - [2022-08-21 12:35:47,788] {dagbag.py:500} INFO - Filling up the DagBag from /home/ubuntu/anaconda3/lib/python3.9/site-packages/airflow/example_dags/example_kubernetes_executor.py
[2022-08-21 12:35:47,806] {processor.py:632} INFO - DAG(s) dict_keys(['example_kubernetes_executor']) retrieved from /home/ubuntu/anaconda3/lib/python3.9/site-packages/airflow/example_dags/example_kubernetes_executor.py
[2022-08-21 12:35:47,810] {logging_mixin.py:109} WARNING - /home/ubuntu/anaconda3/lib/python3.9/site-packages/airflow/models/serialized_dag.py:120 SAWarning: TypeDecorator UtcDateTime(timezone=True) will not produce a cache key because the ``cache_ok`` attribute is not set to True.  This can have significant performance implications including some performance degradations in comparison to prior SQLAlchemy versions.  Set this attribute to True if this type object's state is safe to use in a cache key, or False to disable this warning. (Background on this error at: https://sqlalche.me/e/14/cprf)
[2022-08-21 12:35:47,818] {logging_mixin.py:109} INFO - [2022-08-21 12:35:47,818] {dag.py:2389} INFO - Sync 1 DAGs
[2022-08-21 12:35:47,828] {logging_mixin.py:109} WARNING - /home/ubuntu/anaconda3/lib/python3.9/site-packages/airflow/models/dag.py:2426 SAWarning: TypeDecorator UtcDateTime(timezone=True) will not produce a cache key because the ``cache_ok`` attribute is not set to True.  This can have significant performance implications including some performance degradations in comparison to prior SQLAlchemy versions.  Set this attribute to True if this type object's state is safe to use in a cache key, or False to disable this warning. (Background on this error at: https://sqlalche.me/e/14/cprf)
[2022-08-21 12:35:47,833] {logging_mixin.py:109} INFO - [2022-08-21 12:35:47,833] {dag.py:2914} INFO - Setting next_dagrun for example_kubernetes_executor to None
[2022-08-21 12:35:47,844] {processor.py:171} INFO - Processing /home/ubuntu/anaconda3/lib/python3.9/site-packages/airflow/example_dags/example_kubernetes_executor.py took 0.059 seconds
[2022-08-21 12:36:23,356] {processor.py:163} INFO - Started process (PID=72662) to work on /home/ubuntu/anaconda3/lib/python3.9/site-packages/airflow/example_dags/example_kubernetes_executor.py
[2022-08-21 12:36:23,357] {processor.py:620} INFO - Processing file /home/ubuntu/anaconda3/lib/python3.9/site-packages/airflow/example_dags/example_kubernetes_executor.py for tasks to queue
[2022-08-21 12:36:23,357] {logging_mixin.py:109} INFO - [2022-08-21 12:36:23,357] {dagbag.py:500} INFO - Filling up the DagBag from /home/ubuntu/anaconda3/lib/python3.9/site-packages/airflow/example_dags/example_kubernetes_executor.py
[2022-08-21 12:36:23,375] {processor.py:632} INFO - DAG(s) dict_keys(['example_kubernetes_executor']) retrieved from /home/ubuntu/anaconda3/lib/python3.9/site-packages/airflow/example_dags/example_kubernetes_executor.py
[2022-08-21 12:36:23,379] {logging_mixin.py:109} WARNING - /home/ubuntu/anaconda3/lib/python3.9/site-packages/airflow/models/serialized_dag.py:120 SAWarning: TypeDecorator UtcDateTime(timezone=True) will not produce a cache key because the ``cache_ok`` attribute is not set to True.  This can have significant performance implications including some performance degradations in comparison to prior SQLAlchemy versions.  Set this attribute to True if this type object's state is safe to use in a cache key, or False to disable this warning. (Background on this error at: https://sqlalche.me/e/14/cprf)
[2022-08-21 12:36:23,387] {logging_mixin.py:109} INFO - [2022-08-21 12:36:23,387] {dag.py:2389} INFO - Sync 1 DAGs
[2022-08-21 12:36:23,397] {logging_mixin.py:109} WARNING - /home/ubuntu/anaconda3/lib/python3.9/site-packages/airflow/models/dag.py:2426 SAWarning: TypeDecorator UtcDateTime(timezone=True) will not produce a cache key because the ``cache_ok`` attribute is not set to True.  This can have significant performance implications including some performance degradations in comparison to prior SQLAlchemy versions.  Set this attribute to True if this type object's state is safe to use in a cache key, or False to disable this warning. (Background on this error at: https://sqlalche.me/e/14/cprf)
[2022-08-21 12:36:23,401] {logging_mixin.py:109} INFO - [2022-08-21 12:36:23,401] {dag.py:2914} INFO - Setting next_dagrun for example_kubernetes_executor to None
[2022-08-21 12:36:23,412] {processor.py:171} INFO - Processing /home/ubuntu/anaconda3/lib/python3.9/site-packages/airflow/example_dags/example_kubernetes_executor.py took 0.058 seconds
[2022-08-21 12:37:44,618] {processor.py:163} INFO - Started process (PID=73033) to work on /home/ubuntu/anaconda3/lib/python3.9/site-packages/airflow/example_dags/example_kubernetes_executor.py
[2022-08-21 12:37:44,619] {processor.py:620} INFO - Processing file /home/ubuntu/anaconda3/lib/python3.9/site-packages/airflow/example_dags/example_kubernetes_executor.py for tasks to queue
[2022-08-21 12:37:44,619] {logging_mixin.py:109} INFO - [2022-08-21 12:37:44,619] {dagbag.py:500} INFO - Filling up the DagBag from /home/ubuntu/anaconda3/lib/python3.9/site-packages/airflow/example_dags/example_kubernetes_executor.py
[2022-08-21 12:37:44,637] {processor.py:632} INFO - DAG(s) dict_keys(['example_kubernetes_executor']) retrieved from /home/ubuntu/anaconda3/lib/python3.9/site-packages/airflow/example_dags/example_kubernetes_executor.py
[2022-08-21 12:37:44,641] {logging_mixin.py:109} WARNING - /home/ubuntu/anaconda3/lib/python3.9/site-packages/airflow/models/serialized_dag.py:120 SAWarning: TypeDecorator UtcDateTime(timezone=True) will not produce a cache key because the ``cache_ok`` attribute is not set to True.  This can have significant performance implications including some performance degradations in comparison to prior SQLAlchemy versions.  Set this attribute to True if this type object's state is safe to use in a cache key, or False to disable this warning. (Background on this error at: https://sqlalche.me/e/14/cprf)
[2022-08-21 12:37:44,649] {logging_mixin.py:109} INFO - [2022-08-21 12:37:44,649] {dag.py:2389} INFO - Sync 1 DAGs
[2022-08-21 12:37:44,659] {logging_mixin.py:109} WARNING - /home/ubuntu/anaconda3/lib/python3.9/site-packages/airflow/models/dag.py:2426 SAWarning: TypeDecorator UtcDateTime(timezone=True) will not produce a cache key because the ``cache_ok`` attribute is not set to True.  This can have significant performance implications including some performance degradations in comparison to prior SQLAlchemy versions.  Set this attribute to True if this type object's state is safe to use in a cache key, or False to disable this warning. (Background on this error at: https://sqlalche.me/e/14/cprf)
[2022-08-21 12:37:44,664] {logging_mixin.py:109} INFO - [2022-08-21 12:37:44,664] {dag.py:2914} INFO - Setting next_dagrun for example_kubernetes_executor to None
[2022-08-21 12:37:44,676] {processor.py:171} INFO - Processing /home/ubuntu/anaconda3/lib/python3.9/site-packages/airflow/example_dags/example_kubernetes_executor.py took 0.060 seconds
[2022-08-21 12:38:20,189] {processor.py:163} INFO - Started process (PID=73115) to work on /home/ubuntu/anaconda3/lib/python3.9/site-packages/airflow/example_dags/example_kubernetes_executor.py
[2022-08-21 12:38:20,190] {processor.py:620} INFO - Processing file /home/ubuntu/anaconda3/lib/python3.9/site-packages/airflow/example_dags/example_kubernetes_executor.py for tasks to queue
[2022-08-21 12:38:20,190] {logging_mixin.py:109} INFO - [2022-08-21 12:38:20,190] {dagbag.py:500} INFO - Filling up the DagBag from /home/ubuntu/anaconda3/lib/python3.9/site-packages/airflow/example_dags/example_kubernetes_executor.py
[2022-08-21 12:38:20,209] {processor.py:632} INFO - DAG(s) dict_keys(['example_kubernetes_executor']) retrieved from /home/ubuntu/anaconda3/lib/python3.9/site-packages/airflow/example_dags/example_kubernetes_executor.py
[2022-08-21 12:38:20,214] {logging_mixin.py:109} WARNING - /home/ubuntu/anaconda3/lib/python3.9/site-packages/airflow/models/serialized_dag.py:120 SAWarning: TypeDecorator UtcDateTime(timezone=True) will not produce a cache key because the ``cache_ok`` attribute is not set to True.  This can have significant performance implications including some performance degradations in comparison to prior SQLAlchemy versions.  Set this attribute to True if this type object's state is safe to use in a cache key, or False to disable this warning. (Background on this error at: https://sqlalche.me/e/14/cprf)
[2022-08-21 12:38:20,222] {logging_mixin.py:109} INFO - [2022-08-21 12:38:20,221] {dag.py:2389} INFO - Sync 1 DAGs
[2022-08-21 12:38:20,232] {logging_mixin.py:109} WARNING - /home/ubuntu/anaconda3/lib/python3.9/site-packages/airflow/models/dag.py:2426 SAWarning: TypeDecorator UtcDateTime(timezone=True) will not produce a cache key because the ``cache_ok`` attribute is not set to True.  This can have significant performance implications including some performance degradations in comparison to prior SQLAlchemy versions.  Set this attribute to True if this type object's state is safe to use in a cache key, or False to disable this warning. (Background on this error at: https://sqlalche.me/e/14/cprf)
[2022-08-21 12:38:20,237] {logging_mixin.py:109} INFO - [2022-08-21 12:38:20,237] {dag.py:2914} INFO - Setting next_dagrun for example_kubernetes_executor to None
[2022-08-21 12:38:20,249] {processor.py:171} INFO - Processing /home/ubuntu/anaconda3/lib/python3.9/site-packages/airflow/example_dags/example_kubernetes_executor.py took 0.062 seconds
[2022-08-21 12:38:55,121] {processor.py:163} INFO - Started process (PID=73208) to work on /home/ubuntu/anaconda3/lib/python3.9/site-packages/airflow/example_dags/example_kubernetes_executor.py
[2022-08-21 12:38:55,122] {processor.py:620} INFO - Processing file /home/ubuntu/anaconda3/lib/python3.9/site-packages/airflow/example_dags/example_kubernetes_executor.py for tasks to queue
[2022-08-21 12:38:55,123] {logging_mixin.py:109} INFO - [2022-08-21 12:38:55,123] {dagbag.py:500} INFO - Filling up the DagBag from /home/ubuntu/anaconda3/lib/python3.9/site-packages/airflow/example_dags/example_kubernetes_executor.py
[2022-08-21 12:38:55,140] {processor.py:632} INFO - DAG(s) dict_keys(['example_kubernetes_executor']) retrieved from /home/ubuntu/anaconda3/lib/python3.9/site-packages/airflow/example_dags/example_kubernetes_executor.py
[2022-08-21 12:38:55,144] {logging_mixin.py:109} WARNING - /home/ubuntu/anaconda3/lib/python3.9/site-packages/airflow/models/serialized_dag.py:120 SAWarning: TypeDecorator UtcDateTime(timezone=True) will not produce a cache key because the ``cache_ok`` attribute is not set to True.  This can have significant performance implications including some performance degradations in comparison to prior SQLAlchemy versions.  Set this attribute to True if this type object's state is safe to use in a cache key, or False to disable this warning. (Background on this error at: https://sqlalche.me/e/14/cprf)
[2022-08-21 12:38:55,151] {logging_mixin.py:109} INFO - [2022-08-21 12:38:55,151] {dag.py:2389} INFO - Sync 1 DAGs
[2022-08-21 12:38:55,161] {logging_mixin.py:109} WARNING - /home/ubuntu/anaconda3/lib/python3.9/site-packages/airflow/models/dag.py:2426 SAWarning: TypeDecorator UtcDateTime(timezone=True) will not produce a cache key because the ``cache_ok`` attribute is not set to True.  This can have significant performance implications including some performance degradations in comparison to prior SQLAlchemy versions.  Set this attribute to True if this type object's state is safe to use in a cache key, or False to disable this warning. (Background on this error at: https://sqlalche.me/e/14/cprf)
[2022-08-21 12:38:55,165] {logging_mixin.py:109} INFO - [2022-08-21 12:38:55,165] {dag.py:2914} INFO - Setting next_dagrun for example_kubernetes_executor to None
[2022-08-21 12:38:55,176] {processor.py:171} INFO - Processing /home/ubuntu/anaconda3/lib/python3.9/site-packages/airflow/example_dags/example_kubernetes_executor.py took 0.057 seconds
[2022-08-21 12:39:31,252] {processor.py:163} INFO - Started process (PID=73243) to work on /home/ubuntu/anaconda3/lib/python3.9/site-packages/airflow/example_dags/example_kubernetes_executor.py
[2022-08-21 12:39:31,253] {processor.py:620} INFO - Processing file /home/ubuntu/anaconda3/lib/python3.9/site-packages/airflow/example_dags/example_kubernetes_executor.py for tasks to queue
[2022-08-21 12:39:31,253] {logging_mixin.py:109} INFO - [2022-08-21 12:39:31,253] {dagbag.py:500} INFO - Filling up the DagBag from /home/ubuntu/anaconda3/lib/python3.9/site-packages/airflow/example_dags/example_kubernetes_executor.py
[2022-08-21 12:39:31,271] {processor.py:632} INFO - DAG(s) dict_keys(['example_kubernetes_executor']) retrieved from /home/ubuntu/anaconda3/lib/python3.9/site-packages/airflow/example_dags/example_kubernetes_executor.py
[2022-08-21 12:39:31,274] {logging_mixin.py:109} WARNING - /home/ubuntu/anaconda3/lib/python3.9/site-packages/airflow/models/serialized_dag.py:120 SAWarning: TypeDecorator UtcDateTime(timezone=True) will not produce a cache key because the ``cache_ok`` attribute is not set to True.  This can have significant performance implications including some performance degradations in comparison to prior SQLAlchemy versions.  Set this attribute to True if this type object's state is safe to use in a cache key, or False to disable this warning. (Background on this error at: https://sqlalche.me/e/14/cprf)
[2022-08-21 12:39:31,282] {logging_mixin.py:109} INFO - [2022-08-21 12:39:31,282] {dag.py:2389} INFO - Sync 1 DAGs
[2022-08-21 12:39:31,292] {logging_mixin.py:109} WARNING - /home/ubuntu/anaconda3/lib/python3.9/site-packages/airflow/models/dag.py:2426 SAWarning: TypeDecorator UtcDateTime(timezone=True) will not produce a cache key because the ``cache_ok`` attribute is not set to True.  This can have significant performance implications including some performance degradations in comparison to prior SQLAlchemy versions.  Set this attribute to True if this type object's state is safe to use in a cache key, or False to disable this warning. (Background on this error at: https://sqlalche.me/e/14/cprf)
[2022-08-21 12:39:31,297] {logging_mixin.py:109} INFO - [2022-08-21 12:39:31,297] {dag.py:2914} INFO - Setting next_dagrun for example_kubernetes_executor to None
[2022-08-21 12:39:31,309] {processor.py:171} INFO - Processing /home/ubuntu/anaconda3/lib/python3.9/site-packages/airflow/example_dags/example_kubernetes_executor.py took 0.059 seconds
[2022-08-21 12:40:07,334] {processor.py:163} INFO - Started process (PID=73278) to work on /home/ubuntu/anaconda3/lib/python3.9/site-packages/airflow/example_dags/example_kubernetes_executor.py
[2022-08-21 12:40:07,334] {processor.py:620} INFO - Processing file /home/ubuntu/anaconda3/lib/python3.9/site-packages/airflow/example_dags/example_kubernetes_executor.py for tasks to queue
[2022-08-21 12:40:07,335] {logging_mixin.py:109} INFO - [2022-08-21 12:40:07,335] {dagbag.py:500} INFO - Filling up the DagBag from /home/ubuntu/anaconda3/lib/python3.9/site-packages/airflow/example_dags/example_kubernetes_executor.py
[2022-08-21 12:40:07,352] {processor.py:632} INFO - DAG(s) dict_keys(['example_kubernetes_executor']) retrieved from /home/ubuntu/anaconda3/lib/python3.9/site-packages/airflow/example_dags/example_kubernetes_executor.py
[2022-08-21 12:40:07,357] {logging_mixin.py:109} WARNING - /home/ubuntu/anaconda3/lib/python3.9/site-packages/airflow/models/serialized_dag.py:120 SAWarning: TypeDecorator UtcDateTime(timezone=True) will not produce a cache key because the ``cache_ok`` attribute is not set to True.  This can have significant performance implications including some performance degradations in comparison to prior SQLAlchemy versions.  Set this attribute to True if this type object's state is safe to use in a cache key, or False to disable this warning. (Background on this error at: https://sqlalche.me/e/14/cprf)
[2022-08-21 12:40:07,364] {logging_mixin.py:109} INFO - [2022-08-21 12:40:07,364] {dag.py:2389} INFO - Sync 1 DAGs
[2022-08-21 12:40:07,374] {logging_mixin.py:109} WARNING - /home/ubuntu/anaconda3/lib/python3.9/site-packages/airflow/models/dag.py:2426 SAWarning: TypeDecorator UtcDateTime(timezone=True) will not produce a cache key because the ``cache_ok`` attribute is not set to True.  This can have significant performance implications including some performance degradations in comparison to prior SQLAlchemy versions.  Set this attribute to True if this type object's state is safe to use in a cache key, or False to disable this warning. (Background on this error at: https://sqlalche.me/e/14/cprf)
[2022-08-21 12:40:07,379] {logging_mixin.py:109} INFO - [2022-08-21 12:40:07,379] {dag.py:2914} INFO - Setting next_dagrun for example_kubernetes_executor to None
[2022-08-21 12:40:07,389] {processor.py:171} INFO - Processing /home/ubuntu/anaconda3/lib/python3.9/site-packages/airflow/example_dags/example_kubernetes_executor.py took 0.058 seconds
[2022-08-21 12:40:43,058] {processor.py:163} INFO - Started process (PID=73347) to work on /home/ubuntu/anaconda3/lib/python3.9/site-packages/airflow/example_dags/example_kubernetes_executor.py
[2022-08-21 12:40:43,059] {processor.py:620} INFO - Processing file /home/ubuntu/anaconda3/lib/python3.9/site-packages/airflow/example_dags/example_kubernetes_executor.py for tasks to queue
[2022-08-21 12:40:43,059] {logging_mixin.py:109} INFO - [2022-08-21 12:40:43,059] {dagbag.py:500} INFO - Filling up the DagBag from /home/ubuntu/anaconda3/lib/python3.9/site-packages/airflow/example_dags/example_kubernetes_executor.py
[2022-08-21 12:40:43,077] {processor.py:632} INFO - DAG(s) dict_keys(['example_kubernetes_executor']) retrieved from /home/ubuntu/anaconda3/lib/python3.9/site-packages/airflow/example_dags/example_kubernetes_executor.py
[2022-08-21 12:40:43,081] {logging_mixin.py:109} WARNING - /home/ubuntu/anaconda3/lib/python3.9/site-packages/airflow/models/serialized_dag.py:120 SAWarning: TypeDecorator UtcDateTime(timezone=True) will not produce a cache key because the ``cache_ok`` attribute is not set to True.  This can have significant performance implications including some performance degradations in comparison to prior SQLAlchemy versions.  Set this attribute to True if this type object's state is safe to use in a cache key, or False to disable this warning. (Background on this error at: https://sqlalche.me/e/14/cprf)
[2022-08-21 12:40:43,089] {logging_mixin.py:109} INFO - [2022-08-21 12:40:43,089] {dag.py:2389} INFO - Sync 1 DAGs
[2022-08-21 12:40:43,098] {logging_mixin.py:109} WARNING - /home/ubuntu/anaconda3/lib/python3.9/site-packages/airflow/models/dag.py:2426 SAWarning: TypeDecorator UtcDateTime(timezone=True) will not produce a cache key because the ``cache_ok`` attribute is not set to True.  This can have significant performance implications including some performance degradations in comparison to prior SQLAlchemy versions.  Set this attribute to True if this type object's state is safe to use in a cache key, or False to disable this warning. (Background on this error at: https://sqlalche.me/e/14/cprf)
[2022-08-21 12:40:43,103] {logging_mixin.py:109} INFO - [2022-08-21 12:40:43,103] {dag.py:2914} INFO - Setting next_dagrun for example_kubernetes_executor to None
[2022-08-21 12:40:43,114] {processor.py:171} INFO - Processing /home/ubuntu/anaconda3/lib/python3.9/site-packages/airflow/example_dags/example_kubernetes_executor.py took 0.059 seconds
[2022-08-21 12:41:19,925] {processor.py:163} INFO - Started process (PID=73444) to work on /home/ubuntu/anaconda3/lib/python3.9/site-packages/airflow/example_dags/example_kubernetes_executor.py
[2022-08-21 12:41:19,926] {processor.py:620} INFO - Processing file /home/ubuntu/anaconda3/lib/python3.9/site-packages/airflow/example_dags/example_kubernetes_executor.py for tasks to queue
[2022-08-21 12:41:19,927] {logging_mixin.py:109} INFO - [2022-08-21 12:41:19,927] {dagbag.py:500} INFO - Filling up the DagBag from /home/ubuntu/anaconda3/lib/python3.9/site-packages/airflow/example_dags/example_kubernetes_executor.py
[2022-08-21 12:41:19,956] {processor.py:632} INFO - DAG(s) dict_keys(['example_kubernetes_executor']) retrieved from /home/ubuntu/anaconda3/lib/python3.9/site-packages/airflow/example_dags/example_kubernetes_executor.py
[2022-08-21 12:41:19,962] {logging_mixin.py:109} WARNING - /home/ubuntu/anaconda3/lib/python3.9/site-packages/airflow/models/serialized_dag.py:120 SAWarning: TypeDecorator UtcDateTime(timezone=True) will not produce a cache key because the ``cache_ok`` attribute is not set to True.  This can have significant performance implications including some performance degradations in comparison to prior SQLAlchemy versions.  Set this attribute to True if this type object's state is safe to use in a cache key, or False to disable this warning. (Background on this error at: https://sqlalche.me/e/14/cprf)
[2022-08-21 12:41:19,974] {logging_mixin.py:109} INFO - [2022-08-21 12:41:19,974] {dag.py:2389} INFO - Sync 1 DAGs
[2022-08-21 12:41:19,989] {logging_mixin.py:109} WARNING - /home/ubuntu/anaconda3/lib/python3.9/site-packages/airflow/models/dag.py:2426 SAWarning: TypeDecorator UtcDateTime(timezone=True) will not produce a cache key because the ``cache_ok`` attribute is not set to True.  This can have significant performance implications including some performance degradations in comparison to prior SQLAlchemy versions.  Set this attribute to True if this type object's state is safe to use in a cache key, or False to disable this warning. (Background on this error at: https://sqlalche.me/e/14/cprf)
[2022-08-21 12:41:19,997] {logging_mixin.py:109} INFO - [2022-08-21 12:41:19,997] {dag.py:2914} INFO - Setting next_dagrun for example_kubernetes_executor to None
[2022-08-21 12:41:20,014] {processor.py:171} INFO - Processing /home/ubuntu/anaconda3/lib/python3.9/site-packages/airflow/example_dags/example_kubernetes_executor.py took 0.092 seconds
[2022-08-21 12:41:56,085] {processor.py:163} INFO - Started process (PID=73503) to work on /home/ubuntu/anaconda3/lib/python3.9/site-packages/airflow/example_dags/example_kubernetes_executor.py
[2022-08-21 12:41:56,085] {processor.py:620} INFO - Processing file /home/ubuntu/anaconda3/lib/python3.9/site-packages/airflow/example_dags/example_kubernetes_executor.py for tasks to queue
[2022-08-21 12:41:56,086] {logging_mixin.py:109} INFO - [2022-08-21 12:41:56,086] {dagbag.py:500} INFO - Filling up the DagBag from /home/ubuntu/anaconda3/lib/python3.9/site-packages/airflow/example_dags/example_kubernetes_executor.py
[2022-08-21 12:41:56,103] {processor.py:632} INFO - DAG(s) dict_keys(['example_kubernetes_executor']) retrieved from /home/ubuntu/anaconda3/lib/python3.9/site-packages/airflow/example_dags/example_kubernetes_executor.py
[2022-08-21 12:41:56,107] {logging_mixin.py:109} WARNING - /home/ubuntu/anaconda3/lib/python3.9/site-packages/airflow/models/serialized_dag.py:120 SAWarning: TypeDecorator UtcDateTime(timezone=True) will not produce a cache key because the ``cache_ok`` attribute is not set to True.  This can have significant performance implications including some performance degradations in comparison to prior SQLAlchemy versions.  Set this attribute to True if this type object's state is safe to use in a cache key, or False to disable this warning. (Background on this error at: https://sqlalche.me/e/14/cprf)
[2022-08-21 12:41:56,114] {logging_mixin.py:109} INFO - [2022-08-21 12:41:56,114] {dag.py:2389} INFO - Sync 1 DAGs
[2022-08-21 12:41:56,124] {logging_mixin.py:109} WARNING - /home/ubuntu/anaconda3/lib/python3.9/site-packages/airflow/models/dag.py:2426 SAWarning: TypeDecorator UtcDateTime(timezone=True) will not produce a cache key because the ``cache_ok`` attribute is not set to True.  This can have significant performance implications including some performance degradations in comparison to prior SQLAlchemy versions.  Set this attribute to True if this type object's state is safe to use in a cache key, or False to disable this warning. (Background on this error at: https://sqlalche.me/e/14/cprf)
[2022-08-21 12:41:56,129] {logging_mixin.py:109} INFO - [2022-08-21 12:41:56,129] {dag.py:2914} INFO - Setting next_dagrun for example_kubernetes_executor to None
[2022-08-21 12:41:56,140] {processor.py:171} INFO - Processing /home/ubuntu/anaconda3/lib/python3.9/site-packages/airflow/example_dags/example_kubernetes_executor.py took 0.057 seconds
[2022-08-21 12:42:33,918] {processor.py:163} INFO - Started process (PID=73675) to work on /home/ubuntu/anaconda3/lib/python3.9/site-packages/airflow/example_dags/example_kubernetes_executor.py
[2022-08-21 12:42:33,919] {processor.py:620} INFO - Processing file /home/ubuntu/anaconda3/lib/python3.9/site-packages/airflow/example_dags/example_kubernetes_executor.py for tasks to queue
[2022-08-21 12:42:33,919] {logging_mixin.py:109} INFO - [2022-08-21 12:42:33,919] {dagbag.py:500} INFO - Filling up the DagBag from /home/ubuntu/anaconda3/lib/python3.9/site-packages/airflow/example_dags/example_kubernetes_executor.py
[2022-08-21 12:42:33,938] {processor.py:632} INFO - DAG(s) dict_keys(['example_kubernetes_executor']) retrieved from /home/ubuntu/anaconda3/lib/python3.9/site-packages/airflow/example_dags/example_kubernetes_executor.py
[2022-08-21 12:42:33,942] {logging_mixin.py:109} WARNING - /home/ubuntu/anaconda3/lib/python3.9/site-packages/airflow/models/serialized_dag.py:120 SAWarning: TypeDecorator UtcDateTime(timezone=True) will not produce a cache key because the ``cache_ok`` attribute is not set to True.  This can have significant performance implications including some performance degradations in comparison to prior SQLAlchemy versions.  Set this attribute to True if this type object's state is safe to use in a cache key, or False to disable this warning. (Background on this error at: https://sqlalche.me/e/14/cprf)
[2022-08-21 12:42:33,950] {logging_mixin.py:109} INFO - [2022-08-21 12:42:33,950] {dag.py:2389} INFO - Sync 1 DAGs
[2022-08-21 12:42:33,960] {logging_mixin.py:109} WARNING - /home/ubuntu/anaconda3/lib/python3.9/site-packages/airflow/models/dag.py:2426 SAWarning: TypeDecorator UtcDateTime(timezone=True) will not produce a cache key because the ``cache_ok`` attribute is not set to True.  This can have significant performance implications including some performance degradations in comparison to prior SQLAlchemy versions.  Set this attribute to True if this type object's state is safe to use in a cache key, or False to disable this warning. (Background on this error at: https://sqlalche.me/e/14/cprf)
[2022-08-21 12:42:33,967] {logging_mixin.py:109} INFO - [2022-08-21 12:42:33,966] {dag.py:2914} INFO - Setting next_dagrun for example_kubernetes_executor to None
[2022-08-21 12:42:33,979] {processor.py:171} INFO - Processing /home/ubuntu/anaconda3/lib/python3.9/site-packages/airflow/example_dags/example_kubernetes_executor.py took 0.063 seconds
[2022-08-21 12:43:10,638] {processor.py:163} INFO - Started process (PID=73771) to work on /home/ubuntu/anaconda3/lib/python3.9/site-packages/airflow/example_dags/example_kubernetes_executor.py
[2022-08-21 12:43:10,638] {processor.py:620} INFO - Processing file /home/ubuntu/anaconda3/lib/python3.9/site-packages/airflow/example_dags/example_kubernetes_executor.py for tasks to queue
[2022-08-21 12:43:10,639] {logging_mixin.py:109} INFO - [2022-08-21 12:43:10,639] {dagbag.py:500} INFO - Filling up the DagBag from /home/ubuntu/anaconda3/lib/python3.9/site-packages/airflow/example_dags/example_kubernetes_executor.py
[2022-08-21 12:43:10,655] {processor.py:632} INFO - DAG(s) dict_keys(['example_kubernetes_executor']) retrieved from /home/ubuntu/anaconda3/lib/python3.9/site-packages/airflow/example_dags/example_kubernetes_executor.py
[2022-08-21 12:43:10,659] {logging_mixin.py:109} WARNING - /home/ubuntu/anaconda3/lib/python3.9/site-packages/airflow/models/serialized_dag.py:120 SAWarning: TypeDecorator UtcDateTime(timezone=True) will not produce a cache key because the ``cache_ok`` attribute is not set to True.  This can have significant performance implications including some performance degradations in comparison to prior SQLAlchemy versions.  Set this attribute to True if this type object's state is safe to use in a cache key, or False to disable this warning. (Background on this error at: https://sqlalche.me/e/14/cprf)
[2022-08-21 12:43:10,666] {logging_mixin.py:109} INFO - [2022-08-21 12:43:10,666] {dag.py:2389} INFO - Sync 1 DAGs
[2022-08-21 12:43:10,677] {logging_mixin.py:109} WARNING - /home/ubuntu/anaconda3/lib/python3.9/site-packages/airflow/models/dag.py:2426 SAWarning: TypeDecorator UtcDateTime(timezone=True) will not produce a cache key because the ``cache_ok`` attribute is not set to True.  This can have significant performance implications including some performance degradations in comparison to prior SQLAlchemy versions.  Set this attribute to True if this type object's state is safe to use in a cache key, or False to disable this warning. (Background on this error at: https://sqlalche.me/e/14/cprf)
[2022-08-21 12:43:10,682] {logging_mixin.py:109} INFO - [2022-08-21 12:43:10,682] {dag.py:2914} INFO - Setting next_dagrun for example_kubernetes_executor to None
[2022-08-21 12:43:10,693] {processor.py:171} INFO - Processing /home/ubuntu/anaconda3/lib/python3.9/site-packages/airflow/example_dags/example_kubernetes_executor.py took 0.057 seconds
[2022-08-21 12:43:48,208] {processor.py:163} INFO - Started process (PID=73951) to work on /home/ubuntu/anaconda3/lib/python3.9/site-packages/airflow/example_dags/example_kubernetes_executor.py
[2022-08-21 12:43:48,209] {processor.py:620} INFO - Processing file /home/ubuntu/anaconda3/lib/python3.9/site-packages/airflow/example_dags/example_kubernetes_executor.py for tasks to queue
[2022-08-21 12:43:48,209] {logging_mixin.py:109} INFO - [2022-08-21 12:43:48,209] {dagbag.py:500} INFO - Filling up the DagBag from /home/ubuntu/anaconda3/lib/python3.9/site-packages/airflow/example_dags/example_kubernetes_executor.py
[2022-08-21 12:43:48,228] {processor.py:632} INFO - DAG(s) dict_keys(['example_kubernetes_executor']) retrieved from /home/ubuntu/anaconda3/lib/python3.9/site-packages/airflow/example_dags/example_kubernetes_executor.py
[2022-08-21 12:43:48,232] {logging_mixin.py:109} WARNING - /home/ubuntu/anaconda3/lib/python3.9/site-packages/airflow/models/serialized_dag.py:120 SAWarning: TypeDecorator UtcDateTime(timezone=True) will not produce a cache key because the ``cache_ok`` attribute is not set to True.  This can have significant performance implications including some performance degradations in comparison to prior SQLAlchemy versions.  Set this attribute to True if this type object's state is safe to use in a cache key, or False to disable this warning. (Background on this error at: https://sqlalche.me/e/14/cprf)
[2022-08-21 12:43:48,239] {logging_mixin.py:109} INFO - [2022-08-21 12:43:48,239] {dag.py:2389} INFO - Sync 1 DAGs
[2022-08-21 12:43:48,250] {logging_mixin.py:109} WARNING - /home/ubuntu/anaconda3/lib/python3.9/site-packages/airflow/models/dag.py:2426 SAWarning: TypeDecorator UtcDateTime(timezone=True) will not produce a cache key because the ``cache_ok`` attribute is not set to True.  This can have significant performance implications including some performance degradations in comparison to prior SQLAlchemy versions.  Set this attribute to True if this type object's state is safe to use in a cache key, or False to disable this warning. (Background on this error at: https://sqlalche.me/e/14/cprf)
[2022-08-21 12:43:48,255] {logging_mixin.py:109} INFO - [2022-08-21 12:43:48,255] {dag.py:2914} INFO - Setting next_dagrun for example_kubernetes_executor to None
[2022-08-21 12:43:48,266] {processor.py:171} INFO - Processing /home/ubuntu/anaconda3/lib/python3.9/site-packages/airflow/example_dags/example_kubernetes_executor.py took 0.060 seconds
[2022-08-21 12:44:30,865] {processor.py:163} INFO - Started process (PID=74166) to work on /home/ubuntu/anaconda3/lib/python3.9/site-packages/airflow/example_dags/example_kubernetes_executor.py
[2022-08-21 12:44:30,865] {processor.py:620} INFO - Processing file /home/ubuntu/anaconda3/lib/python3.9/site-packages/airflow/example_dags/example_kubernetes_executor.py for tasks to queue
[2022-08-21 12:44:30,866] {logging_mixin.py:109} INFO - [2022-08-21 12:44:30,866] {dagbag.py:500} INFO - Filling up the DagBag from /home/ubuntu/anaconda3/lib/python3.9/site-packages/airflow/example_dags/example_kubernetes_executor.py
[2022-08-21 12:44:30,883] {processor.py:632} INFO - DAG(s) dict_keys(['example_kubernetes_executor']) retrieved from /home/ubuntu/anaconda3/lib/python3.9/site-packages/airflow/example_dags/example_kubernetes_executor.py
[2022-08-21 12:44:30,887] {logging_mixin.py:109} WARNING - /home/ubuntu/anaconda3/lib/python3.9/site-packages/airflow/models/serialized_dag.py:120 SAWarning: TypeDecorator UtcDateTime(timezone=True) will not produce a cache key because the ``cache_ok`` attribute is not set to True.  This can have significant performance implications including some performance degradations in comparison to prior SQLAlchemy versions.  Set this attribute to True if this type object's state is safe to use in a cache key, or False to disable this warning. (Background on this error at: https://sqlalche.me/e/14/cprf)
[2022-08-21 12:44:30,895] {logging_mixin.py:109} INFO - [2022-08-21 12:44:30,895] {dag.py:2389} INFO - Sync 1 DAGs
[2022-08-21 12:44:30,905] {logging_mixin.py:109} WARNING - /home/ubuntu/anaconda3/lib/python3.9/site-packages/airflow/models/dag.py:2426 SAWarning: TypeDecorator UtcDateTime(timezone=True) will not produce a cache key because the ``cache_ok`` attribute is not set to True.  This can have significant performance implications including some performance degradations in comparison to prior SQLAlchemy versions.  Set this attribute to True if this type object's state is safe to use in a cache key, or False to disable this warning. (Background on this error at: https://sqlalche.me/e/14/cprf)
[2022-08-21 12:44:30,910] {logging_mixin.py:109} INFO - [2022-08-21 12:44:30,910] {dag.py:2914} INFO - Setting next_dagrun for example_kubernetes_executor to None
[2022-08-21 12:44:30,922] {processor.py:171} INFO - Processing /home/ubuntu/anaconda3/lib/python3.9/site-packages/airflow/example_dags/example_kubernetes_executor.py took 0.059 seconds
[2022-08-21 12:45:07,244] {processor.py:163} INFO - Started process (PID=74267) to work on /home/ubuntu/anaconda3/lib/python3.9/site-packages/airflow/example_dags/example_kubernetes_executor.py
[2022-08-21 12:45:07,245] {processor.py:620} INFO - Processing file /home/ubuntu/anaconda3/lib/python3.9/site-packages/airflow/example_dags/example_kubernetes_executor.py for tasks to queue
[2022-08-21 12:45:07,245] {logging_mixin.py:109} INFO - [2022-08-21 12:45:07,245] {dagbag.py:500} INFO - Filling up the DagBag from /home/ubuntu/anaconda3/lib/python3.9/site-packages/airflow/example_dags/example_kubernetes_executor.py
[2022-08-21 12:45:07,264] {processor.py:632} INFO - DAG(s) dict_keys(['example_kubernetes_executor']) retrieved from /home/ubuntu/anaconda3/lib/python3.9/site-packages/airflow/example_dags/example_kubernetes_executor.py
[2022-08-21 12:45:07,267] {logging_mixin.py:109} WARNING - /home/ubuntu/anaconda3/lib/python3.9/site-packages/airflow/models/serialized_dag.py:120 SAWarning: TypeDecorator UtcDateTime(timezone=True) will not produce a cache key because the ``cache_ok`` attribute is not set to True.  This can have significant performance implications including some performance degradations in comparison to prior SQLAlchemy versions.  Set this attribute to True if this type object's state is safe to use in a cache key, or False to disable this warning. (Background on this error at: https://sqlalche.me/e/14/cprf)
[2022-08-21 12:45:07,275] {logging_mixin.py:109} INFO - [2022-08-21 12:45:07,275] {dag.py:2389} INFO - Sync 1 DAGs
[2022-08-21 12:45:07,285] {logging_mixin.py:109} WARNING - /home/ubuntu/anaconda3/lib/python3.9/site-packages/airflow/models/dag.py:2426 SAWarning: TypeDecorator UtcDateTime(timezone=True) will not produce a cache key because the ``cache_ok`` attribute is not set to True.  This can have significant performance implications including some performance degradations in comparison to prior SQLAlchemy versions.  Set this attribute to True if this type object's state is safe to use in a cache key, or False to disable this warning. (Background on this error at: https://sqlalche.me/e/14/cprf)
[2022-08-21 12:45:07,290] {logging_mixin.py:109} INFO - [2022-08-21 12:45:07,289] {dag.py:2914} INFO - Setting next_dagrun for example_kubernetes_executor to None
[2022-08-21 12:45:07,301] {processor.py:171} INFO - Processing /home/ubuntu/anaconda3/lib/python3.9/site-packages/airflow/example_dags/example_kubernetes_executor.py took 0.059 seconds
[2022-08-21 12:45:44,093] {processor.py:163} INFO - Started process (PID=74746) to work on /home/ubuntu/anaconda3/lib/python3.9/site-packages/airflow/example_dags/example_kubernetes_executor.py
[2022-08-21 12:45:44,094] {processor.py:620} INFO - Processing file /home/ubuntu/anaconda3/lib/python3.9/site-packages/airflow/example_dags/example_kubernetes_executor.py for tasks to queue
[2022-08-21 12:45:44,094] {logging_mixin.py:109} INFO - [2022-08-21 12:45:44,094] {dagbag.py:500} INFO - Filling up the DagBag from /home/ubuntu/anaconda3/lib/python3.9/site-packages/airflow/example_dags/example_kubernetes_executor.py
[2022-08-21 12:45:44,113] {processor.py:632} INFO - DAG(s) dict_keys(['example_kubernetes_executor']) retrieved from /home/ubuntu/anaconda3/lib/python3.9/site-packages/airflow/example_dags/example_kubernetes_executor.py
[2022-08-21 12:45:44,117] {logging_mixin.py:109} WARNING - /home/ubuntu/anaconda3/lib/python3.9/site-packages/airflow/models/serialized_dag.py:120 SAWarning: TypeDecorator UtcDateTime(timezone=True) will not produce a cache key because the ``cache_ok`` attribute is not set to True.  This can have significant performance implications including some performance degradations in comparison to prior SQLAlchemy versions.  Set this attribute to True if this type object's state is safe to use in a cache key, or False to disable this warning. (Background on this error at: https://sqlalche.me/e/14/cprf)
[2022-08-21 12:45:44,124] {logging_mixin.py:109} INFO - [2022-08-21 12:45:44,124] {dag.py:2389} INFO - Sync 1 DAGs
[2022-08-21 12:45:44,134] {logging_mixin.py:109} WARNING - /home/ubuntu/anaconda3/lib/python3.9/site-packages/airflow/models/dag.py:2426 SAWarning: TypeDecorator UtcDateTime(timezone=True) will not produce a cache key because the ``cache_ok`` attribute is not set to True.  This can have significant performance implications including some performance degradations in comparison to prior SQLAlchemy versions.  Set this attribute to True if this type object's state is safe to use in a cache key, or False to disable this warning. (Background on this error at: https://sqlalche.me/e/14/cprf)
[2022-08-21 12:45:44,139] {logging_mixin.py:109} INFO - [2022-08-21 12:45:44,139] {dag.py:2914} INFO - Setting next_dagrun for example_kubernetes_executor to None
[2022-08-21 12:45:44,151] {processor.py:171} INFO - Processing /home/ubuntu/anaconda3/lib/python3.9/site-packages/airflow/example_dags/example_kubernetes_executor.py took 0.059 seconds
