[2022-08-21 12:35:26,010] {processor.py:163} INFO - Started process (PID=72492) to work on /home/ubuntu/anaconda3/lib/python3.9/site-packages/airflow/example_dags/tutorial_etl_dag.py
[2022-08-21 12:35:26,011] {processor.py:620} INFO - Processing file /home/ubuntu/anaconda3/lib/python3.9/site-packages/airflow/example_dags/tutorial_etl_dag.py for tasks to queue
[2022-08-21 12:35:26,012] {logging_mixin.py:109} INFO - [2022-08-21 12:35:26,011] {dagbag.py:500} INFO - Filling up the DagBag from /home/ubuntu/anaconda3/lib/python3.9/site-packages/airflow/example_dags/tutorial_etl_dag.py
[2022-08-21 12:35:26,029] {processor.py:632} INFO - DAG(s) dict_keys(['tutorial_etl_dag']) retrieved from /home/ubuntu/anaconda3/lib/python3.9/site-packages/airflow/example_dags/tutorial_etl_dag.py
[2022-08-21 12:35:26,033] {logging_mixin.py:109} WARNING - /home/ubuntu/anaconda3/lib/python3.9/site-packages/airflow/models/serialized_dag.py:120 SAWarning: TypeDecorator UtcDateTime(timezone=True) will not produce a cache key because the ``cache_ok`` attribute is not set to True.  This can have significant performance implications including some performance degradations in comparison to prior SQLAlchemy versions.  Set this attribute to True if this type object's state is safe to use in a cache key, or False to disable this warning. (Background on this error at: https://sqlalche.me/e/14/cprf)
[2022-08-21 12:35:26,040] {logging_mixin.py:109} INFO - [2022-08-21 12:35:26,040] {dag.py:2389} INFO - Sync 1 DAGs
[2022-08-21 12:35:26,050] {logging_mixin.py:109} WARNING - /home/ubuntu/anaconda3/lib/python3.9/site-packages/airflow/models/dag.py:2426 SAWarning: TypeDecorator UtcDateTime(timezone=True) will not produce a cache key because the ``cache_ok`` attribute is not set to True.  This can have significant performance implications including some performance degradations in comparison to prior SQLAlchemy versions.  Set this attribute to True if this type object's state is safe to use in a cache key, or False to disable this warning. (Background on this error at: https://sqlalche.me/e/14/cprf)
[2022-08-21 12:35:26,055] {logging_mixin.py:109} INFO - [2022-08-21 12:35:26,055] {dag.py:2914} INFO - Setting next_dagrun for tutorial_etl_dag to None
[2022-08-21 12:35:26,068] {processor.py:171} INFO - Processing /home/ubuntu/anaconda3/lib/python3.9/site-packages/airflow/example_dags/tutorial_etl_dag.py took 0.059 seconds
[2022-08-21 12:36:01,271] {processor.py:163} INFO - Started process (PID=72640) to work on /home/ubuntu/anaconda3/lib/python3.9/site-packages/airflow/example_dags/tutorial_etl_dag.py
[2022-08-21 12:36:01,272] {processor.py:620} INFO - Processing file /home/ubuntu/anaconda3/lib/python3.9/site-packages/airflow/example_dags/tutorial_etl_dag.py for tasks to queue
[2022-08-21 12:36:01,272] {logging_mixin.py:109} INFO - [2022-08-21 12:36:01,272] {dagbag.py:500} INFO - Filling up the DagBag from /home/ubuntu/anaconda3/lib/python3.9/site-packages/airflow/example_dags/tutorial_etl_dag.py
[2022-08-21 12:36:01,289] {processor.py:632} INFO - DAG(s) dict_keys(['tutorial_etl_dag']) retrieved from /home/ubuntu/anaconda3/lib/python3.9/site-packages/airflow/example_dags/tutorial_etl_dag.py
[2022-08-21 12:36:01,293] {logging_mixin.py:109} WARNING - /home/ubuntu/anaconda3/lib/python3.9/site-packages/airflow/models/serialized_dag.py:120 SAWarning: TypeDecorator UtcDateTime(timezone=True) will not produce a cache key because the ``cache_ok`` attribute is not set to True.  This can have significant performance implications including some performance degradations in comparison to prior SQLAlchemy versions.  Set this attribute to True if this type object's state is safe to use in a cache key, or False to disable this warning. (Background on this error at: https://sqlalche.me/e/14/cprf)
[2022-08-21 12:36:01,301] {logging_mixin.py:109} INFO - [2022-08-21 12:36:01,301] {dag.py:2389} INFO - Sync 1 DAGs
[2022-08-21 12:36:01,311] {logging_mixin.py:109} WARNING - /home/ubuntu/anaconda3/lib/python3.9/site-packages/airflow/models/dag.py:2426 SAWarning: TypeDecorator UtcDateTime(timezone=True) will not produce a cache key because the ``cache_ok`` attribute is not set to True.  This can have significant performance implications including some performance degradations in comparison to prior SQLAlchemy versions.  Set this attribute to True if this type object's state is safe to use in a cache key, or False to disable this warning. (Background on this error at: https://sqlalche.me/e/14/cprf)
[2022-08-21 12:36:01,316] {logging_mixin.py:109} INFO - [2022-08-21 12:36:01,315] {dag.py:2914} INFO - Setting next_dagrun for tutorial_etl_dag to None
[2022-08-21 12:36:01,328] {processor.py:171} INFO - Processing /home/ubuntu/anaconda3/lib/python3.9/site-packages/airflow/example_dags/tutorial_etl_dag.py took 0.059 seconds
[2022-08-21 12:36:36,563] {processor.py:163} INFO - Started process (PID=72674) to work on /home/ubuntu/anaconda3/lib/python3.9/site-packages/airflow/example_dags/tutorial_etl_dag.py
[2022-08-21 12:36:36,564] {processor.py:620} INFO - Processing file /home/ubuntu/anaconda3/lib/python3.9/site-packages/airflow/example_dags/tutorial_etl_dag.py for tasks to queue
[2022-08-21 12:36:36,564] {logging_mixin.py:109} INFO - [2022-08-21 12:36:36,564] {dagbag.py:500} INFO - Filling up the DagBag from /home/ubuntu/anaconda3/lib/python3.9/site-packages/airflow/example_dags/tutorial_etl_dag.py
[2022-08-21 12:36:36,582] {processor.py:632} INFO - DAG(s) dict_keys(['tutorial_etl_dag']) retrieved from /home/ubuntu/anaconda3/lib/python3.9/site-packages/airflow/example_dags/tutorial_etl_dag.py
[2022-08-21 12:36:36,586] {logging_mixin.py:109} WARNING - /home/ubuntu/anaconda3/lib/python3.9/site-packages/airflow/models/serialized_dag.py:120 SAWarning: TypeDecorator UtcDateTime(timezone=True) will not produce a cache key because the ``cache_ok`` attribute is not set to True.  This can have significant performance implications including some performance degradations in comparison to prior SQLAlchemy versions.  Set this attribute to True if this type object's state is safe to use in a cache key, or False to disable this warning. (Background on this error at: https://sqlalche.me/e/14/cprf)
[2022-08-21 12:36:36,593] {logging_mixin.py:109} INFO - [2022-08-21 12:36:36,593] {dag.py:2389} INFO - Sync 1 DAGs
[2022-08-21 12:36:36,603] {logging_mixin.py:109} WARNING - /home/ubuntu/anaconda3/lib/python3.9/site-packages/airflow/models/dag.py:2426 SAWarning: TypeDecorator UtcDateTime(timezone=True) will not produce a cache key because the ``cache_ok`` attribute is not set to True.  This can have significant performance implications including some performance degradations in comparison to prior SQLAlchemy versions.  Set this attribute to True if this type object's state is safe to use in a cache key, or False to disable this warning. (Background on this error at: https://sqlalche.me/e/14/cprf)
[2022-08-21 12:36:36,608] {logging_mixin.py:109} INFO - [2022-08-21 12:36:36,608] {dag.py:2914} INFO - Setting next_dagrun for tutorial_etl_dag to None
[2022-08-21 12:36:36,619] {processor.py:171} INFO - Processing /home/ubuntu/anaconda3/lib/python3.9/site-packages/airflow/example_dags/tutorial_etl_dag.py took 0.058 seconds
[2022-08-21 12:37:22,869] {processor.py:163} INFO - Started process (PID=72910) to work on /home/ubuntu/anaconda3/lib/python3.9/site-packages/airflow/example_dags/tutorial_etl_dag.py
[2022-08-21 12:37:22,869] {processor.py:620} INFO - Processing file /home/ubuntu/anaconda3/lib/python3.9/site-packages/airflow/example_dags/tutorial_etl_dag.py for tasks to queue
[2022-08-21 12:37:22,870] {logging_mixin.py:109} INFO - [2022-08-21 12:37:22,870] {dagbag.py:500} INFO - Filling up the DagBag from /home/ubuntu/anaconda3/lib/python3.9/site-packages/airflow/example_dags/tutorial_etl_dag.py
[2022-08-21 12:37:22,887] {processor.py:632} INFO - DAG(s) dict_keys(['tutorial_etl_dag']) retrieved from /home/ubuntu/anaconda3/lib/python3.9/site-packages/airflow/example_dags/tutorial_etl_dag.py
[2022-08-21 12:37:22,891] {logging_mixin.py:109} WARNING - /home/ubuntu/anaconda3/lib/python3.9/site-packages/airflow/models/serialized_dag.py:120 SAWarning: TypeDecorator UtcDateTime(timezone=True) will not produce a cache key because the ``cache_ok`` attribute is not set to True.  This can have significant performance implications including some performance degradations in comparison to prior SQLAlchemy versions.  Set this attribute to True if this type object's state is safe to use in a cache key, or False to disable this warning. (Background on this error at: https://sqlalche.me/e/14/cprf)
[2022-08-21 12:37:22,898] {logging_mixin.py:109} INFO - [2022-08-21 12:37:22,898] {dag.py:2389} INFO - Sync 1 DAGs
[2022-08-21 12:37:22,908] {logging_mixin.py:109} WARNING - /home/ubuntu/anaconda3/lib/python3.9/site-packages/airflow/models/dag.py:2426 SAWarning: TypeDecorator UtcDateTime(timezone=True) will not produce a cache key because the ``cache_ok`` attribute is not set to True.  This can have significant performance implications including some performance degradations in comparison to prior SQLAlchemy versions.  Set this attribute to True if this type object's state is safe to use in a cache key, or False to disable this warning. (Background on this error at: https://sqlalche.me/e/14/cprf)
[2022-08-21 12:37:22,912] {logging_mixin.py:109} INFO - [2022-08-21 12:37:22,912] {dag.py:2914} INFO - Setting next_dagrun for tutorial_etl_dag to None
[2022-08-21 12:37:22,924] {processor.py:171} INFO - Processing /home/ubuntu/anaconda3/lib/python3.9/site-packages/airflow/example_dags/tutorial_etl_dag.py took 0.057 seconds
[2022-08-21 12:37:58,102] {processor.py:163} INFO - Started process (PID=73092) to work on /home/ubuntu/anaconda3/lib/python3.9/site-packages/airflow/example_dags/tutorial_etl_dag.py
[2022-08-21 12:37:58,103] {processor.py:620} INFO - Processing file /home/ubuntu/anaconda3/lib/python3.9/site-packages/airflow/example_dags/tutorial_etl_dag.py for tasks to queue
[2022-08-21 12:37:58,103] {logging_mixin.py:109} INFO - [2022-08-21 12:37:58,103] {dagbag.py:500} INFO - Filling up the DagBag from /home/ubuntu/anaconda3/lib/python3.9/site-packages/airflow/example_dags/tutorial_etl_dag.py
[2022-08-21 12:37:58,121] {processor.py:632} INFO - DAG(s) dict_keys(['tutorial_etl_dag']) retrieved from /home/ubuntu/anaconda3/lib/python3.9/site-packages/airflow/example_dags/tutorial_etl_dag.py
[2022-08-21 12:37:58,126] {logging_mixin.py:109} WARNING - /home/ubuntu/anaconda3/lib/python3.9/site-packages/airflow/models/serialized_dag.py:120 SAWarning: TypeDecorator UtcDateTime(timezone=True) will not produce a cache key because the ``cache_ok`` attribute is not set to True.  This can have significant performance implications including some performance degradations in comparison to prior SQLAlchemy versions.  Set this attribute to True if this type object's state is safe to use in a cache key, or False to disable this warning. (Background on this error at: https://sqlalche.me/e/14/cprf)
[2022-08-21 12:37:58,133] {logging_mixin.py:109} INFO - [2022-08-21 12:37:58,133] {dag.py:2389} INFO - Sync 1 DAGs
[2022-08-21 12:37:58,142] {logging_mixin.py:109} WARNING - /home/ubuntu/anaconda3/lib/python3.9/site-packages/airflow/models/dag.py:2426 SAWarning: TypeDecorator UtcDateTime(timezone=True) will not produce a cache key because the ``cache_ok`` attribute is not set to True.  This can have significant performance implications including some performance degradations in comparison to prior SQLAlchemy versions.  Set this attribute to True if this type object's state is safe to use in a cache key, or False to disable this warning. (Background on this error at: https://sqlalche.me/e/14/cprf)
[2022-08-21 12:37:58,147] {logging_mixin.py:109} INFO - [2022-08-21 12:37:58,147] {dag.py:2914} INFO - Setting next_dagrun for tutorial_etl_dag to None
[2022-08-21 12:37:58,157] {processor.py:171} INFO - Processing /home/ubuntu/anaconda3/lib/python3.9/site-packages/airflow/example_dags/tutorial_etl_dag.py took 0.057 seconds
[2022-08-21 12:38:33,369] {processor.py:163} INFO - Started process (PID=73127) to work on /home/ubuntu/anaconda3/lib/python3.9/site-packages/airflow/example_dags/tutorial_etl_dag.py
[2022-08-21 12:38:33,369] {processor.py:620} INFO - Processing file /home/ubuntu/anaconda3/lib/python3.9/site-packages/airflow/example_dags/tutorial_etl_dag.py for tasks to queue
[2022-08-21 12:38:33,370] {logging_mixin.py:109} INFO - [2022-08-21 12:38:33,370] {dagbag.py:500} INFO - Filling up the DagBag from /home/ubuntu/anaconda3/lib/python3.9/site-packages/airflow/example_dags/tutorial_etl_dag.py
[2022-08-21 12:38:33,387] {processor.py:632} INFO - DAG(s) dict_keys(['tutorial_etl_dag']) retrieved from /home/ubuntu/anaconda3/lib/python3.9/site-packages/airflow/example_dags/tutorial_etl_dag.py
[2022-08-21 12:38:33,391] {logging_mixin.py:109} WARNING - /home/ubuntu/anaconda3/lib/python3.9/site-packages/airflow/models/serialized_dag.py:120 SAWarning: TypeDecorator UtcDateTime(timezone=True) will not produce a cache key because the ``cache_ok`` attribute is not set to True.  This can have significant performance implications including some performance degradations in comparison to prior SQLAlchemy versions.  Set this attribute to True if this type object's state is safe to use in a cache key, or False to disable this warning. (Background on this error at: https://sqlalche.me/e/14/cprf)
[2022-08-21 12:38:33,398] {logging_mixin.py:109} INFO - [2022-08-21 12:38:33,398] {dag.py:2389} INFO - Sync 1 DAGs
[2022-08-21 12:38:33,407] {logging_mixin.py:109} WARNING - /home/ubuntu/anaconda3/lib/python3.9/site-packages/airflow/models/dag.py:2426 SAWarning: TypeDecorator UtcDateTime(timezone=True) will not produce a cache key because the ``cache_ok`` attribute is not set to True.  This can have significant performance implications including some performance degradations in comparison to prior SQLAlchemy versions.  Set this attribute to True if this type object's state is safe to use in a cache key, or False to disable this warning. (Background on this error at: https://sqlalche.me/e/14/cprf)
[2022-08-21 12:38:33,412] {logging_mixin.py:109} INFO - [2022-08-21 12:38:33,412] {dag.py:2914} INFO - Setting next_dagrun for tutorial_etl_dag to None
[2022-08-21 12:38:33,423] {processor.py:171} INFO - Processing /home/ubuntu/anaconda3/lib/python3.9/site-packages/airflow/example_dags/tutorial_etl_dag.py took 0.056 seconds
[2022-08-21 12:39:08,031] {processor.py:163} INFO - Started process (PID=73221) to work on /home/ubuntu/anaconda3/lib/python3.9/site-packages/airflow/example_dags/tutorial_etl_dag.py
[2022-08-21 12:39:08,032] {processor.py:620} INFO - Processing file /home/ubuntu/anaconda3/lib/python3.9/site-packages/airflow/example_dags/tutorial_etl_dag.py for tasks to queue
[2022-08-21 12:39:08,032] {logging_mixin.py:109} INFO - [2022-08-21 12:39:08,032] {dagbag.py:500} INFO - Filling up the DagBag from /home/ubuntu/anaconda3/lib/python3.9/site-packages/airflow/example_dags/tutorial_etl_dag.py
[2022-08-21 12:39:08,049] {processor.py:632} INFO - DAG(s) dict_keys(['tutorial_etl_dag']) retrieved from /home/ubuntu/anaconda3/lib/python3.9/site-packages/airflow/example_dags/tutorial_etl_dag.py
[2022-08-21 12:39:08,053] {logging_mixin.py:109} WARNING - /home/ubuntu/anaconda3/lib/python3.9/site-packages/airflow/models/serialized_dag.py:120 SAWarning: TypeDecorator UtcDateTime(timezone=True) will not produce a cache key because the ``cache_ok`` attribute is not set to True.  This can have significant performance implications including some performance degradations in comparison to prior SQLAlchemy versions.  Set this attribute to True if this type object's state is safe to use in a cache key, or False to disable this warning. (Background on this error at: https://sqlalche.me/e/14/cprf)
[2022-08-21 12:39:08,061] {logging_mixin.py:109} INFO - [2022-08-21 12:39:08,060] {dag.py:2389} INFO - Sync 1 DAGs
[2022-08-21 12:39:08,071] {logging_mixin.py:109} WARNING - /home/ubuntu/anaconda3/lib/python3.9/site-packages/airflow/models/dag.py:2426 SAWarning: TypeDecorator UtcDateTime(timezone=True) will not produce a cache key because the ``cache_ok`` attribute is not set to True.  This can have significant performance implications including some performance degradations in comparison to prior SQLAlchemy versions.  Set this attribute to True if this type object's state is safe to use in a cache key, or False to disable this warning. (Background on this error at: https://sqlalche.me/e/14/cprf)
[2022-08-21 12:39:08,076] {logging_mixin.py:109} INFO - [2022-08-21 12:39:08,076] {dag.py:2914} INFO - Setting next_dagrun for tutorial_etl_dag to None
[2022-08-21 12:39:08,087] {processor.py:171} INFO - Processing /home/ubuntu/anaconda3/lib/python3.9/site-packages/airflow/example_dags/tutorial_etl_dag.py took 0.058 seconds
[2022-08-21 12:39:43,858] {processor.py:163} INFO - Started process (PID=73254) to work on /home/ubuntu/anaconda3/lib/python3.9/site-packages/airflow/example_dags/tutorial_etl_dag.py
[2022-08-21 12:39:43,859] {processor.py:620} INFO - Processing file /home/ubuntu/anaconda3/lib/python3.9/site-packages/airflow/example_dags/tutorial_etl_dag.py for tasks to queue
[2022-08-21 12:39:43,859] {logging_mixin.py:109} INFO - [2022-08-21 12:39:43,859] {dagbag.py:500} INFO - Filling up the DagBag from /home/ubuntu/anaconda3/lib/python3.9/site-packages/airflow/example_dags/tutorial_etl_dag.py
[2022-08-21 12:39:43,877] {processor.py:632} INFO - DAG(s) dict_keys(['tutorial_etl_dag']) retrieved from /home/ubuntu/anaconda3/lib/python3.9/site-packages/airflow/example_dags/tutorial_etl_dag.py
[2022-08-21 12:39:43,881] {logging_mixin.py:109} WARNING - /home/ubuntu/anaconda3/lib/python3.9/site-packages/airflow/models/serialized_dag.py:120 SAWarning: TypeDecorator UtcDateTime(timezone=True) will not produce a cache key because the ``cache_ok`` attribute is not set to True.  This can have significant performance implications including some performance degradations in comparison to prior SQLAlchemy versions.  Set this attribute to True if this type object's state is safe to use in a cache key, or False to disable this warning. (Background on this error at: https://sqlalche.me/e/14/cprf)
[2022-08-21 12:39:43,889] {logging_mixin.py:109} INFO - [2022-08-21 12:39:43,889] {dag.py:2389} INFO - Sync 1 DAGs
[2022-08-21 12:39:43,899] {logging_mixin.py:109} WARNING - /home/ubuntu/anaconda3/lib/python3.9/site-packages/airflow/models/dag.py:2426 SAWarning: TypeDecorator UtcDateTime(timezone=True) will not produce a cache key because the ``cache_ok`` attribute is not set to True.  This can have significant performance implications including some performance degradations in comparison to prior SQLAlchemy versions.  Set this attribute to True if this type object's state is safe to use in a cache key, or False to disable this warning. (Background on this error at: https://sqlalche.me/e/14/cprf)
[2022-08-21 12:39:43,905] {logging_mixin.py:109} INFO - [2022-08-21 12:39:43,904] {dag.py:2914} INFO - Setting next_dagrun for tutorial_etl_dag to None
[2022-08-21 12:39:43,918] {processor.py:171} INFO - Processing /home/ubuntu/anaconda3/lib/python3.9/site-packages/airflow/example_dags/tutorial_etl_dag.py took 0.061 seconds
[2022-08-21 12:40:16,238] {processor.py:163} INFO - Started process (PID=73286) to work on /home/ubuntu/anaconda3/lib/python3.9/site-packages/airflow/example_dags/tutorial_etl_dag.py
[2022-08-21 12:40:16,238] {processor.py:620} INFO - Processing file /home/ubuntu/anaconda3/lib/python3.9/site-packages/airflow/example_dags/tutorial_etl_dag.py for tasks to queue
[2022-08-21 12:40:16,239] {logging_mixin.py:109} INFO - [2022-08-21 12:40:16,239] {dagbag.py:500} INFO - Filling up the DagBag from /home/ubuntu/anaconda3/lib/python3.9/site-packages/airflow/example_dags/tutorial_etl_dag.py
[2022-08-21 12:40:16,256] {processor.py:632} INFO - DAG(s) dict_keys(['tutorial_etl_dag']) retrieved from /home/ubuntu/anaconda3/lib/python3.9/site-packages/airflow/example_dags/tutorial_etl_dag.py
[2022-08-21 12:40:16,260] {logging_mixin.py:109} WARNING - /home/ubuntu/anaconda3/lib/python3.9/site-packages/airflow/models/serialized_dag.py:120 SAWarning: TypeDecorator UtcDateTime(timezone=True) will not produce a cache key because the ``cache_ok`` attribute is not set to True.  This can have significant performance implications including some performance degradations in comparison to prior SQLAlchemy versions.  Set this attribute to True if this type object's state is safe to use in a cache key, or False to disable this warning. (Background on this error at: https://sqlalche.me/e/14/cprf)
[2022-08-21 12:40:16,266] {logging_mixin.py:109} INFO - [2022-08-21 12:40:16,266] {dag.py:2389} INFO - Sync 1 DAGs
[2022-08-21 12:40:16,276] {logging_mixin.py:109} WARNING - /home/ubuntu/anaconda3/lib/python3.9/site-packages/airflow/models/dag.py:2426 SAWarning: TypeDecorator UtcDateTime(timezone=True) will not produce a cache key because the ``cache_ok`` attribute is not set to True.  This can have significant performance implications including some performance degradations in comparison to prior SQLAlchemy versions.  Set this attribute to True if this type object's state is safe to use in a cache key, or False to disable this warning. (Background on this error at: https://sqlalche.me/e/14/cprf)
[2022-08-21 12:40:16,281] {logging_mixin.py:109} INFO - [2022-08-21 12:40:16,281] {dag.py:2914} INFO - Setting next_dagrun for tutorial_etl_dag to None
[2022-08-21 12:40:16,292] {processor.py:171} INFO - Processing /home/ubuntu/anaconda3/lib/python3.9/site-packages/airflow/example_dags/tutorial_etl_dag.py took 0.056 seconds
[2022-08-21 12:40:48,794] {processor.py:163} INFO - Started process (PID=73365) to work on /home/ubuntu/anaconda3/lib/python3.9/site-packages/airflow/example_dags/tutorial_etl_dag.py
[2022-08-21 12:40:48,794] {processor.py:620} INFO - Processing file /home/ubuntu/anaconda3/lib/python3.9/site-packages/airflow/example_dags/tutorial_etl_dag.py for tasks to queue
[2022-08-21 12:40:48,795] {logging_mixin.py:109} INFO - [2022-08-21 12:40:48,794] {dagbag.py:500} INFO - Filling up the DagBag from /home/ubuntu/anaconda3/lib/python3.9/site-packages/airflow/example_dags/tutorial_etl_dag.py
[2022-08-21 12:40:48,813] {processor.py:632} INFO - DAG(s) dict_keys(['tutorial_etl_dag']) retrieved from /home/ubuntu/anaconda3/lib/python3.9/site-packages/airflow/example_dags/tutorial_etl_dag.py
[2022-08-21 12:40:48,817] {logging_mixin.py:109} WARNING - /home/ubuntu/anaconda3/lib/python3.9/site-packages/airflow/models/serialized_dag.py:120 SAWarning: TypeDecorator UtcDateTime(timezone=True) will not produce a cache key because the ``cache_ok`` attribute is not set to True.  This can have significant performance implications including some performance degradations in comparison to prior SQLAlchemy versions.  Set this attribute to True if this type object's state is safe to use in a cache key, or False to disable this warning. (Background on this error at: https://sqlalche.me/e/14/cprf)
[2022-08-21 12:40:48,825] {logging_mixin.py:109} INFO - [2022-08-21 12:40:48,825] {dag.py:2389} INFO - Sync 1 DAGs
[2022-08-21 12:40:48,835] {logging_mixin.py:109} WARNING - /home/ubuntu/anaconda3/lib/python3.9/site-packages/airflow/models/dag.py:2426 SAWarning: TypeDecorator UtcDateTime(timezone=True) will not produce a cache key because the ``cache_ok`` attribute is not set to True.  This can have significant performance implications including some performance degradations in comparison to prior SQLAlchemy versions.  Set this attribute to True if this type object's state is safe to use in a cache key, or False to disable this warning. (Background on this error at: https://sqlalche.me/e/14/cprf)
[2022-08-21 12:40:48,840] {logging_mixin.py:109} INFO - [2022-08-21 12:40:48,840] {dag.py:2914} INFO - Setting next_dagrun for tutorial_etl_dag to None
[2022-08-21 12:40:48,852] {processor.py:171} INFO - Processing /home/ubuntu/anaconda3/lib/python3.9/site-packages/airflow/example_dags/tutorial_etl_dag.py took 0.061 seconds
[2022-08-21 12:41:21,978] {processor.py:163} INFO - Started process (PID=73446) to work on /home/ubuntu/anaconda3/lib/python3.9/site-packages/airflow/example_dags/tutorial_etl_dag.py
[2022-08-21 12:41:21,978] {processor.py:620} INFO - Processing file /home/ubuntu/anaconda3/lib/python3.9/site-packages/airflow/example_dags/tutorial_etl_dag.py for tasks to queue
[2022-08-21 12:41:21,979] {logging_mixin.py:109} INFO - [2022-08-21 12:41:21,979] {dagbag.py:500} INFO - Filling up the DagBag from /home/ubuntu/anaconda3/lib/python3.9/site-packages/airflow/example_dags/tutorial_etl_dag.py
[2022-08-21 12:41:22,004] {processor.py:632} INFO - DAG(s) dict_keys(['tutorial_etl_dag']) retrieved from /home/ubuntu/anaconda3/lib/python3.9/site-packages/airflow/example_dags/tutorial_etl_dag.py
[2022-08-21 12:41:22,010] {logging_mixin.py:109} WARNING - /home/ubuntu/anaconda3/lib/python3.9/site-packages/airflow/models/serialized_dag.py:120 SAWarning: TypeDecorator UtcDateTime(timezone=True) will not produce a cache key because the ``cache_ok`` attribute is not set to True.  This can have significant performance implications including some performance degradations in comparison to prior SQLAlchemy versions.  Set this attribute to True if this type object's state is safe to use in a cache key, or False to disable this warning. (Background on this error at: https://sqlalche.me/e/14/cprf)
[2022-08-21 12:41:22,021] {logging_mixin.py:109} INFO - [2022-08-21 12:41:22,020] {dag.py:2389} INFO - Sync 1 DAGs
[2022-08-21 12:41:22,035] {logging_mixin.py:109} WARNING - /home/ubuntu/anaconda3/lib/python3.9/site-packages/airflow/models/dag.py:2426 SAWarning: TypeDecorator UtcDateTime(timezone=True) will not produce a cache key because the ``cache_ok`` attribute is not set to True.  This can have significant performance implications including some performance degradations in comparison to prior SQLAlchemy versions.  Set this attribute to True if this type object's state is safe to use in a cache key, or False to disable this warning. (Background on this error at: https://sqlalche.me/e/14/cprf)
[2022-08-21 12:41:22,042] {logging_mixin.py:109} INFO - [2022-08-21 12:41:22,042] {dag.py:2914} INFO - Setting next_dagrun for tutorial_etl_dag to None
[2022-08-21 12:41:22,058] {processor.py:171} INFO - Processing /home/ubuntu/anaconda3/lib/python3.9/site-packages/airflow/example_dags/tutorial_etl_dag.py took 0.083 seconds
[2022-08-21 12:41:57,234] {processor.py:163} INFO - Started process (PID=73504) to work on /home/ubuntu/anaconda3/lib/python3.9/site-packages/airflow/example_dags/tutorial_etl_dag.py
[2022-08-21 12:41:57,234] {processor.py:620} INFO - Processing file /home/ubuntu/anaconda3/lib/python3.9/site-packages/airflow/example_dags/tutorial_etl_dag.py for tasks to queue
[2022-08-21 12:41:57,235] {logging_mixin.py:109} INFO - [2022-08-21 12:41:57,234] {dagbag.py:500} INFO - Filling up the DagBag from /home/ubuntu/anaconda3/lib/python3.9/site-packages/airflow/example_dags/tutorial_etl_dag.py
[2022-08-21 12:41:57,252] {processor.py:632} INFO - DAG(s) dict_keys(['tutorial_etl_dag']) retrieved from /home/ubuntu/anaconda3/lib/python3.9/site-packages/airflow/example_dags/tutorial_etl_dag.py
[2022-08-21 12:41:57,255] {logging_mixin.py:109} WARNING - /home/ubuntu/anaconda3/lib/python3.9/site-packages/airflow/models/serialized_dag.py:120 SAWarning: TypeDecorator UtcDateTime(timezone=True) will not produce a cache key because the ``cache_ok`` attribute is not set to True.  This can have significant performance implications including some performance degradations in comparison to prior SQLAlchemy versions.  Set this attribute to True if this type object's state is safe to use in a cache key, or False to disable this warning. (Background on this error at: https://sqlalche.me/e/14/cprf)
[2022-08-21 12:41:57,263] {logging_mixin.py:109} INFO - [2022-08-21 12:41:57,263] {dag.py:2389} INFO - Sync 1 DAGs
[2022-08-21 12:41:57,272] {logging_mixin.py:109} WARNING - /home/ubuntu/anaconda3/lib/python3.9/site-packages/airflow/models/dag.py:2426 SAWarning: TypeDecorator UtcDateTime(timezone=True) will not produce a cache key because the ``cache_ok`` attribute is not set to True.  This can have significant performance implications including some performance degradations in comparison to prior SQLAlchemy versions.  Set this attribute to True if this type object's state is safe to use in a cache key, or False to disable this warning. (Background on this error at: https://sqlalche.me/e/14/cprf)
[2022-08-21 12:41:57,277] {logging_mixin.py:109} INFO - [2022-08-21 12:41:57,277] {dag.py:2914} INFO - Setting next_dagrun for tutorial_etl_dag to None
[2022-08-21 12:41:57,288] {processor.py:171} INFO - Processing /home/ubuntu/anaconda3/lib/python3.9/site-packages/airflow/example_dags/tutorial_etl_dag.py took 0.057 seconds
[2022-08-21 12:42:30,493] {processor.py:163} INFO - Started process (PID=73642) to work on /home/ubuntu/anaconda3/lib/python3.9/site-packages/airflow/example_dags/tutorial_etl_dag.py
[2022-08-21 12:42:30,493] {processor.py:620} INFO - Processing file /home/ubuntu/anaconda3/lib/python3.9/site-packages/airflow/example_dags/tutorial_etl_dag.py for tasks to queue
[2022-08-21 12:42:30,494] {logging_mixin.py:109} INFO - [2022-08-21 12:42:30,494] {dagbag.py:500} INFO - Filling up the DagBag from /home/ubuntu/anaconda3/lib/python3.9/site-packages/airflow/example_dags/tutorial_etl_dag.py
[2022-08-21 12:42:30,511] {processor.py:632} INFO - DAG(s) dict_keys(['tutorial_etl_dag']) retrieved from /home/ubuntu/anaconda3/lib/python3.9/site-packages/airflow/example_dags/tutorial_etl_dag.py
[2022-08-21 12:42:30,515] {logging_mixin.py:109} WARNING - /home/ubuntu/anaconda3/lib/python3.9/site-packages/airflow/models/serialized_dag.py:120 SAWarning: TypeDecorator UtcDateTime(timezone=True) will not produce a cache key because the ``cache_ok`` attribute is not set to True.  This can have significant performance implications including some performance degradations in comparison to prior SQLAlchemy versions.  Set this attribute to True if this type object's state is safe to use in a cache key, or False to disable this warning. (Background on this error at: https://sqlalche.me/e/14/cprf)
[2022-08-21 12:42:30,523] {logging_mixin.py:109} INFO - [2022-08-21 12:42:30,523] {dag.py:2389} INFO - Sync 1 DAGs
[2022-08-21 12:42:30,532] {logging_mixin.py:109} WARNING - /home/ubuntu/anaconda3/lib/python3.9/site-packages/airflow/models/dag.py:2426 SAWarning: TypeDecorator UtcDateTime(timezone=True) will not produce a cache key because the ``cache_ok`` attribute is not set to True.  This can have significant performance implications including some performance degradations in comparison to prior SQLAlchemy versions.  Set this attribute to True if this type object's state is safe to use in a cache key, or False to disable this warning. (Background on this error at: https://sqlalche.me/e/14/cprf)
[2022-08-21 12:42:30,538] {logging_mixin.py:109} INFO - [2022-08-21 12:42:30,538] {dag.py:2914} INFO - Setting next_dagrun for tutorial_etl_dag to None
[2022-08-21 12:42:30,549] {processor.py:171} INFO - Processing /home/ubuntu/anaconda3/lib/python3.9/site-packages/airflow/example_dags/tutorial_etl_dag.py took 0.059 seconds
[2022-08-21 12:43:05,749] {processor.py:163} INFO - Started process (PID=73766) to work on /home/ubuntu/anaconda3/lib/python3.9/site-packages/airflow/example_dags/tutorial_etl_dag.py
[2022-08-21 12:43:05,750] {processor.py:620} INFO - Processing file /home/ubuntu/anaconda3/lib/python3.9/site-packages/airflow/example_dags/tutorial_etl_dag.py for tasks to queue
[2022-08-21 12:43:05,750] {logging_mixin.py:109} INFO - [2022-08-21 12:43:05,750] {dagbag.py:500} INFO - Filling up the DagBag from /home/ubuntu/anaconda3/lib/python3.9/site-packages/airflow/example_dags/tutorial_etl_dag.py
[2022-08-21 12:43:05,768] {processor.py:632} INFO - DAG(s) dict_keys(['tutorial_etl_dag']) retrieved from /home/ubuntu/anaconda3/lib/python3.9/site-packages/airflow/example_dags/tutorial_etl_dag.py
[2022-08-21 12:43:05,772] {logging_mixin.py:109} WARNING - /home/ubuntu/anaconda3/lib/python3.9/site-packages/airflow/models/serialized_dag.py:120 SAWarning: TypeDecorator UtcDateTime(timezone=True) will not produce a cache key because the ``cache_ok`` attribute is not set to True.  This can have significant performance implications including some performance degradations in comparison to prior SQLAlchemy versions.  Set this attribute to True if this type object's state is safe to use in a cache key, or False to disable this warning. (Background on this error at: https://sqlalche.me/e/14/cprf)
[2022-08-21 12:43:05,781] {logging_mixin.py:109} INFO - [2022-08-21 12:43:05,781] {dag.py:2389} INFO - Sync 1 DAGs
[2022-08-21 12:43:05,802] {logging_mixin.py:109} WARNING - /home/ubuntu/anaconda3/lib/python3.9/site-packages/airflow/models/dag.py:2426 SAWarning: TypeDecorator UtcDateTime(timezone=True) will not produce a cache key because the ``cache_ok`` attribute is not set to True.  This can have significant performance implications including some performance degradations in comparison to prior SQLAlchemy versions.  Set this attribute to True if this type object's state is safe to use in a cache key, or False to disable this warning. (Background on this error at: https://sqlalche.me/e/14/cprf)
[2022-08-21 12:43:05,807] {logging_mixin.py:109} INFO - [2022-08-21 12:43:05,807] {dag.py:2914} INFO - Setting next_dagrun for tutorial_etl_dag to None
[2022-08-21 12:43:05,819] {processor.py:171} INFO - Processing /home/ubuntu/anaconda3/lib/python3.9/site-packages/airflow/example_dags/tutorial_etl_dag.py took 0.072 seconds
[2022-08-21 12:43:41,865] {processor.py:163} INFO - Started process (PID=73892) to work on /home/ubuntu/anaconda3/lib/python3.9/site-packages/airflow/example_dags/tutorial_etl_dag.py
[2022-08-21 12:43:41,865] {processor.py:620} INFO - Processing file /home/ubuntu/anaconda3/lib/python3.9/site-packages/airflow/example_dags/tutorial_etl_dag.py for tasks to queue
[2022-08-21 12:43:41,866] {logging_mixin.py:109} INFO - [2022-08-21 12:43:41,866] {dagbag.py:500} INFO - Filling up the DagBag from /home/ubuntu/anaconda3/lib/python3.9/site-packages/airflow/example_dags/tutorial_etl_dag.py
[2022-08-21 12:43:41,882] {processor.py:632} INFO - DAG(s) dict_keys(['tutorial_etl_dag']) retrieved from /home/ubuntu/anaconda3/lib/python3.9/site-packages/airflow/example_dags/tutorial_etl_dag.py
[2022-08-21 12:43:41,886] {logging_mixin.py:109} WARNING - /home/ubuntu/anaconda3/lib/python3.9/site-packages/airflow/models/serialized_dag.py:120 SAWarning: TypeDecorator UtcDateTime(timezone=True) will not produce a cache key because the ``cache_ok`` attribute is not set to True.  This can have significant performance implications including some performance degradations in comparison to prior SQLAlchemy versions.  Set this attribute to True if this type object's state is safe to use in a cache key, or False to disable this warning. (Background on this error at: https://sqlalche.me/e/14/cprf)
[2022-08-21 12:43:41,893] {logging_mixin.py:109} INFO - [2022-08-21 12:43:41,893] {dag.py:2389} INFO - Sync 1 DAGs
[2022-08-21 12:43:41,903] {logging_mixin.py:109} WARNING - /home/ubuntu/anaconda3/lib/python3.9/site-packages/airflow/models/dag.py:2426 SAWarning: TypeDecorator UtcDateTime(timezone=True) will not produce a cache key because the ``cache_ok`` attribute is not set to True.  This can have significant performance implications including some performance degradations in comparison to prior SQLAlchemy versions.  Set this attribute to True if this type object's state is safe to use in a cache key, or False to disable this warning. (Background on this error at: https://sqlalche.me/e/14/cprf)
[2022-08-21 12:43:41,908] {logging_mixin.py:109} INFO - [2022-08-21 12:43:41,908] {dag.py:2914} INFO - Setting next_dagrun for tutorial_etl_dag to None
[2022-08-21 12:43:41,919] {processor.py:171} INFO - Processing /home/ubuntu/anaconda3/lib/python3.9/site-packages/airflow/example_dags/tutorial_etl_dag.py took 0.057 seconds
[2022-08-21 12:44:18,290] {processor.py:163} INFO - Started process (PID=74154) to work on /home/ubuntu/anaconda3/lib/python3.9/site-packages/airflow/example_dags/tutorial_etl_dag.py
[2022-08-21 12:44:18,290] {processor.py:620} INFO - Processing file /home/ubuntu/anaconda3/lib/python3.9/site-packages/airflow/example_dags/tutorial_etl_dag.py for tasks to queue
[2022-08-21 12:44:18,291] {logging_mixin.py:109} INFO - [2022-08-21 12:44:18,291] {dagbag.py:500} INFO - Filling up the DagBag from /home/ubuntu/anaconda3/lib/python3.9/site-packages/airflow/example_dags/tutorial_etl_dag.py
[2022-08-21 12:44:18,308] {processor.py:632} INFO - DAG(s) dict_keys(['tutorial_etl_dag']) retrieved from /home/ubuntu/anaconda3/lib/python3.9/site-packages/airflow/example_dags/tutorial_etl_dag.py
[2022-08-21 12:44:18,312] {logging_mixin.py:109} WARNING - /home/ubuntu/anaconda3/lib/python3.9/site-packages/airflow/models/serialized_dag.py:120 SAWarning: TypeDecorator UtcDateTime(timezone=True) will not produce a cache key because the ``cache_ok`` attribute is not set to True.  This can have significant performance implications including some performance degradations in comparison to prior SQLAlchemy versions.  Set this attribute to True if this type object's state is safe to use in a cache key, or False to disable this warning. (Background on this error at: https://sqlalche.me/e/14/cprf)
[2022-08-21 12:44:18,319] {logging_mixin.py:109} INFO - [2022-08-21 12:44:18,319] {dag.py:2389} INFO - Sync 1 DAGs
[2022-08-21 12:44:18,329] {logging_mixin.py:109} WARNING - /home/ubuntu/anaconda3/lib/python3.9/site-packages/airflow/models/dag.py:2426 SAWarning: TypeDecorator UtcDateTime(timezone=True) will not produce a cache key because the ``cache_ok`` attribute is not set to True.  This can have significant performance implications including some performance degradations in comparison to prior SQLAlchemy versions.  Set this attribute to True if this type object's state is safe to use in a cache key, or False to disable this warning. (Background on this error at: https://sqlalche.me/e/14/cprf)
[2022-08-21 12:44:18,334] {logging_mixin.py:109} INFO - [2022-08-21 12:44:18,334] {dag.py:2914} INFO - Setting next_dagrun for tutorial_etl_dag to None
[2022-08-21 12:44:18,346] {processor.py:171} INFO - Processing /home/ubuntu/anaconda3/lib/python3.9/site-packages/airflow/example_dags/tutorial_etl_dag.py took 0.058 seconds
[2022-08-21 12:44:53,244] {processor.py:163} INFO - Started process (PID=74229) to work on /home/ubuntu/anaconda3/lib/python3.9/site-packages/airflow/example_dags/tutorial_etl_dag.py
[2022-08-21 12:44:53,245] {processor.py:620} INFO - Processing file /home/ubuntu/anaconda3/lib/python3.9/site-packages/airflow/example_dags/tutorial_etl_dag.py for tasks to queue
[2022-08-21 12:44:53,245] {logging_mixin.py:109} INFO - [2022-08-21 12:44:53,245] {dagbag.py:500} INFO - Filling up the DagBag from /home/ubuntu/anaconda3/lib/python3.9/site-packages/airflow/example_dags/tutorial_etl_dag.py
[2022-08-21 12:44:53,262] {processor.py:632} INFO - DAG(s) dict_keys(['tutorial_etl_dag']) retrieved from /home/ubuntu/anaconda3/lib/python3.9/site-packages/airflow/example_dags/tutorial_etl_dag.py
[2022-08-21 12:44:53,266] {logging_mixin.py:109} WARNING - /home/ubuntu/anaconda3/lib/python3.9/site-packages/airflow/models/serialized_dag.py:120 SAWarning: TypeDecorator UtcDateTime(timezone=True) will not produce a cache key because the ``cache_ok`` attribute is not set to True.  This can have significant performance implications including some performance degradations in comparison to prior SQLAlchemy versions.  Set this attribute to True if this type object's state is safe to use in a cache key, or False to disable this warning. (Background on this error at: https://sqlalche.me/e/14/cprf)
[2022-08-21 12:44:53,273] {logging_mixin.py:109} INFO - [2022-08-21 12:44:53,272] {dag.py:2389} INFO - Sync 1 DAGs
[2022-08-21 12:44:53,283] {logging_mixin.py:109} WARNING - /home/ubuntu/anaconda3/lib/python3.9/site-packages/airflow/models/dag.py:2426 SAWarning: TypeDecorator UtcDateTime(timezone=True) will not produce a cache key because the ``cache_ok`` attribute is not set to True.  This can have significant performance implications including some performance degradations in comparison to prior SQLAlchemy versions.  Set this attribute to True if this type object's state is safe to use in a cache key, or False to disable this warning. (Background on this error at: https://sqlalche.me/e/14/cprf)
[2022-08-21 12:44:53,288] {logging_mixin.py:109} INFO - [2022-08-21 12:44:53,288] {dag.py:2914} INFO - Setting next_dagrun for tutorial_etl_dag to None
[2022-08-21 12:44:53,299] {processor.py:171} INFO - Processing /home/ubuntu/anaconda3/lib/python3.9/site-packages/airflow/example_dags/tutorial_etl_dag.py took 0.057 seconds
[2022-08-21 12:45:27,936] {processor.py:163} INFO - Started process (PID=74642) to work on /home/ubuntu/anaconda3/lib/python3.9/site-packages/airflow/example_dags/tutorial_etl_dag.py
[2022-08-21 12:45:27,937] {processor.py:620} INFO - Processing file /home/ubuntu/anaconda3/lib/python3.9/site-packages/airflow/example_dags/tutorial_etl_dag.py for tasks to queue
[2022-08-21 12:45:27,937] {logging_mixin.py:109} INFO - [2022-08-21 12:45:27,937] {dagbag.py:500} INFO - Filling up the DagBag from /home/ubuntu/anaconda3/lib/python3.9/site-packages/airflow/example_dags/tutorial_etl_dag.py
[2022-08-21 12:45:27,955] {processor.py:632} INFO - DAG(s) dict_keys(['tutorial_etl_dag']) retrieved from /home/ubuntu/anaconda3/lib/python3.9/site-packages/airflow/example_dags/tutorial_etl_dag.py
[2022-08-21 12:45:27,959] {logging_mixin.py:109} WARNING - /home/ubuntu/anaconda3/lib/python3.9/site-packages/airflow/models/serialized_dag.py:120 SAWarning: TypeDecorator UtcDateTime(timezone=True) will not produce a cache key because the ``cache_ok`` attribute is not set to True.  This can have significant performance implications including some performance degradations in comparison to prior SQLAlchemy versions.  Set this attribute to True if this type object's state is safe to use in a cache key, or False to disable this warning. (Background on this error at: https://sqlalche.me/e/14/cprf)
[2022-08-21 12:45:27,965] {logging_mixin.py:109} INFO - [2022-08-21 12:45:27,965] {dag.py:2389} INFO - Sync 1 DAGs
[2022-08-21 12:45:27,975] {logging_mixin.py:109} WARNING - /home/ubuntu/anaconda3/lib/python3.9/site-packages/airflow/models/dag.py:2426 SAWarning: TypeDecorator UtcDateTime(timezone=True) will not produce a cache key because the ``cache_ok`` attribute is not set to True.  This can have significant performance implications including some performance degradations in comparison to prior SQLAlchemy versions.  Set this attribute to True if this type object's state is safe to use in a cache key, or False to disable this warning. (Background on this error at: https://sqlalche.me/e/14/cprf)
[2022-08-21 12:45:27,980] {logging_mixin.py:109} INFO - [2022-08-21 12:45:27,980] {dag.py:2914} INFO - Setting next_dagrun for tutorial_etl_dag to None
[2022-08-21 12:45:27,992] {processor.py:171} INFO - Processing /home/ubuntu/anaconda3/lib/python3.9/site-packages/airflow/example_dags/tutorial_etl_dag.py took 0.058 seconds
[2022-08-21 12:46:01,295] {processor.py:163} INFO - Started process (PID=74829) to work on /home/ubuntu/anaconda3/lib/python3.9/site-packages/airflow/example_dags/tutorial_etl_dag.py
[2022-08-21 12:46:01,296] {processor.py:620} INFO - Processing file /home/ubuntu/anaconda3/lib/python3.9/site-packages/airflow/example_dags/tutorial_etl_dag.py for tasks to queue
[2022-08-21 12:46:01,296] {logging_mixin.py:109} INFO - [2022-08-21 12:46:01,296] {dagbag.py:500} INFO - Filling up the DagBag from /home/ubuntu/anaconda3/lib/python3.9/site-packages/airflow/example_dags/tutorial_etl_dag.py
[2022-08-21 12:46:01,313] {processor.py:632} INFO - DAG(s) dict_keys(['tutorial_etl_dag']) retrieved from /home/ubuntu/anaconda3/lib/python3.9/site-packages/airflow/example_dags/tutorial_etl_dag.py
[2022-08-21 12:46:01,317] {logging_mixin.py:109} WARNING - /home/ubuntu/anaconda3/lib/python3.9/site-packages/airflow/models/serialized_dag.py:120 SAWarning: TypeDecorator UtcDateTime(timezone=True) will not produce a cache key because the ``cache_ok`` attribute is not set to True.  This can have significant performance implications including some performance degradations in comparison to prior SQLAlchemy versions.  Set this attribute to True if this type object's state is safe to use in a cache key, or False to disable this warning. (Background on this error at: https://sqlalche.me/e/14/cprf)
[2022-08-21 12:46:01,324] {logging_mixin.py:109} INFO - [2022-08-21 12:46:01,324] {dag.py:2389} INFO - Sync 1 DAGs
[2022-08-21 12:46:01,334] {logging_mixin.py:109} WARNING - /home/ubuntu/anaconda3/lib/python3.9/site-packages/airflow/models/dag.py:2426 SAWarning: TypeDecorator UtcDateTime(timezone=True) will not produce a cache key because the ``cache_ok`` attribute is not set to True.  This can have significant performance implications including some performance degradations in comparison to prior SQLAlchemy versions.  Set this attribute to True if this type object's state is safe to use in a cache key, or False to disable this warning. (Background on this error at: https://sqlalche.me/e/14/cprf)
[2022-08-21 12:46:01,339] {logging_mixin.py:109} INFO - [2022-08-21 12:46:01,339] {dag.py:2914} INFO - Setting next_dagrun for tutorial_etl_dag to None
[2022-08-21 12:46:01,350] {processor.py:171} INFO - Processing /home/ubuntu/anaconda3/lib/python3.9/site-packages/airflow/example_dags/tutorial_etl_dag.py took 0.057 seconds
