[2022-08-21 12:42:17,979] {processor.py:163} INFO - Started process (PID=73550) to work on /home/ubuntu/airflow/dags/hello.py
[2022-08-21 12:42:17,980] {processor.py:620} INFO - Processing file /home/ubuntu/airflow/dags/hello.py for tasks to queue
[2022-08-21 12:42:17,980] {logging_mixin.py:109} INFO - [2022-08-21 12:42:17,980] {dagbag.py:500} INFO - Filling up the DagBag from /home/ubuntu/airflow/dags/hello.py
[2022-08-21 12:42:17,999] {processor.py:632} INFO - DAG(s) dict_keys(['hello_world']) retrieved from /home/ubuntu/airflow/dags/hello.py
[2022-08-21 12:42:18,003] {logging_mixin.py:109} WARNING - /home/ubuntu/anaconda3/lib/python3.9/site-packages/airflow/models/serialized_dag.py:120 SAWarning: TypeDecorator UtcDateTime(timezone=True) will not produce a cache key because the ``cache_ok`` attribute is not set to True.  This can have significant performance implications including some performance degradations in comparison to prior SQLAlchemy versions.  Set this attribute to True if this type object's state is safe to use in a cache key, or False to disable this warning. (Background on this error at: https://sqlalche.me/e/14/cprf)
[2022-08-21 12:42:18,585] {logging_mixin.py:109} INFO - [2022-08-21 12:42:18,584] {manager.py:496} INFO - Created Permission View: can read on DAG:hello_world
[2022-08-21 12:42:18,595] {logging_mixin.py:109} INFO - [2022-08-21 12:42:18,595] {manager.py:496} INFO - Created Permission View: can edit on DAG:hello_world
[2022-08-21 12:42:18,595] {logging_mixin.py:109} INFO - [2022-08-21 12:42:18,595] {dag.py:2389} INFO - Sync 1 DAGs
[2022-08-21 12:42:18,685] {logging_mixin.py:109} INFO - [2022-08-21 12:42:18,685] {dag.py:2408} INFO - Creating ORM DAG for hello_world
[2022-08-21 12:42:18,689] {logging_mixin.py:109} WARNING - /home/ubuntu/anaconda3/lib/python3.9/site-packages/airflow/models/dag.py:2426 SAWarning: TypeDecorator UtcDateTime(timezone=True) will not produce a cache key because the ``cache_ok`` attribute is not set to True.  This can have significant performance implications including some performance degradations in comparison to prior SQLAlchemy versions.  Set this attribute to True if this type object's state is safe to use in a cache key, or False to disable this warning. (Background on this error at: https://sqlalche.me/e/14/cprf)
[2022-08-21 12:42:18,696] {logging_mixin.py:109} INFO - [2022-08-21 12:42:18,696] {dag.py:2914} INFO - Setting next_dagrun for hello_world to 2022-08-19 06:00:00+00:00
[2022-08-21 12:42:18,713] {processor.py:171} INFO - Processing /home/ubuntu/airflow/dags/hello.py took 0.736 seconds
[2022-08-21 12:42:53,695] {processor.py:163} INFO - Started process (PID=73725) to work on /home/ubuntu/airflow/dags/hello.py
[2022-08-21 12:42:53,695] {processor.py:620} INFO - Processing file /home/ubuntu/airflow/dags/hello.py for tasks to queue
[2022-08-21 12:42:53,696] {logging_mixin.py:109} INFO - [2022-08-21 12:42:53,696] {dagbag.py:500} INFO - Filling up the DagBag from /home/ubuntu/airflow/dags/hello.py
[2022-08-21 12:42:53,715] {processor.py:632} INFO - DAG(s) dict_keys(['hello_world']) retrieved from /home/ubuntu/airflow/dags/hello.py
[2022-08-21 12:42:53,719] {logging_mixin.py:109} WARNING - /home/ubuntu/anaconda3/lib/python3.9/site-packages/airflow/models/serialized_dag.py:120 SAWarning: TypeDecorator UtcDateTime(timezone=True) will not produce a cache key because the ``cache_ok`` attribute is not set to True.  This can have significant performance implications including some performance degradations in comparison to prior SQLAlchemy versions.  Set this attribute to True if this type object's state is safe to use in a cache key, or False to disable this warning. (Background on this error at: https://sqlalche.me/e/14/cprf)
[2022-08-21 12:42:53,725] {logging_mixin.py:109} INFO - [2022-08-21 12:42:53,725] {dag.py:2389} INFO - Sync 1 DAGs
[2022-08-21 12:42:53,736] {logging_mixin.py:109} WARNING - /home/ubuntu/anaconda3/lib/python3.9/site-packages/airflow/models/dag.py:2426 SAWarning: TypeDecorator UtcDateTime(timezone=True) will not produce a cache key because the ``cache_ok`` attribute is not set to True.  This can have significant performance implications including some performance degradations in comparison to prior SQLAlchemy versions.  Set this attribute to True if this type object's state is safe to use in a cache key, or False to disable this warning. (Background on this error at: https://sqlalche.me/e/14/cprf)
[2022-08-21 12:42:53,742] {logging_mixin.py:109} INFO - [2022-08-21 12:42:53,742] {dag.py:2914} INFO - Setting next_dagrun for hello_world to 2022-08-19 06:00:00+00:00
[2022-08-21 12:42:53,753] {processor.py:171} INFO - Processing /home/ubuntu/airflow/dags/hello.py took 0.060 seconds
[2022-08-21 12:43:27,542] {processor.py:163} INFO - Started process (PID=73817) to work on /home/ubuntu/airflow/dags/hello.py
[2022-08-21 12:43:27,543] {processor.py:620} INFO - Processing file /home/ubuntu/airflow/dags/hello.py for tasks to queue
[2022-08-21 12:43:27,543] {logging_mixin.py:109} INFO - [2022-08-21 12:43:27,543] {dagbag.py:500} INFO - Filling up the DagBag from /home/ubuntu/airflow/dags/hello.py
[2022-08-21 12:43:27,571] {processor.py:632} INFO - DAG(s) dict_keys(['hello_world']) retrieved from /home/ubuntu/airflow/dags/hello.py
[2022-08-21 12:43:27,577] {logging_mixin.py:109} WARNING - /home/ubuntu/anaconda3/lib/python3.9/site-packages/airflow/models/serialized_dag.py:120 SAWarning: TypeDecorator UtcDateTime(timezone=True) will not produce a cache key because the ``cache_ok`` attribute is not set to True.  This can have significant performance implications including some performance degradations in comparison to prior SQLAlchemy versions.  Set this attribute to True if this type object's state is safe to use in a cache key, or False to disable this warning. (Background on this error at: https://sqlalche.me/e/14/cprf)
[2022-08-21 12:43:27,587] {logging_mixin.py:109} INFO - [2022-08-21 12:43:27,587] {dag.py:2389} INFO - Sync 1 DAGs
[2022-08-21 12:43:27,606] {logging_mixin.py:109} WARNING - /home/ubuntu/anaconda3/lib/python3.9/site-packages/airflow/models/dag.py:2426 SAWarning: TypeDecorator UtcDateTime(timezone=True) will not produce a cache key because the ``cache_ok`` attribute is not set to True.  This can have significant performance implications including some performance degradations in comparison to prior SQLAlchemy versions.  Set this attribute to True if this type object's state is safe to use in a cache key, or False to disable this warning. (Background on this error at: https://sqlalche.me/e/14/cprf)
[2022-08-21 12:43:27,617] {logging_mixin.py:109} INFO - [2022-08-21 12:43:27,617] {dag.py:2914} INFO - Setting next_dagrun for hello_world to 2022-08-19 06:00:00+00:00
[2022-08-21 12:43:27,634] {processor.py:171} INFO - Processing /home/ubuntu/airflow/dags/hello.py took 0.095 seconds
[2022-08-21 12:44:06,326] {processor.py:163} INFO - Started process (PID=74084) to work on /home/ubuntu/airflow/dags/hello.py
[2022-08-21 12:44:06,332] {processor.py:620} INFO - Processing file /home/ubuntu/airflow/dags/hello.py for tasks to queue
[2022-08-21 12:44:06,332] {logging_mixin.py:109} INFO - [2022-08-21 12:44:06,332] {dagbag.py:500} INFO - Filling up the DagBag from /home/ubuntu/airflow/dags/hello.py
[2022-08-21 12:44:06,407] {processor.py:632} INFO - DAG(s) dict_keys(['hello_world']) retrieved from /home/ubuntu/airflow/dags/hello.py
[2022-08-21 12:44:06,425] {logging_mixin.py:109} WARNING - /home/ubuntu/anaconda3/lib/python3.9/site-packages/airflow/models/serialized_dag.py:120 SAWarning: TypeDecorator UtcDateTime(timezone=True) will not produce a cache key because the ``cache_ok`` attribute is not set to True.  This can have significant performance implications including some performance degradations in comparison to prior SQLAlchemy versions.  Set this attribute to True if this type object's state is safe to use in a cache key, or False to disable this warning. (Background on this error at: https://sqlalche.me/e/14/cprf)
[2022-08-21 12:44:06,445] {logging_mixin.py:109} INFO - [2022-08-21 12:44:06,444] {dag.py:2389} INFO - Sync 1 DAGs
[2022-08-21 12:44:06,473] {logging_mixin.py:109} WARNING - /home/ubuntu/anaconda3/lib/python3.9/site-packages/airflow/models/dag.py:2426 SAWarning: TypeDecorator UtcDateTime(timezone=True) will not produce a cache key because the ``cache_ok`` attribute is not set to True.  This can have significant performance implications including some performance degradations in comparison to prior SQLAlchemy versions.  Set this attribute to True if this type object's state is safe to use in a cache key, or False to disable this warning. (Background on this error at: https://sqlalche.me/e/14/cprf)
[2022-08-21 12:44:06,495] {logging_mixin.py:109} INFO - [2022-08-21 12:44:06,495] {dag.py:2914} INFO - Setting next_dagrun for hello_world to 2022-08-19 06:00:00+00:00
[2022-08-21 12:44:06,532] {processor.py:171} INFO - Processing /home/ubuntu/airflow/dags/hello.py took 0.217 seconds
[2022-08-21 12:44:44,609] {processor.py:163} INFO - Started process (PID=74179) to work on /home/ubuntu/airflow/dags/hello.py
[2022-08-21 12:44:44,609] {processor.py:620} INFO - Processing file /home/ubuntu/airflow/dags/hello.py for tasks to queue
[2022-08-21 12:44:44,610] {logging_mixin.py:109} INFO - [2022-08-21 12:44:44,610] {dagbag.py:500} INFO - Filling up the DagBag from /home/ubuntu/airflow/dags/hello.py
[2022-08-21 12:44:44,628] {processor.py:632} INFO - DAG(s) dict_keys(['hello_world']) retrieved from /home/ubuntu/airflow/dags/hello.py
[2022-08-21 12:44:44,632] {logging_mixin.py:109} WARNING - /home/ubuntu/anaconda3/lib/python3.9/site-packages/airflow/models/serialized_dag.py:120 SAWarning: TypeDecorator UtcDateTime(timezone=True) will not produce a cache key because the ``cache_ok`` attribute is not set to True.  This can have significant performance implications including some performance degradations in comparison to prior SQLAlchemy versions.  Set this attribute to True if this type object's state is safe to use in a cache key, or False to disable this warning. (Background on this error at: https://sqlalche.me/e/14/cprf)
[2022-08-21 12:44:44,640] {logging_mixin.py:109} INFO - [2022-08-21 12:44:44,640] {dag.py:2389} INFO - Sync 1 DAGs
[2022-08-21 12:44:44,650] {logging_mixin.py:109} WARNING - /home/ubuntu/anaconda3/lib/python3.9/site-packages/airflow/models/dag.py:2426 SAWarning: TypeDecorator UtcDateTime(timezone=True) will not produce a cache key because the ``cache_ok`` attribute is not set to True.  This can have significant performance implications including some performance degradations in comparison to prior SQLAlchemy versions.  Set this attribute to True if this type object's state is safe to use in a cache key, or False to disable this warning. (Background on this error at: https://sqlalche.me/e/14/cprf)
[2022-08-21 12:44:44,656] {logging_mixin.py:109} INFO - [2022-08-21 12:44:44,656] {dag.py:2914} INFO - Setting next_dagrun for hello_world to 2022-08-19 06:00:00+00:00
[2022-08-21 12:44:44,668] {processor.py:171} INFO - Processing /home/ubuntu/airflow/dags/hello.py took 0.061 seconds
[2022-08-21 12:45:19,881] {processor.py:163} INFO - Started process (PID=74329) to work on /home/ubuntu/airflow/dags/hello.py
[2022-08-21 12:45:19,882] {processor.py:620} INFO - Processing file /home/ubuntu/airflow/dags/hello.py for tasks to queue
[2022-08-21 12:45:19,882] {logging_mixin.py:109} INFO - [2022-08-21 12:45:19,882] {dagbag.py:500} INFO - Filling up the DagBag from /home/ubuntu/airflow/dags/hello.py
[2022-08-21 12:45:19,903] {processor.py:632} INFO - DAG(s) dict_keys(['hello_world']) retrieved from /home/ubuntu/airflow/dags/hello.py
[2022-08-21 12:45:19,907] {logging_mixin.py:109} WARNING - /home/ubuntu/anaconda3/lib/python3.9/site-packages/airflow/models/serialized_dag.py:120 SAWarning: TypeDecorator UtcDateTime(timezone=True) will not produce a cache key because the ``cache_ok`` attribute is not set to True.  This can have significant performance implications including some performance degradations in comparison to prior SQLAlchemy versions.  Set this attribute to True if this type object's state is safe to use in a cache key, or False to disable this warning. (Background on this error at: https://sqlalche.me/e/14/cprf)
[2022-08-21 12:45:19,915] {logging_mixin.py:109} INFO - [2022-08-21 12:45:19,915] {dag.py:2389} INFO - Sync 1 DAGs
[2022-08-21 12:45:19,925] {logging_mixin.py:109} WARNING - /home/ubuntu/anaconda3/lib/python3.9/site-packages/airflow/models/dag.py:2426 SAWarning: TypeDecorator UtcDateTime(timezone=True) will not produce a cache key because the ``cache_ok`` attribute is not set to True.  This can have significant performance implications including some performance degradations in comparison to prior SQLAlchemy versions.  Set this attribute to True if this type object's state is safe to use in a cache key, or False to disable this warning. (Background on this error at: https://sqlalche.me/e/14/cprf)
[2022-08-21 12:45:19,932] {logging_mixin.py:109} INFO - [2022-08-21 12:45:19,932] {dag.py:2914} INFO - Setting next_dagrun for hello_world to 2022-08-19 06:00:00+00:00
[2022-08-21 12:45:19,946] {processor.py:171} INFO - Processing /home/ubuntu/airflow/dags/hello.py took 0.068 seconds
[2022-08-21 12:45:53,004] {processor.py:163} INFO - Started process (PID=74796) to work on /home/ubuntu/airflow/dags/hello.py
[2022-08-21 12:45:53,004] {processor.py:620} INFO - Processing file /home/ubuntu/airflow/dags/hello.py for tasks to queue
[2022-08-21 12:45:53,004] {logging_mixin.py:109} INFO - [2022-08-21 12:45:53,004] {dagbag.py:500} INFO - Filling up the DagBag from /home/ubuntu/airflow/dags/hello.py
[2022-08-21 12:45:53,024] {processor.py:632} INFO - DAG(s) dict_keys(['hello_world']) retrieved from /home/ubuntu/airflow/dags/hello.py
[2022-08-21 12:45:53,028] {logging_mixin.py:109} WARNING - /home/ubuntu/anaconda3/lib/python3.9/site-packages/airflow/models/serialized_dag.py:120 SAWarning: TypeDecorator UtcDateTime(timezone=True) will not produce a cache key because the ``cache_ok`` attribute is not set to True.  This can have significant performance implications including some performance degradations in comparison to prior SQLAlchemy versions.  Set this attribute to True if this type object's state is safe to use in a cache key, or False to disable this warning. (Background on this error at: https://sqlalche.me/e/14/cprf)
[2022-08-21 12:45:53,037] {logging_mixin.py:109} INFO - [2022-08-21 12:45:53,037] {dag.py:2389} INFO - Sync 1 DAGs
[2022-08-21 12:45:53,047] {logging_mixin.py:109} WARNING - /home/ubuntu/anaconda3/lib/python3.9/site-packages/airflow/models/dag.py:2426 SAWarning: TypeDecorator UtcDateTime(timezone=True) will not produce a cache key because the ``cache_ok`` attribute is not set to True.  This can have significant performance implications including some performance degradations in comparison to prior SQLAlchemy versions.  Set this attribute to True if this type object's state is safe to use in a cache key, or False to disable this warning. (Background on this error at: https://sqlalche.me/e/14/cprf)
[2022-08-21 12:45:53,053] {logging_mixin.py:109} INFO - [2022-08-21 12:45:53,053] {dag.py:2914} INFO - Setting next_dagrun for hello_world to 2022-08-19 06:00:00+00:00
[2022-08-21 12:45:53,063] {processor.py:171} INFO - Processing /home/ubuntu/airflow/dags/hello.py took 0.062 seconds
[2022-08-21 13:10:25,973] {processor.py:163} INFO - Started process (PID=77373) to work on /home/ubuntu/airflow/dags/hello.py
[2022-08-21 13:10:25,974] {processor.py:620} INFO - Processing file /home/ubuntu/airflow/dags/hello.py for tasks to queue
[2022-08-21 13:10:25,974] {logging_mixin.py:109} INFO - [2022-08-21 13:10:25,974] {dagbag.py:500} INFO - Filling up the DagBag from /home/ubuntu/airflow/dags/hello.py
[2022-08-21 13:10:25,993] {processor.py:632} INFO - DAG(s) dict_keys(['hello_world']) retrieved from /home/ubuntu/airflow/dags/hello.py
[2022-08-21 13:10:25,998] {logging_mixin.py:109} WARNING - /home/ubuntu/anaconda3/lib/python3.9/site-packages/airflow/models/serialized_dag.py:120 SAWarning: TypeDecorator UtcDateTime(timezone=True) will not produce a cache key because the ``cache_ok`` attribute is not set to True.  This can have significant performance implications including some performance degradations in comparison to prior SQLAlchemy versions.  Set this attribute to True if this type object's state is safe to use in a cache key, or False to disable this warning. (Background on this error at: https://sqlalche.me/e/14/cprf)
[2022-08-21 13:10:26,279] {logging_mixin.py:109} INFO - [2022-08-21 13:10:26,279] {dag.py:2389} INFO - Sync 1 DAGs
[2022-08-21 13:10:26,289] {logging_mixin.py:109} WARNING - /home/ubuntu/anaconda3/lib/python3.9/site-packages/airflow/models/dag.py:2426 SAWarning: TypeDecorator UtcDateTime(timezone=True) will not produce a cache key because the ``cache_ok`` attribute is not set to True.  This can have significant performance implications including some performance degradations in comparison to prior SQLAlchemy versions.  Set this attribute to True if this type object's state is safe to use in a cache key, or False to disable this warning. (Background on this error at: https://sqlalche.me/e/14/cprf)
[2022-08-21 13:10:26,295] {logging_mixin.py:109} INFO - [2022-08-21 13:10:26,295] {dag.py:2914} INFO - Setting next_dagrun for hello_world to 2022-08-20T00:00:00+00:00
[2022-08-21 13:10:26,308] {processor.py:171} INFO - Processing /home/ubuntu/airflow/dags/hello.py took 0.337 seconds
[2022-08-21 13:10:57,901] {processor.py:163} INFO - Started process (PID=77706) to work on /home/ubuntu/airflow/dags/hello.py
[2022-08-21 13:10:57,902] {processor.py:620} INFO - Processing file /home/ubuntu/airflow/dags/hello.py for tasks to queue
[2022-08-21 13:10:57,902] {logging_mixin.py:109} INFO - [2022-08-21 13:10:57,902] {dagbag.py:500} INFO - Filling up the DagBag from /home/ubuntu/airflow/dags/hello.py
[2022-08-21 13:10:57,922] {processor.py:632} INFO - DAG(s) dict_keys(['hello_world']) retrieved from /home/ubuntu/airflow/dags/hello.py
[2022-08-21 13:10:57,927] {logging_mixin.py:109} WARNING - /home/ubuntu/anaconda3/lib/python3.9/site-packages/airflow/models/serialized_dag.py:120 SAWarning: TypeDecorator UtcDateTime(timezone=True) will not produce a cache key because the ``cache_ok`` attribute is not set to True.  This can have significant performance implications including some performance degradations in comparison to prior SQLAlchemy versions.  Set this attribute to True if this type object's state is safe to use in a cache key, or False to disable this warning. (Background on this error at: https://sqlalche.me/e/14/cprf)
[2022-08-21 13:10:57,935] {logging_mixin.py:109} INFO - [2022-08-21 13:10:57,935] {dag.py:2389} INFO - Sync 1 DAGs
[2022-08-21 13:10:57,945] {logging_mixin.py:109} WARNING - /home/ubuntu/anaconda3/lib/python3.9/site-packages/airflow/models/dag.py:2426 SAWarning: TypeDecorator UtcDateTime(timezone=True) will not produce a cache key because the ``cache_ok`` attribute is not set to True.  This can have significant performance implications including some performance degradations in comparison to prior SQLAlchemy versions.  Set this attribute to True if this type object's state is safe to use in a cache key, or False to disable this warning. (Background on this error at: https://sqlalche.me/e/14/cprf)
[2022-08-21 13:10:57,951] {logging_mixin.py:109} INFO - [2022-08-21 13:10:57,951] {dag.py:2914} INFO - Setting next_dagrun for hello_world to 2022-08-20T00:02:00+00:00
[2022-08-21 13:10:57,962] {processor.py:171} INFO - Processing /home/ubuntu/airflow/dags/hello.py took 0.063 seconds
[2022-08-21 13:11:31,819] {processor.py:163} INFO - Started process (PID=78082) to work on /home/ubuntu/airflow/dags/hello.py
[2022-08-21 13:11:31,819] {processor.py:620} INFO - Processing file /home/ubuntu/airflow/dags/hello.py for tasks to queue
[2022-08-21 13:11:31,820] {logging_mixin.py:109} INFO - [2022-08-21 13:11:31,820] {dagbag.py:500} INFO - Filling up the DagBag from /home/ubuntu/airflow/dags/hello.py
[2022-08-21 13:11:31,839] {processor.py:632} INFO - DAG(s) dict_keys(['hello_world']) retrieved from /home/ubuntu/airflow/dags/hello.py
[2022-08-21 13:11:31,843] {logging_mixin.py:109} WARNING - /home/ubuntu/anaconda3/lib/python3.9/site-packages/airflow/models/serialized_dag.py:120 SAWarning: TypeDecorator UtcDateTime(timezone=True) will not produce a cache key because the ``cache_ok`` attribute is not set to True.  This can have significant performance implications including some performance degradations in comparison to prior SQLAlchemy versions.  Set this attribute to True if this type object's state is safe to use in a cache key, or False to disable this warning. (Background on this error at: https://sqlalche.me/e/14/cprf)
[2022-08-21 13:11:31,851] {logging_mixin.py:109} INFO - [2022-08-21 13:11:31,850] {dag.py:2389} INFO - Sync 1 DAGs
[2022-08-21 13:11:31,860] {logging_mixin.py:109} WARNING - /home/ubuntu/anaconda3/lib/python3.9/site-packages/airflow/models/dag.py:2426 SAWarning: TypeDecorator UtcDateTime(timezone=True) will not produce a cache key because the ``cache_ok`` attribute is not set to True.  This can have significant performance implications including some performance degradations in comparison to prior SQLAlchemy versions.  Set this attribute to True if this type object's state is safe to use in a cache key, or False to disable this warning. (Background on this error at: https://sqlalche.me/e/14/cprf)
[2022-08-21 13:11:31,866] {logging_mixin.py:109} INFO - [2022-08-21 13:11:31,866] {dag.py:2914} INFO - Setting next_dagrun for hello_world to 2022-08-20T00:09:00+00:00
[2022-08-21 13:11:31,877] {processor.py:171} INFO - Processing /home/ubuntu/airflow/dags/hello.py took 0.060 seconds
[2022-08-21 13:12:06,157] {processor.py:163} INFO - Started process (PID=78448) to work on /home/ubuntu/airflow/dags/hello.py
[2022-08-21 13:12:06,157] {processor.py:620} INFO - Processing file /home/ubuntu/airflow/dags/hello.py for tasks to queue
[2022-08-21 13:12:06,158] {logging_mixin.py:109} INFO - [2022-08-21 13:12:06,157] {dagbag.py:500} INFO - Filling up the DagBag from /home/ubuntu/airflow/dags/hello.py
[2022-08-21 13:12:06,177] {processor.py:632} INFO - DAG(s) dict_keys(['hello_world']) retrieved from /home/ubuntu/airflow/dags/hello.py
[2022-08-21 13:12:06,181] {logging_mixin.py:109} WARNING - /home/ubuntu/anaconda3/lib/python3.9/site-packages/airflow/models/serialized_dag.py:120 SAWarning: TypeDecorator UtcDateTime(timezone=True) will not produce a cache key because the ``cache_ok`` attribute is not set to True.  This can have significant performance implications including some performance degradations in comparison to prior SQLAlchemy versions.  Set this attribute to True if this type object's state is safe to use in a cache key, or False to disable this warning. (Background on this error at: https://sqlalche.me/e/14/cprf)
[2022-08-21 13:12:06,188] {logging_mixin.py:109} INFO - [2022-08-21 13:12:06,188] {dag.py:2389} INFO - Sync 1 DAGs
[2022-08-21 13:12:06,199] {logging_mixin.py:109} WARNING - /home/ubuntu/anaconda3/lib/python3.9/site-packages/airflow/models/dag.py:2426 SAWarning: TypeDecorator UtcDateTime(timezone=True) will not produce a cache key because the ``cache_ok`` attribute is not set to True.  This can have significant performance implications including some performance degradations in comparison to prior SQLAlchemy versions.  Set this attribute to True if this type object's state is safe to use in a cache key, or False to disable this warning. (Background on this error at: https://sqlalche.me/e/14/cprf)
[2022-08-21 13:12:06,205] {logging_mixin.py:109} INFO - [2022-08-21 13:12:06,205] {dag.py:2914} INFO - Setting next_dagrun for hello_world to 2022-08-20T00:16:00+00:00
[2022-08-21 13:12:06,216] {processor.py:171} INFO - Processing /home/ubuntu/airflow/dags/hello.py took 0.061 seconds
[2022-08-21 13:12:40,210] {processor.py:163} INFO - Started process (PID=78737) to work on /home/ubuntu/airflow/dags/hello.py
[2022-08-21 13:12:40,211] {processor.py:620} INFO - Processing file /home/ubuntu/airflow/dags/hello.py for tasks to queue
[2022-08-21 13:12:40,211] {logging_mixin.py:109} INFO - [2022-08-21 13:12:40,211] {dagbag.py:500} INFO - Filling up the DagBag from /home/ubuntu/airflow/dags/hello.py
[2022-08-21 13:12:40,230] {processor.py:632} INFO - DAG(s) dict_keys(['hello_world']) retrieved from /home/ubuntu/airflow/dags/hello.py
[2022-08-21 13:12:40,234] {logging_mixin.py:109} WARNING - /home/ubuntu/anaconda3/lib/python3.9/site-packages/airflow/models/serialized_dag.py:120 SAWarning: TypeDecorator UtcDateTime(timezone=True) will not produce a cache key because the ``cache_ok`` attribute is not set to True.  This can have significant performance implications including some performance degradations in comparison to prior SQLAlchemy versions.  Set this attribute to True if this type object's state is safe to use in a cache key, or False to disable this warning. (Background on this error at: https://sqlalche.me/e/14/cprf)
[2022-08-21 13:12:40,241] {logging_mixin.py:109} INFO - [2022-08-21 13:12:40,241] {dag.py:2389} INFO - Sync 1 DAGs
[2022-08-21 13:12:40,251] {logging_mixin.py:109} WARNING - /home/ubuntu/anaconda3/lib/python3.9/site-packages/airflow/models/dag.py:2426 SAWarning: TypeDecorator UtcDateTime(timezone=True) will not produce a cache key because the ``cache_ok`` attribute is not set to True.  This can have significant performance implications including some performance degradations in comparison to prior SQLAlchemy versions.  Set this attribute to True if this type object's state is safe to use in a cache key, or False to disable this warning. (Background on this error at: https://sqlalche.me/e/14/cprf)
[2022-08-21 13:12:40,257] {logging_mixin.py:109} INFO - [2022-08-21 13:12:40,257] {dag.py:2914} INFO - Setting next_dagrun for hello_world to 2022-08-20T00:23:00+00:00
[2022-08-21 13:12:40,267] {processor.py:171} INFO - Processing /home/ubuntu/airflow/dags/hello.py took 0.060 seconds
[2022-08-21 13:13:14,128] {processor.py:163} INFO - Started process (PID=78949) to work on /home/ubuntu/airflow/dags/hello.py
[2022-08-21 13:13:14,129] {processor.py:620} INFO - Processing file /home/ubuntu/airflow/dags/hello.py for tasks to queue
[2022-08-21 13:13:14,129] {logging_mixin.py:109} INFO - [2022-08-21 13:13:14,129] {dagbag.py:500} INFO - Filling up the DagBag from /home/ubuntu/airflow/dags/hello.py
[2022-08-21 13:13:14,149] {processor.py:632} INFO - DAG(s) dict_keys(['hello_world']) retrieved from /home/ubuntu/airflow/dags/hello.py
[2022-08-21 13:13:14,153] {logging_mixin.py:109} WARNING - /home/ubuntu/anaconda3/lib/python3.9/site-packages/airflow/models/serialized_dag.py:120 SAWarning: TypeDecorator UtcDateTime(timezone=True) will not produce a cache key because the ``cache_ok`` attribute is not set to True.  This can have significant performance implications including some performance degradations in comparison to prior SQLAlchemy versions.  Set this attribute to True if this type object's state is safe to use in a cache key, or False to disable this warning. (Background on this error at: https://sqlalche.me/e/14/cprf)
[2022-08-21 13:13:14,160] {logging_mixin.py:109} INFO - [2022-08-21 13:13:14,160] {dag.py:2389} INFO - Sync 1 DAGs
[2022-08-21 13:13:14,170] {logging_mixin.py:109} WARNING - /home/ubuntu/anaconda3/lib/python3.9/site-packages/airflow/models/dag.py:2426 SAWarning: TypeDecorator UtcDateTime(timezone=True) will not produce a cache key because the ``cache_ok`` attribute is not set to True.  This can have significant performance implications including some performance degradations in comparison to prior SQLAlchemy versions.  Set this attribute to True if this type object's state is safe to use in a cache key, or False to disable this warning. (Background on this error at: https://sqlalche.me/e/14/cprf)
[2022-08-21 13:13:14,177] {logging_mixin.py:109} INFO - [2022-08-21 13:13:14,177] {dag.py:2914} INFO - Setting next_dagrun for hello_world to 2022-08-20T00:30:00+00:00
[2022-08-21 13:13:14,189] {processor.py:171} INFO - Processing /home/ubuntu/airflow/dags/hello.py took 0.063 seconds
[2022-08-21 13:13:48,130] {processor.py:163} INFO - Started process (PID=79347) to work on /home/ubuntu/airflow/dags/hello.py
[2022-08-21 13:13:48,130] {processor.py:620} INFO - Processing file /home/ubuntu/airflow/dags/hello.py for tasks to queue
[2022-08-21 13:13:48,131] {logging_mixin.py:109} INFO - [2022-08-21 13:13:48,131] {dagbag.py:500} INFO - Filling up the DagBag from /home/ubuntu/airflow/dags/hello.py
[2022-08-21 13:13:48,152] {processor.py:632} INFO - DAG(s) dict_keys(['hello_world']) retrieved from /home/ubuntu/airflow/dags/hello.py
[2022-08-21 13:13:48,156] {logging_mixin.py:109} WARNING - /home/ubuntu/anaconda3/lib/python3.9/site-packages/airflow/models/serialized_dag.py:120 SAWarning: TypeDecorator UtcDateTime(timezone=True) will not produce a cache key because the ``cache_ok`` attribute is not set to True.  This can have significant performance implications including some performance degradations in comparison to prior SQLAlchemy versions.  Set this attribute to True if this type object's state is safe to use in a cache key, or False to disable this warning. (Background on this error at: https://sqlalche.me/e/14/cprf)
[2022-08-21 13:13:48,164] {logging_mixin.py:109} INFO - [2022-08-21 13:13:48,164] {dag.py:2389} INFO - Sync 1 DAGs
[2022-08-21 13:13:48,174] {logging_mixin.py:109} WARNING - /home/ubuntu/anaconda3/lib/python3.9/site-packages/airflow/models/dag.py:2426 SAWarning: TypeDecorator UtcDateTime(timezone=True) will not produce a cache key because the ``cache_ok`` attribute is not set to True.  This can have significant performance implications including some performance degradations in comparison to prior SQLAlchemy versions.  Set this attribute to True if this type object's state is safe to use in a cache key, or False to disable this warning. (Background on this error at: https://sqlalche.me/e/14/cprf)
[2022-08-21 13:13:48,180] {logging_mixin.py:109} INFO - [2022-08-21 13:13:48,180] {dag.py:2914} INFO - Setting next_dagrun for hello_world to 2022-08-20T00:37:00+00:00
[2022-08-21 13:13:48,191] {processor.py:171} INFO - Processing /home/ubuntu/airflow/dags/hello.py took 0.063 seconds
