[2022-08-21 20:57:48,150] {logging_mixin.py:109} WARNING - /home/ubuntu/anaconda3/lib/python3.9/site-packages/airflow/models/dagrun.py:418 SAWarning: TypeDecorator UtcDateTime(timezone=True) will not produce a cache key because the ``cache_ok`` attribute is not set to True.  This can have significant performance implications including some performance degradations in comparison to prior SQLAlchemy versions.  Set this attribute to True if this type object's state is safe to use in a cache key, or False to disable this warning. (Background on this error at: https://sqlalche.me/e/14/cprf)
[2022-08-21 20:57:48,158] {taskinstance.py:1035} INFO - Dependencies all met for <TaskInstance: dynamic_pricing.send_query scheduled__2022-08-20T03:00:00+00:00 [queued]>
[2022-08-21 20:57:48,170] {taskinstance.py:1035} INFO - Dependencies all met for <TaskInstance: dynamic_pricing.send_query scheduled__2022-08-20T03:00:00+00:00 [queued]>
[2022-08-21 20:57:48,170] {taskinstance.py:1241} INFO - 
--------------------------------------------------------------------------------
[2022-08-21 20:57:48,170] {taskinstance.py:1242} INFO - Starting attempt 1 of 4
[2022-08-21 20:57:48,170] {taskinstance.py:1243} INFO - 
--------------------------------------------------------------------------------
[2022-08-21 20:57:48,185] {taskinstance.py:1262} INFO - Executing <Task(PythonOperator): send_query> on 2022-08-20 03:00:00+00:00
[2022-08-21 20:57:48,187] {standard_task_runner.py:52} INFO - Started process 91771 to run task
[2022-08-21 20:57:48,190] {standard_task_runner.py:76} INFO - Running: ['airflow', 'tasks', 'run', 'dynamic_pricing', 'send_query', 'scheduled__2022-08-20T03:00:00+00:00', '--job-id', '100', '--raw', '--subdir', 'DAGS_FOLDER/dynamic_pricing.py', '--cfg-path', '/tmp/tmpek5bz26v', '--error-file', '/tmp/tmp0vo3r91m']
[2022-08-21 20:57:48,191] {standard_task_runner.py:77} INFO - Job 100: Subtask send_query
[2022-08-21 20:57:48,218] {logging_mixin.py:109} INFO - Running <TaskInstance: dynamic_pricing.send_query scheduled__2022-08-20T03:00:00+00:00 [running]> on host ip-172-31-41-223.ap-northeast-2.compute.internal
[2022-08-21 20:57:48,240] {logging_mixin.py:109} WARNING - /home/ubuntu/anaconda3/lib/python3.9/site-packages/airflow/models/xcom.py:322 SAWarning: TypeDecorator UtcDateTime(timezone=True) will not produce a cache key because the ``cache_ok`` attribute is not set to True.  This can have significant performance implications including some performance degradations in comparison to prior SQLAlchemy versions.  Set this attribute to True if this type object's state is safe to use in a cache key, or False to disable this warning. (Background on this error at: https://sqlalche.me/e/14/cprf)
[2022-08-21 20:57:48,247] {logging_mixin.py:109} WARNING - /home/ubuntu/anaconda3/lib/python3.9/site-packages/airflow/models/renderedtifields.py:126 SAWarning: TypeDecorator UtcDateTime(timezone=True) will not produce a cache key because the ``cache_ok`` attribute is not set to True.  This can have significant performance implications including some performance degradations in comparison to prior SQLAlchemy versions.  Set this attribute to True if this type object's state is safe to use in a cache key, or False to disable this warning. (Background on this error at: https://sqlalche.me/e/14/cprf)
[2022-08-21 20:57:48,256] {logging_mixin.py:109} WARNING - /home/ubuntu/anaconda3/lib/python3.9/site-packages/airflow/models/renderedtifields.py:162 SAWarning: Coercing Subquery object into a select() for use in IN(); please pass a select() construct explicitly
[2022-08-21 20:57:48,258] {logging_mixin.py:109} WARNING - /home/ubuntu/anaconda3/lib/python3.9/site-packages/airflow/models/renderedtifields.py:159 SAWarning: TypeDecorator UtcDateTime(timezone=True) will not produce a cache key because the ``cache_ok`` attribute is not set to True.  This can have significant performance implications including some performance degradations in comparison to prior SQLAlchemy versions.  Set this attribute to True if this type object's state is safe to use in a cache key, or False to disable this warning. (Background on this error at: https://sqlalche.me/e/14/cprf)
[2022-08-21 20:57:48,261] {taskinstance.py:1412} INFO - Exporting the following env vars:
AIRFLOW_CTX_DAG_OWNER=yb
AIRFLOW_CTX_DAG_ID=dynamic_pricing
AIRFLOW_CTX_TASK_ID=send_query
AIRFLOW_CTX_EXECUTION_DATE=2022-08-20T03:00:00+00:00
AIRFLOW_CTX_DAG_RUN_ID=scheduled__2022-08-20T03:00:00+00:00
[2022-08-21 20:57:48,267] {python.py:152} INFO - Done. Returned value was: None
[2022-08-21 20:57:48,274] {taskinstance.py:1270} INFO - Marking task as SUCCESS. dag_id=dynamic_pricing, task_id=send_query, execution_date=20220820T030000, start_date=20220821T205748, end_date=20220821T205748
[2022-08-21 20:57:48,322] {local_task_job.py:154} INFO - Task exited with return code 0
[2022-08-21 20:57:48,347] {local_task_job.py:264} INFO - 0 downstream tasks scheduled from follow-on schedule check
[2022-08-21 20:57:48,349] {logging_mixin.py:109} WARNING - /home/ubuntu/anaconda3/lib/python3.9/site-packages/airflow/models/dag.py:1069 SADeprecationWarning: Query.value() is deprecated and will be removed in a future release.  Please use Query.with_entities() in combination with Query.scalar() (deprecated since: 1.4)
[2022-08-21 20:57:48,350] {logging_mixin.py:109} WARNING - /home/ubuntu/anaconda3/lib/python3.9/site-packages/airflow/models/dag.py:1069 SADeprecationWarning: Query.values() is deprecated and will be removed in a future release.  Please use Query.with_entities() (deprecated since: 1.4)
