[2022-08-21 12:35:36,320] {processor.py:163} INFO - Started process (PID=72576) to work on /home/ubuntu/anaconda3/lib/python3.9/site-packages/airflow/example_dags/subdags/subdag.py
[2022-08-21 12:35:36,320] {processor.py:620} INFO - Processing file /home/ubuntu/anaconda3/lib/python3.9/site-packages/airflow/example_dags/subdags/subdag.py for tasks to queue
[2022-08-21 12:35:36,320] {logging_mixin.py:109} INFO - [2022-08-21 12:35:36,320] {dagbag.py:500} INFO - Filling up the DagBag from /home/ubuntu/anaconda3/lib/python3.9/site-packages/airflow/example_dags/subdags/subdag.py
[2022-08-21 12:35:36,331] {processor.py:634} WARNING - No viable dags retrieved from /home/ubuntu/anaconda3/lib/python3.9/site-packages/airflow/example_dags/subdags/subdag.py
[2022-08-21 12:35:36,333] {processor.py:171} INFO - Processing /home/ubuntu/anaconda3/lib/python3.9/site-packages/airflow/example_dags/subdags/subdag.py took 0.015 seconds
[2022-08-21 12:36:11,588] {processor.py:163} INFO - Started process (PID=72651) to work on /home/ubuntu/anaconda3/lib/python3.9/site-packages/airflow/example_dags/subdags/subdag.py
[2022-08-21 12:36:11,588] {processor.py:620} INFO - Processing file /home/ubuntu/anaconda3/lib/python3.9/site-packages/airflow/example_dags/subdags/subdag.py for tasks to queue
[2022-08-21 12:36:11,589] {logging_mixin.py:109} INFO - [2022-08-21 12:36:11,589] {dagbag.py:500} INFO - Filling up the DagBag from /home/ubuntu/anaconda3/lib/python3.9/site-packages/airflow/example_dags/subdags/subdag.py
[2022-08-21 12:36:11,598] {processor.py:634} WARNING - No viable dags retrieved from /home/ubuntu/anaconda3/lib/python3.9/site-packages/airflow/example_dags/subdags/subdag.py
[2022-08-21 12:36:11,601] {processor.py:171} INFO - Processing /home/ubuntu/anaconda3/lib/python3.9/site-packages/airflow/example_dags/subdags/subdag.py took 0.015 seconds
[2022-08-21 12:36:47,400] {processor.py:163} INFO - Started process (PID=72684) to work on /home/ubuntu/anaconda3/lib/python3.9/site-packages/airflow/example_dags/subdags/subdag.py
[2022-08-21 12:36:47,400] {processor.py:620} INFO - Processing file /home/ubuntu/anaconda3/lib/python3.9/site-packages/airflow/example_dags/subdags/subdag.py for tasks to queue
[2022-08-21 12:36:47,401] {logging_mixin.py:109} INFO - [2022-08-21 12:36:47,401] {dagbag.py:500} INFO - Filling up the DagBag from /home/ubuntu/anaconda3/lib/python3.9/site-packages/airflow/example_dags/subdags/subdag.py
[2022-08-21 12:36:47,411] {processor.py:634} WARNING - No viable dags retrieved from /home/ubuntu/anaconda3/lib/python3.9/site-packages/airflow/example_dags/subdags/subdag.py
[2022-08-21 12:36:47,413] {processor.py:171} INFO - Processing /home/ubuntu/anaconda3/lib/python3.9/site-packages/airflow/example_dags/subdags/subdag.py took 0.016 seconds
[2022-08-21 12:37:33,172] {processor.py:163} INFO - Started process (PID=72985) to work on /home/ubuntu/anaconda3/lib/python3.9/site-packages/airflow/example_dags/subdags/subdag.py
[2022-08-21 12:37:33,172] {processor.py:620} INFO - Processing file /home/ubuntu/anaconda3/lib/python3.9/site-packages/airflow/example_dags/subdags/subdag.py for tasks to queue
[2022-08-21 12:37:33,173] {logging_mixin.py:109} INFO - [2022-08-21 12:37:33,173] {dagbag.py:500} INFO - Filling up the DagBag from /home/ubuntu/anaconda3/lib/python3.9/site-packages/airflow/example_dags/subdags/subdag.py
[2022-08-21 12:37:33,183] {processor.py:634} WARNING - No viable dags retrieved from /home/ubuntu/anaconda3/lib/python3.9/site-packages/airflow/example_dags/subdags/subdag.py
[2022-08-21 12:37:33,185] {processor.py:171} INFO - Processing /home/ubuntu/anaconda3/lib/python3.9/site-packages/airflow/example_dags/subdags/subdag.py took 0.016 seconds
[2022-08-21 12:38:08,416] {processor.py:163} INFO - Started process (PID=73103) to work on /home/ubuntu/anaconda3/lib/python3.9/site-packages/airflow/example_dags/subdags/subdag.py
[2022-08-21 12:38:08,417] {processor.py:620} INFO - Processing file /home/ubuntu/anaconda3/lib/python3.9/site-packages/airflow/example_dags/subdags/subdag.py for tasks to queue
[2022-08-21 12:38:08,417] {logging_mixin.py:109} INFO - [2022-08-21 12:38:08,417] {dagbag.py:500} INFO - Filling up the DagBag from /home/ubuntu/anaconda3/lib/python3.9/site-packages/airflow/example_dags/subdags/subdag.py
[2022-08-21 12:38:08,427] {processor.py:634} WARNING - No viable dags retrieved from /home/ubuntu/anaconda3/lib/python3.9/site-packages/airflow/example_dags/subdags/subdag.py
[2022-08-21 12:38:08,430] {processor.py:171} INFO - Processing /home/ubuntu/anaconda3/lib/python3.9/site-packages/airflow/example_dags/subdags/subdag.py took 0.015 seconds
[2022-08-21 12:38:44,226] {processor.py:163} INFO - Started process (PID=73137) to work on /home/ubuntu/anaconda3/lib/python3.9/site-packages/airflow/example_dags/subdags/subdag.py
[2022-08-21 12:38:44,227] {processor.py:620} INFO - Processing file /home/ubuntu/anaconda3/lib/python3.9/site-packages/airflow/example_dags/subdags/subdag.py for tasks to queue
[2022-08-21 12:38:44,228] {logging_mixin.py:109} INFO - [2022-08-21 12:38:44,228] {dagbag.py:500} INFO - Filling up the DagBag from /home/ubuntu/anaconda3/lib/python3.9/site-packages/airflow/example_dags/subdags/subdag.py
[2022-08-21 12:38:44,244] {processor.py:634} WARNING - No viable dags retrieved from /home/ubuntu/anaconda3/lib/python3.9/site-packages/airflow/example_dags/subdags/subdag.py
[2022-08-21 12:38:44,247] {processor.py:171} INFO - Processing /home/ubuntu/anaconda3/lib/python3.9/site-packages/airflow/example_dags/subdags/subdag.py took 0.024 seconds
[2022-08-21 12:39:18,805] {processor.py:163} INFO - Started process (PID=73231) to work on /home/ubuntu/anaconda3/lib/python3.9/site-packages/airflow/example_dags/subdags/subdag.py
[2022-08-21 12:39:18,806] {processor.py:620} INFO - Processing file /home/ubuntu/anaconda3/lib/python3.9/site-packages/airflow/example_dags/subdags/subdag.py for tasks to queue
[2022-08-21 12:39:18,806] {logging_mixin.py:109} INFO - [2022-08-21 12:39:18,806] {dagbag.py:500} INFO - Filling up the DagBag from /home/ubuntu/anaconda3/lib/python3.9/site-packages/airflow/example_dags/subdags/subdag.py
[2022-08-21 12:39:18,817] {processor.py:634} WARNING - No viable dags retrieved from /home/ubuntu/anaconda3/lib/python3.9/site-packages/airflow/example_dags/subdags/subdag.py
[2022-08-21 12:39:18,820] {processor.py:171} INFO - Processing /home/ubuntu/anaconda3/lib/python3.9/site-packages/airflow/example_dags/subdags/subdag.py took 0.017 seconds
[2022-08-21 12:39:54,171] {processor.py:163} INFO - Started process (PID=73264) to work on /home/ubuntu/anaconda3/lib/python3.9/site-packages/airflow/example_dags/subdags/subdag.py
[2022-08-21 12:39:54,172] {processor.py:620} INFO - Processing file /home/ubuntu/anaconda3/lib/python3.9/site-packages/airflow/example_dags/subdags/subdag.py for tasks to queue
[2022-08-21 12:39:54,172] {logging_mixin.py:109} INFO - [2022-08-21 12:39:54,172] {dagbag.py:500} INFO - Filling up the DagBag from /home/ubuntu/anaconda3/lib/python3.9/site-packages/airflow/example_dags/subdags/subdag.py
[2022-08-21 12:39:54,184] {processor.py:634} WARNING - No viable dags retrieved from /home/ubuntu/anaconda3/lib/python3.9/site-packages/airflow/example_dags/subdags/subdag.py
[2022-08-21 12:39:54,186] {processor.py:171} INFO - Processing /home/ubuntu/anaconda3/lib/python3.9/site-packages/airflow/example_dags/subdags/subdag.py took 0.018 seconds
[2022-08-21 12:40:28,185] {processor.py:163} INFO - Started process (PID=73298) to work on /home/ubuntu/anaconda3/lib/python3.9/site-packages/airflow/example_dags/subdags/subdag.py
[2022-08-21 12:40:28,186] {processor.py:620} INFO - Processing file /home/ubuntu/anaconda3/lib/python3.9/site-packages/airflow/example_dags/subdags/subdag.py for tasks to queue
[2022-08-21 12:40:28,186] {logging_mixin.py:109} INFO - [2022-08-21 12:40:28,186] {dagbag.py:500} INFO - Filling up the DagBag from /home/ubuntu/anaconda3/lib/python3.9/site-packages/airflow/example_dags/subdags/subdag.py
[2022-08-21 12:40:28,197] {processor.py:634} WARNING - No viable dags retrieved from /home/ubuntu/anaconda3/lib/python3.9/site-packages/airflow/example_dags/subdags/subdag.py
[2022-08-21 12:40:28,200] {processor.py:171} INFO - Processing /home/ubuntu/anaconda3/lib/python3.9/site-packages/airflow/example_dags/subdags/subdag.py took 0.016 seconds
[2022-08-21 12:41:03,600] {processor.py:163} INFO - Started process (PID=73379) to work on /home/ubuntu/anaconda3/lib/python3.9/site-packages/airflow/example_dags/subdags/subdag.py
[2022-08-21 12:41:03,601] {processor.py:620} INFO - Processing file /home/ubuntu/anaconda3/lib/python3.9/site-packages/airflow/example_dags/subdags/subdag.py for tasks to queue
[2022-08-21 12:41:03,601] {logging_mixin.py:109} INFO - [2022-08-21 12:41:03,601] {dagbag.py:500} INFO - Filling up the DagBag from /home/ubuntu/anaconda3/lib/python3.9/site-packages/airflow/example_dags/subdags/subdag.py
[2022-08-21 12:41:03,612] {processor.py:634} WARNING - No viable dags retrieved from /home/ubuntu/anaconda3/lib/python3.9/site-packages/airflow/example_dags/subdags/subdag.py
[2022-08-21 12:41:03,614] {processor.py:171} INFO - Processing /home/ubuntu/anaconda3/lib/python3.9/site-packages/airflow/example_dags/subdags/subdag.py took 0.017 seconds
[2022-08-21 12:41:38,876] {processor.py:163} INFO - Started process (PID=73487) to work on /home/ubuntu/anaconda3/lib/python3.9/site-packages/airflow/example_dags/subdags/subdag.py
[2022-08-21 12:41:38,876] {processor.py:620} INFO - Processing file /home/ubuntu/anaconda3/lib/python3.9/site-packages/airflow/example_dags/subdags/subdag.py for tasks to queue
[2022-08-21 12:41:38,877] {logging_mixin.py:109} INFO - [2022-08-21 12:41:38,877] {dagbag.py:500} INFO - Filling up the DagBag from /home/ubuntu/anaconda3/lib/python3.9/site-packages/airflow/example_dags/subdags/subdag.py
[2022-08-21 12:41:38,887] {processor.py:634} WARNING - No viable dags retrieved from /home/ubuntu/anaconda3/lib/python3.9/site-packages/airflow/example_dags/subdags/subdag.py
[2022-08-21 12:41:38,890] {processor.py:171} INFO - Processing /home/ubuntu/anaconda3/lib/python3.9/site-packages/airflow/example_dags/subdags/subdag.py took 0.016 seconds
[2022-08-21 12:42:13,970] {processor.py:163} INFO - Started process (PID=73522) to work on /home/ubuntu/anaconda3/lib/python3.9/site-packages/airflow/example_dags/subdags/subdag.py
[2022-08-21 12:42:13,971] {processor.py:620} INFO - Processing file /home/ubuntu/anaconda3/lib/python3.9/site-packages/airflow/example_dags/subdags/subdag.py for tasks to queue
[2022-08-21 12:42:13,971] {logging_mixin.py:109} INFO - [2022-08-21 12:42:13,971] {dagbag.py:500} INFO - Filling up the DagBag from /home/ubuntu/anaconda3/lib/python3.9/site-packages/airflow/example_dags/subdags/subdag.py
[2022-08-21 12:42:13,981] {processor.py:634} WARNING - No viable dags retrieved from /home/ubuntu/anaconda3/lib/python3.9/site-packages/airflow/example_dags/subdags/subdag.py
[2022-08-21 12:42:13,984] {processor.py:171} INFO - Processing /home/ubuntu/anaconda3/lib/python3.9/site-packages/airflow/example_dags/subdags/subdag.py took 0.015 seconds
[2022-08-21 12:42:49,955] {processor.py:163} INFO - Started process (PID=73721) to work on /home/ubuntu/anaconda3/lib/python3.9/site-packages/airflow/example_dags/subdags/subdag.py
[2022-08-21 12:42:49,955] {processor.py:620} INFO - Processing file /home/ubuntu/anaconda3/lib/python3.9/site-packages/airflow/example_dags/subdags/subdag.py for tasks to queue
[2022-08-21 12:42:49,956] {logging_mixin.py:109} INFO - [2022-08-21 12:42:49,956] {dagbag.py:500} INFO - Filling up the DagBag from /home/ubuntu/anaconda3/lib/python3.9/site-packages/airflow/example_dags/subdags/subdag.py
[2022-08-21 12:42:49,967] {processor.py:634} WARNING - No viable dags retrieved from /home/ubuntu/anaconda3/lib/python3.9/site-packages/airflow/example_dags/subdags/subdag.py
[2022-08-21 12:42:49,970] {processor.py:171} INFO - Processing /home/ubuntu/anaconda3/lib/python3.9/site-packages/airflow/example_dags/subdags/subdag.py took 0.017 seconds
[2022-08-21 12:43:24,656] {processor.py:163} INFO - Started process (PID=73797) to work on /home/ubuntu/anaconda3/lib/python3.9/site-packages/airflow/example_dags/subdags/subdag.py
[2022-08-21 12:43:24,657] {processor.py:620} INFO - Processing file /home/ubuntu/anaconda3/lib/python3.9/site-packages/airflow/example_dags/subdags/subdag.py for tasks to queue
[2022-08-21 12:43:24,657] {logging_mixin.py:109} INFO - [2022-08-21 12:43:24,657] {dagbag.py:500} INFO - Filling up the DagBag from /home/ubuntu/anaconda3/lib/python3.9/site-packages/airflow/example_dags/subdags/subdag.py
[2022-08-21 12:43:24,667] {processor.py:634} WARNING - No viable dags retrieved from /home/ubuntu/anaconda3/lib/python3.9/site-packages/airflow/example_dags/subdags/subdag.py
[2022-08-21 12:43:24,670] {processor.py:171} INFO - Processing /home/ubuntu/anaconda3/lib/python3.9/site-packages/airflow/example_dags/subdags/subdag.py took 0.016 seconds
[2022-08-21 12:44:01,242] {processor.py:163} INFO - Started process (PID=74050) to work on /home/ubuntu/anaconda3/lib/python3.9/site-packages/airflow/example_dags/subdags/subdag.py
[2022-08-21 12:44:01,256] {processor.py:620} INFO - Processing file /home/ubuntu/anaconda3/lib/python3.9/site-packages/airflow/example_dags/subdags/subdag.py for tasks to queue
[2022-08-21 12:44:01,257] {logging_mixin.py:109} INFO - [2022-08-21 12:44:01,257] {dagbag.py:500} INFO - Filling up the DagBag from /home/ubuntu/anaconda3/lib/python3.9/site-packages/airflow/example_dags/subdags/subdag.py
[2022-08-21 12:44:01,289] {processor.py:634} WARNING - No viable dags retrieved from /home/ubuntu/anaconda3/lib/python3.9/site-packages/airflow/example_dags/subdags/subdag.py
[2022-08-21 12:44:01,307] {processor.py:171} INFO - Processing /home/ubuntu/anaconda3/lib/python3.9/site-packages/airflow/example_dags/subdags/subdag.py took 0.067 seconds
[2022-08-21 12:44:40,020] {processor.py:163} INFO - Started process (PID=74175) to work on /home/ubuntu/anaconda3/lib/python3.9/site-packages/airflow/example_dags/subdags/subdag.py
[2022-08-21 12:44:40,021] {processor.py:620} INFO - Processing file /home/ubuntu/anaconda3/lib/python3.9/site-packages/airflow/example_dags/subdags/subdag.py for tasks to queue
[2022-08-21 12:44:40,021] {logging_mixin.py:109} INFO - [2022-08-21 12:44:40,021] {dagbag.py:500} INFO - Filling up the DagBag from /home/ubuntu/anaconda3/lib/python3.9/site-packages/airflow/example_dags/subdags/subdag.py
[2022-08-21 12:44:40,033] {processor.py:634} WARNING - No viable dags retrieved from /home/ubuntu/anaconda3/lib/python3.9/site-packages/airflow/example_dags/subdags/subdag.py
[2022-08-21 12:44:40,036] {processor.py:171} INFO - Processing /home/ubuntu/anaconda3/lib/python3.9/site-packages/airflow/example_dags/subdags/subdag.py took 0.018 seconds
[2022-08-21 12:45:16,443] {processor.py:163} INFO - Started process (PID=74277) to work on /home/ubuntu/anaconda3/lib/python3.9/site-packages/airflow/example_dags/subdags/subdag.py
[2022-08-21 12:45:16,443] {processor.py:620} INFO - Processing file /home/ubuntu/anaconda3/lib/python3.9/site-packages/airflow/example_dags/subdags/subdag.py for tasks to queue
[2022-08-21 12:45:16,444] {logging_mixin.py:109} INFO - [2022-08-21 12:45:16,444] {dagbag.py:500} INFO - Filling up the DagBag from /home/ubuntu/anaconda3/lib/python3.9/site-packages/airflow/example_dags/subdags/subdag.py
[2022-08-21 12:45:16,454] {processor.py:634} WARNING - No viable dags retrieved from /home/ubuntu/anaconda3/lib/python3.9/site-packages/airflow/example_dags/subdags/subdag.py
[2022-08-21 12:45:16,456] {processor.py:171} INFO - Processing /home/ubuntu/anaconda3/lib/python3.9/site-packages/airflow/example_dags/subdags/subdag.py took 0.016 seconds
[2022-08-21 12:45:57,283] {processor.py:163} INFO - Started process (PID=74825) to work on /home/ubuntu/anaconda3/lib/python3.9/site-packages/airflow/example_dags/subdags/subdag.py
[2022-08-21 12:45:57,284] {processor.py:620} INFO - Processing file /home/ubuntu/anaconda3/lib/python3.9/site-packages/airflow/example_dags/subdags/subdag.py for tasks to queue
[2022-08-21 12:45:57,284] {logging_mixin.py:109} INFO - [2022-08-21 12:45:57,284] {dagbag.py:500} INFO - Filling up the DagBag from /home/ubuntu/anaconda3/lib/python3.9/site-packages/airflow/example_dags/subdags/subdag.py
[2022-08-21 12:45:57,295] {processor.py:634} WARNING - No viable dags retrieved from /home/ubuntu/anaconda3/lib/python3.9/site-packages/airflow/example_dags/subdags/subdag.py
[2022-08-21 12:45:57,298] {processor.py:171} INFO - Processing /home/ubuntu/anaconda3/lib/python3.9/site-packages/airflow/example_dags/subdags/subdag.py took 0.016 seconds
