[2022-08-21 12:35:35,167] {processor.py:163} INFO - Started process (PID=72561) to work on /home/ubuntu/anaconda3/lib/python3.9/site-packages/airflow/example_dags/plugins/workday.py
[2022-08-21 12:35:35,168] {processor.py:620} INFO - Processing file /home/ubuntu/anaconda3/lib/python3.9/site-packages/airflow/example_dags/plugins/workday.py for tasks to queue
[2022-08-21 12:35:35,169] {logging_mixin.py:109} INFO - [2022-08-21 12:35:35,169] {dagbag.py:500} INFO - Filling up the DagBag from /home/ubuntu/anaconda3/lib/python3.9/site-packages/airflow/example_dags/plugins/workday.py
[2022-08-21 12:35:35,180] {processor.py:634} WARNING - No viable dags retrieved from /home/ubuntu/anaconda3/lib/python3.9/site-packages/airflow/example_dags/plugins/workday.py
[2022-08-21 12:35:35,183] {processor.py:171} INFO - Processing /home/ubuntu/anaconda3/lib/python3.9/site-packages/airflow/example_dags/plugins/workday.py took 0.021 seconds
[2022-08-21 12:36:11,004] {processor.py:163} INFO - Started process (PID=72650) to work on /home/ubuntu/anaconda3/lib/python3.9/site-packages/airflow/example_dags/plugins/workday.py
[2022-08-21 12:36:11,004] {processor.py:620} INFO - Processing file /home/ubuntu/anaconda3/lib/python3.9/site-packages/airflow/example_dags/plugins/workday.py for tasks to queue
[2022-08-21 12:36:11,005] {logging_mixin.py:109} INFO - [2022-08-21 12:36:11,005] {dagbag.py:500} INFO - Filling up the DagBag from /home/ubuntu/anaconda3/lib/python3.9/site-packages/airflow/example_dags/plugins/workday.py
[2022-08-21 12:36:11,014] {processor.py:634} WARNING - No viable dags retrieved from /home/ubuntu/anaconda3/lib/python3.9/site-packages/airflow/example_dags/plugins/workday.py
[2022-08-21 12:36:11,017] {processor.py:171} INFO - Processing /home/ubuntu/anaconda3/lib/python3.9/site-packages/airflow/example_dags/plugins/workday.py took 0.015 seconds
[2022-08-21 12:36:46,256] {processor.py:163} INFO - Started process (PID=72683) to work on /home/ubuntu/anaconda3/lib/python3.9/site-packages/airflow/example_dags/plugins/workday.py
[2022-08-21 12:36:46,257] {processor.py:620} INFO - Processing file /home/ubuntu/anaconda3/lib/python3.9/site-packages/airflow/example_dags/plugins/workday.py for tasks to queue
[2022-08-21 12:36:46,258] {logging_mixin.py:109} INFO - [2022-08-21 12:36:46,257] {dagbag.py:500} INFO - Filling up the DagBag from /home/ubuntu/anaconda3/lib/python3.9/site-packages/airflow/example_dags/plugins/workday.py
[2022-08-21 12:36:46,268] {processor.py:634} WARNING - No viable dags retrieved from /home/ubuntu/anaconda3/lib/python3.9/site-packages/airflow/example_dags/plugins/workday.py
[2022-08-21 12:36:46,270] {processor.py:171} INFO - Processing /home/ubuntu/anaconda3/lib/python3.9/site-packages/airflow/example_dags/plugins/workday.py took 0.016 seconds
[2022-08-21 12:37:32,021] {processor.py:163} INFO - Started process (PID=72970) to work on /home/ubuntu/anaconda3/lib/python3.9/site-packages/airflow/example_dags/plugins/workday.py
[2022-08-21 12:37:32,021] {processor.py:620} INFO - Processing file /home/ubuntu/anaconda3/lib/python3.9/site-packages/airflow/example_dags/plugins/workday.py for tasks to queue
[2022-08-21 12:37:32,022] {logging_mixin.py:109} INFO - [2022-08-21 12:37:32,022] {dagbag.py:500} INFO - Filling up the DagBag from /home/ubuntu/anaconda3/lib/python3.9/site-packages/airflow/example_dags/plugins/workday.py
[2022-08-21 12:37:32,032] {processor.py:634} WARNING - No viable dags retrieved from /home/ubuntu/anaconda3/lib/python3.9/site-packages/airflow/example_dags/plugins/workday.py
[2022-08-21 12:37:32,034] {processor.py:171} INFO - Processing /home/ubuntu/anaconda3/lib/python3.9/site-packages/airflow/example_dags/plugins/workday.py took 0.015 seconds
[2022-08-21 12:38:07,839] {processor.py:163} INFO - Started process (PID=73102) to work on /home/ubuntu/anaconda3/lib/python3.9/site-packages/airflow/example_dags/plugins/workday.py
[2022-08-21 12:38:07,840] {processor.py:620} INFO - Processing file /home/ubuntu/anaconda3/lib/python3.9/site-packages/airflow/example_dags/plugins/workday.py for tasks to queue
[2022-08-21 12:38:07,840] {logging_mixin.py:109} INFO - [2022-08-21 12:38:07,840] {dagbag.py:500} INFO - Filling up the DagBag from /home/ubuntu/anaconda3/lib/python3.9/site-packages/airflow/example_dags/plugins/workday.py
[2022-08-21 12:38:07,850] {processor.py:634} WARNING - No viable dags retrieved from /home/ubuntu/anaconda3/lib/python3.9/site-packages/airflow/example_dags/plugins/workday.py
[2022-08-21 12:38:07,853] {processor.py:171} INFO - Processing /home/ubuntu/anaconda3/lib/python3.9/site-packages/airflow/example_dags/plugins/workday.py took 0.015 seconds
[2022-08-21 12:38:43,080] {processor.py:163} INFO - Started process (PID=73136) to work on /home/ubuntu/anaconda3/lib/python3.9/site-packages/airflow/example_dags/plugins/workday.py
[2022-08-21 12:38:43,081] {processor.py:620} INFO - Processing file /home/ubuntu/anaconda3/lib/python3.9/site-packages/airflow/example_dags/plugins/workday.py for tasks to queue
[2022-08-21 12:38:43,081] {logging_mixin.py:109} INFO - [2022-08-21 12:38:43,081] {dagbag.py:500} INFO - Filling up the DagBag from /home/ubuntu/anaconda3/lib/python3.9/site-packages/airflow/example_dags/plugins/workday.py
[2022-08-21 12:38:43,094] {processor.py:634} WARNING - No viable dags retrieved from /home/ubuntu/anaconda3/lib/python3.9/site-packages/airflow/example_dags/plugins/workday.py
[2022-08-21 12:38:43,098] {processor.py:171} INFO - Processing /home/ubuntu/anaconda3/lib/python3.9/site-packages/airflow/example_dags/plugins/workday.py took 0.020 seconds
[2022-08-21 12:39:17,656] {processor.py:163} INFO - Started process (PID=73230) to work on /home/ubuntu/anaconda3/lib/python3.9/site-packages/airflow/example_dags/plugins/workday.py
[2022-08-21 12:39:17,656] {processor.py:620} INFO - Processing file /home/ubuntu/anaconda3/lib/python3.9/site-packages/airflow/example_dags/plugins/workday.py for tasks to queue
[2022-08-21 12:39:17,657] {logging_mixin.py:109} INFO - [2022-08-21 12:39:17,656] {dagbag.py:500} INFO - Filling up the DagBag from /home/ubuntu/anaconda3/lib/python3.9/site-packages/airflow/example_dags/plugins/workday.py
[2022-08-21 12:39:17,666] {processor.py:634} WARNING - No viable dags retrieved from /home/ubuntu/anaconda3/lib/python3.9/site-packages/airflow/example_dags/plugins/workday.py
[2022-08-21 12:39:17,669] {processor.py:171} INFO - Processing /home/ubuntu/anaconda3/lib/python3.9/site-packages/airflow/example_dags/plugins/workday.py took 0.016 seconds
[2022-08-21 12:39:53,029] {processor.py:163} INFO - Started process (PID=73263) to work on /home/ubuntu/anaconda3/lib/python3.9/site-packages/airflow/example_dags/plugins/workday.py
[2022-08-21 12:39:53,030] {processor.py:620} INFO - Processing file /home/ubuntu/anaconda3/lib/python3.9/site-packages/airflow/example_dags/plugins/workday.py for tasks to queue
[2022-08-21 12:39:53,030] {logging_mixin.py:109} INFO - [2022-08-21 12:39:53,030] {dagbag.py:500} INFO - Filling up the DagBag from /home/ubuntu/anaconda3/lib/python3.9/site-packages/airflow/example_dags/plugins/workday.py
[2022-08-21 12:39:53,040] {processor.py:634} WARNING - No viable dags retrieved from /home/ubuntu/anaconda3/lib/python3.9/site-packages/airflow/example_dags/plugins/workday.py
[2022-08-21 12:39:53,043] {processor.py:171} INFO - Processing /home/ubuntu/anaconda3/lib/python3.9/site-packages/airflow/example_dags/plugins/workday.py took 0.016 seconds
[2022-08-21 12:40:27,612] {processor.py:163} INFO - Started process (PID=73297) to work on /home/ubuntu/anaconda3/lib/python3.9/site-packages/airflow/example_dags/plugins/workday.py
[2022-08-21 12:40:27,613] {processor.py:620} INFO - Processing file /home/ubuntu/anaconda3/lib/python3.9/site-packages/airflow/example_dags/plugins/workday.py for tasks to queue
[2022-08-21 12:40:27,613] {logging_mixin.py:109} INFO - [2022-08-21 12:40:27,613] {dagbag.py:500} INFO - Filling up the DagBag from /home/ubuntu/anaconda3/lib/python3.9/site-packages/airflow/example_dags/plugins/workday.py
[2022-08-21 12:40:27,624] {processor.py:634} WARNING - No viable dags retrieved from /home/ubuntu/anaconda3/lib/python3.9/site-packages/airflow/example_dags/plugins/workday.py
[2022-08-21 12:40:27,626] {processor.py:171} INFO - Processing /home/ubuntu/anaconda3/lib/python3.9/site-packages/airflow/example_dags/plugins/workday.py took 0.016 seconds
[2022-08-21 12:41:02,547] {processor.py:163} INFO - Started process (PID=73378) to work on /home/ubuntu/anaconda3/lib/python3.9/site-packages/airflow/example_dags/plugins/workday.py
[2022-08-21 12:41:02,547] {processor.py:620} INFO - Processing file /home/ubuntu/anaconda3/lib/python3.9/site-packages/airflow/example_dags/plugins/workday.py for tasks to queue
[2022-08-21 12:41:02,548] {logging_mixin.py:109} INFO - [2022-08-21 12:41:02,548] {dagbag.py:500} INFO - Filling up the DagBag from /home/ubuntu/anaconda3/lib/python3.9/site-packages/airflow/example_dags/plugins/workday.py
[2022-08-21 12:41:02,558] {processor.py:634} WARNING - No viable dags retrieved from /home/ubuntu/anaconda3/lib/python3.9/site-packages/airflow/example_dags/plugins/workday.py
[2022-08-21 12:41:02,560] {processor.py:171} INFO - Processing /home/ubuntu/anaconda3/lib/python3.9/site-packages/airflow/example_dags/plugins/workday.py took 0.016 seconds
[2022-08-21 12:41:37,734] {processor.py:163} INFO - Started process (PID=73486) to work on /home/ubuntu/anaconda3/lib/python3.9/site-packages/airflow/example_dags/plugins/workday.py
[2022-08-21 12:41:37,735] {processor.py:620} INFO - Processing file /home/ubuntu/anaconda3/lib/python3.9/site-packages/airflow/example_dags/plugins/workday.py for tasks to queue
[2022-08-21 12:41:37,735] {logging_mixin.py:109} INFO - [2022-08-21 12:41:37,735] {dagbag.py:500} INFO - Filling up the DagBag from /home/ubuntu/anaconda3/lib/python3.9/site-packages/airflow/example_dags/plugins/workday.py
[2022-08-21 12:41:37,745] {processor.py:634} WARNING - No viable dags retrieved from /home/ubuntu/anaconda3/lib/python3.9/site-packages/airflow/example_dags/plugins/workday.py
[2022-08-21 12:41:37,748] {processor.py:171} INFO - Processing /home/ubuntu/anaconda3/lib/python3.9/site-packages/airflow/example_dags/plugins/workday.py took 0.016 seconds
[2022-08-21 12:42:12,820] {processor.py:163} INFO - Started process (PID=73521) to work on /home/ubuntu/anaconda3/lib/python3.9/site-packages/airflow/example_dags/plugins/workday.py
[2022-08-21 12:42:12,820] {processor.py:620} INFO - Processing file /home/ubuntu/anaconda3/lib/python3.9/site-packages/airflow/example_dags/plugins/workday.py for tasks to queue
[2022-08-21 12:42:12,821] {logging_mixin.py:109} INFO - [2022-08-21 12:42:12,821] {dagbag.py:500} INFO - Filling up the DagBag from /home/ubuntu/anaconda3/lib/python3.9/site-packages/airflow/example_dags/plugins/workday.py
[2022-08-21 12:42:12,830] {processor.py:634} WARNING - No viable dags retrieved from /home/ubuntu/anaconda3/lib/python3.9/site-packages/airflow/example_dags/plugins/workday.py
[2022-08-21 12:42:12,832] {processor.py:171} INFO - Processing /home/ubuntu/anaconda3/lib/python3.9/site-packages/airflow/example_dags/plugins/workday.py took 0.015 seconds
[2022-08-21 12:42:49,692] {processor.py:163} INFO - Started process (PID=73705) to work on /home/ubuntu/anaconda3/lib/python3.9/site-packages/airflow/example_dags/plugins/workday.py
[2022-08-21 12:42:49,693] {processor.py:620} INFO - Processing file /home/ubuntu/anaconda3/lib/python3.9/site-packages/airflow/example_dags/plugins/workday.py for tasks to queue
[2022-08-21 12:42:49,693] {logging_mixin.py:109} INFO - [2022-08-21 12:42:49,693] {dagbag.py:500} INFO - Filling up the DagBag from /home/ubuntu/anaconda3/lib/python3.9/site-packages/airflow/example_dags/plugins/workday.py
[2022-08-21 12:42:49,703] {processor.py:634} WARNING - No viable dags retrieved from /home/ubuntu/anaconda3/lib/python3.9/site-packages/airflow/example_dags/plugins/workday.py
[2022-08-21 12:42:49,706] {processor.py:171} INFO - Processing /home/ubuntu/anaconda3/lib/python3.9/site-packages/airflow/example_dags/plugins/workday.py took 0.016 seconds
[2022-08-21 12:43:23,510] {processor.py:163} INFO - Started process (PID=73793) to work on /home/ubuntu/anaconda3/lib/python3.9/site-packages/airflow/example_dags/plugins/workday.py
[2022-08-21 12:43:23,510] {processor.py:620} INFO - Processing file /home/ubuntu/anaconda3/lib/python3.9/site-packages/airflow/example_dags/plugins/workday.py for tasks to queue
[2022-08-21 12:43:23,511] {logging_mixin.py:109} INFO - [2022-08-21 12:43:23,511] {dagbag.py:500} INFO - Filling up the DagBag from /home/ubuntu/anaconda3/lib/python3.9/site-packages/airflow/example_dags/plugins/workday.py
[2022-08-21 12:43:23,521] {processor.py:634} WARNING - No viable dags retrieved from /home/ubuntu/anaconda3/lib/python3.9/site-packages/airflow/example_dags/plugins/workday.py
[2022-08-21 12:43:23,523] {processor.py:171} INFO - Processing /home/ubuntu/anaconda3/lib/python3.9/site-packages/airflow/example_dags/plugins/workday.py took 0.015 seconds
[2022-08-21 12:44:00,020] {processor.py:163} INFO - Started process (PID=74038) to work on /home/ubuntu/anaconda3/lib/python3.9/site-packages/airflow/example_dags/plugins/workday.py
[2022-08-21 12:44:00,025] {processor.py:620} INFO - Processing file /home/ubuntu/anaconda3/lib/python3.9/site-packages/airflow/example_dags/plugins/workday.py for tasks to queue
[2022-08-21 12:44:00,026] {logging_mixin.py:109} INFO - [2022-08-21 12:44:00,026] {dagbag.py:500} INFO - Filling up the DagBag from /home/ubuntu/anaconda3/lib/python3.9/site-packages/airflow/example_dags/plugins/workday.py
[2022-08-21 12:44:00,073] {processor.py:634} WARNING - No viable dags retrieved from /home/ubuntu/anaconda3/lib/python3.9/site-packages/airflow/example_dags/plugins/workday.py
[2022-08-21 12:44:00,084] {processor.py:171} INFO - Processing /home/ubuntu/anaconda3/lib/python3.9/site-packages/airflow/example_dags/plugins/workday.py took 0.074 seconds
[2022-08-21 12:44:39,171] {processor.py:163} INFO - Started process (PID=74174) to work on /home/ubuntu/anaconda3/lib/python3.9/site-packages/airflow/example_dags/plugins/workday.py
[2022-08-21 12:44:39,172] {processor.py:620} INFO - Processing file /home/ubuntu/anaconda3/lib/python3.9/site-packages/airflow/example_dags/plugins/workday.py for tasks to queue
[2022-08-21 12:44:39,172] {logging_mixin.py:109} INFO - [2022-08-21 12:44:39,172] {dagbag.py:500} INFO - Filling up the DagBag from /home/ubuntu/anaconda3/lib/python3.9/site-packages/airflow/example_dags/plugins/workday.py
[2022-08-21 12:44:39,182] {processor.py:634} WARNING - No viable dags retrieved from /home/ubuntu/anaconda3/lib/python3.9/site-packages/airflow/example_dags/plugins/workday.py
[2022-08-21 12:44:39,185] {processor.py:171} INFO - Processing /home/ubuntu/anaconda3/lib/python3.9/site-packages/airflow/example_dags/plugins/workday.py took 0.015 seconds
[2022-08-21 12:45:15,878] {processor.py:163} INFO - Started process (PID=74276) to work on /home/ubuntu/anaconda3/lib/python3.9/site-packages/airflow/example_dags/plugins/workday.py
[2022-08-21 12:45:15,879] {processor.py:620} INFO - Processing file /home/ubuntu/anaconda3/lib/python3.9/site-packages/airflow/example_dags/plugins/workday.py for tasks to queue
[2022-08-21 12:45:15,879] {logging_mixin.py:109} INFO - [2022-08-21 12:45:15,879] {dagbag.py:500} INFO - Filling up the DagBag from /home/ubuntu/anaconda3/lib/python3.9/site-packages/airflow/example_dags/plugins/workday.py
[2022-08-21 12:45:15,888] {processor.py:634} WARNING - No viable dags retrieved from /home/ubuntu/anaconda3/lib/python3.9/site-packages/airflow/example_dags/plugins/workday.py
[2022-08-21 12:45:15,891] {processor.py:171} INFO - Processing /home/ubuntu/anaconda3/lib/python3.9/site-packages/airflow/example_dags/plugins/workday.py took 0.015 seconds
[2022-08-21 12:45:49,247] {processor.py:163} INFO - Started process (PID=74763) to work on /home/ubuntu/anaconda3/lib/python3.9/site-packages/airflow/example_dags/plugins/workday.py
[2022-08-21 12:45:49,247] {processor.py:620} INFO - Processing file /home/ubuntu/anaconda3/lib/python3.9/site-packages/airflow/example_dags/plugins/workday.py for tasks to queue
[2022-08-21 12:45:49,248] {logging_mixin.py:109} INFO - [2022-08-21 12:45:49,248] {dagbag.py:500} INFO - Filling up the DagBag from /home/ubuntu/anaconda3/lib/python3.9/site-packages/airflow/example_dags/plugins/workday.py
[2022-08-21 12:45:49,258] {processor.py:634} WARNING - No viable dags retrieved from /home/ubuntu/anaconda3/lib/python3.9/site-packages/airflow/example_dags/plugins/workday.py
[2022-08-21 12:45:49,261] {processor.py:171} INFO - Processing /home/ubuntu/anaconda3/lib/python3.9/site-packages/airflow/example_dags/plugins/workday.py took 0.016 seconds
